2022-07-21 02:52:28.105053: I tensorflow/core/platform/cpu_feature_guard.cc:151] This TensorFlow binary is optimized with oneAPI Deep Neural Network Library (oneDNN) to use the following CPU instructions in performance-critical operations:  AVX2 AVX512F FMA
To enable them in other operations, rebuild TensorFlow with the appropriate compiler flags.
2022-07-21 02:52:28.715064: I tensorflow/core/common_runtime/gpu/gpu_device.cc:1525] Created device /job:localhost/replica:0/task:0/device:GPU:0 with 14640 MB memory:  -> device: 0, name: Tesla V100-SXM2-16GB, pci bus id: 0000:61:00.0, compute capability: 7.0
2022-07-21 02:52:42.359210: I tensorflow/stream_executor/cuda/cuda_dnn.cc:368] Loaded cuDNN version 8400
Start.
/home/de532237/cancer/Bachelorarbeit/Data/AVM_2022/Turning/Train_aug/images/
Begin to read images from /home/de532237/cancer/Bachelorarbeit/Data/AVM_2022/Turning/Train_aug/images/
Begin to read masks from /home/de532237/cancer/Bachelorarbeit/Data/AVM_2022/Turning/Train_aug/masks/
/home/de532237/cancer/Bachelorarbeit/Data/AVM_2022/Turning/Inference_aug/images/
Begin to read images from /home/de532237/cancer/Bachelorarbeit/Data/AVM_2022/Turning/Inference_aug/images/
Begin to read masks from /home/de532237/cancer/Bachelorarbeit/Data/AVM_2022/Turning/Inference_aug/masks/
/home/de532237/cancer/Bachelorarbeit/Data/AVM_2022/Milling/Train_aug/images/
Begin to read images from /home/de532237/cancer/Bachelorarbeit/Data/AVM_2022/Milling/Train_aug/images/
Begin to read masks from /home/de532237/cancer/Bachelorarbeit/Data/AVM_2022/Milling/Train_aug/masks/
/home/de532237/cancer/Bachelorarbeit/Data/AVM_2022/Milling/Inference_aug/images/
Begin to read images from /home/de532237/cancer/Bachelorarbeit/Data/AVM_2022/Milling/Inference_aug/images/
Begin to read masks from /home/de532237/cancer/Bachelorarbeit/Data/AVM_2022/Milling/Inference_aug/masks/
X_train   (160, 512, 512, 1)
Y_train   (160, 512, 512, 2)
X_train_old   (480, 512, 512, 1)

Calculate F_matrix.

train begins.
Epoch 1/300
epoch ends.
20/20 - 6s - iou_binarized: 0.1640 - iou: 0.1248 - recall: 0.2360 - precision: 0.2163 - F1_score: 0.2158 - ce_loss: 0.0158 - ewc_loss: 1623.1802 - loss: 0.0174 - 6s/epoch - 289ms/step
Epoch 2/300
epoch ends.
20/20 - 3s - iou_binarized: 0.3126 - iou: 0.2294 - recall: 0.3917 - precision: 0.3744 - F1_score: 0.3716 - ce_loss: 0.0126 - ewc_loss: 1428.3828 - loss: 0.0141 - 3s/epoch - 141ms/step
Epoch 3/300
epoch ends.
20/20 - 3s - iou_binarized: 0.3891 - iou: 0.2741 - recall: 0.4595 - precision: 0.4207 - F1_score: 0.4291 - ce_loss: 0.0118 - ewc_loss: 1327.4158 - loss: 0.0131 - 3s/epoch - 139ms/step
Epoch 4/300
epoch ends.
20/20 - 3s - iou_binarized: 0.4260 - iou: 0.2992 - recall: 0.4908 - precision: 0.4460 - F1_score: 0.4598 - ce_loss: 0.0114 - ewc_loss: 1338.1466 - loss: 0.0127 - 3s/epoch - 143ms/step
Epoch 5/300
epoch ends.
20/20 - 3s - iou_binarized: 0.4478 - iou: 0.3148 - recall: 0.5081 - precision: 0.4617 - F1_score: 0.4782 - ce_loss: 0.0111 - ewc_loss: 1345.7028 - loss: 0.0124 - 3s/epoch - 146ms/step
Epoch 6/300
epoch ends.
20/20 - 3s - iou_binarized: 0.4649 - iou: 0.3279 - recall: 0.5216 - precision: 0.4761 - F1_score: 0.4932 - ce_loss: 0.0108 - ewc_loss: 1357.5630 - loss: 0.0121 - 3s/epoch - 144ms/step
Epoch 7/300
epoch ends.
20/20 - 3s - iou_binarized: 0.4776 - iou: 0.3379 - recall: 0.5322 - precision: 0.4874 - F1_score: 0.5046 - ce_loss: 0.0105 - ewc_loss: 1377.0714 - loss: 0.0119 - 3s/epoch - 143ms/step
Epoch 8/300
epoch ends.
20/20 - 3s - iou_binarized: 0.4873 - iou: 0.3459 - recall: 0.5405 - precision: 0.4964 - F1_score: 0.5134 - ce_loss: 0.0103 - ewc_loss: 1400.1006 - loss: 0.0117 - 3s/epoch - 143ms/step
Epoch 9/300
epoch ends.
20/20 - 3s - iou_binarized: 0.4955 - iou: 0.3529 - recall: 0.5479 - precision: 0.5044 - F1_score: 0.5211 - ce_loss: 0.0100 - ewc_loss: 1423.1385 - loss: 0.0115 - 3s/epoch - 142ms/step
Epoch 10/300
epoch ends.
20/20 - 3s - iou_binarized: 0.5034 - iou: 0.3591 - recall: 0.5545 - precision: 0.5114 - F1_score: 0.5279 - ce_loss: 0.0099 - ewc_loss: 1444.2542 - loss: 0.0113 - 3s/epoch - 142ms/step
Epoch 11/300
epoch ends.
20/20 - 3s - iou_binarized: 0.5103 - iou: 0.3647 - recall: 0.5604 - precision: 0.5175 - F1_score: 0.5339 - ce_loss: 0.0097 - ewc_loss: 1463.9501 - loss: 0.0111 - 3s/epoch - 143ms/step
Epoch 12/300
epoch ends.
20/20 - 3s - iou_binarized: 0.5161 - iou: 0.3698 - recall: 0.5657 - precision: 0.5230 - F1_score: 0.5394 - ce_loss: 0.0095 - ewc_loss: 1482.4550 - loss: 0.0110 - 3s/epoch - 143ms/step
Epoch 13/300
epoch ends.
20/20 - 3s - iou_binarized: 0.5214 - iou: 0.3744 - recall: 0.5705 - precision: 0.5280 - F1_score: 0.5442 - ce_loss: 0.0094 - ewc_loss: 1499.8760 - loss: 0.0109 - 3s/epoch - 139ms/step
Epoch 14/300
epoch ends.
20/20 - 3s - iou_binarized: 0.5262 - iou: 0.3786 - recall: 0.5748 - precision: 0.5326 - F1_score: 0.5487 - ce_loss: 0.0092 - ewc_loss: 1516.5526 - loss: 0.0108 - 3s/epoch - 137ms/step
Epoch 15/300
epoch ends.
20/20 - 3s - iou_binarized: 0.5307 - iou: 0.3825 - recall: 0.5788 - precision: 0.5368 - F1_score: 0.5528 - ce_loss: 0.0091 - ewc_loss: 1532.6558 - loss: 0.0107 - 3s/epoch - 138ms/step
Epoch 16/300
epoch ends.
20/20 - 3s - iou_binarized: 0.5349 - iou: 0.3862 - recall: 0.5826 - precision: 0.5407 - F1_score: 0.5566 - ce_loss: 0.0090 - ewc_loss: 1548.1152 - loss: 0.0105 - 3s/epoch - 139ms/step
Epoch 17/300
epoch ends.
20/20 - 3s - iou_binarized: 0.5389 - iou: 0.3896 - recall: 0.5861 - precision: 0.5444 - F1_score: 0.5602 - ce_loss: 0.0089 - ewc_loss: 1562.9442 - loss: 0.0104 - 3s/epoch - 138ms/step
Epoch 18/300
epoch ends.
20/20 - 3s - iou_binarized: 0.5427 - iou: 0.3928 - recall: 0.5893 - precision: 0.5478 - F1_score: 0.5635 - ce_loss: 0.0088 - ewc_loss: 1577.5894 - loss: 0.0104 - 3s/epoch - 137ms/step
Epoch 19/300
epoch ends.
20/20 - 3s - iou_binarized: 0.5461 - iou: 0.3959 - recall: 0.5924 - precision: 0.5510 - F1_score: 0.5667 - ce_loss: 0.0087 - ewc_loss: 1592.1877 - loss: 0.0103 - 3s/epoch - 137ms/step
Epoch 20/300
epoch ends.
20/20 - 3s - iou_binarized: 0.5493 - iou: 0.3988 - recall: 0.5954 - precision: 0.5541 - F1_score: 0.5697 - ce_loss: 0.0086 - ewc_loss: 1606.9364 - loss: 0.0102 - 3s/epoch - 139ms/step
Epoch 21/300
epoch ends.
20/20 - 3s - iou_binarized: 0.5522 - iou: 0.4016 - recall: 0.5983 - precision: 0.5570 - F1_score: 0.5726 - ce_loss: 0.0084 - ewc_loss: 1621.8109 - loss: 0.0101 - 3s/epoch - 137ms/step
Epoch 22/300
epoch ends.
20/20 - 3s - iou_binarized: 0.5555 - iou: 0.4045 - recall: 0.6011 - precision: 0.5599 - F1_score: 0.5755 - ce_loss: 0.0083 - ewc_loss: 1636.8500 - loss: 0.0100 - 3s/epoch - 142ms/step
Epoch 23/300
epoch ends.
20/20 - 3s - iou_binarized: 0.5588 - iou: 0.4073 - recall: 0.6040 - precision: 0.5628 - F1_score: 0.5784 - ce_loss: 0.0082 - ewc_loss: 1652.0585 - loss: 0.0099 - 3s/epoch - 144ms/step
Epoch 24/300
epoch ends.
20/20 - 3s - iou_binarized: 0.5621 - iou: 0.4102 - recall: 0.6069 - precision: 0.5656 - F1_score: 0.5813 - ce_loss: 0.0081 - ewc_loss: 1667.0618 - loss: 0.0098 - 3s/epoch - 144ms/step
Epoch 25/300
epoch ends.
20/20 - 3s - iou_binarized: 0.5655 - iou: 0.4131 - recall: 0.6098 - precision: 0.5684 - F1_score: 0.5842 - ce_loss: 0.0080 - ewc_loss: 1681.3793 - loss: 0.0097 - 3s/epoch - 144ms/step
Epoch 26/300
epoch ends.
20/20 - 3s - iou_binarized: 0.5685 - iou: 0.4159 - recall: 0.6126 - precision: 0.5711 - F1_score: 0.5871 - ce_loss: 0.0079 - ewc_loss: 1694.8098 - loss: 0.0096 - 3s/epoch - 146ms/step
Epoch 27/300
epoch ends.
20/20 - 3s - iou_binarized: 0.5716 - iou: 0.4187 - recall: 0.6153 - precision: 0.5738 - F1_score: 0.5898 - ce_loss: 0.0077 - ewc_loss: 1707.1008 - loss: 0.0095 - 3s/epoch - 147ms/step
Epoch 28/300
epoch ends.
20/20 - 3s - iou_binarized: 0.5747 - iou: 0.4213 - recall: 0.6179 - precision: 0.5763 - F1_score: 0.5925 - ce_loss: 0.0076 - ewc_loss: 1718.0236 - loss: 0.0094 - 3s/epoch - 152ms/step
Epoch 29/300
epoch ends.
20/20 - 3s - iou_binarized: 0.5776 - iou: 0.4238 - recall: 0.6203 - precision: 0.5788 - F1_score: 0.5950 - ce_loss: 0.0075 - ewc_loss: 1727.7104 - loss: 0.0093 - 3s/epoch - 143ms/step
Epoch 30/300
epoch ends.
20/20 - 3s - iou_binarized: 0.5801 - iou: 0.4261 - recall: 0.6225 - precision: 0.5811 - F1_score: 0.5973 - ce_loss: 0.0075 - ewc_loss: 1736.1497 - loss: 0.0092 - 3s/epoch - 143ms/step
Epoch 31/300
epoch ends.
20/20 - 3s - iou_binarized: 0.5820 - iou: 0.4282 - recall: 0.6244 - precision: 0.5832 - F1_score: 0.5993 - ce_loss: 0.0074 - ewc_loss: 1743.3344 - loss: 0.0091 - 3s/epoch - 145ms/step
Epoch 32/300
epoch ends.
20/20 - 3s - iou_binarized: 0.5838 - iou: 0.4302 - recall: 0.6262 - precision: 0.5852 - F1_score: 0.6012 - ce_loss: 0.0073 - ewc_loss: 1749.7367 - loss: 0.0091 - 3s/epoch - 143ms/step
Epoch 33/300
epoch ends.
20/20 - 3s - iou_binarized: 0.5855 - iou: 0.4319 - recall: 0.6278 - precision: 0.5870 - F1_score: 0.6029 - ce_loss: 0.0073 - ewc_loss: 1755.5029 - loss: 0.0090 - 3s/epoch - 144ms/step
Epoch 34/300
epoch ends.
20/20 - 3s - iou_binarized: 0.5872 - iou: 0.4336 - recall: 0.6293 - precision: 0.5887 - F1_score: 0.6045 - ce_loss: 0.0072 - ewc_loss: 1760.9678 - loss: 0.0090 - 3s/epoch - 145ms/step
Epoch 35/300
epoch ends.
20/20 - 3s - iou_binarized: 0.5886 - iou: 0.4351 - recall: 0.6307 - precision: 0.5903 - F1_score: 0.6060 - ce_loss: 0.0072 - ewc_loss: 1766.1675 - loss: 0.0090 - 3s/epoch - 145ms/step
Epoch 36/300
epoch ends.
20/20 - 3s - iou_binarized: 0.5897 - iou: 0.4365 - recall: 0.6320 - precision: 0.5919 - F1_score: 0.6074 - ce_loss: 0.0072 - ewc_loss: 1771.3586 - loss: 0.0089 - 3s/epoch - 143ms/step
Epoch 37/300
epoch ends.
20/20 - 3s - iou_binarized: 0.5912 - iou: 0.4379 - recall: 0.6333 - precision: 0.5933 - F1_score: 0.6088 - ce_loss: 0.0071 - ewc_loss: 1776.3799 - loss: 0.0089 - 3s/epoch - 144ms/step
Epoch 38/300
epoch ends.
20/20 - 3s - iou_binarized: 0.5924 - iou: 0.4392 - recall: 0.6345 - precision: 0.5947 - F1_score: 0.6100 - ce_loss: 0.0071 - ewc_loss: 1781.3967 - loss: 0.0089 - 3s/epoch - 144ms/step
Epoch 39/300
epoch ends.
20/20 - 3s - iou_binarized: 0.5937 - iou: 0.4405 - recall: 0.6357 - precision: 0.5960 - F1_score: 0.6113 - ce_loss: 0.0070 - ewc_loss: 1786.3014 - loss: 0.0088 - 3s/epoch - 143ms/step
Epoch 40/300
epoch ends.
20/20 - 3s - iou_binarized: 0.5948 - iou: 0.4417 - recall: 0.6369 - precision: 0.5972 - F1_score: 0.6124 - ce_loss: 0.0070 - ewc_loss: 1791.0381 - loss: 0.0088 - 3s/epoch - 144ms/step
Epoch 41/300
epoch ends.
20/20 - 3s - iou_binarized: 0.5958 - iou: 0.4429 - recall: 0.6379 - precision: 0.5984 - F1_score: 0.6136 - ce_loss: 0.0070 - ewc_loss: 1795.7266 - loss: 0.0088 - 3s/epoch - 144ms/step
Epoch 42/300
epoch ends.
20/20 - 3s - iou_binarized: 0.5965 - iou: 0.4440 - recall: 0.6390 - precision: 0.5996 - F1_score: 0.6147 - ce_loss: 0.0070 - ewc_loss: 1800.2240 - loss: 0.0088 - 3s/epoch - 143ms/step
Epoch 43/300
epoch ends.
20/20 - 3s - iou_binarized: 0.5974 - iou: 0.4451 - recall: 0.6400 - precision: 0.6007 - F1_score: 0.6157 - ce_loss: 0.0069 - ewc_loss: 1804.6829 - loss: 0.0088 - 3s/epoch - 143ms/step
Epoch 44/300
epoch ends.
20/20 - 3s - iou_binarized: 0.5983 - iou: 0.4462 - recall: 0.6410 - precision: 0.6018 - F1_score: 0.6167 - ce_loss: 0.0069 - ewc_loss: 1809.0271 - loss: 0.0087 - 3s/epoch - 142ms/step
Epoch 45/300
epoch ends.
20/20 - 3s - iou_binarized: 0.5993 - iou: 0.4472 - recall: 0.6419 - precision: 0.6028 - F1_score: 0.6177 - ce_loss: 0.0069 - ewc_loss: 1813.3553 - loss: 0.0087 - 3s/epoch - 143ms/step
Epoch 46/300
epoch ends.
20/20 - 3s - iou_binarized: 0.6001 - iou: 0.4482 - recall: 0.6429 - precision: 0.6038 - F1_score: 0.6187 - ce_loss: 0.0069 - ewc_loss: 1817.5225 - loss: 0.0087 - 3s/epoch - 142ms/step
Epoch 47/300
epoch ends.
20/20 - 3s - iou_binarized: 0.6011 - iou: 0.4492 - recall: 0.6438 - precision: 0.6048 - F1_score: 0.6196 - ce_loss: 0.0069 - ewc_loss: 1821.6508 - loss: 0.0087 - 3s/epoch - 144ms/step
Epoch 48/300
epoch ends.
20/20 - 3s - iou_binarized: 0.6019 - iou: 0.4502 - recall: 0.6446 - precision: 0.6057 - F1_score: 0.6205 - ce_loss: 0.0069 - ewc_loss: 1825.6659 - loss: 0.0087 - 3s/epoch - 146ms/step
Epoch 49/300
epoch ends.
20/20 - 3s - iou_binarized: 0.6027 - iou: 0.4511 - recall: 0.6455 - precision: 0.6066 - F1_score: 0.6214 - ce_loss: 0.0068 - ewc_loss: 1829.6683 - loss: 0.0087 - 3s/epoch - 145ms/step
Epoch 50/300
epoch ends.
20/20 - 3s - iou_binarized: 0.6035 - iou: 0.4520 - recall: 0.6463 - precision: 0.6075 - F1_score: 0.6222 - ce_loss: 0.0068 - ewc_loss: 1833.5375 - loss: 0.0087 - 3s/epoch - 144ms/step
Epoch 51/300
epoch ends.
20/20 - 3s - iou_binarized: 0.6043 - iou: 0.4529 - recall: 0.6471 - precision: 0.6083 - F1_score: 0.6231 - ce_loss: 0.0068 - ewc_loss: 1837.3408 - loss: 0.0086 - 3s/epoch - 144ms/step
Epoch 52/300
epoch ends.
20/20 - 3s - iou_binarized: 0.6050 - iou: 0.4537 - recall: 0.6479 - precision: 0.6092 - F1_score: 0.6239 - ce_loss: 0.0068 - ewc_loss: 1841.0005 - loss: 0.0086 - 3s/epoch - 144ms/step
Epoch 53/300
epoch ends.
20/20 - 3s - iou_binarized: 0.6057 - iou: 0.4545 - recall: 0.6486 - precision: 0.6100 - F1_score: 0.6247 - ce_loss: 0.0068 - ewc_loss: 1844.6233 - loss: 0.0086 - 3s/epoch - 143ms/step
Epoch 54/300
epoch ends.
20/20 - 3s - iou_binarized: 0.6063 - iou: 0.4554 - recall: 0.6494 - precision: 0.6108 - F1_score: 0.6254 - ce_loss: 0.0068 - ewc_loss: 1848.0916 - loss: 0.0086 - 3s/epoch - 145ms/step
Epoch 55/300
epoch ends.
20/20 - 3s - iou_binarized: 0.6071 - iou: 0.4562 - recall: 0.6501 - precision: 0.6115 - F1_score: 0.6262 - ce_loss: 0.0067 - ewc_loss: 1851.4932 - loss: 0.0086 - 3s/epoch - 144ms/step
Epoch 56/300
epoch ends.
20/20 - 3s - iou_binarized: 0.6079 - iou: 0.4569 - recall: 0.6508 - precision: 0.6123 - F1_score: 0.6269 - ce_loss: 0.0067 - ewc_loss: 1854.8340 - loss: 0.0086 - 3s/epoch - 144ms/step
Epoch 57/300
epoch ends.
20/20 - 3s - iou_binarized: 0.6086 - iou: 0.4577 - recall: 0.6514 - precision: 0.6130 - F1_score: 0.6276 - ce_loss: 0.0067 - ewc_loss: 1858.1160 - loss: 0.0086 - 3s/epoch - 144ms/step
Epoch 58/300
epoch ends.
20/20 - 3s - iou_binarized: 0.6094 - iou: 0.4584 - recall: 0.6521 - precision: 0.6137 - F1_score: 0.6283 - ce_loss: 0.0067 - ewc_loss: 1861.2548 - loss: 0.0086 - 3s/epoch - 144ms/step
Epoch 59/300
epoch ends.
20/20 - 3s - iou_binarized: 0.6099 - iou: 0.4591 - recall: 0.6527 - precision: 0.6144 - F1_score: 0.6290 - ce_loss: 0.0067 - ewc_loss: 1864.3745 - loss: 0.0086 - 3s/epoch - 144ms/step
Epoch 60/300
epoch ends.
20/20 - 3s - iou_binarized: 0.6106 - iou: 0.4598 - recall: 0.6534 - precision: 0.6150 - F1_score: 0.6297 - ce_loss: 0.0067 - ewc_loss: 1867.3092 - loss: 0.0086 - 3s/epoch - 143ms/step
Epoch 61/300
epoch ends.
20/20 - 3s - iou_binarized: 0.6111 - iou: 0.4605 - recall: 0.6540 - precision: 0.6157 - F1_score: 0.6303 - ce_loss: 0.0067 - ewc_loss: 1870.2788 - loss: 0.0085 - 3s/epoch - 138ms/step
Epoch 62/300
epoch ends.
20/20 - 3s - iou_binarized: 0.6118 - iou: 0.4612 - recall: 0.6546 - precision: 0.6163 - F1_score: 0.6309 - ce_loss: 0.0067 - ewc_loss: 1873.1249 - loss: 0.0085 - 3s/epoch - 139ms/step
Epoch 63/300
epoch ends.
20/20 - 3s - iou_binarized: 0.6125 - iou: 0.4618 - recall: 0.6552 - precision: 0.6169 - F1_score: 0.6315 - ce_loss: 0.0067 - ewc_loss: 1875.9393 - loss: 0.0085 - 3s/epoch - 139ms/step
Epoch 64/300
epoch ends.
20/20 - 3s - iou_binarized: 0.6130 - iou: 0.4625 - recall: 0.6558 - precision: 0.6175 - F1_score: 0.6322 - ce_loss: 0.0066 - ewc_loss: 1878.6377 - loss: 0.0085 - 3s/epoch - 144ms/step
Epoch 65/300
epoch ends.
20/20 - 3s - iou_binarized: 0.6135 - iou: 0.4631 - recall: 0.6563 - precision: 0.6181 - F1_score: 0.6327 - ce_loss: 0.0066 - ewc_loss: 1881.3147 - loss: 0.0085 - 3s/epoch - 145ms/step
Epoch 66/300
epoch ends.
20/20 - 3s - iou_binarized: 0.6141 - iou: 0.4638 - recall: 0.6569 - precision: 0.6187 - F1_score: 0.6333 - ce_loss: 0.0066 - ewc_loss: 1883.8966 - loss: 0.0085 - 3s/epoch - 144ms/step
Epoch 67/300
epoch ends.
20/20 - 3s - iou_binarized: 0.6147 - iou: 0.4644 - recall: 0.6575 - precision: 0.6192 - F1_score: 0.6339 - ce_loss: 0.0066 - ewc_loss: 1886.5038 - loss: 0.0085 - 3s/epoch - 145ms/step
Epoch 68/300
epoch ends.
20/20 - 3s - iou_binarized: 0.6153 - iou: 0.4650 - recall: 0.6580 - precision: 0.6198 - F1_score: 0.6345 - ce_loss: 0.0066 - ewc_loss: 1888.9143 - loss: 0.0085 - 3s/epoch - 146ms/step
Epoch 69/300
epoch ends.
20/20 - 3s - iou_binarized: 0.6158 - iou: 0.4656 - recall: 0.6585 - precision: 0.6203 - F1_score: 0.6350 - ce_loss: 0.0066 - ewc_loss: 1891.3818 - loss: 0.0085 - 3s/epoch - 146ms/step
Epoch 70/300
epoch ends.
20/20 - 3s - iou_binarized: 0.6162 - iou: 0.4661 - recall: 0.6590 - precision: 0.6208 - F1_score: 0.6356 - ce_loss: 0.0066 - ewc_loss: 1893.7460 - loss: 0.0085 - 3s/epoch - 146ms/step
Epoch 71/300
epoch ends.
20/20 - 3s - iou_binarized: 0.6168 - iou: 0.4667 - recall: 0.6595 - precision: 0.6213 - F1_score: 0.6361 - ce_loss: 0.0066 - ewc_loss: 1896.1896 - loss: 0.0085 - 3s/epoch - 144ms/step
Epoch 72/300
epoch ends.
20/20 - 3s - iou_binarized: 0.6173 - iou: 0.4673 - recall: 0.6600 - precision: 0.6219 - F1_score: 0.6366 - ce_loss: 0.0066 - ewc_loss: 1898.4565 - loss: 0.0085 - 3s/epoch - 143ms/step
Epoch 73/300
epoch ends.
20/20 - 3s - iou_binarized: 0.6179 - iou: 0.4678 - recall: 0.6605 - precision: 0.6224 - F1_score: 0.6371 - ce_loss: 0.0066 - ewc_loss: 1900.7233 - loss: 0.0085 - 3s/epoch - 146ms/step
Epoch 74/300
epoch ends.
20/20 - 3s - iou_binarized: 0.6185 - iou: 0.4684 - recall: 0.6610 - precision: 0.6229 - F1_score: 0.6376 - ce_loss: 0.0065 - ewc_loss: 1902.9562 - loss: 0.0085 - 3s/epoch - 143ms/step
Epoch 75/300
epoch ends.
20/20 - 3s - iou_binarized: 0.6189 - iou: 0.4689 - recall: 0.6615 - precision: 0.6234 - F1_score: 0.6381 - ce_loss: 0.0065 - ewc_loss: 1905.1058 - loss: 0.0084 - 3s/epoch - 145ms/step
Epoch 76/300
epoch ends.
20/20 - 3s - iou_binarized: 0.6194 - iou: 0.4695 - recall: 0.6619 - precision: 0.6238 - F1_score: 0.6386 - ce_loss: 0.0065 - ewc_loss: 1907.3094 - loss: 0.0084 - 3s/epoch - 144ms/step
Epoch 77/300
epoch ends.
20/20 - 3s - iou_binarized: 0.6199 - iou: 0.4700 - recall: 0.6624 - precision: 0.6243 - F1_score: 0.6391 - ce_loss: 0.0065 - ewc_loss: 1909.3762 - loss: 0.0084 - 3s/epoch - 140ms/step
Epoch 78/300
epoch ends.
20/20 - 3s - iou_binarized: 0.6203 - iou: 0.4705 - recall: 0.6628 - precision: 0.6248 - F1_score: 0.6396 - ce_loss: 0.0065 - ewc_loss: 1911.5203 - loss: 0.0084 - 3s/epoch - 138ms/step
Epoch 79/300
epoch ends.
20/20 - 3s - iou_binarized: 0.6207 - iou: 0.4710 - recall: 0.6633 - precision: 0.6252 - F1_score: 0.6401 - ce_loss: 0.0065 - ewc_loss: 1913.6052 - loss: 0.0084 - 3s/epoch - 138ms/step
Epoch 80/300
epoch ends.
20/20 - 3s - iou_binarized: 0.6210 - iou: 0.4715 - recall: 0.6637 - precision: 0.6257 - F1_score: 0.6405 - ce_loss: 0.0065 - ewc_loss: 1915.6279 - loss: 0.0084 - 3s/epoch - 137ms/step
Epoch 81/300
epoch ends.
20/20 - 3s - iou_binarized: 0.6215 - iou: 0.4720 - recall: 0.6642 - precision: 0.6261 - F1_score: 0.6410 - ce_loss: 0.0065 - ewc_loss: 1917.6033 - loss: 0.0084 - 3s/epoch - 138ms/step
Epoch 82/300
epoch ends.
20/20 - 3s - iou_binarized: 0.6219 - iou: 0.4725 - recall: 0.6646 - precision: 0.6265 - F1_score: 0.6414 - ce_loss: 0.0065 - ewc_loss: 1919.6104 - loss: 0.0084 - 3s/epoch - 139ms/step
Epoch 83/300
epoch ends.
20/20 - 3s - iou_binarized: 0.6224 - iou: 0.4730 - recall: 0.6651 - precision: 0.6270 - F1_score: 0.6419 - ce_loss: 0.0065 - ewc_loss: 1921.5229 - loss: 0.0084 - 3s/epoch - 138ms/step
Epoch 84/300
epoch ends.
20/20 - 3s - iou_binarized: 0.6227 - iou: 0.4735 - recall: 0.6655 - precision: 0.6274 - F1_score: 0.6424 - ce_loss: 0.0065 - ewc_loss: 1923.4625 - loss: 0.0084 - 3s/epoch - 143ms/step
Epoch 85/300
epoch ends.
20/20 - 3s - iou_binarized: 0.6234 - iou: 0.4740 - recall: 0.6659 - precision: 0.6279 - F1_score: 0.6428 - ce_loss: 0.0064 - ewc_loss: 1925.2988 - loss: 0.0084 - 3s/epoch - 142ms/step
Epoch 86/300
epoch ends.
20/20 - 3s - iou_binarized: 0.6238 - iou: 0.4745 - recall: 0.6664 - precision: 0.6283 - F1_score: 0.6433 - ce_loss: 0.0064 - ewc_loss: 1927.0017 - loss: 0.0084 - 3s/epoch - 138ms/step
Epoch 87/300
epoch ends.
20/20 - 3s - iou_binarized: 0.6242 - iou: 0.4750 - recall: 0.6668 - precision: 0.6287 - F1_score: 0.6438 - ce_loss: 0.0064 - ewc_loss: 1928.7009 - loss: 0.0084 - 3s/epoch - 140ms/step
Epoch 88/300
epoch ends.
20/20 - 3s - iou_binarized: 0.6246 - iou: 0.4755 - recall: 0.6673 - precision: 0.6292 - F1_score: 0.6442 - ce_loss: 0.0064 - ewc_loss: 1930.2987 - loss: 0.0083 - 3s/epoch - 143ms/step
Epoch 89/300
epoch ends.
20/20 - 3s - iou_binarized: 0.6250 - iou: 0.4760 - recall: 0.6677 - precision: 0.6296 - F1_score: 0.6447 - ce_loss: 0.0064 - ewc_loss: 1931.9495 - loss: 0.0083 - 3s/epoch - 147ms/step
Epoch 90/300
epoch ends.
20/20 - 3s - iou_binarized: 0.6255 - iou: 0.4766 - recall: 0.6682 - precision: 0.6300 - F1_score: 0.6452 - ce_loss: 0.0064 - ewc_loss: 1933.5587 - loss: 0.0083 - 3s/epoch - 142ms/step
Epoch 91/300
epoch ends.
20/20 - 3s - iou_binarized: 0.6261 - iou: 0.4771 - recall: 0.6687 - precision: 0.6305 - F1_score: 0.6457 - ce_loss: 0.0064 - ewc_loss: 1935.1642 - loss: 0.0083 - 3s/epoch - 138ms/step
Epoch 92/300
epoch ends.
20/20 - 3s - iou_binarized: 0.6267 - iou: 0.4777 - recall: 0.6692 - precision: 0.6309 - F1_score: 0.6462 - ce_loss: 0.0064 - ewc_loss: 1936.4895 - loss: 0.0083 - 3s/epoch - 137ms/step
Epoch 93/300
epoch ends.
20/20 - 3s - iou_binarized: 0.6274 - iou: 0.4782 - recall: 0.6697 - precision: 0.6313 - F1_score: 0.6467 - ce_loss: 0.0064 - ewc_loss: 1937.6127 - loss: 0.0083 - 3s/epoch - 138ms/step
Epoch 94/300
epoch ends.
20/20 - 3s - iou_binarized: 0.6279 - iou: 0.4788 - recall: 0.6701 - precision: 0.6317 - F1_score: 0.6472 - ce_loss: 0.0064 - ewc_loss: 1938.6779 - loss: 0.0083 - 3s/epoch - 139ms/step
Epoch 95/300
epoch ends.
20/20 - 3s - iou_binarized: 0.6285 - iou: 0.4793 - recall: 0.6706 - precision: 0.6322 - F1_score: 0.6477 - ce_loss: 0.0064 - ewc_loss: 1939.7133 - loss: 0.0083 - 3s/epoch - 141ms/step
Epoch 96/300
epoch ends.
20/20 - 3s - iou_binarized: 0.6290 - iou: 0.4798 - recall: 0.6711 - precision: 0.6326 - F1_score: 0.6482 - ce_loss: 0.0063 - ewc_loss: 1940.7054 - loss: 0.0083 - 3s/epoch - 142ms/step
Epoch 97/300
epoch ends.
20/20 - 3s - iou_binarized: 0.6296 - iou: 0.4804 - recall: 0.6716 - precision: 0.6330 - F1_score: 0.6487 - ce_loss: 0.0063 - ewc_loss: 1941.5394 - loss: 0.0083 - 3s/epoch - 141ms/step
Epoch 98/300
epoch ends.
20/20 - 3s - iou_binarized: 0.6301 - iou: 0.4809 - recall: 0.6721 - precision: 0.6334 - F1_score: 0.6491 - ce_loss: 0.0063 - ewc_loss: 1942.3340 - loss: 0.0083 - 3s/epoch - 153ms/step
Epoch 99/300
epoch ends.
20/20 - 3s - iou_binarized: 0.6305 - iou: 0.4814 - recall: 0.6725 - precision: 0.6337 - F1_score: 0.6496 - ce_loss: 0.0063 - ewc_loss: 1943.0405 - loss: 0.0083 - 3s/epoch - 142ms/step
Epoch 100/300
epoch ends.
20/20 - 3s - iou_binarized: 0.6310 - iou: 0.4819 - recall: 0.6729 - precision: 0.6341 - F1_score: 0.6500 - ce_loss: 0.0063 - ewc_loss: 1943.7916 - loss: 0.0083 - 3s/epoch - 143ms/step
Epoch 101/300
epoch ends.
20/20 - 3s - iou_binarized: 0.6313 - iou: 0.4824 - recall: 0.6734 - precision: 0.6345 - F1_score: 0.6505 - ce_loss: 0.0063 - ewc_loss: 1944.4678 - loss: 0.0082 - 3s/epoch - 143ms/step
Epoch 102/300
epoch ends.
20/20 - 3s - iou_binarized: 0.6319 - iou: 0.4828 - recall: 0.6738 - precision: 0.6349 - F1_score: 0.6509 - ce_loss: 0.0063 - ewc_loss: 1945.1584 - loss: 0.0082 - 3s/epoch - 143ms/step
Epoch 103/300
epoch ends.
20/20 - 3s - iou_binarized: 0.6324 - iou: 0.4833 - recall: 0.6742 - precision: 0.6353 - F1_score: 0.6513 - ce_loss: 0.0063 - ewc_loss: 1945.8802 - loss: 0.0082 - 3s/epoch - 143ms/step
Epoch 104/300
epoch ends.
20/20 - 3s - iou_binarized: 0.6330 - iou: 0.4838 - recall: 0.6747 - precision: 0.6356 - F1_score: 0.6518 - ce_loss: 0.0063 - ewc_loss: 1946.6357 - loss: 0.0082 - 3s/epoch - 142ms/step
Epoch 105/300
epoch ends.
20/20 - 3s - iou_binarized: 0.6335 - iou: 0.4842 - recall: 0.6751 - precision: 0.6360 - F1_score: 0.6522 - ce_loss: 0.0063 - ewc_loss: 1947.3848 - loss: 0.0082 - 3s/epoch - 145ms/step
Epoch 106/300
epoch ends.
20/20 - 3s - iou_binarized: 0.6340 - iou: 0.4847 - recall: 0.6755 - precision: 0.6364 - F1_score: 0.6526 - ce_loss: 0.0063 - ewc_loss: 1948.1553 - loss: 0.0082 - 3s/epoch - 144ms/step
Epoch 107/300
epoch ends.
20/20 - 3s - iou_binarized: 0.6345 - iou: 0.4852 - recall: 0.6759 - precision: 0.6368 - F1_score: 0.6531 - ce_loss: 0.0062 - ewc_loss: 1948.9629 - loss: 0.0082 - 3s/epoch - 144ms/step
Epoch 108/300
epoch ends.
20/20 - 3s - iou_binarized: 0.6351 - iou: 0.4856 - recall: 0.6763 - precision: 0.6371 - F1_score: 0.6535 - ce_loss: 0.0062 - ewc_loss: 1949.6486 - loss: 0.0082 - 3s/epoch - 144ms/step
Epoch 109/300
epoch ends.
20/20 - 3s - iou_binarized: 0.6356 - iou: 0.4861 - recall: 0.6767 - precision: 0.6375 - F1_score: 0.6539 - ce_loss: 0.0062 - ewc_loss: 1950.4735 - loss: 0.0082 - 3s/epoch - 144ms/step
Epoch 110/300
epoch ends.
20/20 - 3s - iou_binarized: 0.6360 - iou: 0.4866 - recall: 0.6772 - precision: 0.6379 - F1_score: 0.6543 - ce_loss: 0.0062 - ewc_loss: 1951.2159 - loss: 0.0082 - 3s/epoch - 145ms/step
Epoch 111/300
epoch ends.
20/20 - 3s - iou_binarized: 0.6364 - iou: 0.4871 - recall: 0.6776 - precision: 0.6382 - F1_score: 0.6548 - ce_loss: 0.0062 - ewc_loss: 1952.0961 - loss: 0.0082 - 3s/epoch - 141ms/step
Epoch 112/300
epoch ends.
20/20 - 3s - iou_binarized: 0.6368 - iou: 0.4875 - recall: 0.6780 - precision: 0.6386 - F1_score: 0.6552 - ce_loss: 0.0062 - ewc_loss: 1952.7892 - loss: 0.0081 - 3s/epoch - 140ms/step
Epoch 113/300
epoch ends.
20/20 - 3s - iou_binarized: 0.6373 - iou: 0.4880 - recall: 0.6784 - precision: 0.6390 - F1_score: 0.6556 - ce_loss: 0.0062 - ewc_loss: 1953.5674 - loss: 0.0081 - 3s/epoch - 144ms/step
Epoch 114/300
epoch ends.
20/20 - 3s - iou_binarized: 0.6379 - iou: 0.4885 - recall: 0.6788 - precision: 0.6393 - F1_score: 0.6561 - ce_loss: 0.0062 - ewc_loss: 1954.2710 - loss: 0.0081 - 3s/epoch - 141ms/step
Epoch 115/300
epoch ends.
20/20 - 3s - iou_binarized: 0.6384 - iou: 0.4890 - recall: 0.6793 - precision: 0.6397 - F1_score: 0.6565 - ce_loss: 0.0062 - ewc_loss: 1955.0339 - loss: 0.0081 - 3s/epoch - 144ms/step
Epoch 116/300
epoch ends.
20/20 - 3s - iou_binarized: 0.6387 - iou: 0.4894 - recall: 0.6796 - precision: 0.6400 - F1_score: 0.6569 - ce_loss: 0.0061 - ewc_loss: 1955.8347 - loss: 0.0081 - 3s/epoch - 144ms/step
Epoch 117/300
epoch ends.
20/20 - 3s - iou_binarized: 0.6392 - iou: 0.4899 - recall: 0.6800 - precision: 0.6404 - F1_score: 0.6573 - ce_loss: 0.0061 - ewc_loss: 1956.7692 - loss: 0.0081 - 3s/epoch - 143ms/step
Epoch 118/300
epoch ends.
20/20 - 3s - iou_binarized: 0.6396 - iou: 0.4903 - recall: 0.6804 - precision: 0.6407 - F1_score: 0.6577 - ce_loss: 0.0061 - ewc_loss: 1957.7490 - loss: 0.0081 - 3s/epoch - 143ms/step
Epoch 119/300
epoch ends.
20/20 - 3s - iou_binarized: 0.6399 - iou: 0.4907 - recall: 0.6808 - precision: 0.6411 - F1_score: 0.6581 - ce_loss: 0.0061 - ewc_loss: 1958.7981 - loss: 0.0081 - 3s/epoch - 143ms/step
Epoch 120/300
epoch ends.
20/20 - 3s - iou_binarized: 0.6403 - iou: 0.4911 - recall: 0.6811 - precision: 0.6414 - F1_score: 0.6585 - ce_loss: 0.0061 - ewc_loss: 1959.8635 - loss: 0.0081 - 3s/epoch - 143ms/step
Epoch 121/300
epoch ends.
20/20 - 3s - iou_binarized: 0.6406 - iou: 0.4915 - recall: 0.6815 - precision: 0.6417 - F1_score: 0.6588 - ce_loss: 0.0061 - ewc_loss: 1960.9910 - loss: 0.0081 - 3s/epoch - 141ms/step
Epoch 122/300
epoch ends.
20/20 - 3s - iou_binarized: 0.6410 - iou: 0.4919 - recall: 0.6818 - precision: 0.6421 - F1_score: 0.6592 - ce_loss: 0.0061 - ewc_loss: 1962.1554 - loss: 0.0080 - 3s/epoch - 137ms/step
Epoch 123/300
epoch ends.
20/20 - 3s - iou_binarized: 0.6413 - iou: 0.4924 - recall: 0.6822 - precision: 0.6424 - F1_score: 0.6596 - ce_loss: 0.0061 - ewc_loss: 1963.3735 - loss: 0.0080 - 3s/epoch - 141ms/step
Epoch 124/300
epoch ends.
20/20 - 3s - iou_binarized: 0.6416 - iou: 0.4927 - recall: 0.6825 - precision: 0.6427 - F1_score: 0.6599 - ce_loss: 0.0061 - ewc_loss: 1964.5433 - loss: 0.0080 - 3s/epoch - 144ms/step
Epoch 125/300
epoch ends.
20/20 - 3s - iou_binarized: 0.6420 - iou: 0.4931 - recall: 0.6829 - precision: 0.6430 - F1_score: 0.6603 - ce_loss: 0.0061 - ewc_loss: 1965.7321 - loss: 0.0080 - 3s/epoch - 144ms/step
Epoch 126/300
epoch ends.
20/20 - 3s - iou_binarized: 0.6424 - iou: 0.4935 - recall: 0.6832 - precision: 0.6433 - F1_score: 0.6606 - ce_loss: 0.0061 - ewc_loss: 1966.9413 - loss: 0.0080 - 3s/epoch - 143ms/step
Epoch 127/300
epoch ends.
20/20 - 3s - iou_binarized: 0.6428 - iou: 0.4939 - recall: 0.6835 - precision: 0.6436 - F1_score: 0.6610 - ce_loss: 0.0060 - ewc_loss: 1968.1919 - loss: 0.0080 - 3s/epoch - 143ms/step
Epoch 128/300
epoch ends.
20/20 - 3s - iou_binarized: 0.6431 - iou: 0.4943 - recall: 0.6838 - precision: 0.6439 - F1_score: 0.6613 - ce_loss: 0.0060 - ewc_loss: 1969.4769 - loss: 0.0080 - 3s/epoch - 144ms/step
Epoch 129/300
epoch ends.
20/20 - 3s - iou_binarized: 0.6434 - iou: 0.4946 - recall: 0.6841 - precision: 0.6442 - F1_score: 0.6616 - ce_loss: 0.0060 - ewc_loss: 1970.7180 - loss: 0.0080 - 3s/epoch - 144ms/step
Epoch 130/300
epoch ends.
20/20 - 3s - iou_binarized: 0.6437 - iou: 0.4950 - recall: 0.6844 - precision: 0.6445 - F1_score: 0.6619 - ce_loss: 0.0060 - ewc_loss: 1971.9680 - loss: 0.0080 - 3s/epoch - 147ms/step
Epoch 131/300
epoch ends.
20/20 - 3s - iou_binarized: 0.6442 - iou: 0.4953 - recall: 0.6847 - precision: 0.6448 - F1_score: 0.6623 - ce_loss: 0.0060 - ewc_loss: 1973.1919 - loss: 0.0080 - 3s/epoch - 146ms/step
Epoch 132/300
epoch ends.
20/20 - 3s - iou_binarized: 0.6445 - iou: 0.4957 - recall: 0.6850 - precision: 0.6451 - F1_score: 0.6626 - ce_loss: 0.0060 - ewc_loss: 1974.3721 - loss: 0.0080 - 3s/epoch - 146ms/step
Epoch 133/300
epoch ends.
20/20 - 3s - iou_binarized: 0.6449 - iou: 0.4960 - recall: 0.6853 - precision: 0.6454 - F1_score: 0.6629 - ce_loss: 0.0060 - ewc_loss: 1975.5920 - loss: 0.0080 - 3s/epoch - 144ms/step
Epoch 134/300
epoch ends.
20/20 - 3s - iou_binarized: 0.6451 - iou: 0.4964 - recall: 0.6856 - precision: 0.6457 - F1_score: 0.6632 - ce_loss: 0.0060 - ewc_loss: 1976.7738 - loss: 0.0080 - 3s/epoch - 143ms/step
Epoch 135/300
epoch ends.
20/20 - 3s - iou_binarized: 0.6454 - iou: 0.4967 - recall: 0.6859 - precision: 0.6460 - F1_score: 0.6635 - ce_loss: 0.0060 - ewc_loss: 1977.9958 - loss: 0.0080 - 3s/epoch - 144ms/step
Epoch 136/300
epoch ends.
20/20 - 3s - iou_binarized: 0.6456 - iou: 0.4970 - recall: 0.6862 - precision: 0.6462 - F1_score: 0.6638 - ce_loss: 0.0060 - ewc_loss: 1979.0806 - loss: 0.0080 - 3s/epoch - 144ms/step
Epoch 137/300
epoch ends.
20/20 - 3s - iou_binarized: 0.6460 - iou: 0.4974 - recall: 0.6865 - precision: 0.6465 - F1_score: 0.6641 - ce_loss: 0.0060 - ewc_loss: 1980.2690 - loss: 0.0080 - 3s/epoch - 144ms/step
Epoch 138/300
epoch ends.
20/20 - 3s - iou_binarized: 0.6463 - iou: 0.4977 - recall: 0.6867 - precision: 0.6468 - F1_score: 0.6644 - ce_loss: 0.0060 - ewc_loss: 1981.4073 - loss: 0.0080 - 3s/epoch - 145ms/step
Epoch 139/300
epoch ends.
20/20 - 3s - iou_binarized: 0.6467 - iou: 0.4980 - recall: 0.6870 - precision: 0.6470 - F1_score: 0.6647 - ce_loss: 0.0060 - ewc_loss: 1982.5211 - loss: 0.0080 - 3s/epoch - 144ms/step
Epoch 140/300
epoch ends.
20/20 - 3s - iou_binarized: 0.6469 - iou: 0.4983 - recall: 0.6873 - precision: 0.6473 - F1_score: 0.6649 - ce_loss: 0.0060 - ewc_loss: 1983.6423 - loss: 0.0080 - 3s/epoch - 143ms/step
Epoch 141/300
epoch ends.
20/20 - 3s - iou_binarized: 0.6472 - iou: 0.4986 - recall: 0.6876 - precision: 0.6476 - F1_score: 0.6652 - ce_loss: 0.0060 - ewc_loss: 1984.7681 - loss: 0.0080 - 3s/epoch - 144ms/step
Epoch 142/300
epoch ends.
20/20 - 3s - iou_binarized: 0.6474 - iou: 0.4990 - recall: 0.6878 - precision: 0.6478 - F1_score: 0.6655 - ce_loss: 0.0060 - ewc_loss: 1985.8354 - loss: 0.0079 - 3s/epoch - 143ms/step
Epoch 143/300
epoch ends.
20/20 - 3s - iou_binarized: 0.6477 - iou: 0.4993 - recall: 0.6881 - precision: 0.6481 - F1_score: 0.6658 - ce_loss: 0.0060 - ewc_loss: 1986.8550 - loss: 0.0079 - 3s/epoch - 143ms/step
Epoch 144/300
epoch ends.
20/20 - 3s - iou_binarized: 0.6480 - iou: 0.4996 - recall: 0.6883 - precision: 0.6483 - F1_score: 0.6661 - ce_loss: 0.0060 - ewc_loss: 1987.8894 - loss: 0.0079 - 3s/epoch - 137ms/step
Epoch 145/300
epoch ends.
20/20 - 3s - iou_binarized: 0.6482 - iou: 0.4999 - recall: 0.6886 - precision: 0.6486 - F1_score: 0.6663 - ce_loss: 0.0059 - ewc_loss: 1988.9089 - loss: 0.0079 - 3s/epoch - 136ms/step
Epoch 146/300
epoch ends.
20/20 - 3s - iou_binarized: 0.6485 - iou: 0.5002 - recall: 0.6888 - precision: 0.6489 - F1_score: 0.6666 - ce_loss: 0.0059 - ewc_loss: 1989.8517 - loss: 0.0079 - 3s/epoch - 143ms/step
Epoch 147/300
epoch ends.
20/20 - 3s - iou_binarized: 0.6487 - iou: 0.5005 - recall: 0.6891 - precision: 0.6491 - F1_score: 0.6669 - ce_loss: 0.0059 - ewc_loss: 1990.8340 - loss: 0.0079 - 3s/epoch - 144ms/step
Epoch 148/300
epoch ends.
20/20 - 3s - iou_binarized: 0.6489 - iou: 0.5008 - recall: 0.6893 - precision: 0.6494 - F1_score: 0.6671 - ce_loss: 0.0059 - ewc_loss: 1991.7665 - loss: 0.0079 - 3s/epoch - 143ms/step
Epoch 149/300
epoch ends.
20/20 - 3s - iou_binarized: 0.6490 - iou: 0.5011 - recall: 0.6896 - precision: 0.6496 - F1_score: 0.6674 - ce_loss: 0.0059 - ewc_loss: 1992.7561 - loss: 0.0079 - 3s/epoch - 143ms/step
Epoch 150/300
epoch ends.
20/20 - 3s - iou_binarized: 0.6493 - iou: 0.5014 - recall: 0.6898 - precision: 0.6499 - F1_score: 0.6676 - ce_loss: 0.0059 - ewc_loss: 1993.6158 - loss: 0.0079 - 3s/epoch - 144ms/step
Epoch 151/300
epoch ends.
20/20 - 3s - iou_binarized: 0.6497 - iou: 0.5016 - recall: 0.6901 - precision: 0.6502 - F1_score: 0.6679 - ce_loss: 0.0059 - ewc_loss: 1994.5920 - loss: 0.0079 - 3s/epoch - 146ms/step
Epoch 152/300
epoch ends.
20/20 - 3s - iou_binarized: 0.6499 - iou: 0.5019 - recall: 0.6903 - precision: 0.6504 - F1_score: 0.6682 - ce_loss: 0.0059 - ewc_loss: 1995.4053 - loss: 0.0079 - 3s/epoch - 146ms/step
Epoch 153/300
epoch ends.
20/20 - 3s - iou_binarized: 0.6500 - iou: 0.5022 - recall: 0.6905 - precision: 0.6507 - F1_score: 0.6684 - ce_loss: 0.0059 - ewc_loss: 1996.2904 - loss: 0.0079 - 3s/epoch - 146ms/step
Epoch 154/300
epoch ends.
20/20 - 3s - iou_binarized: 0.6503 - iou: 0.5025 - recall: 0.6908 - precision: 0.6509 - F1_score: 0.6687 - ce_loss: 0.0059 - ewc_loss: 1997.1069 - loss: 0.0079 - 3s/epoch - 144ms/step
Epoch 155/300
epoch ends.
20/20 - 3s - iou_binarized: 0.6504 - iou: 0.5028 - recall: 0.6910 - precision: 0.6512 - F1_score: 0.6689 - ce_loss: 0.0059 - ewc_loss: 1997.9380 - loss: 0.0079 - 3s/epoch - 144ms/step
Epoch 156/300
epoch ends.
20/20 - 3s - iou_binarized: 0.6507 - iou: 0.5030 - recall: 0.6912 - precision: 0.6514 - F1_score: 0.6691 - ce_loss: 0.0059 - ewc_loss: 1998.7134 - loss: 0.0079 - 3s/epoch - 143ms/step
Epoch 157/300
epoch ends.
20/20 - 3s - iou_binarized: 0.6508 - iou: 0.5033 - recall: 0.6914 - precision: 0.6517 - F1_score: 0.6694 - ce_loss: 0.0059 - ewc_loss: 1999.5321 - loss: 0.0079 - 3s/epoch - 145ms/step
Epoch 158/300
epoch ends.
20/20 - 3s - iou_binarized: 0.6510 - iou: 0.5036 - recall: 0.6916 - precision: 0.6519 - F1_score: 0.6696 - ce_loss: 0.0059 - ewc_loss: 2000.2224 - loss: 0.0079 - 3s/epoch - 145ms/step
Epoch 159/300
epoch ends.
20/20 - 3s - iou_binarized: 0.6511 - iou: 0.5038 - recall: 0.6918 - precision: 0.6522 - F1_score: 0.6698 - ce_loss: 0.0059 - ewc_loss: 2001.0153 - loss: 0.0079 - 3s/epoch - 146ms/step
Epoch 160/300
epoch ends.
20/20 - 3s - iou_binarized: 0.6512 - iou: 0.5041 - recall: 0.6920 - precision: 0.6524 - F1_score: 0.6700 - ce_loss: 0.0059 - ewc_loss: 2001.8225 - loss: 0.0079 - 3s/epoch - 144ms/step
Epoch 161/300
epoch ends.
20/20 - 3s - iou_binarized: 0.6513 - iou: 0.5043 - recall: 0.6922 - precision: 0.6526 - F1_score: 0.6702 - ce_loss: 0.0059 - ewc_loss: 2002.6296 - loss: 0.0079 - 3s/epoch - 144ms/step
Epoch 162/300
epoch ends.
20/20 - 3s - iou_binarized: 0.6514 - iou: 0.5045 - recall: 0.6923 - precision: 0.6528 - F1_score: 0.6704 - ce_loss: 0.0059 - ewc_loss: 2003.5911 - loss: 0.0079 - 3s/epoch - 143ms/step
Epoch 163/300
epoch ends.
20/20 - 3s - iou_binarized: 0.6515 - iou: 0.5047 - recall: 0.6925 - precision: 0.6531 - F1_score: 0.6706 - ce_loss: 0.0059 - ewc_loss: 2004.5283 - loss: 0.0079 - 3s/epoch - 144ms/step
Epoch 164/300
epoch ends.
20/20 - 3s - iou_binarized: 0.6516 - iou: 0.5049 - recall: 0.6926 - precision: 0.6532 - F1_score: 0.6708 - ce_loss: 0.0058 - ewc_loss: 2005.7139 - loss: 0.0079 - 3s/epoch - 143ms/step
Epoch 165/300
epoch ends.
20/20 - 3s - iou_binarized: 0.6517 - iou: 0.5051 - recall: 0.6928 - precision: 0.6534 - F1_score: 0.6709 - ce_loss: 0.0058 - ewc_loss: 2006.8970 - loss: 0.0079 - 3s/epoch - 150ms/step
Epoch 166/300
epoch ends.
20/20 - 3s - iou_binarized: 0.6519 - iou: 0.5052 - recall: 0.6929 - precision: 0.6536 - F1_score: 0.6710 - ce_loss: 0.0058 - ewc_loss: 2008.3191 - loss: 0.0078 - 3s/epoch - 144ms/step
Epoch 167/300
epoch ends.
20/20 - 3s - iou_binarized: 0.6521 - iou: 0.5053 - recall: 0.6930 - precision: 0.6537 - F1_score: 0.6712 - ce_loss: 0.0058 - ewc_loss: 2009.8246 - loss: 0.0078 - 3s/epoch - 145ms/step
Epoch 168/300
epoch ends.
20/20 - 3s - iou_binarized: 0.6522 - iou: 0.5054 - recall: 0.6931 - precision: 0.6538 - F1_score: 0.6712 - ce_loss: 0.0058 - ewc_loss: 2011.5149 - loss: 0.0078 - 3s/epoch - 144ms/step
Epoch 169/300
epoch ends.
20/20 - 3s - iou_binarized: 0.6522 - iou: 0.5055 - recall: 0.6931 - precision: 0.6539 - F1_score: 0.6713 - ce_loss: 0.0058 - ewc_loss: 2013.3771 - loss: 0.0078 - 3s/epoch - 144ms/step
Epoch 170/300
epoch ends.
20/20 - 3s - iou_binarized: 0.6523 - iou: 0.5056 - recall: 0.6932 - precision: 0.6540 - F1_score: 0.6714 - ce_loss: 0.0058 - ewc_loss: 2015.2805 - loss: 0.0079 - 3s/epoch - 144ms/step
Epoch 171/300
epoch ends.
20/20 - 3s - iou_binarized: 0.6523 - iou: 0.5056 - recall: 0.6933 - precision: 0.6540 - F1_score: 0.6714 - ce_loss: 0.0058 - ewc_loss: 2017.3917 - loss: 0.0079 - 3s/epoch - 145ms/step
Epoch 172/300
epoch ends.
20/20 - 3s - iou_binarized: 0.6524 - iou: 0.5057 - recall: 0.6933 - precision: 0.6540 - F1_score: 0.6715 - ce_loss: 0.0058 - ewc_loss: 2019.5898 - loss: 0.0079 - 3s/epoch - 145ms/step
Epoch 173/300
epoch ends.
20/20 - 3s - iou_binarized: 0.6526 - iou: 0.5056 - recall: 0.6934 - precision: 0.6539 - F1_score: 0.6715 - ce_loss: 0.0058 - ewc_loss: 2021.8409 - loss: 0.0079 - 3s/epoch - 146ms/step
Epoch 174/300
epoch ends.
20/20 - 3s - iou_binarized: 0.6525 - iou: 0.5056 - recall: 0.6934 - precision: 0.6538 - F1_score: 0.6714 - ce_loss: 0.0059 - ewc_loss: 2024.2354 - loss: 0.0079 - 3s/epoch - 144ms/step
Epoch 175/300
epoch ends.
20/20 - 3s - iou_binarized: 0.6523 - iou: 0.5054 - recall: 0.6933 - precision: 0.6536 - F1_score: 0.6713 - ce_loss: 0.0059 - ewc_loss: 2026.5894 - loss: 0.0079 - 3s/epoch - 142ms/step
Epoch 176/300
epoch ends.
20/20 - 3s - iou_binarized: 0.6520 - iou: 0.5053 - recall: 0.6933 - precision: 0.6533 - F1_score: 0.6711 - ce_loss: 0.0059 - ewc_loss: 2028.7064 - loss: 0.0079 - 3s/epoch - 144ms/step
Epoch 177/300
epoch ends.
20/20 - 3s - iou_binarized: 0.6518 - iou: 0.5052 - recall: 0.6933 - precision: 0.6532 - F1_score: 0.6711 - ce_loss: 0.0059 - ewc_loss: 2029.7715 - loss: 0.0079 - 3s/epoch - 144ms/step
Epoch 178/300
epoch ends.
20/20 - 3s - iou_binarized: 0.6520 - iou: 0.5054 - recall: 0.6936 - precision: 0.6531 - F1_score: 0.6713 - ce_loss: 0.0058 - ewc_loss: 2029.5364 - loss: 0.0079 - 3s/epoch - 144ms/step
Epoch 179/300
epoch ends.
20/20 - 3s - iou_binarized: 0.6525 - iou: 0.5058 - recall: 0.6940 - precision: 0.6533 - F1_score: 0.6716 - ce_loss: 0.0058 - ewc_loss: 2027.7196 - loss: 0.0079 - 3s/epoch - 144ms/step
Epoch 180/300
epoch ends.
20/20 - 3s - iou_binarized: 0.6529 - iou: 0.5063 - recall: 0.6945 - precision: 0.6536 - F1_score: 0.6720 - ce_loss: 0.0059 - ewc_loss: 2025.0857 - loss: 0.0079 - 3s/epoch - 144ms/step
Epoch 181/300
epoch ends.
20/20 - 3s - iou_binarized: 0.6536 - iou: 0.5067 - recall: 0.6949 - precision: 0.6540 - F1_score: 0.6724 - ce_loss: 0.0059 - ewc_loss: 2022.3816 - loss: 0.0079 - 3s/epoch - 142ms/step
Epoch 182/300
epoch ends.
20/20 - 3s - iou_binarized: 0.6540 - iou: 0.5071 - recall: 0.6952 - precision: 0.6544 - F1_score: 0.6728 - ce_loss: 0.0059 - ewc_loss: 2020.4205 - loss: 0.0079 - 3s/epoch - 144ms/step
Epoch 183/300
epoch ends.
20/20 - 3s - iou_binarized: 0.6544 - iou: 0.5075 - recall: 0.6955 - precision: 0.6548 - F1_score: 0.6731 - ce_loss: 0.0058 - ewc_loss: 2018.9980 - loss: 0.0079 - 3s/epoch - 141ms/step
Epoch 184/300
epoch ends.
20/20 - 3s - iou_binarized: 0.6546 - iou: 0.5079 - recall: 0.6958 - precision: 0.6551 - F1_score: 0.6734 - ce_loss: 0.0058 - ewc_loss: 2018.0717 - loss: 0.0079 - 3s/epoch - 143ms/step
Epoch 185/300
epoch ends.
20/20 - 3s - iou_binarized: 0.6549 - iou: 0.5083 - recall: 0.6961 - precision: 0.6555 - F1_score: 0.6738 - ce_loss: 0.0058 - ewc_loss: 2017.2178 - loss: 0.0078 - 3s/epoch - 143ms/step
Epoch 186/300
epoch ends.
20/20 - 3s - iou_binarized: 0.6553 - iou: 0.5086 - recall: 0.6963 - precision: 0.6558 - F1_score: 0.6741 - ce_loss: 0.0058 - ewc_loss: 2016.4904 - loss: 0.0078 - 3s/epoch - 140ms/step
Epoch 187/300
epoch ends.
20/20 - 3s - iou_binarized: 0.6555 - iou: 0.5090 - recall: 0.6966 - precision: 0.6562 - F1_score: 0.6744 - ce_loss: 0.0058 - ewc_loss: 2015.6929 - loss: 0.0078 - 3s/epoch - 143ms/step
Epoch 188/300
epoch ends.
20/20 - 3s - iou_binarized: 0.6558 - iou: 0.5093 - recall: 0.6968 - precision: 0.6565 - F1_score: 0.6747 - ce_loss: 0.0058 - ewc_loss: 2014.8105 - loss: 0.0078 - 3s/epoch - 145ms/step
Epoch 189/300
epoch ends.
20/20 - 3s - iou_binarized: 0.6560 - iou: 0.5096 - recall: 0.6970 - precision: 0.6568 - F1_score: 0.6749 - ce_loss: 0.0058 - ewc_loss: 2014.0028 - loss: 0.0078 - 3s/epoch - 141ms/step
Epoch 190/300
epoch ends.
20/20 - 3s - iou_binarized: 0.6561 - iou: 0.5099 - recall: 0.6972 - precision: 0.6571 - F1_score: 0.6752 - ce_loss: 0.0058 - ewc_loss: 2013.2085 - loss: 0.0078 - 3s/epoch - 139ms/step
Epoch 191/300
epoch ends.
20/20 - 3s - iou_binarized: 0.6561 - iou: 0.5101 - recall: 0.6974 - precision: 0.6574 - F1_score: 0.6754 - ce_loss: 0.0058 - ewc_loss: 2012.6783 - loss: 0.0078 - 3s/epoch - 140ms/step
Epoch 192/300
epoch ends.
20/20 - 3s - iou_binarized: 0.6562 - iou: 0.5103 - recall: 0.6975 - precision: 0.6577 - F1_score: 0.6756 - ce_loss: 0.0058 - ewc_loss: 2012.4441 - loss: 0.0078 - 3s/epoch - 144ms/step
Epoch 193/300
epoch ends.
20/20 - 3s - iou_binarized: 0.6561 - iou: 0.5105 - recall: 0.6976 - precision: 0.6579 - F1_score: 0.6757 - ce_loss: 0.0058 - ewc_loss: 2012.5597 - loss: 0.0078 - 3s/epoch - 144ms/step
Epoch 194/300
epoch ends.
20/20 - 3s - iou_binarized: 0.6560 - iou: 0.5106 - recall: 0.6976 - precision: 0.6580 - F1_score: 0.6758 - ce_loss: 0.0058 - ewc_loss: 2013.0691 - loss: 0.0078 - 3s/epoch - 142ms/step
Epoch 195/300
epoch ends.
20/20 - 3s - iou_binarized: 0.6560 - iou: 0.5106 - recall: 0.6976 - precision: 0.6581 - F1_score: 0.6758 - ce_loss: 0.0057 - ewc_loss: 2014.0317 - loss: 0.0078 - 3s/epoch - 139ms/step
Epoch 196/300
epoch ends.
20/20 - 3s - iou_binarized: 0.6559 - iou: 0.5106 - recall: 0.6975 - precision: 0.6582 - F1_score: 0.6758 - ce_loss: 0.0057 - ewc_loss: 2015.5415 - loss: 0.0078 - 3s/epoch - 141ms/step
Epoch 197/300
epoch ends.
20/20 - 3s - iou_binarized: 0.6556 - iou: 0.5105 - recall: 0.6974 - precision: 0.6582 - F1_score: 0.6757 - ce_loss: 0.0057 - ewc_loss: 2017.4620 - loss: 0.0078 - 3s/epoch - 143ms/step
Epoch 198/300
epoch ends.
20/20 - 3s - iou_binarized: 0.6555 - iou: 0.5104 - recall: 0.6973 - precision: 0.6582 - F1_score: 0.6756 - ce_loss: 0.0057 - ewc_loss: 2019.8489 - loss: 0.0078 - 3s/epoch - 142ms/step
Epoch 199/300
epoch ends.
20/20 - 3s - iou_binarized: 0.6553 - iou: 0.5103 - recall: 0.6972 - precision: 0.6582 - F1_score: 0.6755 - ce_loss: 0.0057 - ewc_loss: 2022.6855 - loss: 0.0078 - 3s/epoch - 144ms/step
Epoch 200/300
epoch ends.
20/20 - 3s - iou_binarized: 0.6553 - iou: 0.5102 - recall: 0.6971 - precision: 0.6582 - F1_score: 0.6754 - ce_loss: 0.0057 - ewc_loss: 2025.8169 - loss: 0.0078 - 3s/epoch - 144ms/step
Epoch 201/300
epoch ends.
20/20 - 3s - iou_binarized: 0.6551 - iou: 0.5101 - recall: 0.6970 - precision: 0.6581 - F1_score: 0.6753 - ce_loss: 0.0057 - ewc_loss: 2029.4302 - loss: 0.0078 - 3s/epoch - 143ms/step
Epoch 202/300
epoch ends.
20/20 - 3s - iou_binarized: 0.6552 - iou: 0.5100 - recall: 0.6969 - precision: 0.6581 - F1_score: 0.6752 - ce_loss: 0.0057 - ewc_loss: 2033.5098 - loss: 0.0078 - 3s/epoch - 143ms/step
Epoch 203/300
epoch ends.
20/20 - 3s - iou_binarized: 0.6550 - iou: 0.5098 - recall: 0.6968 - precision: 0.6580 - F1_score: 0.6751 - ce_loss: 0.0058 - ewc_loss: 2038.1760 - loss: 0.0078 - 3s/epoch - 142ms/step
Epoch 204/300
epoch ends.
20/20 - 3s - iou_binarized: 0.6548 - iou: 0.5096 - recall: 0.6967 - precision: 0.6578 - F1_score: 0.6750 - ce_loss: 0.0058 - ewc_loss: 2043.2260 - loss: 0.0078 - 3s/epoch - 142ms/step
Epoch 205/300
epoch ends.
20/20 - 3s - iou_binarized: 0.6547 - iou: 0.5094 - recall: 0.6966 - precision: 0.6576 - F1_score: 0.6748 - ce_loss: 0.0058 - ewc_loss: 2048.7859 - loss: 0.0079 - 3s/epoch - 143ms/step
Epoch 206/300
epoch ends.
20/20 - 3s - iou_binarized: 0.6545 - iou: 0.5091 - recall: 0.6964 - precision: 0.6572 - F1_score: 0.6745 - ce_loss: 0.0058 - ewc_loss: 2054.0386 - loss: 0.0079 - 3s/epoch - 141ms/step
Epoch 207/300
epoch ends.
20/20 - 3s - iou_binarized: 0.6540 - iou: 0.5088 - recall: 0.6963 - precision: 0.6568 - F1_score: 0.6743 - ce_loss: 0.0058 - ewc_loss: 2057.6006 - loss: 0.0079 - 3s/epoch - 142ms/step
Epoch 208/300
epoch ends.
20/20 - 3s - iou_binarized: 0.6541 - iou: 0.5089 - recall: 0.6964 - precision: 0.6565 - F1_score: 0.6743 - ce_loss: 0.0058 - ewc_loss: 2057.2793 - loss: 0.0079 - 3s/epoch - 142ms/step
Epoch 209/300
epoch ends.
20/20 - 3s - iou_binarized: 0.6547 - iou: 0.5096 - recall: 0.6972 - precision: 0.6566 - F1_score: 0.6749 - ce_loss: 0.0058 - ewc_loss: 2051.5703 - loss: 0.0078 - 3s/epoch - 144ms/step
Epoch 210/300
epoch ends.
20/20 - 3s - iou_binarized: 0.6559 - iou: 0.5104 - recall: 0.6981 - precision: 0.6570 - F1_score: 0.6757 - ce_loss: 0.0058 - ewc_loss: 2043.0702 - loss: 0.0078 - 3s/epoch - 144ms/step
Epoch 211/300
epoch ends.
20/20 - 3s - iou_binarized: 0.6567 - iou: 0.5111 - recall: 0.6988 - precision: 0.6576 - F1_score: 0.6762 - ce_loss: 0.0058 - ewc_loss: 2035.8761 - loss: 0.0079 - 3s/epoch - 144ms/step
Epoch 212/300
epoch ends.
20/20 - 3s - iou_binarized: 0.6571 - iou: 0.5115 - recall: 0.6992 - precision: 0.6580 - F1_score: 0.6766 - ce_loss: 0.0058 - ewc_loss: 2031.9985 - loss: 0.0079 - 3s/epoch - 145ms/step
Epoch 213/300
epoch ends.
20/20 - 3s - iou_binarized: 0.6575 - iou: 0.5120 - recall: 0.6996 - precision: 0.6585 - F1_score: 0.6770 - ce_loss: 0.0058 - ewc_loss: 2030.2776 - loss: 0.0078 - 3s/epoch - 145ms/step
Epoch 214/300
epoch ends.
20/20 - 3s - iou_binarized: 0.6578 - iou: 0.5124 - recall: 0.6998 - precision: 0.6589 - F1_score: 0.6774 - ce_loss: 0.0058 - ewc_loss: 2029.8342 - loss: 0.0078 - 3s/epoch - 146ms/step
Epoch 215/300
epoch ends.
20/20 - 3s - iou_binarized: 0.6581 - iou: 0.5126 - recall: 0.6999 - precision: 0.6591 - F1_score: 0.6775 - ce_loss: 0.0058 - ewc_loss: 2030.0806 - loss: 0.0078 - 3s/epoch - 141ms/step
Epoch 216/300
epoch ends.
20/20 - 3s - iou_binarized: 0.6580 - iou: 0.5126 - recall: 0.6999 - precision: 0.6593 - F1_score: 0.6776 - ce_loss: 0.0058 - ewc_loss: 2030.5708 - loss: 0.0078 - 3s/epoch - 145ms/step
Epoch 217/300
epoch ends.
20/20 - 3s - iou_binarized: 0.6581 - iou: 0.5127 - recall: 0.6999 - precision: 0.6593 - F1_score: 0.6776 - ce_loss: 0.0058 - ewc_loss: 2030.9445 - loss: 0.0078 - 3s/epoch - 144ms/step
Epoch 218/300
epoch ends.
20/20 - 3s - iou_binarized: 0.6582 - iou: 0.5127 - recall: 0.7000 - precision: 0.6594 - F1_score: 0.6777 - ce_loss: 0.0058 - ewc_loss: 2031.1056 - loss: 0.0078 - 3s/epoch - 143ms/step
Epoch 219/300
epoch ends.
20/20 - 3s - iou_binarized: 0.6582 - iou: 0.5128 - recall: 0.7000 - precision: 0.6595 - F1_score: 0.6778 - ce_loss: 0.0058 - ewc_loss: 2031.0372 - loss: 0.0078 - 3s/epoch - 144ms/step
Epoch 220/300
epoch ends.
20/20 - 3s - iou_binarized: 0.6583 - iou: 0.5130 - recall: 0.7001 - precision: 0.6597 - F1_score: 0.6779 - ce_loss: 0.0058 - ewc_loss: 2030.8114 - loss: 0.0078 - 3s/epoch - 144ms/step
Epoch 221/300
epoch ends.
20/20 - 3s - iou_binarized: 0.6583 - iou: 0.5131 - recall: 0.7002 - precision: 0.6598 - F1_score: 0.6780 - ce_loss: 0.0057 - ewc_loss: 2030.4170 - loss: 0.0078 - 3s/epoch - 145ms/step
Epoch 222/300
epoch ends.
20/20 - 3s - iou_binarized: 0.6585 - iou: 0.5133 - recall: 0.7004 - precision: 0.6600 - F1_score: 0.6781 - ce_loss: 0.0057 - ewc_loss: 2029.9724 - loss: 0.0078 - 3s/epoch - 144ms/step
Epoch 223/300
epoch ends.
20/20 - 3s - iou_binarized: 0.6586 - iou: 0.5135 - recall: 0.7005 - precision: 0.6602 - F1_score: 0.6783 - ce_loss: 0.0057 - ewc_loss: 2029.5082 - loss: 0.0078 - 3s/epoch - 144ms/step
Epoch 224/300
epoch ends.
20/20 - 3s - iou_binarized: 0.6587 - iou: 0.5137 - recall: 0.7006 - precision: 0.6604 - F1_score: 0.6785 - ce_loss: 0.0057 - ewc_loss: 2029.1469 - loss: 0.0078 - 3s/epoch - 142ms/step
Epoch 225/300
epoch ends.
20/20 - 3s - iou_binarized: 0.6588 - iou: 0.5138 - recall: 0.7008 - precision: 0.6606 - F1_score: 0.6786 - ce_loss: 0.0057 - ewc_loss: 2028.7426 - loss: 0.0078 - 3s/epoch - 144ms/step
Epoch 226/300
epoch ends.
20/20 - 3s - iou_binarized: 0.6589 - iou: 0.5140 - recall: 0.7009 - precision: 0.6608 - F1_score: 0.6788 - ce_loss: 0.0057 - ewc_loss: 2028.5074 - loss: 0.0078 - 3s/epoch - 143ms/step
Epoch 227/300
epoch ends.
20/20 - 3s - iou_binarized: 0.6590 - iou: 0.5141 - recall: 0.7010 - precision: 0.6609 - F1_score: 0.6789 - ce_loss: 0.0057 - ewc_loss: 2028.3564 - loss: 0.0078 - 3s/epoch - 144ms/step
Epoch 228/300
epoch ends.
20/20 - 3s - iou_binarized: 0.6591 - iou: 0.5143 - recall: 0.7011 - precision: 0.6611 - F1_score: 0.6790 - ce_loss: 0.0057 - ewc_loss: 2028.3346 - loss: 0.0077 - 3s/epoch - 144ms/step
Epoch 229/300
epoch ends.
20/20 - 3s - iou_binarized: 0.6592 - iou: 0.5144 - recall: 0.7012 - precision: 0.6612 - F1_score: 0.6791 - ce_loss: 0.0057 - ewc_loss: 2028.4476 - loss: 0.0077 - 3s/epoch - 144ms/step
Epoch 230/300
epoch ends.
20/20 - 3s - iou_binarized: 0.6592 - iou: 0.5145 - recall: 0.7012 - precision: 0.6613 - F1_score: 0.6792 - ce_loss: 0.0057 - ewc_loss: 2028.7745 - loss: 0.0077 - 3s/epoch - 144ms/step
Epoch 231/300
epoch ends.
20/20 - 3s - iou_binarized: 0.6592 - iou: 0.5146 - recall: 0.7013 - precision: 0.6615 - F1_score: 0.6792 - ce_loss: 0.0057 - ewc_loss: 2029.1848 - loss: 0.0077 - 3s/epoch - 144ms/step
Epoch 232/300
epoch ends.
20/20 - 3s - iou_binarized: 0.6592 - iou: 0.5146 - recall: 0.7013 - precision: 0.6616 - F1_score: 0.6793 - ce_loss: 0.0057 - ewc_loss: 2029.7743 - loss: 0.0077 - 3s/epoch - 150ms/step
Epoch 233/300
epoch ends.
20/20 - 3s - iou_binarized: 0.6592 - iou: 0.5147 - recall: 0.7013 - precision: 0.6616 - F1_score: 0.6793 - ce_loss: 0.0057 - ewc_loss: 2030.4653 - loss: 0.0077 - 3s/epoch - 139ms/step
Epoch 234/300
epoch ends.
20/20 - 3s - iou_binarized: 0.6592 - iou: 0.5147 - recall: 0.7014 - precision: 0.6617 - F1_score: 0.6794 - ce_loss: 0.0057 - ewc_loss: 2031.2855 - loss: 0.0077 - 3s/epoch - 141ms/step
Epoch 235/300
epoch ends.
20/20 - 3s - iou_binarized: 0.6592 - iou: 0.5148 - recall: 0.7014 - precision: 0.6618 - F1_score: 0.6794 - ce_loss: 0.0057 - ewc_loss: 2032.2177 - loss: 0.0077 - 3s/epoch - 141ms/step
Epoch 236/300
epoch ends.
20/20 - 3s - iou_binarized: 0.6593 - iou: 0.5148 - recall: 0.7014 - precision: 0.6618 - F1_score: 0.6795 - ce_loss: 0.0057 - ewc_loss: 2033.2949 - loss: 0.0077 - 3s/epoch - 142ms/step
Epoch 237/300
epoch ends.
20/20 - 3s - iou_binarized: 0.6593 - iou: 0.5148 - recall: 0.7014 - precision: 0.6619 - F1_score: 0.6795 - ce_loss: 0.0057 - ewc_loss: 2034.3726 - loss: 0.0077 - 3s/epoch - 141ms/step
Epoch 238/300
epoch ends.
20/20 - 3s - iou_binarized: 0.6592 - iou: 0.5149 - recall: 0.7015 - precision: 0.6619 - F1_score: 0.6795 - ce_loss: 0.0057 - ewc_loss: 2035.5745 - loss: 0.0077 - 3s/epoch - 143ms/step
Epoch 239/300
epoch ends.
20/20 - 3s - iou_binarized: 0.6592 - iou: 0.5149 - recall: 0.7015 - precision: 0.6620 - F1_score: 0.6796 - ce_loss: 0.0057 - ewc_loss: 2036.7922 - loss: 0.0077 - 3s/epoch - 140ms/step
Epoch 240/300
epoch ends.
20/20 - 3s - iou_binarized: 0.6592 - iou: 0.5149 - recall: 0.7015 - precision: 0.6620 - F1_score: 0.6796 - ce_loss: 0.0057 - ewc_loss: 2038.0490 - loss: 0.0077 - 3s/epoch - 139ms/step
Epoch 241/300
epoch ends.
20/20 - 3s - iou_binarized: 0.6593 - iou: 0.5150 - recall: 0.7016 - precision: 0.6620 - F1_score: 0.6796 - ce_loss: 0.0057 - ewc_loss: 2039.3307 - loss: 0.0078 - 3s/epoch - 143ms/step
Epoch 242/300
epoch ends.
20/20 - 3s - iou_binarized: 0.6594 - iou: 0.5150 - recall: 0.7016 - precision: 0.6621 - F1_score: 0.6797 - ce_loss: 0.0057 - ewc_loss: 2040.6742 - loss: 0.0078 - 3s/epoch - 138ms/step
Epoch 243/300
epoch ends.
20/20 - 3s - iou_binarized: 0.6594 - iou: 0.5151 - recall: 0.7017 - precision: 0.6621 - F1_score: 0.6797 - ce_loss: 0.0057 - ewc_loss: 2041.9116 - loss: 0.0078 - 3s/epoch - 138ms/step
Epoch 244/300
epoch ends.
20/20 - 3s - iou_binarized: 0.6595 - iou: 0.5151 - recall: 0.7018 - precision: 0.6621 - F1_score: 0.6798 - ce_loss: 0.0057 - ewc_loss: 2043.1367 - loss: 0.0078 - 3s/epoch - 137ms/step
Epoch 245/300
epoch ends.
20/20 - 3s - iou_binarized: 0.6595 - iou: 0.5152 - recall: 0.7018 - precision: 0.6621 - F1_score: 0.6798 - ce_loss: 0.0057 - ewc_loss: 2044.3258 - loss: 0.0078 - 3s/epoch - 138ms/step
Epoch 246/300
epoch ends.
20/20 - 3s - iou_binarized: 0.6595 - iou: 0.5152 - recall: 0.7019 - precision: 0.6621 - F1_score: 0.6799 - ce_loss: 0.0057 - ewc_loss: 2045.3798 - loss: 0.0078 - 3s/epoch - 142ms/step
Epoch 247/300
epoch ends.
20/20 - 3s - iou_binarized: 0.6596 - iou: 0.5153 - recall: 0.7020 - precision: 0.6621 - F1_score: 0.6799 - ce_loss: 0.0057 - ewc_loss: 2046.2776 - loss: 0.0078 - 3s/epoch - 138ms/step
Epoch 248/300
epoch ends.
20/20 - 3s - iou_binarized: 0.6596 - iou: 0.5154 - recall: 0.7021 - precision: 0.6622 - F1_score: 0.6800 - ce_loss: 0.0057 - ewc_loss: 2047.0039 - loss: 0.0078 - 3s/epoch - 139ms/step
Epoch 249/300
epoch ends.
20/20 - 3s - iou_binarized: 0.6598 - iou: 0.5155 - recall: 0.7022 - precision: 0.6622 - F1_score: 0.6801 - ce_loss: 0.0057 - ewc_loss: 2047.4861 - loss: 0.0078 - 3s/epoch - 139ms/step
Epoch 250/300
epoch ends.
20/20 - 3s - iou_binarized: 0.6599 - iou: 0.5156 - recall: 0.7023 - precision: 0.6623 - F1_score: 0.6802 - ce_loss: 0.0057 - ewc_loss: 2047.7188 - loss: 0.0078 - 3s/epoch - 139ms/step
Epoch 251/300
epoch ends.
20/20 - 3s - iou_binarized: 0.6601 - iou: 0.5157 - recall: 0.7024 - precision: 0.6623 - F1_score: 0.6803 - ce_loss: 0.0057 - ewc_loss: 2047.6271 - loss: 0.0078 - 3s/epoch - 139ms/step
Epoch 252/300
epoch ends.
20/20 - 3s - iou_binarized: 0.6601 - iou: 0.5159 - recall: 0.7026 - precision: 0.6624 - F1_score: 0.6805 - ce_loss: 0.0057 - ewc_loss: 2047.2330 - loss: 0.0078 - 3s/epoch - 139ms/step
Epoch 253/300
epoch ends.
20/20 - 3s - iou_binarized: 0.6603 - iou: 0.5161 - recall: 0.7028 - precision: 0.6626 - F1_score: 0.6806 - ce_loss: 0.0057 - ewc_loss: 2046.5518 - loss: 0.0078 - 3s/epoch - 139ms/step
Epoch 254/300
epoch ends.
20/20 - 3s - iou_binarized: 0.6604 - iou: 0.5163 - recall: 0.7030 - precision: 0.6627 - F1_score: 0.6808 - ce_loss: 0.0057 - ewc_loss: 2045.7302 - loss: 0.0078 - 3s/epoch - 143ms/step
Epoch 255/300
epoch ends.
20/20 - 3s - iou_binarized: 0.6607 - iou: 0.5166 - recall: 0.7032 - precision: 0.6629 - F1_score: 0.6810 - ce_loss: 0.0057 - ewc_loss: 2044.8448 - loss: 0.0078 - 3s/epoch - 139ms/step
Epoch 256/300
epoch ends.
20/20 - 3s - iou_binarized: 0.6610 - iou: 0.5168 - recall: 0.7034 - precision: 0.6631 - F1_score: 0.6812 - ce_loss: 0.0057 - ewc_loss: 2043.8639 - loss: 0.0078 - 3s/epoch - 140ms/step
Epoch 257/300
epoch ends.
20/20 - 3s - iou_binarized: 0.6611 - iou: 0.5170 - recall: 0.7036 - precision: 0.6632 - F1_score: 0.6814 - ce_loss: 0.0057 - ewc_loss: 2042.9163 - loss: 0.0078 - 3s/epoch - 144ms/step
Epoch 258/300
epoch ends.
20/20 - 3s - iou_binarized: 0.6613 - iou: 0.5172 - recall: 0.7037 - precision: 0.6634 - F1_score: 0.6816 - ce_loss: 0.0057 - ewc_loss: 2042.0349 - loss: 0.0077 - 3s/epoch - 142ms/step
Epoch 259/300
epoch ends.
20/20 - 3s - iou_binarized: 0.6615 - iou: 0.5174 - recall: 0.7039 - precision: 0.6636 - F1_score: 0.6818 - ce_loss: 0.0057 - ewc_loss: 2041.2750 - loss: 0.0077 - 3s/epoch - 140ms/step
Epoch 260/300
epoch ends.
20/20 - 3s - iou_binarized: 0.6616 - iou: 0.5176 - recall: 0.7041 - precision: 0.6638 - F1_score: 0.6819 - ce_loss: 0.0057 - ewc_loss: 2040.6682 - loss: 0.0077 - 3s/epoch - 140ms/step
Epoch 261/300
epoch ends.
20/20 - 3s - iou_binarized: 0.6617 - iou: 0.5177 - recall: 0.7042 - precision: 0.6639 - F1_score: 0.6820 - ce_loss: 0.0057 - ewc_loss: 2040.2357 - loss: 0.0077 - 3s/epoch - 139ms/step
Epoch 262/300
epoch ends.
20/20 - 3s - iou_binarized: 0.6618 - iou: 0.5178 - recall: 0.7042 - precision: 0.6640 - F1_score: 0.6821 - ce_loss: 0.0057 - ewc_loss: 2040.0178 - loss: 0.0077 - 3s/epoch - 143ms/step
Epoch 263/300
epoch ends.
20/20 - 3s - iou_binarized: 0.6617 - iou: 0.5179 - recall: 0.7043 - precision: 0.6640 - F1_score: 0.6821 - ce_loss: 0.0057 - ewc_loss: 2040.0332 - loss: 0.0077 - 3s/epoch - 144ms/step
Epoch 264/300
epoch ends.
20/20 - 3s - iou_binarized: 0.6618 - iou: 0.5179 - recall: 0.7043 - precision: 0.6641 - F1_score: 0.6821 - ce_loss: 0.0057 - ewc_loss: 2040.2975 - loss: 0.0077 - 3s/epoch - 139ms/step
Epoch 265/300
epoch ends.
20/20 - 3s - iou_binarized: 0.6617 - iou: 0.5178 - recall: 0.7043 - precision: 0.6641 - F1_score: 0.6821 - ce_loss: 0.0057 - ewc_loss: 2040.6865 - loss: 0.0077 - 3s/epoch - 140ms/step
Epoch 266/300
epoch ends.
20/20 - 3s - iou_binarized: 0.6617 - iou: 0.5178 - recall: 0.7042 - precision: 0.6641 - F1_score: 0.6820 - ce_loss: 0.0057 - ewc_loss: 2041.3677 - loss: 0.0077 - 3s/epoch - 143ms/step
Epoch 267/300
epoch ends.
20/20 - 3s - iou_binarized: 0.6616 - iou: 0.5177 - recall: 0.7041 - precision: 0.6641 - F1_score: 0.6820 - ce_loss: 0.0057 - ewc_loss: 2042.0715 - loss: 0.0077 - 3s/epoch - 145ms/step
Epoch 268/300
epoch ends.
20/20 - 3s - iou_binarized: 0.6613 - iou: 0.5176 - recall: 0.7041 - precision: 0.6641 - F1_score: 0.6819 - ce_loss: 0.0057 - ewc_loss: 2042.8746 - loss: 0.0077 - 3s/epoch - 139ms/step
Epoch 269/300
epoch ends.
20/20 - 3s - iou_binarized: 0.6612 - iou: 0.5176 - recall: 0.7040 - precision: 0.6641 - F1_score: 0.6819 - ce_loss: 0.0057 - ewc_loss: 2043.6461 - loss: 0.0077 - 3s/epoch - 140ms/step
Epoch 270/300
epoch ends.
20/20 - 3s - iou_binarized: 0.6611 - iou: 0.5176 - recall: 0.7040 - precision: 0.6642 - F1_score: 0.6819 - ce_loss: 0.0057 - ewc_loss: 2044.3271 - loss: 0.0077 - 3s/epoch - 139ms/step
Epoch 271/300
epoch ends.
20/20 - 3s - iou_binarized: 0.6612 - iou: 0.5176 - recall: 0.7040 - precision: 0.6643 - F1_score: 0.6819 - ce_loss: 0.0057 - ewc_loss: 2044.8217 - loss: 0.0077 - 3s/epoch - 139ms/step
Epoch 272/300
epoch ends.
20/20 - 3s - iou_binarized: 0.6612 - iou: 0.5178 - recall: 0.7041 - precision: 0.6644 - F1_score: 0.6820 - ce_loss: 0.0057 - ewc_loss: 2045.1187 - loss: 0.0077 - 3s/epoch - 139ms/step
Epoch 273/300
epoch ends.
20/20 - 3s - iou_binarized: 0.6614 - iou: 0.5179 - recall: 0.7042 - precision: 0.6645 - F1_score: 0.6822 - ce_loss: 0.0057 - ewc_loss: 2045.1681 - loss: 0.0077 - 3s/epoch - 140ms/step
Epoch 274/300
epoch ends.
20/20 - 3s - iou_binarized: 0.6618 - iou: 0.5181 - recall: 0.7043 - precision: 0.6647 - F1_score: 0.6823 - ce_loss: 0.0057 - ewc_loss: 2044.9987 - loss: 0.0077 - 3s/epoch - 141ms/step
Epoch 275/300
epoch ends.
20/20 - 3s - iou_binarized: 0.6619 - iou: 0.5183 - recall: 0.7045 - precision: 0.6648 - F1_score: 0.6825 - ce_loss: 0.0057 - ewc_loss: 2044.7880 - loss: 0.0077 - 3s/epoch - 145ms/step
Epoch 276/300
epoch ends.
20/20 - 3s - iou_binarized: 0.6621 - iou: 0.5185 - recall: 0.7047 - precision: 0.6650 - F1_score: 0.6827 - ce_loss: 0.0057 - ewc_loss: 2044.4791 - loss: 0.0077 - 3s/epoch - 141ms/step
Epoch 277/300
epoch ends.
20/20 - 3s - iou_binarized: 0.6622 - iou: 0.5188 - recall: 0.7048 - precision: 0.6652 - F1_score: 0.6829 - ce_loss: 0.0057 - ewc_loss: 2044.1921 - loss: 0.0077 - 3s/epoch - 145ms/step
Epoch 278/300
epoch ends.
20/20 - 3s - iou_binarized: 0.6624 - iou: 0.5190 - recall: 0.7050 - precision: 0.6653 - F1_score: 0.6831 - ce_loss: 0.0057 - ewc_loss: 2044.0251 - loss: 0.0077 - 3s/epoch - 140ms/step
Epoch 279/300
epoch ends.
20/20 - 3s - iou_binarized: 0.6625 - iou: 0.5191 - recall: 0.7052 - precision: 0.6654 - F1_score: 0.6832 - ce_loss: 0.0057 - ewc_loss: 2044.0187 - loss: 0.0077 - 3s/epoch - 142ms/step
Epoch 280/300
epoch ends.
20/20 - 3s - iou_binarized: 0.6625 - iou: 0.5193 - recall: 0.7053 - precision: 0.6655 - F1_score: 0.6833 - ce_loss: 0.0057 - ewc_loss: 2044.1886 - loss: 0.0077 - 3s/epoch - 141ms/step
Epoch 281/300
epoch ends.
20/20 - 3s - iou_binarized: 0.6626 - iou: 0.5194 - recall: 0.7054 - precision: 0.6656 - F1_score: 0.6834 - ce_loss: 0.0057 - ewc_loss: 2044.5159 - loss: 0.0077 - 3s/epoch - 140ms/step
Epoch 282/300
epoch ends.
20/20 - 3s - iou_binarized: 0.6628 - iou: 0.5194 - recall: 0.7054 - precision: 0.6657 - F1_score: 0.6835 - ce_loss: 0.0057 - ewc_loss: 2045.0754 - loss: 0.0077 - 3s/epoch - 143ms/step
Epoch 283/300
epoch ends.
20/20 - 3s - iou_binarized: 0.6628 - iou: 0.5195 - recall: 0.7055 - precision: 0.6658 - F1_score: 0.6835 - ce_loss: 0.0057 - ewc_loss: 2045.7682 - loss: 0.0077 - 3s/epoch - 142ms/step
Epoch 284/300
epoch ends.
20/20 - 3s - iou_binarized: 0.6628 - iou: 0.5195 - recall: 0.7055 - precision: 0.6658 - F1_score: 0.6836 - ce_loss: 0.0057 - ewc_loss: 2046.6521 - loss: 0.0077 - 3s/epoch - 137ms/step
Epoch 285/300
epoch ends.
20/20 - 3s - iou_binarized: 0.6628 - iou: 0.5195 - recall: 0.7055 - precision: 0.6658 - F1_score: 0.6836 - ce_loss: 0.0057 - ewc_loss: 2047.6116 - loss: 0.0077 - 3s/epoch - 139ms/step
Epoch 286/300
epoch ends.
20/20 - 3s - iou_binarized: 0.6629 - iou: 0.5195 - recall: 0.7055 - precision: 0.6658 - F1_score: 0.6836 - ce_loss: 0.0057 - ewc_loss: 2048.6606 - loss: 0.0077 - 3s/epoch - 139ms/step
Epoch 287/300
epoch ends.
20/20 - 3s - iou_binarized: 0.6629 - iou: 0.5196 - recall: 0.7055 - precision: 0.6659 - F1_score: 0.6836 - ce_loss: 0.0057 - ewc_loss: 2049.6687 - loss: 0.0077 - 3s/epoch - 144ms/step
Epoch 288/300
epoch ends.
20/20 - 3s - iou_binarized: 0.6629 - iou: 0.5196 - recall: 0.7055 - precision: 0.6659 - F1_score: 0.6836 - ce_loss: 0.0057 - ewc_loss: 2050.7310 - loss: 0.0077 - 3s/epoch - 139ms/step
Epoch 289/300
epoch ends.
20/20 - 3s - iou_binarized: 0.6630 - iou: 0.5196 - recall: 0.7055 - precision: 0.6659 - F1_score: 0.6836 - ce_loss: 0.0057 - ewc_loss: 2051.6174 - loss: 0.0077 - 3s/epoch - 143ms/step
Epoch 290/300
epoch ends.
20/20 - 3s - iou_binarized: 0.6631 - iou: 0.5196 - recall: 0.7056 - precision: 0.6659 - F1_score: 0.6836 - ce_loss: 0.0057 - ewc_loss: 2052.4202 - loss: 0.0077 - 3s/epoch - 137ms/step
Epoch 291/300
epoch ends.
20/20 - 3s - iou_binarized: 0.6632 - iou: 0.5197 - recall: 0.7056 - precision: 0.6660 - F1_score: 0.6837 - ce_loss: 0.0057 - ewc_loss: 2053.0066 - loss: 0.0077 - 3s/epoch - 142ms/step
Epoch 292/300
epoch ends.
20/20 - 3s - iou_binarized: 0.6633 - iou: 0.5198 - recall: 0.7057 - precision: 0.6660 - F1_score: 0.6838 - ce_loss: 0.0057 - ewc_loss: 2053.4097 - loss: 0.0077 - 3s/epoch - 135ms/step
Epoch 293/300
epoch ends.
20/20 - 3s - iou_binarized: 0.6634 - iou: 0.5199 - recall: 0.7058 - precision: 0.6661 - F1_score: 0.6839 - ce_loss: 0.0057 - ewc_loss: 2053.5698 - loss: 0.0077 - 3s/epoch - 134ms/step
Epoch 294/300
epoch ends.
20/20 - 3s - iou_binarized: 0.6635 - iou: 0.5200 - recall: 0.7059 - precision: 0.6662 - F1_score: 0.6840 - ce_loss: 0.0057 - ewc_loss: 2053.5596 - loss: 0.0077 - 3s/epoch - 134ms/step
Epoch 295/300
epoch ends.
20/20 - 3s - iou_binarized: 0.6637 - iou: 0.5202 - recall: 0.7060 - precision: 0.6663 - F1_score: 0.6841 - ce_loss: 0.0057 - ewc_loss: 2053.3552 - loss: 0.0077 - 3s/epoch - 134ms/step
Epoch 296/300
epoch ends.
20/20 - 3s - iou_binarized: 0.6638 - iou: 0.5203 - recall: 0.7061 - precision: 0.6664 - F1_score: 0.6842 - ce_loss: 0.0057 - ewc_loss: 2053.0037 - loss: 0.0077 - 3s/epoch - 132ms/step
Epoch 297/300
epoch ends.
20/20 - 3s - iou_binarized: 0.6640 - iou: 0.5205 - recall: 0.7063 - precision: 0.6665 - F1_score: 0.6844 - ce_loss: 0.0057 - ewc_loss: 2052.6067 - loss: 0.0077 - 3s/epoch - 134ms/step
Epoch 298/300
epoch ends.
20/20 - 3s - iou_binarized: 0.6642 - iou: 0.5206 - recall: 0.7064 - precision: 0.6667 - F1_score: 0.6845 - ce_loss: 0.0057 - ewc_loss: 2052.1453 - loss: 0.0077 - 3s/epoch - 134ms/step
Epoch 299/300
epoch ends.
20/20 - 3s - iou_binarized: 0.6643 - iou: 0.5208 - recall: 0.7066 - precision: 0.6668 - F1_score: 0.6847 - ce_loss: 0.0057 - ewc_loss: 2051.6328 - loss: 0.0077 - 3s/epoch - 140ms/step
Epoch 300/300
epoch ends.
20/20 - 3s - iou_binarized: 0.6645 - iou: 0.5210 - recall: 0.7067 - precision: 0.6669 - F1_score: 0.6848 - ce_loss: 0.0056 - ewc_loss: 2051.2219 - loss: 0.0077 - 3s/epoch - 141ms/step
