2022-07-21 03:35:35.876726: I tensorflow/core/platform/cpu_feature_guard.cc:151] This TensorFlow binary is optimized with oneAPI Deep Neural Network Library (oneDNN) to use the following CPU instructions in performance-critical operations:  AVX2 AVX512F FMA
To enable them in other operations, rebuild TensorFlow with the appropriate compiler flags.
2022-07-21 03:35:38.515725: I tensorflow/core/common_runtime/gpu/gpu_device.cc:1525] Created device /job:localhost/replica:0/task:0/device:GPU:0 with 14640 MB memory:  -> device: 0, name: Tesla V100-SXM2-16GB, pci bus id: 0000:61:00.0, compute capability: 7.0
2022-07-21 03:35:57.074122: I tensorflow/stream_executor/cuda/cuda_dnn.cc:368] Loaded cuDNN version 8400
Start.
/home/de532237/cancer/Bachelorarbeit/Data/AVM_2022/Turning/Train_aug/images/
Begin to read images from /home/de532237/cancer/Bachelorarbeit/Data/AVM_2022/Turning/Train_aug/images/
Begin to read masks from /home/de532237/cancer/Bachelorarbeit/Data/AVM_2022/Turning/Train_aug/masks/
/home/de532237/cancer/Bachelorarbeit/Data/AVM_2022/Turning/Inference_aug/images/
Begin to read images from /home/de532237/cancer/Bachelorarbeit/Data/AVM_2022/Turning/Inference_aug/images/
Begin to read masks from /home/de532237/cancer/Bachelorarbeit/Data/AVM_2022/Turning/Inference_aug/masks/
/home/de532237/cancer/Bachelorarbeit/Data/AVM_2022/Milling/Train_aug/images/
Begin to read images from /home/de532237/cancer/Bachelorarbeit/Data/AVM_2022/Milling/Train_aug/images/
Begin to read masks from /home/de532237/cancer/Bachelorarbeit/Data/AVM_2022/Milling/Train_aug/masks/
/home/de532237/cancer/Bachelorarbeit/Data/AVM_2022/Milling/Inference_aug/images/
Begin to read images from /home/de532237/cancer/Bachelorarbeit/Data/AVM_2022/Milling/Inference_aug/images/
Begin to read masks from /home/de532237/cancer/Bachelorarbeit/Data/AVM_2022/Milling/Inference_aug/masks/
X_train   (160, 512, 512, 1)
Y_train   (160, 512, 512, 2)
X_train_old   (480, 512, 512, 1)

Calculate F_matrix.

train begins.
Epoch 1/300
epoch ends.
20/20 - 5s - iou_binarized: 0.1705 - iou: 0.1284 - recall: 0.2432 - precision: 0.2143 - F1_score: 0.2220 - ce_loss: 0.0154 - ewc_loss: 380.4971 - loss: 0.0185 - 5s/epoch - 273ms/step
Epoch 2/300
epoch ends.
20/20 - 3s - iou_binarized: 0.2968 - iou: 0.2090 - recall: 0.3748 - precision: 0.3236 - F1_score: 0.3444 - ce_loss: 0.0140 - ewc_loss: 317.1513 - loss: 0.0165 - 3s/epoch - 127ms/step
Epoch 3/300
epoch ends.
20/20 - 2s - iou_binarized: 0.3400 - iou: 0.2317 - recall: 0.4114 - precision: 0.3494 - F1_score: 0.3752 - ce_loss: 0.0136 - ewc_loss: 308.1389 - loss: 0.0161 - 2s/epoch - 122ms/step
Epoch 4/300
epoch ends.
20/20 - 2s - iou_binarized: 0.3553 - iou: 0.2420 - recall: 0.4248 - precision: 0.3631 - F1_score: 0.3887 - ce_loss: 0.0133 - ewc_loss: 310.5429 - loss: 0.0158 - 2s/epoch - 122ms/step
Epoch 5/300
epoch ends.
20/20 - 3s - iou_binarized: 0.3681 - iou: 0.2496 - recall: 0.4355 - precision: 0.3719 - F1_score: 0.3985 - ce_loss: 0.0131 - ewc_loss: 315.3154 - loss: 0.0156 - 3s/epoch - 125ms/step
Epoch 6/300
epoch ends.
20/20 - 2s - iou_binarized: 0.3768 - iou: 0.2549 - recall: 0.4428 - precision: 0.3784 - F1_score: 0.4054 - ce_loss: 0.0129 - ewc_loss: 320.1742 - loss: 0.0155 - 2s/epoch - 124ms/step
Epoch 7/300
epoch ends.
20/20 - 2s - iou_binarized: 0.3835 - iou: 0.2592 - recall: 0.4486 - precision: 0.3835 - F1_score: 0.4109 - ce_loss: 0.0128 - ewc_loss: 324.3447 - loss: 0.0154 - 2s/epoch - 125ms/step
Epoch 8/300
epoch ends.
20/20 - 3s - iou_binarized: 0.3887 - iou: 0.2627 - recall: 0.4534 - precision: 0.3876 - F1_score: 0.4153 - ce_loss: 0.0127 - ewc_loss: 328.0179 - loss: 0.0153 - 3s/epoch - 126ms/step
Epoch 9/300
epoch ends.
20/20 - 2s - iou_binarized: 0.3933 - iou: 0.2657 - recall: 0.4574 - precision: 0.3911 - F1_score: 0.4190 - ce_loss: 0.0126 - ewc_loss: 331.2600 - loss: 0.0153 - 2s/epoch - 123ms/step
Epoch 10/300
epoch ends.
20/20 - 2s - iou_binarized: 0.3972 - iou: 0.2683 - recall: 0.4609 - precision: 0.3941 - F1_score: 0.4223 - ce_loss: 0.0126 - ewc_loss: 334.1552 - loss: 0.0152 - 2s/epoch - 124ms/step
Epoch 11/300
epoch ends.
20/20 - 3s - iou_binarized: 0.4007 - iou: 0.2706 - recall: 0.4639 - precision: 0.3967 - F1_score: 0.4251 - ce_loss: 0.0125 - ewc_loss: 336.7791 - loss: 0.0152 - 3s/epoch - 125ms/step
Epoch 12/300
epoch ends.
20/20 - 3s - iou_binarized: 0.4037 - iou: 0.2726 - recall: 0.4667 - precision: 0.3990 - F1_score: 0.4276 - ce_loss: 0.0124 - ewc_loss: 339.1457 - loss: 0.0152 - 3s/epoch - 126ms/step
Epoch 13/300
epoch ends.
20/20 - 3s - iou_binarized: 0.4062 - iou: 0.2744 - recall: 0.4691 - precision: 0.4010 - F1_score: 0.4298 - ce_loss: 0.0124 - ewc_loss: 341.3095 - loss: 0.0151 - 3s/epoch - 125ms/step
Epoch 14/300
epoch ends.
20/20 - 2s - iou_binarized: 0.4085 - iou: 0.2760 - recall: 0.4713 - precision: 0.4029 - F1_score: 0.4318 - ce_loss: 0.0123 - ewc_loss: 343.3086 - loss: 0.0151 - 2s/epoch - 123ms/step
Epoch 15/300
epoch ends.
20/20 - 2s - iou_binarized: 0.4108 - iou: 0.2775 - recall: 0.4733 - precision: 0.4045 - F1_score: 0.4336 - ce_loss: 0.0123 - ewc_loss: 345.1566 - loss: 0.0151 - 2s/epoch - 124ms/step
Epoch 16/300
epoch ends.
20/20 - 2s - iou_binarized: 0.4128 - iou: 0.2788 - recall: 0.4751 - precision: 0.4060 - F1_score: 0.4353 - ce_loss: 0.0123 - ewc_loss: 346.8637 - loss: 0.0150 - 2s/epoch - 125ms/step
Epoch 17/300
epoch ends.
20/20 - 2s - iou_binarized: 0.4145 - iou: 0.2801 - recall: 0.4768 - precision: 0.4075 - F1_score: 0.4368 - ce_loss: 0.0122 - ewc_loss: 348.4560 - loss: 0.0150 - 2s/epoch - 125ms/step
Epoch 18/300
epoch ends.
20/20 - 3s - iou_binarized: 0.4161 - iou: 0.2813 - recall: 0.4784 - precision: 0.4088 - F1_score: 0.4382 - ce_loss: 0.0122 - ewc_loss: 349.9355 - loss: 0.0150 - 3s/epoch - 125ms/step
Epoch 19/300
epoch ends.
20/20 - 3s - iou_binarized: 0.4176 - iou: 0.2824 - recall: 0.4799 - precision: 0.4100 - F1_score: 0.4396 - ce_loss: 0.0122 - ewc_loss: 351.3287 - loss: 0.0150 - 3s/epoch - 126ms/step
Epoch 20/300
epoch ends.
20/20 - 3s - iou_binarized: 0.4190 - iou: 0.2834 - recall: 0.4813 - precision: 0.4111 - F1_score: 0.4408 - ce_loss: 0.0122 - ewc_loss: 352.6377 - loss: 0.0150 - 3s/epoch - 127ms/step
Epoch 21/300
epoch ends.
20/20 - 3s - iou_binarized: 0.4204 - iou: 0.2844 - recall: 0.4826 - precision: 0.4122 - F1_score: 0.4420 - ce_loss: 0.0121 - ewc_loss: 353.8783 - loss: 0.0150 - 3s/epoch - 130ms/step
Epoch 22/300
epoch ends.
20/20 - 3s - iou_binarized: 0.4218 - iou: 0.2853 - recall: 0.4838 - precision: 0.4133 - F1_score: 0.4432 - ce_loss: 0.0121 - ewc_loss: 355.0480 - loss: 0.0150 - 3s/epoch - 137ms/step
Epoch 23/300
epoch ends.
20/20 - 3s - iou_binarized: 0.4231 - iou: 0.2862 - recall: 0.4850 - precision: 0.4142 - F1_score: 0.4442 - ce_loss: 0.0121 - ewc_loss: 356.1643 - loss: 0.0149 - 3s/epoch - 136ms/step
Epoch 24/300
epoch ends.
20/20 - 3s - iou_binarized: 0.4243 - iou: 0.2870 - recall: 0.4861 - precision: 0.4152 - F1_score: 0.4453 - ce_loss: 0.0121 - ewc_loss: 357.2324 - loss: 0.0149 - 3s/epoch - 136ms/step
Epoch 25/300
epoch ends.
20/20 - 3s - iou_binarized: 0.4252 - iou: 0.2879 - recall: 0.4872 - precision: 0.4161 - F1_score: 0.4463 - ce_loss: 0.0121 - ewc_loss: 358.2412 - loss: 0.0149 - 3s/epoch - 138ms/step
Epoch 26/300
epoch ends.
20/20 - 3s - iou_binarized: 0.4262 - iou: 0.2886 - recall: 0.4883 - precision: 0.4170 - F1_score: 0.4472 - ce_loss: 0.0120 - ewc_loss: 359.2022 - loss: 0.0149 - 3s/epoch - 136ms/step
Epoch 27/300
epoch ends.
20/20 - 3s - iou_binarized: 0.4273 - iou: 0.2894 - recall: 0.4893 - precision: 0.4179 - F1_score: 0.4481 - ce_loss: 0.0120 - ewc_loss: 360.1197 - loss: 0.0149 - 3s/epoch - 137ms/step
Epoch 28/300
epoch ends.
20/20 - 3s - iou_binarized: 0.4284 - iou: 0.2901 - recall: 0.4902 - precision: 0.4187 - F1_score: 0.4490 - ce_loss: 0.0120 - ewc_loss: 361.0001 - loss: 0.0149 - 3s/epoch - 146ms/step
Epoch 29/300
epoch ends.
20/20 - 3s - iou_binarized: 0.4292 - iou: 0.2908 - recall: 0.4911 - precision: 0.4195 - F1_score: 0.4498 - ce_loss: 0.0120 - ewc_loss: 361.8563 - loss: 0.0149 - 3s/epoch - 140ms/step
Epoch 30/300
epoch ends.
20/20 - 3s - iou_binarized: 0.4301 - iou: 0.2915 - recall: 0.4920 - precision: 0.4202 - F1_score: 0.4506 - ce_loss: 0.0120 - ewc_loss: 362.6786 - loss: 0.0149 - 3s/epoch - 138ms/step
Epoch 31/300
epoch ends.
20/20 - 3s - iou_binarized: 0.4310 - iou: 0.2921 - recall: 0.4928 - precision: 0.4210 - F1_score: 0.4514 - ce_loss: 0.0120 - ewc_loss: 363.4650 - loss: 0.0149 - 3s/epoch - 136ms/step
Epoch 32/300
epoch ends.
20/20 - 3s - iou_binarized: 0.4318 - iou: 0.2927 - recall: 0.4936 - precision: 0.4217 - F1_score: 0.4521 - ce_loss: 0.0120 - ewc_loss: 364.2240 - loss: 0.0149 - 3s/epoch - 139ms/step
Epoch 33/300
epoch ends.
20/20 - 3s - iou_binarized: 0.4326 - iou: 0.2933 - recall: 0.4943 - precision: 0.4223 - F1_score: 0.4528 - ce_loss: 0.0120 - ewc_loss: 364.9435 - loss: 0.0149 - 3s/epoch - 137ms/step
Epoch 34/300
epoch ends.
20/20 - 3s - iou_binarized: 0.4332 - iou: 0.2939 - recall: 0.4950 - precision: 0.4230 - F1_score: 0.4535 - ce_loss: 0.0120 - ewc_loss: 365.6345 - loss: 0.0149 - 3s/epoch - 136ms/step
Epoch 35/300
epoch ends.
20/20 - 3s - iou_binarized: 0.4341 - iou: 0.2944 - recall: 0.4957 - precision: 0.4236 - F1_score: 0.4541 - ce_loss: 0.0119 - ewc_loss: 366.3127 - loss: 0.0149 - 3s/epoch - 138ms/step
Epoch 36/300
epoch ends.
20/20 - 3s - iou_binarized: 0.4348 - iou: 0.2949 - recall: 0.4964 - precision: 0.4242 - F1_score: 0.4547 - ce_loss: 0.0119 - ewc_loss: 366.9745 - loss: 0.0149 - 3s/epoch - 137ms/step
Epoch 37/300
epoch ends.
20/20 - 3s - iou_binarized: 0.4352 - iou: 0.2954 - recall: 0.4970 - precision: 0.4247 - F1_score: 0.4553 - ce_loss: 0.0119 - ewc_loss: 367.6218 - loss: 0.0149 - 3s/epoch - 136ms/step
Epoch 38/300
epoch ends.
20/20 - 3s - iou_binarized: 0.4357 - iou: 0.2959 - recall: 0.4976 - precision: 0.4253 - F1_score: 0.4559 - ce_loss: 0.0119 - ewc_loss: 368.2425 - loss: 0.0149 - 3s/epoch - 138ms/step
Epoch 39/300
epoch ends.
20/20 - 3s - iou_binarized: 0.4363 - iou: 0.2964 - recall: 0.4982 - precision: 0.4258 - F1_score: 0.4565 - ce_loss: 0.0119 - ewc_loss: 368.8574 - loss: 0.0149 - 3s/epoch - 138ms/step
Epoch 40/300
epoch ends.
20/20 - 3s - iou_binarized: 0.4367 - iou: 0.2968 - recall: 0.4987 - precision: 0.4263 - F1_score: 0.4570 - ce_loss: 0.0119 - ewc_loss: 369.4594 - loss: 0.0149 - 3s/epoch - 137ms/step
Epoch 41/300
epoch ends.
20/20 - 3s - iou_binarized: 0.4372 - iou: 0.2972 - recall: 0.4992 - precision: 0.4268 - F1_score: 0.4575 - ce_loss: 0.0119 - ewc_loss: 370.0416 - loss: 0.0149 - 3s/epoch - 138ms/step
Epoch 42/300
epoch ends.
20/20 - 3s - iou_binarized: 0.4378 - iou: 0.2976 - recall: 0.4997 - precision: 0.4272 - F1_score: 0.4580 - ce_loss: 0.0119 - ewc_loss: 370.6132 - loss: 0.0149 - 3s/epoch - 139ms/step
Epoch 43/300
epoch ends.
20/20 - 3s - iou_binarized: 0.4382 - iou: 0.2980 - recall: 0.5002 - precision: 0.4277 - F1_score: 0.4584 - ce_loss: 0.0119 - ewc_loss: 371.1745 - loss: 0.0148 - 3s/epoch - 140ms/step
Epoch 44/300
epoch ends.
20/20 - 3s - iou_binarized: 0.4387 - iou: 0.2984 - recall: 0.5007 - precision: 0.4281 - F1_score: 0.4589 - ce_loss: 0.0119 - ewc_loss: 371.7241 - loss: 0.0148 - 3s/epoch - 137ms/step
Epoch 45/300
epoch ends.
20/20 - 3s - iou_binarized: 0.4391 - iou: 0.2988 - recall: 0.5012 - precision: 0.4285 - F1_score: 0.4593 - ce_loss: 0.0119 - ewc_loss: 372.2814 - loss: 0.0148 - 3s/epoch - 137ms/step
Epoch 46/300
epoch ends.
20/20 - 3s - iou_binarized: 0.4396 - iou: 0.2991 - recall: 0.5016 - precision: 0.4289 - F1_score: 0.4597 - ce_loss: 0.0119 - ewc_loss: 372.8241 - loss: 0.0148 - 3s/epoch - 138ms/step
Epoch 47/300
epoch ends.
20/20 - 3s - iou_binarized: 0.4399 - iou: 0.2995 - recall: 0.5021 - precision: 0.4293 - F1_score: 0.4601 - ce_loss: 0.0119 - ewc_loss: 373.3692 - loss: 0.0148 - 3s/epoch - 136ms/step
Epoch 48/300
epoch ends.
20/20 - 3s - iou_binarized: 0.4404 - iou: 0.2998 - recall: 0.5025 - precision: 0.4297 - F1_score: 0.4605 - ce_loss: 0.0118 - ewc_loss: 373.9154 - loss: 0.0148 - 3s/epoch - 135ms/step
Epoch 49/300
epoch ends.
20/20 - 3s - iou_binarized: 0.4408 - iou: 0.3001 - recall: 0.5029 - precision: 0.4301 - F1_score: 0.4609 - ce_loss: 0.0118 - ewc_loss: 374.4622 - loss: 0.0148 - 3s/epoch - 135ms/step
Epoch 50/300
epoch ends.
20/20 - 3s - iou_binarized: 0.4411 - iou: 0.3005 - recall: 0.5033 - precision: 0.4304 - F1_score: 0.4613 - ce_loss: 0.0118 - ewc_loss: 375.0061 - loss: 0.0148 - 3s/epoch - 136ms/step
Epoch 51/300
epoch ends.
20/20 - 3s - iou_binarized: 0.4416 - iou: 0.3008 - recall: 0.5037 - precision: 0.4308 - F1_score: 0.4617 - ce_loss: 0.0118 - ewc_loss: 375.5325 - loss: 0.0148 - 3s/epoch - 134ms/step
Epoch 52/300
epoch ends.
20/20 - 3s - iou_binarized: 0.4420 - iou: 0.3011 - recall: 0.5041 - precision: 0.4311 - F1_score: 0.4620 - ce_loss: 0.0118 - ewc_loss: 376.0532 - loss: 0.0148 - 3s/epoch - 135ms/step
Epoch 53/300
epoch ends.
20/20 - 3s - iou_binarized: 0.4423 - iou: 0.3014 - recall: 0.5045 - precision: 0.4314 - F1_score: 0.4624 - ce_loss: 0.0118 - ewc_loss: 376.5653 - loss: 0.0148 - 3s/epoch - 135ms/step
Epoch 54/300
epoch ends.
20/20 - 3s - iou_binarized: 0.4426 - iou: 0.3016 - recall: 0.5048 - precision: 0.4317 - F1_score: 0.4627 - ce_loss: 0.0118 - ewc_loss: 377.0700 - loss: 0.0148 - 3s/epoch - 136ms/step
Epoch 55/300
epoch ends.
20/20 - 3s - iou_binarized: 0.4430 - iou: 0.3019 - recall: 0.5052 - precision: 0.4321 - F1_score: 0.4630 - ce_loss: 0.0118 - ewc_loss: 377.5602 - loss: 0.0148 - 3s/epoch - 138ms/step
Epoch 56/300
epoch ends.
20/20 - 3s - iou_binarized: 0.4432 - iou: 0.3022 - recall: 0.5055 - precision: 0.4323 - F1_score: 0.4633 - ce_loss: 0.0118 - ewc_loss: 378.0448 - loss: 0.0148 - 3s/epoch - 138ms/step
Epoch 57/300
epoch ends.
20/20 - 3s - iou_binarized: 0.4435 - iou: 0.3024 - recall: 0.5058 - precision: 0.4326 - F1_score: 0.4636 - ce_loss: 0.0118 - ewc_loss: 378.5200 - loss: 0.0148 - 3s/epoch - 137ms/step
Epoch 58/300
epoch ends.
20/20 - 3s - iou_binarized: 0.4438 - iou: 0.3027 - recall: 0.5061 - precision: 0.4329 - F1_score: 0.4639 - ce_loss: 0.0118 - ewc_loss: 378.9841 - loss: 0.0148 - 3s/epoch - 137ms/step
Epoch 59/300
epoch ends.
20/20 - 3s - iou_binarized: 0.4440 - iou: 0.3029 - recall: 0.5064 - precision: 0.4331 - F1_score: 0.4642 - ce_loss: 0.0118 - ewc_loss: 379.4410 - loss: 0.0148 - 3s/epoch - 137ms/step
Epoch 60/300
epoch ends.
20/20 - 3s - iou_binarized: 0.4442 - iou: 0.3031 - recall: 0.5067 - precision: 0.4334 - F1_score: 0.4644 - ce_loss: 0.0118 - ewc_loss: 379.8899 - loss: 0.0148 - 3s/epoch - 138ms/step
Epoch 61/300
epoch ends.
20/20 - 3s - iou_binarized: 0.4444 - iou: 0.3033 - recall: 0.5070 - precision: 0.4336 - F1_score: 0.4647 - ce_loss: 0.0118 - ewc_loss: 380.3293 - loss: 0.0148 - 3s/epoch - 140ms/step
Epoch 62/300
epoch ends.
20/20 - 3s - iou_binarized: 0.4448 - iou: 0.3035 - recall: 0.5072 - precision: 0.4339 - F1_score: 0.4649 - ce_loss: 0.0118 - ewc_loss: 380.7618 - loss: 0.0148 - 3s/epoch - 137ms/step
Epoch 63/300
epoch ends.
20/20 - 3s - iou_binarized: 0.4450 - iou: 0.3037 - recall: 0.5075 - precision: 0.4341 - F1_score: 0.4652 - ce_loss: 0.0118 - ewc_loss: 381.1874 - loss: 0.0148 - 3s/epoch - 138ms/step
Epoch 64/300
epoch ends.
20/20 - 3s - iou_binarized: 0.4452 - iou: 0.3039 - recall: 0.5077 - precision: 0.4343 - F1_score: 0.4654 - ce_loss: 0.0118 - ewc_loss: 381.6060 - loss: 0.0148 - 3s/epoch - 137ms/step
Epoch 65/300
epoch ends.
20/20 - 3s - iou_binarized: 0.4454 - iou: 0.3041 - recall: 0.5080 - precision: 0.4345 - F1_score: 0.4656 - ce_loss: 0.0118 - ewc_loss: 382.0176 - loss: 0.0148 - 3s/epoch - 137ms/step
Epoch 66/300
epoch ends.
20/20 - 3s - iou_binarized: 0.4456 - iou: 0.3043 - recall: 0.5082 - precision: 0.4347 - F1_score: 0.4659 - ce_loss: 0.0117 - ewc_loss: 382.4246 - loss: 0.0148 - 3s/epoch - 138ms/step
Epoch 67/300
epoch ends.
20/20 - 3s - iou_binarized: 0.4458 - iou: 0.3045 - recall: 0.5084 - precision: 0.4349 - F1_score: 0.4661 - ce_loss: 0.0117 - ewc_loss: 382.8260 - loss: 0.0148 - 3s/epoch - 136ms/step
Epoch 68/300
epoch ends.
20/20 - 3s - iou_binarized: 0.4461 - iou: 0.3047 - recall: 0.5087 - precision: 0.4351 - F1_score: 0.4663 - ce_loss: 0.0117 - ewc_loss: 383.2221 - loss: 0.0148 - 3s/epoch - 137ms/step
Epoch 69/300
epoch ends.
20/20 - 3s - iou_binarized: 0.4462 - iou: 0.3049 - recall: 0.5089 - precision: 0.4353 - F1_score: 0.4665 - ce_loss: 0.0117 - ewc_loss: 383.6111 - loss: 0.0148 - 3s/epoch - 133ms/step
Epoch 70/300
epoch ends.
20/20 - 3s - iou_binarized: 0.4464 - iou: 0.3050 - recall: 0.5091 - precision: 0.4355 - F1_score: 0.4667 - ce_loss: 0.0117 - ewc_loss: 383.9933 - loss: 0.0148 - 3s/epoch - 136ms/step
Epoch 71/300
epoch ends.
20/20 - 3s - iou_binarized: 0.4466 - iou: 0.3052 - recall: 0.5093 - precision: 0.4357 - F1_score: 0.4669 - ce_loss: 0.0117 - ewc_loss: 384.3702 - loss: 0.0148 - 3s/epoch - 135ms/step
Epoch 72/300
epoch ends.
20/20 - 3s - iou_binarized: 0.4469 - iou: 0.3053 - recall: 0.5095 - precision: 0.4359 - F1_score: 0.4671 - ce_loss: 0.0117 - ewc_loss: 384.7417 - loss: 0.0148 - 3s/epoch - 138ms/step
Epoch 73/300
epoch ends.
20/20 - 3s - iou_binarized: 0.4471 - iou: 0.3055 - recall: 0.5097 - precision: 0.4360 - F1_score: 0.4672 - ce_loss: 0.0117 - ewc_loss: 385.1071 - loss: 0.0148 - 3s/epoch - 137ms/step
Epoch 74/300
epoch ends.
20/20 - 3s - iou_binarized: 0.4473 - iou: 0.3056 - recall: 0.5099 - precision: 0.4362 - F1_score: 0.4674 - ce_loss: 0.0117 - ewc_loss: 385.4695 - loss: 0.0148 - 3s/epoch - 136ms/step
Epoch 75/300
epoch ends.
20/20 - 3s - iou_binarized: 0.4475 - iou: 0.3058 - recall: 0.5101 - precision: 0.4364 - F1_score: 0.4676 - ce_loss: 0.0117 - ewc_loss: 385.8184 - loss: 0.0148 - 3s/epoch - 139ms/step
Epoch 76/300
epoch ends.
20/20 - 3s - iou_binarized: 0.4476 - iou: 0.3059 - recall: 0.5103 - precision: 0.4365 - F1_score: 0.4678 - ce_loss: 0.0117 - ewc_loss: 386.1675 - loss: 0.0148 - 3s/epoch - 137ms/step
Epoch 77/300
epoch ends.
20/20 - 3s - iou_binarized: 0.4478 - iou: 0.3061 - recall: 0.5104 - precision: 0.4367 - F1_score: 0.4679 - ce_loss: 0.0117 - ewc_loss: 386.5164 - loss: 0.0148 - 3s/epoch - 136ms/step
Epoch 78/300
epoch ends.
20/20 - 3s - iou_binarized: 0.4479 - iou: 0.3062 - recall: 0.5106 - precision: 0.4368 - F1_score: 0.4681 - ce_loss: 0.0117 - ewc_loss: 386.8511 - loss: 0.0148 - 3s/epoch - 137ms/step
Epoch 79/300
epoch ends.
20/20 - 3s - iou_binarized: 0.4481 - iou: 0.3063 - recall: 0.5108 - precision: 0.4370 - F1_score: 0.4682 - ce_loss: 0.0117 - ewc_loss: 387.1909 - loss: 0.0148 - 3s/epoch - 137ms/step
Epoch 80/300
epoch ends.
20/20 - 3s - iou_binarized: 0.4483 - iou: 0.3065 - recall: 0.5109 - precision: 0.4371 - F1_score: 0.4684 - ce_loss: 0.0117 - ewc_loss: 387.5175 - loss: 0.0148 - 3s/epoch - 134ms/step
Epoch 81/300
epoch ends.
20/20 - 3s - iou_binarized: 0.4484 - iou: 0.3066 - recall: 0.5111 - precision: 0.4373 - F1_score: 0.4685 - ce_loss: 0.0117 - ewc_loss: 387.8478 - loss: 0.0148 - 3s/epoch - 136ms/step
Epoch 82/300
epoch ends.
20/20 - 3s - iou_binarized: 0.4486 - iou: 0.3067 - recall: 0.5113 - precision: 0.4374 - F1_score: 0.4687 - ce_loss: 0.0117 - ewc_loss: 388.1618 - loss: 0.0148 - 3s/epoch - 139ms/step
Epoch 83/300
epoch ends.
20/20 - 3s - iou_binarized: 0.4488 - iou: 0.3069 - recall: 0.5114 - precision: 0.4375 - F1_score: 0.4688 - ce_loss: 0.0117 - ewc_loss: 388.4835 - loss: 0.0148 - 3s/epoch - 138ms/step
Epoch 84/300
epoch ends.
20/20 - 3s - iou_binarized: 0.4489 - iou: 0.3070 - recall: 0.5116 - precision: 0.4377 - F1_score: 0.4690 - ce_loss: 0.0117 - ewc_loss: 388.7949 - loss: 0.0148 - 3s/epoch - 138ms/step
Epoch 85/300
epoch ends.
20/20 - 3s - iou_binarized: 0.4490 - iou: 0.3071 - recall: 0.5117 - precision: 0.4378 - F1_score: 0.4691 - ce_loss: 0.0117 - ewc_loss: 389.1006 - loss: 0.0148 - 3s/epoch - 137ms/step
Epoch 86/300
epoch ends.
20/20 - 3s - iou_binarized: 0.4491 - iou: 0.3072 - recall: 0.5119 - precision: 0.4379 - F1_score: 0.4692 - ce_loss: 0.0117 - ewc_loss: 389.4128 - loss: 0.0148 - 3s/epoch - 137ms/step
Epoch 87/300
epoch ends.
20/20 - 3s - iou_binarized: 0.4492 - iou: 0.3073 - recall: 0.5120 - precision: 0.4381 - F1_score: 0.4694 - ce_loss: 0.0117 - ewc_loss: 389.7149 - loss: 0.0148 - 3s/epoch - 138ms/step
Epoch 88/300
epoch ends.
20/20 - 3s - iou_binarized: 0.4493 - iou: 0.3074 - recall: 0.5122 - precision: 0.4382 - F1_score: 0.4695 - ce_loss: 0.0117 - ewc_loss: 390.0110 - loss: 0.0148 - 3s/epoch - 137ms/step
Epoch 89/300
epoch ends.
20/20 - 3s - iou_binarized: 0.4494 - iou: 0.3075 - recall: 0.5123 - precision: 0.4383 - F1_score: 0.4696 - ce_loss: 0.0117 - ewc_loss: 390.3157 - loss: 0.0148 - 3s/epoch - 135ms/step
Epoch 90/300
epoch ends.
20/20 - 3s - iou_binarized: 0.4496 - iou: 0.3077 - recall: 0.5124 - precision: 0.4384 - F1_score: 0.4698 - ce_loss: 0.0117 - ewc_loss: 390.6001 - loss: 0.0148 - 3s/epoch - 137ms/step
Epoch 91/300
epoch ends.
20/20 - 3s - iou_binarized: 0.4497 - iou: 0.3078 - recall: 0.5126 - precision: 0.4385 - F1_score: 0.4699 - ce_loss: 0.0117 - ewc_loss: 390.8985 - loss: 0.0148 - 3s/epoch - 138ms/step
Epoch 92/300
epoch ends.
20/20 - 3s - iou_binarized: 0.4498 - iou: 0.3079 - recall: 0.5127 - precision: 0.4387 - F1_score: 0.4700 - ce_loss: 0.0117 - ewc_loss: 391.1806 - loss: 0.0148 - 3s/epoch - 137ms/step
Epoch 93/300
epoch ends.
20/20 - 3s - iou_binarized: 0.4499 - iou: 0.3080 - recall: 0.5128 - precision: 0.4388 - F1_score: 0.4701 - ce_loss: 0.0117 - ewc_loss: 391.4682 - loss: 0.0148 - 3s/epoch - 138ms/step
Epoch 94/300
epoch ends.
20/20 - 3s - iou_binarized: 0.4500 - iou: 0.3081 - recall: 0.5130 - precision: 0.4389 - F1_score: 0.4703 - ce_loss: 0.0117 - ewc_loss: 391.7445 - loss: 0.0148 - 3s/epoch - 138ms/step
Epoch 95/300
epoch ends.
20/20 - 3s - iou_binarized: 0.4501 - iou: 0.3082 - recall: 0.5131 - precision: 0.4390 - F1_score: 0.4704 - ce_loss: 0.0117 - ewc_loss: 392.0228 - loss: 0.0148 - 3s/epoch - 137ms/step
Epoch 96/300
epoch ends.
20/20 - 3s - iou_binarized: 0.4503 - iou: 0.3083 - recall: 0.5132 - precision: 0.4391 - F1_score: 0.4705 - ce_loss: 0.0117 - ewc_loss: 392.2992 - loss: 0.0148 - 3s/epoch - 138ms/step
Epoch 97/300
epoch ends.
20/20 - 3s - iou_binarized: 0.4504 - iou: 0.3084 - recall: 0.5133 - precision: 0.4392 - F1_score: 0.4706 - ce_loss: 0.0117 - ewc_loss: 392.5651 - loss: 0.0148 - 3s/epoch - 138ms/step
Epoch 98/300
epoch ends.
20/20 - 3s - iou_binarized: 0.4505 - iou: 0.3085 - recall: 0.5134 - precision: 0.4393 - F1_score: 0.4707 - ce_loss: 0.0116 - ewc_loss: 392.8359 - loss: 0.0148 - 3s/epoch - 148ms/step
Epoch 99/300
epoch ends.
20/20 - 3s - iou_binarized: 0.4506 - iou: 0.3086 - recall: 0.5136 - precision: 0.4394 - F1_score: 0.4708 - ce_loss: 0.0116 - ewc_loss: 393.0992 - loss: 0.0148 - 3s/epoch - 137ms/step
Epoch 100/300
epoch ends.
20/20 - 3s - iou_binarized: 0.4507 - iou: 0.3086 - recall: 0.5137 - precision: 0.4395 - F1_score: 0.4709 - ce_loss: 0.0116 - ewc_loss: 393.3607 - loss: 0.0148 - 3s/epoch - 141ms/step
Epoch 101/300
epoch ends.
20/20 - 3s - iou_binarized: 0.4508 - iou: 0.3087 - recall: 0.5138 - precision: 0.4396 - F1_score: 0.4710 - ce_loss: 0.0116 - ewc_loss: 393.6179 - loss: 0.0148 - 3s/epoch - 138ms/step
Epoch 102/300
epoch ends.
20/20 - 3s - iou_binarized: 0.4509 - iou: 0.3088 - recall: 0.5139 - precision: 0.4397 - F1_score: 0.4711 - ce_loss: 0.0116 - ewc_loss: 393.8708 - loss: 0.0148 - 3s/epoch - 136ms/step
Epoch 103/300
epoch ends.
20/20 - 3s - iou_binarized: 0.4509 - iou: 0.3089 - recall: 0.5140 - precision: 0.4398 - F1_score: 0.4712 - ce_loss: 0.0116 - ewc_loss: 394.1224 - loss: 0.0148 - 3s/epoch - 138ms/step
Epoch 104/300
epoch ends.
20/20 - 3s - iou_binarized: 0.4510 - iou: 0.3090 - recall: 0.5141 - precision: 0.4399 - F1_score: 0.4713 - ce_loss: 0.0116 - ewc_loss: 394.3751 - loss: 0.0148 - 3s/epoch - 138ms/step
Epoch 105/300
epoch ends.
20/20 - 3s - iou_binarized: 0.4512 - iou: 0.3091 - recall: 0.5142 - precision: 0.4400 - F1_score: 0.4714 - ce_loss: 0.0116 - ewc_loss: 394.6231 - loss: 0.0148 - 3s/epoch - 139ms/step
Epoch 106/300
epoch ends.
20/20 - 3s - iou_binarized: 0.4512 - iou: 0.3092 - recall: 0.5143 - precision: 0.4401 - F1_score: 0.4715 - ce_loss: 0.0116 - ewc_loss: 394.8688 - loss: 0.0148 - 3s/epoch - 138ms/step
Epoch 107/300
epoch ends.
20/20 - 3s - iou_binarized: 0.4513 - iou: 0.3093 - recall: 0.5144 - precision: 0.4402 - F1_score: 0.4716 - ce_loss: 0.0116 - ewc_loss: 395.1117 - loss: 0.0148 - 3s/epoch - 135ms/step
Epoch 108/300
epoch ends.
20/20 - 3s - iou_binarized: 0.4515 - iou: 0.3093 - recall: 0.5145 - precision: 0.4403 - F1_score: 0.4717 - ce_loss: 0.0116 - ewc_loss: 395.3496 - loss: 0.0148 - 3s/epoch - 136ms/step
Epoch 109/300
epoch ends.
20/20 - 3s - iou_binarized: 0.4516 - iou: 0.3094 - recall: 0.5146 - precision: 0.4404 - F1_score: 0.4718 - ce_loss: 0.0116 - ewc_loss: 395.5868 - loss: 0.0148 - 3s/epoch - 139ms/step
Epoch 110/300
epoch ends.
20/20 - 3s - iou_binarized: 0.4517 - iou: 0.3095 - recall: 0.5147 - precision: 0.4405 - F1_score: 0.4719 - ce_loss: 0.0116 - ewc_loss: 395.8213 - loss: 0.0148 - 3s/epoch - 137ms/step
Epoch 111/300
epoch ends.
20/20 - 3s - iou_binarized: 0.4518 - iou: 0.3096 - recall: 0.5148 - precision: 0.4405 - F1_score: 0.4720 - ce_loss: 0.0116 - ewc_loss: 396.0563 - loss: 0.0148 - 3s/epoch - 135ms/step
Epoch 112/300
epoch ends.
20/20 - 3s - iou_binarized: 0.4519 - iou: 0.3096 - recall: 0.5149 - precision: 0.4406 - F1_score: 0.4721 - ce_loss: 0.0116 - ewc_loss: 396.2864 - loss: 0.0148 - 3s/epoch - 137ms/step
Epoch 113/300
epoch ends.
20/20 - 3s - iou_binarized: 0.4520 - iou: 0.3097 - recall: 0.5150 - precision: 0.4407 - F1_score: 0.4722 - ce_loss: 0.0116 - ewc_loss: 396.5103 - loss: 0.0148 - 3s/epoch - 136ms/step
Epoch 114/300
epoch ends.
20/20 - 3s - iou_binarized: 0.4521 - iou: 0.3098 - recall: 0.5151 - precision: 0.4408 - F1_score: 0.4723 - ce_loss: 0.0116 - ewc_loss: 396.7366 - loss: 0.0148 - 3s/epoch - 135ms/step
Epoch 115/300
epoch ends.
20/20 - 3s - iou_binarized: 0.4521 - iou: 0.3099 - recall: 0.5152 - precision: 0.4409 - F1_score: 0.4724 - ce_loss: 0.0116 - ewc_loss: 396.9514 - loss: 0.0148 - 3s/epoch - 135ms/step
Epoch 116/300
epoch ends.
20/20 - 3s - iou_binarized: 0.4522 - iou: 0.3099 - recall: 0.5153 - precision: 0.4410 - F1_score: 0.4724 - ce_loss: 0.0116 - ewc_loss: 397.1732 - loss: 0.0148 - 3s/epoch - 135ms/step
Epoch 117/300
epoch ends.
20/20 - 3s - iou_binarized: 0.4524 - iou: 0.3100 - recall: 0.5154 - precision: 0.4410 - F1_score: 0.4725 - ce_loss: 0.0116 - ewc_loss: 397.3882 - loss: 0.0148 - 3s/epoch - 132ms/step
Epoch 118/300
epoch ends.
20/20 - 3s - iou_binarized: 0.4524 - iou: 0.3101 - recall: 0.5155 - precision: 0.4411 - F1_score: 0.4726 - ce_loss: 0.0116 - ewc_loss: 397.6066 - loss: 0.0148 - 3s/epoch - 136ms/step
Epoch 119/300
epoch ends.
20/20 - 3s - iou_binarized: 0.4525 - iou: 0.3102 - recall: 0.5156 - precision: 0.4412 - F1_score: 0.4727 - ce_loss: 0.0116 - ewc_loss: 397.8125 - loss: 0.0148 - 3s/epoch - 137ms/step
Epoch 120/300
epoch ends.
20/20 - 3s - iou_binarized: 0.4525 - iou: 0.3102 - recall: 0.5157 - precision: 0.4413 - F1_score: 0.4728 - ce_loss: 0.0116 - ewc_loss: 398.0252 - loss: 0.0148 - 3s/epoch - 133ms/step
Epoch 121/300
epoch ends.
20/20 - 3s - iou_binarized: 0.4526 - iou: 0.3103 - recall: 0.5158 - precision: 0.4414 - F1_score: 0.4729 - ce_loss: 0.0116 - ewc_loss: 398.2263 - loss: 0.0148 - 3s/epoch - 136ms/step
Epoch 122/300
epoch ends.
20/20 - 3s - iou_binarized: 0.4527 - iou: 0.3104 - recall: 0.5158 - precision: 0.4414 - F1_score: 0.4729 - ce_loss: 0.0116 - ewc_loss: 398.4336 - loss: 0.0148 - 3s/epoch - 134ms/step
Epoch 123/300
epoch ends.
20/20 - 3s - iou_binarized: 0.4527 - iou: 0.3104 - recall: 0.5159 - precision: 0.4415 - F1_score: 0.4730 - ce_loss: 0.0116 - ewc_loss: 398.6315 - loss: 0.0148 - 3s/epoch - 134ms/step
Epoch 124/300
epoch ends.
20/20 - 3s - iou_binarized: 0.4528 - iou: 0.3105 - recall: 0.5160 - precision: 0.4416 - F1_score: 0.4731 - ce_loss: 0.0116 - ewc_loss: 398.8321 - loss: 0.0148 - 3s/epoch - 137ms/step
Epoch 125/300
epoch ends.
20/20 - 3s - iou_binarized: 0.4529 - iou: 0.3106 - recall: 0.5161 - precision: 0.4417 - F1_score: 0.4732 - ce_loss: 0.0116 - ewc_loss: 399.0296 - loss: 0.0148 - 3s/epoch - 136ms/step
Epoch 126/300
epoch ends.
20/20 - 3s - iou_binarized: 0.4529 - iou: 0.3106 - recall: 0.5162 - precision: 0.4417 - F1_score: 0.4733 - ce_loss: 0.0116 - ewc_loss: 399.2236 - loss: 0.0148 - 3s/epoch - 137ms/step
Epoch 127/300
epoch ends.
20/20 - 3s - iou_binarized: 0.4530 - iou: 0.3107 - recall: 0.5163 - precision: 0.4418 - F1_score: 0.4733 - ce_loss: 0.0116 - ewc_loss: 399.4159 - loss: 0.0148 - 3s/epoch - 134ms/step
Epoch 128/300
epoch ends.
20/20 - 3s - iou_binarized: 0.4530 - iou: 0.3108 - recall: 0.5163 - precision: 0.4419 - F1_score: 0.4734 - ce_loss: 0.0116 - ewc_loss: 399.6075 - loss: 0.0148 - 3s/epoch - 137ms/step
Epoch 129/300
epoch ends.
20/20 - 3s - iou_binarized: 0.4531 - iou: 0.3108 - recall: 0.5164 - precision: 0.4420 - F1_score: 0.4735 - ce_loss: 0.0116 - ewc_loss: 399.7961 - loss: 0.0148 - 3s/epoch - 134ms/step
Epoch 130/300
epoch ends.
20/20 - 3s - iou_binarized: 0.4531 - iou: 0.3109 - recall: 0.5165 - precision: 0.4420 - F1_score: 0.4736 - ce_loss: 0.0116 - ewc_loss: 399.9836 - loss: 0.0148 - 3s/epoch - 139ms/step
Epoch 131/300
epoch ends.
20/20 - 3s - iou_binarized: 0.4532 - iou: 0.3110 - recall: 0.5166 - precision: 0.4421 - F1_score: 0.4736 - ce_loss: 0.0116 - ewc_loss: 400.1685 - loss: 0.0148 - 3s/epoch - 137ms/step
Epoch 132/300
epoch ends.
20/20 - 3s - iou_binarized: 0.4533 - iou: 0.3110 - recall: 0.5166 - precision: 0.4422 - F1_score: 0.4737 - ce_loss: 0.0116 - ewc_loss: 400.3509 - loss: 0.0148 - 3s/epoch - 133ms/step
Epoch 133/300
epoch ends.
20/20 - 3s - iou_binarized: 0.4534 - iou: 0.3111 - recall: 0.5167 - precision: 0.4422 - F1_score: 0.4738 - ce_loss: 0.0116 - ewc_loss: 400.5320 - loss: 0.0148 - 3s/epoch - 137ms/step
Epoch 134/300
epoch ends.
20/20 - 3s - iou_binarized: 0.4535 - iou: 0.3111 - recall: 0.5168 - precision: 0.4423 - F1_score: 0.4738 - ce_loss: 0.0116 - ewc_loss: 400.7101 - loss: 0.0148 - 3s/epoch - 134ms/step
Epoch 135/300
epoch ends.
20/20 - 3s - iou_binarized: 0.4536 - iou: 0.3112 - recall: 0.5169 - precision: 0.4424 - F1_score: 0.4739 - ce_loss: 0.0116 - ewc_loss: 400.8860 - loss: 0.0148 - 3s/epoch - 135ms/step
Epoch 136/300
epoch ends.
20/20 - 3s - iou_binarized: 0.4536 - iou: 0.3113 - recall: 0.5169 - precision: 0.4424 - F1_score: 0.4740 - ce_loss: 0.0116 - ewc_loss: 401.0605 - loss: 0.0148 - 3s/epoch - 138ms/step
Epoch 137/300
epoch ends.
20/20 - 3s - iou_binarized: 0.4537 - iou: 0.3113 - recall: 0.5170 - precision: 0.4425 - F1_score: 0.4740 - ce_loss: 0.0116 - ewc_loss: 401.2318 - loss: 0.0148 - 3s/epoch - 135ms/step
Epoch 138/300
epoch ends.
20/20 - 3s - iou_binarized: 0.4538 - iou: 0.3114 - recall: 0.5171 - precision: 0.4426 - F1_score: 0.4741 - ce_loss: 0.0116 - ewc_loss: 401.4020 - loss: 0.0148 - 3s/epoch - 136ms/step
Epoch 139/300
epoch ends.
20/20 - 3s - iou_binarized: 0.4539 - iou: 0.3114 - recall: 0.5172 - precision: 0.4426 - F1_score: 0.4742 - ce_loss: 0.0116 - ewc_loss: 401.5707 - loss: 0.0148 - 3s/epoch - 136ms/step
Epoch 140/300
epoch ends.
20/20 - 3s - iou_binarized: 0.4540 - iou: 0.3115 - recall: 0.5172 - precision: 0.4427 - F1_score: 0.4743 - ce_loss: 0.0116 - ewc_loss: 401.7357 - loss: 0.0148 - 3s/epoch - 132ms/step
Epoch 141/300
epoch ends.
20/20 - 3s - iou_binarized: 0.4540 - iou: 0.3115 - recall: 0.5173 - precision: 0.4428 - F1_score: 0.4743 - ce_loss: 0.0116 - ewc_loss: 401.9004 - loss: 0.0148 - 3s/epoch - 136ms/step
Epoch 142/300
epoch ends.
20/20 - 3s - iou_binarized: 0.4541 - iou: 0.3116 - recall: 0.5174 - precision: 0.4428 - F1_score: 0.4744 - ce_loss: 0.0116 - ewc_loss: 402.0652 - loss: 0.0148 - 3s/epoch - 135ms/step
Epoch 143/300
epoch ends.
20/20 - 3s - iou_binarized: 0.4541 - iou: 0.3117 - recall: 0.5174 - precision: 0.4429 - F1_score: 0.4744 - ce_loss: 0.0116 - ewc_loss: 402.2257 - loss: 0.0148 - 3s/epoch - 136ms/step
Epoch 144/300
epoch ends.
20/20 - 3s - iou_binarized: 0.4542 - iou: 0.3117 - recall: 0.5175 - precision: 0.4429 - F1_score: 0.4745 - ce_loss: 0.0116 - ewc_loss: 402.3844 - loss: 0.0148 - 3s/epoch - 134ms/step
Epoch 145/300
epoch ends.
20/20 - 3s - iou_binarized: 0.4542 - iou: 0.3118 - recall: 0.5176 - precision: 0.4430 - F1_score: 0.4746 - ce_loss: 0.0116 - ewc_loss: 402.5418 - loss: 0.0148 - 3s/epoch - 134ms/step
Epoch 146/300
epoch ends.
20/20 - 3s - iou_binarized: 0.4543 - iou: 0.3118 - recall: 0.5176 - precision: 0.4431 - F1_score: 0.4746 - ce_loss: 0.0116 - ewc_loss: 402.6981 - loss: 0.0148 - 3s/epoch - 137ms/step
Epoch 147/300
epoch ends.
20/20 - 3s - iou_binarized: 0.4544 - iou: 0.3119 - recall: 0.5177 - precision: 0.4431 - F1_score: 0.4747 - ce_loss: 0.0116 - ewc_loss: 402.8516 - loss: 0.0148 - 3s/epoch - 139ms/step
Epoch 148/300
epoch ends.
20/20 - 3s - iou_binarized: 0.4544 - iou: 0.3119 - recall: 0.5178 - precision: 0.4432 - F1_score: 0.4748 - ce_loss: 0.0116 - ewc_loss: 403.0031 - loss: 0.0148 - 3s/epoch - 138ms/step
Epoch 149/300
epoch ends.
20/20 - 3s - iou_binarized: 0.4545 - iou: 0.3120 - recall: 0.5178 - precision: 0.4432 - F1_score: 0.4748 - ce_loss: 0.0116 - ewc_loss: 403.1542 - loss: 0.0148 - 3s/epoch - 135ms/step
Epoch 150/300
epoch ends.
20/20 - 3s - iou_binarized: 0.4546 - iou: 0.3120 - recall: 0.5179 - precision: 0.4433 - F1_score: 0.4749 - ce_loss: 0.0116 - ewc_loss: 403.3023 - loss: 0.0148 - 3s/epoch - 137ms/step
Epoch 151/300
epoch ends.
20/20 - 3s - iou_binarized: 0.4545 - iou: 0.3121 - recall: 0.5179 - precision: 0.4434 - F1_score: 0.4749 - ce_loss: 0.0116 - ewc_loss: 403.4486 - loss: 0.0148 - 3s/epoch - 138ms/step
Epoch 152/300
epoch ends.
20/20 - 3s - iou_binarized: 0.4546 - iou: 0.3121 - recall: 0.5180 - precision: 0.4434 - F1_score: 0.4750 - ce_loss: 0.0116 - ewc_loss: 403.5931 - loss: 0.0148 - 3s/epoch - 139ms/step
Epoch 153/300
epoch ends.
20/20 - 3s - iou_binarized: 0.4547 - iou: 0.3122 - recall: 0.5181 - precision: 0.4435 - F1_score: 0.4751 - ce_loss: 0.0116 - ewc_loss: 403.7337 - loss: 0.0148 - 3s/epoch - 139ms/step
Epoch 154/300
epoch ends.
20/20 - 3s - iou_binarized: 0.4547 - iou: 0.3122 - recall: 0.5181 - precision: 0.4435 - F1_score: 0.4751 - ce_loss: 0.0116 - ewc_loss: 403.8725 - loss: 0.0148 - 3s/epoch - 136ms/step
Epoch 155/300
epoch ends.
20/20 - 3s - iou_binarized: 0.4548 - iou: 0.3123 - recall: 0.5182 - precision: 0.4436 - F1_score: 0.4752 - ce_loss: 0.0116 - ewc_loss: 404.0136 - loss: 0.0148 - 3s/epoch - 136ms/step
Epoch 156/300
epoch ends.
20/20 - 3s - iou_binarized: 0.4549 - iou: 0.3123 - recall: 0.5182 - precision: 0.4436 - F1_score: 0.4752 - ce_loss: 0.0116 - ewc_loss: 404.1518 - loss: 0.0148 - 3s/epoch - 134ms/step
Epoch 157/300
epoch ends.
20/20 - 3s - iou_binarized: 0.4549 - iou: 0.3124 - recall: 0.5183 - precision: 0.4437 - F1_score: 0.4753 - ce_loss: 0.0116 - ewc_loss: 404.2883 - loss: 0.0148 - 3s/epoch - 135ms/step
Epoch 158/300
epoch ends.
20/20 - 3s - iou_binarized: 0.4550 - iou: 0.3124 - recall: 0.5184 - precision: 0.4438 - F1_score: 0.4753 - ce_loss: 0.0116 - ewc_loss: 404.4244 - loss: 0.0148 - 3s/epoch - 135ms/step
Epoch 159/300
epoch ends.
20/20 - 3s - iou_binarized: 0.4550 - iou: 0.3125 - recall: 0.5184 - precision: 0.4438 - F1_score: 0.4754 - ce_loss: 0.0115 - ewc_loss: 404.5574 - loss: 0.0148 - 3s/epoch - 133ms/step
Epoch 160/300
epoch ends.
20/20 - 3s - iou_binarized: 0.4551 - iou: 0.3125 - recall: 0.5185 - precision: 0.4439 - F1_score: 0.4755 - ce_loss: 0.0115 - ewc_loss: 404.6893 - loss: 0.0148 - 3s/epoch - 137ms/step
Epoch 161/300
epoch ends.
20/20 - 3s - iou_binarized: 0.4552 - iou: 0.3126 - recall: 0.5185 - precision: 0.4439 - F1_score: 0.4755 - ce_loss: 0.0115 - ewc_loss: 404.8213 - loss: 0.0148 - 3s/epoch - 134ms/step
Epoch 162/300
epoch ends.
20/20 - 3s - iou_binarized: 0.4552 - iou: 0.3126 - recall: 0.5186 - precision: 0.4440 - F1_score: 0.4756 - ce_loss: 0.0115 - ewc_loss: 404.9495 - loss: 0.0148 - 3s/epoch - 136ms/step
Epoch 163/300
epoch ends.
20/20 - 3s - iou_binarized: 0.4552 - iou: 0.3127 - recall: 0.5186 - precision: 0.4440 - F1_score: 0.4756 - ce_loss: 0.0115 - ewc_loss: 405.0756 - loss: 0.0148 - 3s/epoch - 135ms/step
Epoch 164/300
epoch ends.
20/20 - 3s - iou_binarized: 0.4553 - iou: 0.3127 - recall: 0.5187 - precision: 0.4441 - F1_score: 0.4757 - ce_loss: 0.0115 - ewc_loss: 405.2025 - loss: 0.0148 - 3s/epoch - 136ms/step
Epoch 165/300
epoch ends.
20/20 - 3s - iou_binarized: 0.4554 - iou: 0.3128 - recall: 0.5188 - precision: 0.4441 - F1_score: 0.4757 - ce_loss: 0.0115 - ewc_loss: 405.3270 - loss: 0.0148 - 3s/epoch - 143ms/step
Epoch 166/300
epoch ends.
20/20 - 3s - iou_binarized: 0.4555 - iou: 0.3128 - recall: 0.5188 - precision: 0.4442 - F1_score: 0.4758 - ce_loss: 0.0115 - ewc_loss: 405.4505 - loss: 0.0148 - 3s/epoch - 135ms/step
Epoch 167/300
epoch ends.
20/20 - 3s - iou_binarized: 0.4556 - iou: 0.3129 - recall: 0.5189 - precision: 0.4442 - F1_score: 0.4758 - ce_loss: 0.0115 - ewc_loss: 405.5700 - loss: 0.0148 - 3s/epoch - 135ms/step
Epoch 168/300
epoch ends.
20/20 - 3s - iou_binarized: 0.4556 - iou: 0.3129 - recall: 0.5189 - precision: 0.4443 - F1_score: 0.4759 - ce_loss: 0.0115 - ewc_loss: 405.6875 - loss: 0.0148 - 3s/epoch - 135ms/step
Epoch 169/300
epoch ends.
20/20 - 3s - iou_binarized: 0.4557 - iou: 0.3129 - recall: 0.5190 - precision: 0.4443 - F1_score: 0.4759 - ce_loss: 0.0115 - ewc_loss: 405.8083 - loss: 0.0148 - 3s/epoch - 134ms/step
Epoch 170/300
epoch ends.
20/20 - 3s - iou_binarized: 0.4558 - iou: 0.3130 - recall: 0.5190 - precision: 0.4444 - F1_score: 0.4760 - ce_loss: 0.0115 - ewc_loss: 405.9243 - loss: 0.0148 - 3s/epoch - 137ms/step
Epoch 171/300
epoch ends.
20/20 - 3s - iou_binarized: 0.4558 - iou: 0.3130 - recall: 0.5191 - precision: 0.4444 - F1_score: 0.4760 - ce_loss: 0.0115 - ewc_loss: 406.0371 - loss: 0.0148 - 3s/epoch - 137ms/step
Epoch 172/300
epoch ends.
20/20 - 3s - iou_binarized: 0.4558 - iou: 0.3131 - recall: 0.5191 - precision: 0.4445 - F1_score: 0.4761 - ce_loss: 0.0115 - ewc_loss: 406.1538 - loss: 0.0148 - 3s/epoch - 135ms/step
Epoch 173/300
epoch ends.
20/20 - 3s - iou_binarized: 0.4559 - iou: 0.3131 - recall: 0.5192 - precision: 0.4445 - F1_score: 0.4761 - ce_loss: 0.0115 - ewc_loss: 406.2654 - loss: 0.0148 - 3s/epoch - 136ms/step
Epoch 174/300
epoch ends.
20/20 - 3s - iou_binarized: 0.4559 - iou: 0.3132 - recall: 0.5192 - precision: 0.4446 - F1_score: 0.4762 - ce_loss: 0.0115 - ewc_loss: 406.3752 - loss: 0.0148 - 3s/epoch - 137ms/step
Epoch 175/300
epoch ends.
20/20 - 3s - iou_binarized: 0.4559 - iou: 0.3132 - recall: 0.5193 - precision: 0.4446 - F1_score: 0.4762 - ce_loss: 0.0115 - ewc_loss: 406.4853 - loss: 0.0148 - 3s/epoch - 139ms/step
Epoch 176/300
epoch ends.
20/20 - 3s - iou_binarized: 0.4560 - iou: 0.3132 - recall: 0.5193 - precision: 0.4447 - F1_score: 0.4763 - ce_loss: 0.0115 - ewc_loss: 406.5915 - loss: 0.0148 - 3s/epoch - 135ms/step
Epoch 177/300
epoch ends.
20/20 - 3s - iou_binarized: 0.4560 - iou: 0.3133 - recall: 0.5194 - precision: 0.4447 - F1_score: 0.4763 - ce_loss: 0.0115 - ewc_loss: 406.7011 - loss: 0.0148 - 3s/epoch - 138ms/step
Epoch 178/300
epoch ends.
20/20 - 3s - iou_binarized: 0.4561 - iou: 0.3133 - recall: 0.5194 - precision: 0.4448 - F1_score: 0.4764 - ce_loss: 0.0115 - ewc_loss: 406.8037 - loss: 0.0148 - 3s/epoch - 135ms/step
Epoch 179/300
epoch ends.
20/20 - 3s - iou_binarized: 0.4561 - iou: 0.3134 - recall: 0.5195 - precision: 0.4448 - F1_score: 0.4764 - ce_loss: 0.0115 - ewc_loss: 406.9102 - loss: 0.0148 - 3s/epoch - 136ms/step
Epoch 180/300
epoch ends.
20/20 - 3s - iou_binarized: 0.4562 - iou: 0.3134 - recall: 0.5195 - precision: 0.4449 - F1_score: 0.4765 - ce_loss: 0.0115 - ewc_loss: 407.0113 - loss: 0.0148 - 3s/epoch - 137ms/step
Epoch 181/300
epoch ends.
20/20 - 3s - iou_binarized: 0.4562 - iou: 0.3135 - recall: 0.5196 - precision: 0.4449 - F1_score: 0.4765 - ce_loss: 0.0115 - ewc_loss: 407.1158 - loss: 0.0148 - 3s/epoch - 136ms/step
Epoch 182/300
epoch ends.
20/20 - 3s - iou_binarized: 0.4562 - iou: 0.3135 - recall: 0.5196 - precision: 0.4450 - F1_score: 0.4766 - ce_loss: 0.0115 - ewc_loss: 407.2145 - loss: 0.0148 - 3s/epoch - 138ms/step
Epoch 183/300
epoch ends.
20/20 - 3s - iou_binarized: 0.4563 - iou: 0.3135 - recall: 0.5197 - precision: 0.4450 - F1_score: 0.4766 - ce_loss: 0.0115 - ewc_loss: 407.3144 - loss: 0.0148 - 3s/epoch - 135ms/step
Epoch 184/300
epoch ends.
20/20 - 3s - iou_binarized: 0.4563 - iou: 0.3136 - recall: 0.5197 - precision: 0.4451 - F1_score: 0.4767 - ce_loss: 0.0115 - ewc_loss: 407.4153 - loss: 0.0148 - 3s/epoch - 136ms/step
Epoch 185/300
epoch ends.
20/20 - 3s - iou_binarized: 0.4563 - iou: 0.3136 - recall: 0.5198 - precision: 0.4451 - F1_score: 0.4767 - ce_loss: 0.0115 - ewc_loss: 407.5096 - loss: 0.0148 - 3s/epoch - 134ms/step
Epoch 186/300
epoch ends.
20/20 - 3s - iou_binarized: 0.4564 - iou: 0.3137 - recall: 0.5198 - precision: 0.4452 - F1_score: 0.4768 - ce_loss: 0.0115 - ewc_loss: 407.6060 - loss: 0.0148 - 3s/epoch - 138ms/step
Epoch 187/300
epoch ends.
20/20 - 3s - iou_binarized: 0.4564 - iou: 0.3137 - recall: 0.5198 - precision: 0.4452 - F1_score: 0.4768 - ce_loss: 0.0115 - ewc_loss: 407.7043 - loss: 0.0148 - 3s/epoch - 137ms/step
Epoch 188/300
epoch ends.
20/20 - 3s - iou_binarized: 0.4565 - iou: 0.3137 - recall: 0.5199 - precision: 0.4453 - F1_score: 0.4769 - ce_loss: 0.0115 - ewc_loss: 407.7938 - loss: 0.0148 - 3s/epoch - 136ms/step
Epoch 189/300
epoch ends.
20/20 - 3s - iou_binarized: 0.4565 - iou: 0.3138 - recall: 0.5199 - precision: 0.4453 - F1_score: 0.4769 - ce_loss: 0.0115 - ewc_loss: 407.8881 - loss: 0.0148 - 3s/epoch - 135ms/step
Epoch 190/300
epoch ends.
20/20 - 3s - iou_binarized: 0.4566 - iou: 0.3138 - recall: 0.5200 - precision: 0.4453 - F1_score: 0.4769 - ce_loss: 0.0115 - ewc_loss: 407.9793 - loss: 0.0148 - 3s/epoch - 135ms/step
Epoch 191/300
epoch ends.
20/20 - 3s - iou_binarized: 0.4566 - iou: 0.3138 - recall: 0.5200 - precision: 0.4454 - F1_score: 0.4770 - ce_loss: 0.0115 - ewc_loss: 408.0711 - loss: 0.0148 - 3s/epoch - 133ms/step
Epoch 192/300
epoch ends.
20/20 - 3s - iou_binarized: 0.4566 - iou: 0.3139 - recall: 0.5201 - precision: 0.4454 - F1_score: 0.4770 - ce_loss: 0.0115 - ewc_loss: 408.1589 - loss: 0.0148 - 3s/epoch - 135ms/step
Epoch 193/300
epoch ends.
20/20 - 3s - iou_binarized: 0.4567 - iou: 0.3139 - recall: 0.5201 - precision: 0.4455 - F1_score: 0.4771 - ce_loss: 0.0115 - ewc_loss: 408.2484 - loss: 0.0148 - 3s/epoch - 136ms/step
Epoch 194/300
epoch ends.
20/20 - 3s - iou_binarized: 0.4568 - iou: 0.3140 - recall: 0.5202 - precision: 0.4455 - F1_score: 0.4771 - ce_loss: 0.0115 - ewc_loss: 408.3355 - loss: 0.0148 - 3s/epoch - 138ms/step
Epoch 195/300
epoch ends.
20/20 - 3s - iou_binarized: 0.4568 - iou: 0.3140 - recall: 0.5202 - precision: 0.4456 - F1_score: 0.4772 - ce_loss: 0.0115 - ewc_loss: 408.4262 - loss: 0.0148 - 3s/epoch - 134ms/step
Epoch 196/300
epoch ends.
20/20 - 3s - iou_binarized: 0.4568 - iou: 0.3140 - recall: 0.5202 - precision: 0.4456 - F1_score: 0.4772 - ce_loss: 0.0115 - ewc_loss: 408.5106 - loss: 0.0148 - 3s/epoch - 139ms/step
Epoch 197/300
epoch ends.
20/20 - 3s - iou_binarized: 0.4568 - iou: 0.3141 - recall: 0.5203 - precision: 0.4457 - F1_score: 0.4772 - ce_loss: 0.0115 - ewc_loss: 408.5976 - loss: 0.0148 - 3s/epoch - 138ms/step
Epoch 198/300
epoch ends.
20/20 - 3s - iou_binarized: 0.4569 - iou: 0.3141 - recall: 0.5203 - precision: 0.4457 - F1_score: 0.4773 - ce_loss: 0.0115 - ewc_loss: 408.6830 - loss: 0.0148 - 3s/epoch - 138ms/step
Epoch 199/300
epoch ends.
20/20 - 3s - iou_binarized: 0.4570 - iou: 0.3141 - recall: 0.5204 - precision: 0.4457 - F1_score: 0.4773 - ce_loss: 0.0115 - ewc_loss: 408.7664 - loss: 0.0148 - 3s/epoch - 136ms/step
Epoch 200/300
epoch ends.
20/20 - 3s - iou_binarized: 0.4570 - iou: 0.3142 - recall: 0.5204 - precision: 0.4458 - F1_score: 0.4774 - ce_loss: 0.0115 - ewc_loss: 408.8497 - loss: 0.0148 - 3s/epoch - 135ms/step
Epoch 201/300
epoch ends.
20/20 - 3s - iou_binarized: 0.4570 - iou: 0.3142 - recall: 0.5204 - precision: 0.4458 - F1_score: 0.4774 - ce_loss: 0.0115 - ewc_loss: 408.9321 - loss: 0.0148 - 3s/epoch - 136ms/step
Epoch 202/300
epoch ends.
20/20 - 3s - iou_binarized: 0.4571 - iou: 0.3142 - recall: 0.5205 - precision: 0.4459 - F1_score: 0.4774 - ce_loss: 0.0115 - ewc_loss: 409.0132 - loss: 0.0148 - 3s/epoch - 135ms/step
Epoch 203/300
epoch ends.
20/20 - 3s - iou_binarized: 0.4572 - iou: 0.3143 - recall: 0.5205 - precision: 0.4459 - F1_score: 0.4775 - ce_loss: 0.0115 - ewc_loss: 409.0950 - loss: 0.0148 - 3s/epoch - 137ms/step
Epoch 204/300
epoch ends.
20/20 - 3s - iou_binarized: 0.4573 - iou: 0.3143 - recall: 0.5206 - precision: 0.4459 - F1_score: 0.4775 - ce_loss: 0.0115 - ewc_loss: 409.1740 - loss: 0.0148 - 3s/epoch - 138ms/step
Epoch 205/300
epoch ends.
20/20 - 3s - iou_binarized: 0.4574 - iou: 0.3143 - recall: 0.5206 - precision: 0.4460 - F1_score: 0.4776 - ce_loss: 0.0115 - ewc_loss: 409.2528 - loss: 0.0148 - 3s/epoch - 138ms/step
Epoch 206/300
epoch ends.
20/20 - 3s - iou_binarized: 0.4574 - iou: 0.3144 - recall: 0.5206 - precision: 0.4460 - F1_score: 0.4776 - ce_loss: 0.0115 - ewc_loss: 409.3324 - loss: 0.0148 - 3s/epoch - 134ms/step
Epoch 207/300
epoch ends.
20/20 - 3s - iou_binarized: 0.4574 - iou: 0.3144 - recall: 0.5207 - precision: 0.4461 - F1_score: 0.4776 - ce_loss: 0.0115 - ewc_loss: 409.4065 - loss: 0.0148 - 3s/epoch - 137ms/step
Epoch 208/300
epoch ends.
20/20 - 3s - iou_binarized: 0.4575 - iou: 0.3145 - recall: 0.5207 - precision: 0.4461 - F1_score: 0.4777 - ce_loss: 0.0115 - ewc_loss: 409.4843 - loss: 0.0148 - 3s/epoch - 132ms/step
Epoch 209/300
epoch ends.
20/20 - 3s - iou_binarized: 0.4575 - iou: 0.3145 - recall: 0.5208 - precision: 0.4461 - F1_score: 0.4777 - ce_loss: 0.0115 - ewc_loss: 409.5596 - loss: 0.0148 - 3s/epoch - 130ms/step
Epoch 210/300
epoch ends.
20/20 - 3s - iou_binarized: 0.4575 - iou: 0.3145 - recall: 0.5208 - precision: 0.4462 - F1_score: 0.4778 - ce_loss: 0.0115 - ewc_loss: 409.6339 - loss: 0.0148 - 3s/epoch - 133ms/step
Epoch 211/300
epoch ends.
20/20 - 3s - iou_binarized: 0.4576 - iou: 0.3145 - recall: 0.5208 - precision: 0.4462 - F1_score: 0.4778 - ce_loss: 0.0115 - ewc_loss: 409.7086 - loss: 0.0148 - 3s/epoch - 135ms/step
Epoch 212/300
epoch ends.
20/20 - 3s - iou_binarized: 0.4577 - iou: 0.3146 - recall: 0.5209 - precision: 0.4463 - F1_score: 0.4778 - ce_loss: 0.0115 - ewc_loss: 409.7812 - loss: 0.0148 - 3s/epoch - 135ms/step
Epoch 213/300
epoch ends.
20/20 - 3s - iou_binarized: 0.4577 - iou: 0.3146 - recall: 0.5209 - precision: 0.4463 - F1_score: 0.4779 - ce_loss: 0.0115 - ewc_loss: 409.8550 - loss: 0.0148 - 3s/epoch - 133ms/step
Epoch 214/300
epoch ends.
20/20 - 3s - iou_binarized: 0.4578 - iou: 0.3146 - recall: 0.5209 - precision: 0.4463 - F1_score: 0.4779 - ce_loss: 0.0115 - ewc_loss: 409.9259 - loss: 0.0148 - 3s/epoch - 134ms/step
Epoch 215/300
epoch ends.
20/20 - 3s - iou_binarized: 0.4579 - iou: 0.3147 - recall: 0.5210 - precision: 0.4464 - F1_score: 0.4779 - ce_loss: 0.0115 - ewc_loss: 409.9980 - loss: 0.0148 - 3s/epoch - 134ms/step
Epoch 216/300
epoch ends.
20/20 - 3s - iou_binarized: 0.4579 - iou: 0.3147 - recall: 0.5210 - precision: 0.4464 - F1_score: 0.4780 - ce_loss: 0.0115 - ewc_loss: 410.0695 - loss: 0.0148 - 3s/epoch - 136ms/step
Epoch 217/300
epoch ends.
20/20 - 3s - iou_binarized: 0.4579 - iou: 0.3147 - recall: 0.5210 - precision: 0.4464 - F1_score: 0.4780 - ce_loss: 0.0115 - ewc_loss: 410.1393 - loss: 0.0148 - 3s/epoch - 136ms/step
Epoch 218/300
epoch ends.
20/20 - 3s - iou_binarized: 0.4580 - iou: 0.3148 - recall: 0.5211 - precision: 0.4465 - F1_score: 0.4781 - ce_loss: 0.0115 - ewc_loss: 410.2103 - loss: 0.0148 - 3s/epoch - 139ms/step
Epoch 219/300
epoch ends.
20/20 - 3s - iou_binarized: 0.4580 - iou: 0.3148 - recall: 0.5211 - precision: 0.4465 - F1_score: 0.4781 - ce_loss: 0.0115 - ewc_loss: 410.2764 - loss: 0.0148 - 3s/epoch - 137ms/step
Epoch 220/300
epoch ends.
20/20 - 3s - iou_binarized: 0.4581 - iou: 0.3148 - recall: 0.5211 - precision: 0.4466 - F1_score: 0.4781 - ce_loss: 0.0115 - ewc_loss: 410.3453 - loss: 0.0148 - 3s/epoch - 137ms/step
Epoch 221/300
epoch ends.
20/20 - 3s - iou_binarized: 0.4581 - iou: 0.3149 - recall: 0.5212 - precision: 0.4466 - F1_score: 0.4782 - ce_loss: 0.0115 - ewc_loss: 410.4117 - loss: 0.0148 - 3s/epoch - 137ms/step
Epoch 222/300
epoch ends.
20/20 - 3s - iou_binarized: 0.4582 - iou: 0.3149 - recall: 0.5212 - precision: 0.4466 - F1_score: 0.4782 - ce_loss: 0.0115 - ewc_loss: 410.4799 - loss: 0.0148 - 3s/epoch - 136ms/step
Epoch 223/300
epoch ends.
20/20 - 3s - iou_binarized: 0.4582 - iou: 0.3149 - recall: 0.5212 - precision: 0.4467 - F1_score: 0.4782 - ce_loss: 0.0115 - ewc_loss: 410.5465 - loss: 0.0148 - 3s/epoch - 134ms/step
Epoch 224/300
epoch ends.
20/20 - 3s - iou_binarized: 0.4582 - iou: 0.3150 - recall: 0.5213 - precision: 0.4467 - F1_score: 0.4783 - ce_loss: 0.0115 - ewc_loss: 410.6057 - loss: 0.0148 - 3s/epoch - 131ms/step
Epoch 225/300
epoch ends.
20/20 - 3s - iou_binarized: 0.4582 - iou: 0.3150 - recall: 0.5213 - precision: 0.4467 - F1_score: 0.4783 - ce_loss: 0.0115 - ewc_loss: 410.6755 - loss: 0.0148 - 3s/epoch - 138ms/step
Epoch 226/300
epoch ends.
20/20 - 3s - iou_binarized: 0.4583 - iou: 0.3150 - recall: 0.5214 - precision: 0.4468 - F1_score: 0.4783 - ce_loss: 0.0115 - ewc_loss: 410.7356 - loss: 0.0148 - 3s/epoch - 135ms/step
Epoch 227/300
epoch ends.
20/20 - 3s - iou_binarized: 0.4583 - iou: 0.3150 - recall: 0.5214 - precision: 0.4468 - F1_score: 0.4784 - ce_loss: 0.0115 - ewc_loss: 410.8056 - loss: 0.0148 - 3s/epoch - 133ms/step
Epoch 228/300
epoch ends.
20/20 - 3s - iou_binarized: 0.4584 - iou: 0.3151 - recall: 0.5214 - precision: 0.4468 - F1_score: 0.4784 - ce_loss: 0.0115 - ewc_loss: 410.8695 - loss: 0.0148 - 3s/epoch - 134ms/step
Epoch 229/300
epoch ends.
20/20 - 3s - iou_binarized: 0.4584 - iou: 0.3151 - recall: 0.5214 - precision: 0.4469 - F1_score: 0.4784 - ce_loss: 0.0115 - ewc_loss: 410.9261 - loss: 0.0148 - 3s/epoch - 134ms/step
Epoch 230/300
epoch ends.
20/20 - 3s - iou_binarized: 0.4584 - iou: 0.3151 - recall: 0.5215 - precision: 0.4469 - F1_score: 0.4785 - ce_loss: 0.0115 - ewc_loss: 410.9936 - loss: 0.0148 - 3s/epoch - 134ms/step
Epoch 231/300
epoch ends.
20/20 - 3s - iou_binarized: 0.4585 - iou: 0.3152 - recall: 0.5215 - precision: 0.4469 - F1_score: 0.4785 - ce_loss: 0.0115 - ewc_loss: 411.0515 - loss: 0.0148 - 3s/epoch - 132ms/step
Epoch 232/300
epoch ends.
20/20 - 3s - iou_binarized: 0.4585 - iou: 0.3152 - recall: 0.5215 - precision: 0.4470 - F1_score: 0.4785 - ce_loss: 0.0115 - ewc_loss: 411.1177 - loss: 0.0148 - 3s/epoch - 142ms/step
Epoch 233/300
epoch ends.
20/20 - 3s - iou_binarized: 0.4585 - iou: 0.3152 - recall: 0.5216 - precision: 0.4470 - F1_score: 0.4786 - ce_loss: 0.0115 - ewc_loss: 411.1733 - loss: 0.0148 - 3s/epoch - 134ms/step
Epoch 234/300
epoch ends.
20/20 - 3s - iou_binarized: 0.4586 - iou: 0.3152 - recall: 0.5216 - precision: 0.4470 - F1_score: 0.4786 - ce_loss: 0.0115 - ewc_loss: 411.2377 - loss: 0.0148 - 3s/epoch - 136ms/step
Epoch 235/300
epoch ends.
20/20 - 3s - iou_binarized: 0.4586 - iou: 0.3153 - recall: 0.5216 - precision: 0.4471 - F1_score: 0.4786 - ce_loss: 0.0115 - ewc_loss: 411.2943 - loss: 0.0148 - 3s/epoch - 130ms/step
Epoch 236/300
epoch ends.
20/20 - 3s - iou_binarized: 0.4587 - iou: 0.3153 - recall: 0.5217 - precision: 0.4471 - F1_score: 0.4787 - ce_loss: 0.0115 - ewc_loss: 411.3541 - loss: 0.0148 - 3s/epoch - 132ms/step
Epoch 237/300
epoch ends.
20/20 - 3s - iou_binarized: 0.4587 - iou: 0.3153 - recall: 0.5217 - precision: 0.4471 - F1_score: 0.4787 - ce_loss: 0.0115 - ewc_loss: 411.4110 - loss: 0.0148 - 3s/epoch - 131ms/step
Epoch 238/300
epoch ends.
20/20 - 3s - iou_binarized: 0.4587 - iou: 0.3154 - recall: 0.5217 - precision: 0.4472 - F1_score: 0.4787 - ce_loss: 0.0115 - ewc_loss: 411.4717 - loss: 0.0148 - 3s/epoch - 129ms/step
Epoch 239/300
epoch ends.
20/20 - 3s - iou_binarized: 0.4587 - iou: 0.3154 - recall: 0.5218 - precision: 0.4472 - F1_score: 0.4788 - ce_loss: 0.0115 - ewc_loss: 411.5291 - loss: 0.0148 - 3s/epoch - 128ms/step
Epoch 240/300
epoch ends.
20/20 - 3s - iou_binarized: 0.4587 - iou: 0.3154 - recall: 0.5218 - precision: 0.4472 - F1_score: 0.4788 - ce_loss: 0.0115 - ewc_loss: 411.5927 - loss: 0.0148 - 3s/epoch - 132ms/step
Epoch 241/300
epoch ends.
20/20 - 3s - iou_binarized: 0.4588 - iou: 0.3154 - recall: 0.5218 - precision: 0.4473 - F1_score: 0.4788 - ce_loss: 0.0115 - ewc_loss: 411.6430 - loss: 0.0148 - 3s/epoch - 139ms/step
Epoch 242/300
epoch ends.
20/20 - 3s - iou_binarized: 0.4588 - iou: 0.3155 - recall: 0.5218 - precision: 0.4473 - F1_score: 0.4789 - ce_loss: 0.0115 - ewc_loss: 411.7009 - loss: 0.0148 - 3s/epoch - 135ms/step
Epoch 243/300
epoch ends.
20/20 - 3s - iou_binarized: 0.4589 - iou: 0.3155 - recall: 0.5219 - precision: 0.4473 - F1_score: 0.4789 - ce_loss: 0.0115 - ewc_loss: 411.7559 - loss: 0.0148 - 3s/epoch - 131ms/step
Epoch 244/300
epoch ends.
20/20 - 3s - iou_binarized: 0.4589 - iou: 0.3155 - recall: 0.5219 - precision: 0.4474 - F1_score: 0.4789 - ce_loss: 0.0115 - ewc_loss: 411.8133 - loss: 0.0148 - 3s/epoch - 134ms/step
Epoch 245/300
epoch ends.
20/20 - 3s - iou_binarized: 0.4589 - iou: 0.3155 - recall: 0.5219 - precision: 0.4474 - F1_score: 0.4789 - ce_loss: 0.0115 - ewc_loss: 411.8692 - loss: 0.0148 - 3s/epoch - 135ms/step
Epoch 246/300
epoch ends.
20/20 - 3s - iou_binarized: 0.4590 - iou: 0.3156 - recall: 0.5220 - precision: 0.4474 - F1_score: 0.4790 - ce_loss: 0.0115 - ewc_loss: 411.9217 - loss: 0.0148 - 3s/epoch - 134ms/step
Epoch 247/300
epoch ends.
20/20 - 3s - iou_binarized: 0.4590 - iou: 0.3156 - recall: 0.5220 - precision: 0.4475 - F1_score: 0.4790 - ce_loss: 0.0115 - ewc_loss: 411.9771 - loss: 0.0148 - 3s/epoch - 134ms/step
Epoch 248/300
epoch ends.
20/20 - 3s - iou_binarized: 0.4590 - iou: 0.3156 - recall: 0.5220 - precision: 0.4475 - F1_score: 0.4790 - ce_loss: 0.0115 - ewc_loss: 412.0309 - loss: 0.0148 - 3s/epoch - 134ms/step
Epoch 249/300
epoch ends.
20/20 - 3s - iou_binarized: 0.4591 - iou: 0.3156 - recall: 0.5220 - precision: 0.4475 - F1_score: 0.4791 - ce_loss: 0.0115 - ewc_loss: 412.0850 - loss: 0.0148 - 3s/epoch - 135ms/step
Epoch 250/300
epoch ends.
20/20 - 3s - iou_binarized: 0.4591 - iou: 0.3157 - recall: 0.5221 - precision: 0.4475 - F1_score: 0.4791 - ce_loss: 0.0115 - ewc_loss: 412.1362 - loss: 0.0148 - 3s/epoch - 133ms/step
Epoch 251/300
epoch ends.
20/20 - 3s - iou_binarized: 0.4591 - iou: 0.3157 - recall: 0.5221 - precision: 0.4476 - F1_score: 0.4791 - ce_loss: 0.0115 - ewc_loss: 412.1897 - loss: 0.0148 - 3s/epoch - 136ms/step
Epoch 252/300
epoch ends.
20/20 - 3s - iou_binarized: 0.4592 - iou: 0.3157 - recall: 0.5221 - precision: 0.4476 - F1_score: 0.4791 - ce_loss: 0.0115 - ewc_loss: 412.2419 - loss: 0.0148 - 3s/epoch - 137ms/step
Epoch 253/300
epoch ends.
20/20 - 3s - iou_binarized: 0.4592 - iou: 0.3157 - recall: 0.5221 - precision: 0.4476 - F1_score: 0.4792 - ce_loss: 0.0115 - ewc_loss: 412.2942 - loss: 0.0148 - 3s/epoch - 137ms/step
Epoch 254/300
epoch ends.
20/20 - 3s - iou_binarized: 0.4593 - iou: 0.3158 - recall: 0.5222 - precision: 0.4477 - F1_score: 0.4792 - ce_loss: 0.0115 - ewc_loss: 412.3436 - loss: 0.0148 - 3s/epoch - 134ms/step
Epoch 255/300
epoch ends.
20/20 - 3s - iou_binarized: 0.4593 - iou: 0.3158 - recall: 0.5222 - precision: 0.4477 - F1_score: 0.4792 - ce_loss: 0.0115 - ewc_loss: 412.3949 - loss: 0.0148 - 3s/epoch - 129ms/step
Epoch 256/300
epoch ends.
20/20 - 3s - iou_binarized: 0.4593 - iou: 0.3158 - recall: 0.5222 - precision: 0.4477 - F1_score: 0.4793 - ce_loss: 0.0115 - ewc_loss: 412.4474 - loss: 0.0148 - 3s/epoch - 131ms/step
Epoch 257/300
epoch ends.
20/20 - 3s - iou_binarized: 0.4594 - iou: 0.3158 - recall: 0.5223 - precision: 0.4477 - F1_score: 0.4793 - ce_loss: 0.0115 - ewc_loss: 412.4939 - loss: 0.0148 - 3s/epoch - 130ms/step
Epoch 258/300
epoch ends.
20/20 - 3s - iou_binarized: 0.4594 - iou: 0.3159 - recall: 0.5223 - precision: 0.4478 - F1_score: 0.4793 - ce_loss: 0.0115 - ewc_loss: 412.5460 - loss: 0.0148 - 3s/epoch - 130ms/step
Epoch 259/300
epoch ends.
20/20 - 3s - iou_binarized: 0.4594 - iou: 0.3159 - recall: 0.5223 - precision: 0.4478 - F1_score: 0.4793 - ce_loss: 0.0115 - ewc_loss: 412.5952 - loss: 0.0148 - 3s/epoch - 137ms/step
Epoch 260/300
epoch ends.
20/20 - 3s - iou_binarized: 0.4595 - iou: 0.3159 - recall: 0.5223 - precision: 0.4478 - F1_score: 0.4794 - ce_loss: 0.0115 - ewc_loss: 412.6420 - loss: 0.0148 - 3s/epoch - 133ms/step
Epoch 261/300
epoch ends.
20/20 - 3s - iou_binarized: 0.4595 - iou: 0.3159 - recall: 0.5224 - precision: 0.4479 - F1_score: 0.4794 - ce_loss: 0.0115 - ewc_loss: 412.6916 - loss: 0.0148 - 3s/epoch - 133ms/step
Epoch 262/300
epoch ends.
20/20 - 3s - iou_binarized: 0.4596 - iou: 0.3160 - recall: 0.5224 - precision: 0.4479 - F1_score: 0.4794 - ce_loss: 0.0115 - ewc_loss: 412.7401 - loss: 0.0148 - 3s/epoch - 137ms/step
Epoch 263/300
epoch ends.
20/20 - 3s - iou_binarized: 0.4596 - iou: 0.3160 - recall: 0.5224 - precision: 0.4479 - F1_score: 0.4794 - ce_loss: 0.0115 - ewc_loss: 412.7853 - loss: 0.0148 - 3s/epoch - 137ms/step
Epoch 264/300
epoch ends.
20/20 - 3s - iou_binarized: 0.4596 - iou: 0.3160 - recall: 0.5224 - precision: 0.4479 - F1_score: 0.4795 - ce_loss: 0.0115 - ewc_loss: 412.8344 - loss: 0.0148 - 3s/epoch - 140ms/step
Epoch 265/300
epoch ends.
20/20 - 3s - iou_binarized: 0.4596 - iou: 0.3160 - recall: 0.5224 - precision: 0.4480 - F1_score: 0.4795 - ce_loss: 0.0115 - ewc_loss: 412.8814 - loss: 0.0148 - 3s/epoch - 134ms/step
Epoch 266/300
epoch ends.
20/20 - 3s - iou_binarized: 0.4597 - iou: 0.3160 - recall: 0.5225 - precision: 0.4480 - F1_score: 0.4795 - ce_loss: 0.0115 - ewc_loss: 412.9328 - loss: 0.0148 - 3s/epoch - 134ms/step
Epoch 267/300
epoch ends.
20/20 - 3s - iou_binarized: 0.4597 - iou: 0.3161 - recall: 0.5225 - precision: 0.4480 - F1_score: 0.4795 - ce_loss: 0.0115 - ewc_loss: 412.9793 - loss: 0.0148 - 3s/epoch - 137ms/step
Epoch 268/300
epoch ends.
20/20 - 3s - iou_binarized: 0.4597 - iou: 0.3161 - recall: 0.5225 - precision: 0.4481 - F1_score: 0.4796 - ce_loss: 0.0115 - ewc_loss: 413.0233 - loss: 0.0148 - 3s/epoch - 137ms/step
Epoch 269/300
epoch ends.
20/20 - 3s - iou_binarized: 0.4598 - iou: 0.3161 - recall: 0.5225 - precision: 0.4481 - F1_score: 0.4796 - ce_loss: 0.0115 - ewc_loss: 413.0693 - loss: 0.0148 - 3s/epoch - 132ms/step
Epoch 270/300
epoch ends.
20/20 - 3s - iou_binarized: 0.4598 - iou: 0.3161 - recall: 0.5226 - precision: 0.4481 - F1_score: 0.4796 - ce_loss: 0.0115 - ewc_loss: 413.1146 - loss: 0.0148 - 3s/epoch - 133ms/step
Epoch 271/300
epoch ends.
20/20 - 3s - iou_binarized: 0.4599 - iou: 0.3162 - recall: 0.5226 - precision: 0.4481 - F1_score: 0.4796 - ce_loss: 0.0115 - ewc_loss: 413.1570 - loss: 0.0148 - 3s/epoch - 135ms/step
Epoch 272/300
epoch ends.
20/20 - 3s - iou_binarized: 0.4599 - iou: 0.3162 - recall: 0.5226 - precision: 0.4482 - F1_score: 0.4797 - ce_loss: 0.0115 - ewc_loss: 413.2031 - loss: 0.0148 - 3s/epoch - 134ms/step
Epoch 273/300
epoch ends.
20/20 - 3s - iou_binarized: 0.4599 - iou: 0.3162 - recall: 0.5226 - precision: 0.4482 - F1_score: 0.4797 - ce_loss: 0.0115 - ewc_loss: 413.2448 - loss: 0.0148 - 3s/epoch - 134ms/step
Epoch 274/300
epoch ends.
20/20 - 3s - iou_binarized: 0.4599 - iou: 0.3162 - recall: 0.5227 - precision: 0.4482 - F1_score: 0.4797 - ce_loss: 0.0115 - ewc_loss: 413.2882 - loss: 0.0148 - 3s/epoch - 134ms/step
Epoch 275/300
epoch ends.
20/20 - 3s - iou_binarized: 0.4599 - iou: 0.3162 - recall: 0.5227 - precision: 0.4482 - F1_score: 0.4797 - ce_loss: 0.0115 - ewc_loss: 413.3324 - loss: 0.0148 - 3s/epoch - 134ms/step
Epoch 276/300
epoch ends.
20/20 - 3s - iou_binarized: 0.4599 - iou: 0.3163 - recall: 0.5227 - precision: 0.4483 - F1_score: 0.4798 - ce_loss: 0.0115 - ewc_loss: 413.3737 - loss: 0.0148 - 3s/epoch - 133ms/step
Epoch 277/300
epoch ends.
20/20 - 3s - iou_binarized: 0.4599 - iou: 0.3163 - recall: 0.5227 - precision: 0.4483 - F1_score: 0.4798 - ce_loss: 0.0115 - ewc_loss: 413.4161 - loss: 0.0148 - 3s/epoch - 133ms/step
Epoch 278/300
epoch ends.
20/20 - 3s - iou_binarized: 0.4600 - iou: 0.3163 - recall: 0.5227 - precision: 0.4483 - F1_score: 0.4798 - ce_loss: 0.0115 - ewc_loss: 413.4563 - loss: 0.0148 - 3s/epoch - 136ms/step
Epoch 279/300
epoch ends.
20/20 - 3s - iou_binarized: 0.4600 - iou: 0.3163 - recall: 0.5228 - precision: 0.4483 - F1_score: 0.4798 - ce_loss: 0.0115 - ewc_loss: 413.5007 - loss: 0.0148 - 3s/epoch - 138ms/step
Epoch 280/300
epoch ends.
20/20 - 3s - iou_binarized: 0.4600 - iou: 0.3163 - recall: 0.5228 - precision: 0.4484 - F1_score: 0.4799 - ce_loss: 0.0115 - ewc_loss: 413.5385 - loss: 0.0148 - 3s/epoch - 134ms/step
Epoch 281/300
epoch ends.
20/20 - 3s - iou_binarized: 0.4600 - iou: 0.3164 - recall: 0.5228 - precision: 0.4484 - F1_score: 0.4799 - ce_loss: 0.0115 - ewc_loss: 413.5811 - loss: 0.0148 - 3s/epoch - 136ms/step
Epoch 282/300
epoch ends.
20/20 - 3s - iou_binarized: 0.4600 - iou: 0.3164 - recall: 0.5228 - precision: 0.4484 - F1_score: 0.4799 - ce_loss: 0.0115 - ewc_loss: 413.6225 - loss: 0.0148 - 3s/epoch - 135ms/step
Epoch 283/300
epoch ends.
20/20 - 3s - iou_binarized: 0.4600 - iou: 0.3164 - recall: 0.5229 - precision: 0.4484 - F1_score: 0.4799 - ce_loss: 0.0115 - ewc_loss: 413.6612 - loss: 0.0148 - 3s/epoch - 136ms/step
Epoch 284/300
epoch ends.
20/20 - 3s - iou_binarized: 0.4600 - iou: 0.3164 - recall: 0.5229 - precision: 0.4485 - F1_score: 0.4800 - ce_loss: 0.0115 - ewc_loss: 413.6997 - loss: 0.0148 - 3s/epoch - 135ms/step
Epoch 285/300
epoch ends.
20/20 - 3s - iou_binarized: 0.4601 - iou: 0.3164 - recall: 0.5229 - precision: 0.4485 - F1_score: 0.4800 - ce_loss: 0.0115 - ewc_loss: 413.7408 - loss: 0.0148 - 3s/epoch - 138ms/step
Epoch 286/300
epoch ends.
20/20 - 3s - iou_binarized: 0.4601 - iou: 0.3165 - recall: 0.5229 - precision: 0.4485 - F1_score: 0.4800 - ce_loss: 0.0115 - ewc_loss: 413.7760 - loss: 0.0148 - 3s/epoch - 140ms/step
Epoch 287/300
epoch ends.
20/20 - 3s - iou_binarized: 0.4601 - iou: 0.3165 - recall: 0.5229 - precision: 0.4485 - F1_score: 0.4800 - ce_loss: 0.0115 - ewc_loss: 413.8156 - loss: 0.0148 - 3s/epoch - 137ms/step
Epoch 288/300
epoch ends.
20/20 - 3s - iou_binarized: 0.4601 - iou: 0.3165 - recall: 0.5230 - precision: 0.4485 - F1_score: 0.4800 - ce_loss: 0.0115 - ewc_loss: 413.8529 - loss: 0.0148 - 3s/epoch - 137ms/step
Epoch 289/300
epoch ends.
20/20 - 3s - iou_binarized: 0.4601 - iou: 0.3165 - recall: 0.5230 - precision: 0.4486 - F1_score: 0.4801 - ce_loss: 0.0115 - ewc_loss: 413.8938 - loss: 0.0148 - 3s/epoch - 135ms/step
Epoch 290/300
epoch ends.
20/20 - 3s - iou_binarized: 0.4601 - iou: 0.3165 - recall: 0.5230 - precision: 0.4486 - F1_score: 0.4801 - ce_loss: 0.0115 - ewc_loss: 413.9305 - loss: 0.0148 - 3s/epoch - 136ms/step
Epoch 291/300
epoch ends.
20/20 - 3s - iou_binarized: 0.4602 - iou: 0.3166 - recall: 0.5230 - precision: 0.4486 - F1_score: 0.4801 - ce_loss: 0.0115 - ewc_loss: 413.9701 - loss: 0.0148 - 3s/epoch - 137ms/step
Epoch 292/300
epoch ends.
20/20 - 3s - iou_binarized: 0.4602 - iou: 0.3166 - recall: 0.5230 - precision: 0.4486 - F1_score: 0.4801 - ce_loss: 0.0115 - ewc_loss: 414.0064 - loss: 0.0148 - 3s/epoch - 136ms/step
Epoch 293/300
epoch ends.
20/20 - 3s - iou_binarized: 0.4602 - iou: 0.3166 - recall: 0.5231 - precision: 0.4487 - F1_score: 0.4801 - ce_loss: 0.0115 - ewc_loss: 414.0463 - loss: 0.0148 - 3s/epoch - 135ms/step
Epoch 294/300
epoch ends.
20/20 - 3s - iou_binarized: 0.4602 - iou: 0.3166 - recall: 0.5231 - precision: 0.4487 - F1_score: 0.4802 - ce_loss: 0.0115 - ewc_loss: 414.0797 - loss: 0.0148 - 3s/epoch - 135ms/step
Epoch 295/300
epoch ends.
20/20 - 3s - iou_binarized: 0.4603 - iou: 0.3166 - recall: 0.5231 - precision: 0.4487 - F1_score: 0.4802 - ce_loss: 0.0115 - ewc_loss: 414.1176 - loss: 0.0148 - 3s/epoch - 133ms/step
Epoch 296/300
epoch ends.
20/20 - 3s - iou_binarized: 0.4603 - iou: 0.3166 - recall: 0.5231 - precision: 0.4487 - F1_score: 0.4802 - ce_loss: 0.0115 - ewc_loss: 414.1531 - loss: 0.0148 - 3s/epoch - 137ms/step
Epoch 297/300
epoch ends.
20/20 - 3s - iou_binarized: 0.4603 - iou: 0.3167 - recall: 0.5231 - precision: 0.4487 - F1_score: 0.4802 - ce_loss: 0.0115 - ewc_loss: 414.1865 - loss: 0.0148 - 3s/epoch - 133ms/step
Epoch 298/300
epoch ends.
20/20 - 3s - iou_binarized: 0.4603 - iou: 0.3167 - recall: 0.5231 - precision: 0.4488 - F1_score: 0.4803 - ce_loss: 0.0115 - ewc_loss: 414.2223 - loss: 0.0148 - 3s/epoch - 134ms/step
Epoch 299/300
epoch ends.
20/20 - 3s - iou_binarized: 0.4603 - iou: 0.3167 - recall: 0.5232 - precision: 0.4488 - F1_score: 0.4803 - ce_loss: 0.0115 - ewc_loss: 414.2570 - loss: 0.0148 - 3s/epoch - 132ms/step
Epoch 300/300
epoch ends.
20/20 - 3s - iou_binarized: 0.4603 - iou: 0.3167 - recall: 0.5232 - precision: 0.4488 - F1_score: 0.4803 - ce_loss: 0.0115 - ewc_loss: 414.2927 - loss: 0.0148 - 3s/epoch - 134ms/step
