2022-07-15 02:20:17.830103: I tensorflow/core/platform/cpu_feature_guard.cc:151] This TensorFlow binary is optimized with oneAPI Deep Neural Network Library (oneDNN) to use the following CPU instructions in performance-critical operations:  AVX2 AVX512F FMA
To enable them in other operations, rebuild TensorFlow with the appropriate compiler flags.
2022-07-15 02:20:20.485992: I tensorflow/core/common_runtime/gpu/gpu_device.cc:1525] Created device /job:localhost/replica:0/task:0/device:GPU:0 with 14640 MB memory:  -> device: 0, name: Tesla V100-SXM2-16GB, pci bus id: 0000:61:00.0, compute capability: 7.0
2022-07-15 02:20:42.094606: I tensorflow/stream_executor/cuda/cuda_dnn.cc:368] Loaded cuDNN version 8400
Start.
/home/de532237/cancer/Bachelorarbeit/Data/AVM_2022/Turning/Train_aug/images/
Begin to read images from /home/de532237/cancer/Bachelorarbeit/Data/AVM_2022/Turning/Train_aug/images/
Begin to read masks from /home/de532237/cancer/Bachelorarbeit/Data/AVM_2022/Turning/Train_aug/masks/
/home/de532237/cancer/Bachelorarbeit/Data/AVM_2022/Turning/Inference_aug/images/
Begin to read images from /home/de532237/cancer/Bachelorarbeit/Data/AVM_2022/Turning/Inference_aug/images/
Begin to read masks from /home/de532237/cancer/Bachelorarbeit/Data/AVM_2022/Turning/Inference_aug/masks/
/home/de532237/cancer/Bachelorarbeit/Data/AVM_2022/Milling/Train_aug/images/
Begin to read images from /home/de532237/cancer/Bachelorarbeit/Data/AVM_2022/Milling/Train_aug/images/
Begin to read masks from /home/de532237/cancer/Bachelorarbeit/Data/AVM_2022/Milling/Train_aug/masks/
/home/de532237/cancer/Bachelorarbeit/Data/AVM_2022/Milling/Inference_aug/images/
Begin to read images from /home/de532237/cancer/Bachelorarbeit/Data/AVM_2022/Milling/Inference_aug/images/
Begin to read masks from /home/de532237/cancer/Bachelorarbeit/Data/AVM_2022/Milling/Inference_aug/masks/
X_train   (160, 512, 512, 1)
Y_train   (160, 512, 512, 2)
train begins.
Epoch 1/300
epoch ends.
20/20 - 6s - iou_binarized: 0.1741 - iou: 0.0846 - recall: 0.3057 - precision: 0.1068 - F1_score: 0.1548 - s_loss: 0.0251 - t_loss: 0.0374 - dist_loss: 0.0903 - loss: 0.0974 - 6s/epoch - 303ms/step
Epoch 2/300
epoch ends.
20/20 - 4s - iou_binarized: 0.3228 - iou: 0.1138 - recall: 0.4224 - precision: 0.1352 - F1_score: 0.2039 - s_loss: 0.0200 - t_loss: 0.0374 - dist_loss: 0.0932 - loss: 0.0946 - 4s/epoch - 182ms/step
Epoch 3/300
epoch ends.
20/20 - 4s - iou_binarized: 0.4030 - iou: 0.1310 - recall: 0.4708 - precision: 0.1544 - F1_score: 0.2313 - s_loss: 0.0205 - t_loss: 0.0374 - dist_loss: 0.0920 - loss: 0.0941 - 4s/epoch - 184ms/step
Epoch 4/300
epoch ends.
20/20 - 4s - iou_binarized: 0.4266 - iou: 0.1350 - recall: 0.4838 - precision: 0.1585 - F1_score: 0.2375 - s_loss: 0.0203 - t_loss: 0.0374 - dist_loss: 0.0918 - loss: 0.0937 - 4s/epoch - 184ms/step
Epoch 5/300
epoch ends.
20/20 - 4s - iou_binarized: 0.4443 - iou: 0.1386 - recall: 0.4950 - precision: 0.1622 - F1_score: 0.2432 - s_loss: 0.0198 - t_loss: 0.0374 - dist_loss: 0.0921 - loss: 0.0935 - 4s/epoch - 183ms/step
Epoch 6/300
epoch ends.
20/20 - 4s - iou_binarized: 0.4607 - iou: 0.1419 - recall: 0.5051 - precision: 0.1657 - F1_score: 0.2482 - s_loss: 0.0195 - t_loss: 0.0374 - dist_loss: 0.0922 - loss: 0.0933 - 4s/epoch - 180ms/step
Epoch 7/300
epoch ends.
20/20 - 4s - iou_binarized: 0.4742 - iou: 0.1446 - recall: 0.5133 - precision: 0.1685 - F1_score: 0.2524 - s_loss: 0.0193 - t_loss: 0.0374 - dist_loss: 0.0922 - loss: 0.0931 - 4s/epoch - 181ms/step
Epoch 8/300
epoch ends.
20/20 - 4s - iou_binarized: 0.4854 - iou: 0.1470 - recall: 0.5202 - precision: 0.1709 - F1_score: 0.2559 - s_loss: 0.0192 - t_loss: 0.0374 - dist_loss: 0.0922 - loss: 0.0930 - 4s/epoch - 181ms/step
Epoch 9/300
epoch ends.
20/20 - 4s - iou_binarized: 0.4958 - iou: 0.1490 - recall: 0.5262 - precision: 0.1729 - F1_score: 0.2590 - s_loss: 0.0190 - t_loss: 0.0374 - dist_loss: 0.0922 - loss: 0.0928 - 4s/epoch - 181ms/step
Epoch 10/300
epoch ends.
20/20 - 4s - iou_binarized: 0.5045 - iou: 0.1508 - recall: 0.5313 - precision: 0.1747 - F1_score: 0.2617 - s_loss: 0.0189 - t_loss: 0.0374 - dist_loss: 0.0922 - loss: 0.0927 - 4s/epoch - 181ms/step
Epoch 11/300
epoch ends.
20/20 - 4s - iou_binarized: 0.5125 - iou: 0.1523 - recall: 0.5358 - precision: 0.1762 - F1_score: 0.2640 - s_loss: 0.0188 - t_loss: 0.0374 - dist_loss: 0.0922 - loss: 0.0926 - 4s/epoch - 180ms/step
Epoch 12/300
epoch ends.
20/20 - 4s - iou_binarized: 0.5195 - iou: 0.1537 - recall: 0.5397 - precision: 0.1776 - F1_score: 0.2660 - s_loss: 0.0187 - t_loss: 0.0374 - dist_loss: 0.0922 - loss: 0.0924 - 4s/epoch - 180ms/step
Epoch 13/300
epoch ends.
20/20 - 4s - iou_binarized: 0.5261 - iou: 0.1549 - recall: 0.5432 - precision: 0.1788 - F1_score: 0.2678 - s_loss: 0.0186 - t_loss: 0.0374 - dist_loss: 0.0922 - loss: 0.0923 - 4s/epoch - 179ms/step
Epoch 14/300
epoch ends.
20/20 - 4s - iou_binarized: 0.5320 - iou: 0.1560 - recall: 0.5463 - precision: 0.1799 - F1_score: 0.2695 - s_loss: 0.0185 - t_loss: 0.0374 - dist_loss: 0.0922 - loss: 0.0923 - 4s/epoch - 181ms/step
Epoch 15/300
epoch ends.
20/20 - 4s - iou_binarized: 0.5372 - iou: 0.1570 - recall: 0.5492 - precision: 0.1809 - F1_score: 0.2710 - s_loss: 0.0184 - t_loss: 0.0374 - dist_loss: 0.0922 - loss: 0.0922 - 4s/epoch - 180ms/step
Epoch 16/300
epoch ends.
20/20 - 4s - iou_binarized: 0.5419 - iou: 0.1579 - recall: 0.5518 - precision: 0.1818 - F1_score: 0.2723 - s_loss: 0.0183 - t_loss: 0.0374 - dist_loss: 0.0923 - loss: 0.0921 - 4s/epoch - 180ms/step
Epoch 17/300
epoch ends.
20/20 - 4s - iou_binarized: 0.5464 - iou: 0.1588 - recall: 0.5542 - precision: 0.1826 - F1_score: 0.2736 - s_loss: 0.0182 - t_loss: 0.0374 - dist_loss: 0.0923 - loss: 0.0920 - 4s/epoch - 182ms/step
Epoch 18/300
epoch ends.
20/20 - 4s - iou_binarized: 0.5502 - iou: 0.1596 - recall: 0.5564 - precision: 0.1834 - F1_score: 0.2748 - s_loss: 0.0182 - t_loss: 0.0374 - dist_loss: 0.0923 - loss: 0.0920 - 4s/epoch - 180ms/step
Epoch 19/300
epoch ends.
20/20 - 4s - iou_binarized: 0.5542 - iou: 0.1603 - recall: 0.5585 - precision: 0.1842 - F1_score: 0.2759 - s_loss: 0.0181 - t_loss: 0.0374 - dist_loss: 0.0923 - loss: 0.0919 - 4s/epoch - 182ms/step
Epoch 20/300
epoch ends.
20/20 - 4s - iou_binarized: 0.5578 - iou: 0.1610 - recall: 0.5605 - precision: 0.1848 - F1_score: 0.2769 - s_loss: 0.0180 - t_loss: 0.0374 - dist_loss: 0.0923 - loss: 0.0919 - 4s/epoch - 186ms/step
Epoch 21/300
epoch ends.
20/20 - 4s - iou_binarized: 0.5612 - iou: 0.1617 - recall: 0.5623 - precision: 0.1855 - F1_score: 0.2778 - s_loss: 0.0180 - t_loss: 0.0374 - dist_loss: 0.0924 - loss: 0.0918 - 4s/epoch - 182ms/step
Epoch 22/300
epoch ends.
20/20 - 4s - iou_binarized: 0.5645 - iou: 0.1623 - recall: 0.5640 - precision: 0.1861 - F1_score: 0.2788 - s_loss: 0.0179 - t_loss: 0.0374 - dist_loss: 0.0924 - loss: 0.0918 - 4s/epoch - 180ms/step
Epoch 23/300
epoch ends.
20/20 - 4s - iou_binarized: 0.5678 - iou: 0.1629 - recall: 0.5657 - precision: 0.1867 - F1_score: 0.2796 - s_loss: 0.0178 - t_loss: 0.0374 - dist_loss: 0.0924 - loss: 0.0918 - 4s/epoch - 180ms/step
Epoch 24/300
epoch ends.
20/20 - 4s - iou_binarized: 0.5709 - iou: 0.1634 - recall: 0.5672 - precision: 0.1872 - F1_score: 0.2804 - s_loss: 0.0178 - t_loss: 0.0374 - dist_loss: 0.0924 - loss: 0.0917 - 4s/epoch - 179ms/step
Epoch 25/300
epoch ends.
20/20 - 4s - iou_binarized: 0.5736 - iou: 0.1639 - recall: 0.5687 - precision: 0.1878 - F1_score: 0.2812 - s_loss: 0.0177 - t_loss: 0.0374 - dist_loss: 0.0924 - loss: 0.0917 - 4s/epoch - 181ms/step
Epoch 26/300
epoch ends.
20/20 - 4s - iou_binarized: 0.5765 - iou: 0.1644 - recall: 0.5701 - precision: 0.1883 - F1_score: 0.2819 - s_loss: 0.0177 - t_loss: 0.0374 - dist_loss: 0.0924 - loss: 0.0916 - 4s/epoch - 178ms/step
Epoch 27/300
epoch ends.
20/20 - 4s - iou_binarized: 0.5792 - iou: 0.1649 - recall: 0.5714 - precision: 0.1887 - F1_score: 0.2826 - s_loss: 0.0177 - t_loss: 0.0374 - dist_loss: 0.0925 - loss: 0.0916 - 4s/epoch - 179ms/step
Epoch 28/300
epoch ends.
20/20 - 4s - iou_binarized: 0.5817 - iou: 0.1654 - recall: 0.5727 - precision: 0.1892 - F1_score: 0.2833 - s_loss: 0.0176 - t_loss: 0.0374 - dist_loss: 0.0925 - loss: 0.0916 - 4s/epoch - 180ms/step
Epoch 29/300
epoch ends.
20/20 - 4s - iou_binarized: 0.5843 - iou: 0.1658 - recall: 0.5739 - precision: 0.1896 - F1_score: 0.2839 - s_loss: 0.0176 - t_loss: 0.0374 - dist_loss: 0.0925 - loss: 0.0916 - 4s/epoch - 181ms/step
Epoch 30/300
epoch ends.
20/20 - 4s - iou_binarized: 0.5864 - iou: 0.1662 - recall: 0.5751 - precision: 0.1900 - F1_score: 0.2846 - s_loss: 0.0175 - t_loss: 0.0374 - dist_loss: 0.0925 - loss: 0.0915 - 4s/epoch - 180ms/step
Epoch 31/300
epoch ends.
20/20 - 4s - iou_binarized: 0.5887 - iou: 0.1666 - recall: 0.5762 - precision: 0.1904 - F1_score: 0.2851 - s_loss: 0.0175 - t_loss: 0.0374 - dist_loss: 0.0925 - loss: 0.0915 - 4s/epoch - 180ms/step
Epoch 32/300
epoch ends.
20/20 - 4s - iou_binarized: 0.5909 - iou: 0.1670 - recall: 0.5773 - precision: 0.1908 - F1_score: 0.2857 - s_loss: 0.0175 - t_loss: 0.0374 - dist_loss: 0.0925 - loss: 0.0915 - 4s/epoch - 189ms/step
Epoch 33/300
epoch ends.
20/20 - 4s - iou_binarized: 0.5932 - iou: 0.1674 - recall: 0.5783 - precision: 0.1911 - F1_score: 0.2862 - s_loss: 0.0174 - t_loss: 0.0374 - dist_loss: 0.0925 - loss: 0.0915 - 4s/epoch - 180ms/step
Epoch 34/300
epoch ends.
20/20 - 4s - iou_binarized: 0.5952 - iou: 0.1677 - recall: 0.5793 - precision: 0.1915 - F1_score: 0.2868 - s_loss: 0.0174 - t_loss: 0.0374 - dist_loss: 0.0926 - loss: 0.0915 - 4s/epoch - 180ms/step
Epoch 35/300
epoch ends.
20/20 - 4s - iou_binarized: 0.5972 - iou: 0.1681 - recall: 0.5802 - precision: 0.1918 - F1_score: 0.2872 - s_loss: 0.0174 - t_loss: 0.0374 - dist_loss: 0.0926 - loss: 0.0914 - 4s/epoch - 180ms/step
Epoch 36/300
epoch ends.
20/20 - 4s - iou_binarized: 0.5990 - iou: 0.1684 - recall: 0.5811 - precision: 0.1921 - F1_score: 0.2877 - s_loss: 0.0174 - t_loss: 0.0374 - dist_loss: 0.0926 - loss: 0.0914 - 4s/epoch - 186ms/step
Epoch 37/300
epoch ends.
20/20 - 4s - iou_binarized: 0.6007 - iou: 0.1687 - recall: 0.5820 - precision: 0.1924 - F1_score: 0.2882 - s_loss: 0.0173 - t_loss: 0.0374 - dist_loss: 0.0926 - loss: 0.0914 - 4s/epoch - 185ms/step
Epoch 38/300
epoch ends.
20/20 - 4s - iou_binarized: 0.6025 - iou: 0.1690 - recall: 0.5829 - precision: 0.1927 - F1_score: 0.2886 - s_loss: 0.0173 - t_loss: 0.0374 - dist_loss: 0.0926 - loss: 0.0914 - 4s/epoch - 183ms/step
Epoch 39/300
epoch ends.
20/20 - 4s - iou_binarized: 0.6041 - iou: 0.1693 - recall: 0.5837 - precision: 0.1930 - F1_score: 0.2890 - s_loss: 0.0173 - t_loss: 0.0374 - dist_loss: 0.0926 - loss: 0.0914 - 4s/epoch - 180ms/step
Epoch 40/300
epoch ends.
20/20 - 4s - iou_binarized: 0.6060 - iou: 0.1696 - recall: 0.5845 - precision: 0.1933 - F1_score: 0.2894 - s_loss: 0.0172 - t_loss: 0.0374 - dist_loss: 0.0927 - loss: 0.0914 - 4s/epoch - 180ms/step
Epoch 41/300
epoch ends.
20/20 - 4s - iou_binarized: 0.6075 - iou: 0.1699 - recall: 0.5852 - precision: 0.1936 - F1_score: 0.2898 - s_loss: 0.0172 - t_loss: 0.0374 - dist_loss: 0.0927 - loss: 0.0914 - 4s/epoch - 181ms/step
Epoch 42/300
epoch ends.
20/20 - 4s - iou_binarized: 0.6091 - iou: 0.1701 - recall: 0.5860 - precision: 0.1938 - F1_score: 0.2902 - s_loss: 0.0172 - t_loss: 0.0374 - dist_loss: 0.0927 - loss: 0.0913 - 4s/epoch - 180ms/step
Epoch 43/300
epoch ends.
20/20 - 4s - iou_binarized: 0.6106 - iou: 0.1704 - recall: 0.5867 - precision: 0.1940 - F1_score: 0.2906 - s_loss: 0.0171 - t_loss: 0.0374 - dist_loss: 0.0927 - loss: 0.0913 - 4s/epoch - 179ms/step
Epoch 44/300
epoch ends.
20/20 - 4s - iou_binarized: 0.6121 - iou: 0.1706 - recall: 0.5874 - precision: 0.1943 - F1_score: 0.2909 - s_loss: 0.0171 - t_loss: 0.0374 - dist_loss: 0.0927 - loss: 0.0913 - 4s/epoch - 179ms/step
Epoch 45/300
epoch ends.
20/20 - 4s - iou_binarized: 0.6136 - iou: 0.1709 - recall: 0.5881 - precision: 0.1945 - F1_score: 0.2913 - s_loss: 0.0171 - t_loss: 0.0374 - dist_loss: 0.0928 - loss: 0.0913 - 4s/epoch - 180ms/step
Epoch 46/300
epoch ends.
20/20 - 4s - iou_binarized: 0.6149 - iou: 0.1711 - recall: 0.5887 - precision: 0.1947 - F1_score: 0.2916 - s_loss: 0.0171 - t_loss: 0.0374 - dist_loss: 0.0928 - loss: 0.0913 - 4s/epoch - 181ms/step
Epoch 47/300
epoch ends.
20/20 - 4s - iou_binarized: 0.6163 - iou: 0.1713 - recall: 0.5894 - precision: 0.1949 - F1_score: 0.2919 - s_loss: 0.0170 - t_loss: 0.0374 - dist_loss: 0.0928 - loss: 0.0913 - 4s/epoch - 180ms/step
Epoch 48/300
epoch ends.
20/20 - 4s - iou_binarized: 0.6177 - iou: 0.1715 - recall: 0.5900 - precision: 0.1951 - F1_score: 0.2923 - s_loss: 0.0170 - t_loss: 0.0374 - dist_loss: 0.0928 - loss: 0.0912 - 4s/epoch - 179ms/step
Epoch 49/300
epoch ends.
20/20 - 4s - iou_binarized: 0.6189 - iou: 0.1717 - recall: 0.5906 - precision: 0.1953 - F1_score: 0.2926 - s_loss: 0.0170 - t_loss: 0.0374 - dist_loss: 0.0928 - loss: 0.0912 - 4s/epoch - 180ms/step
Epoch 50/300
epoch ends.
20/20 - 4s - iou_binarized: 0.6201 - iou: 0.1719 - recall: 0.5912 - precision: 0.1955 - F1_score: 0.2929 - s_loss: 0.0170 - t_loss: 0.0374 - dist_loss: 0.0928 - loss: 0.0912 - 4s/epoch - 180ms/step
Epoch 51/300
epoch ends.
20/20 - 4s - iou_binarized: 0.6214 - iou: 0.1721 - recall: 0.5917 - precision: 0.1957 - F1_score: 0.2932 - s_loss: 0.0170 - t_loss: 0.0374 - dist_loss: 0.0928 - loss: 0.0912 - 4s/epoch - 179ms/step
Epoch 52/300
epoch ends.
20/20 - 4s - iou_binarized: 0.6226 - iou: 0.1723 - recall: 0.5923 - precision: 0.1959 - F1_score: 0.2934 - s_loss: 0.0170 - t_loss: 0.0374 - dist_loss: 0.0927 - loss: 0.0912 - 4s/epoch - 180ms/step
Epoch 53/300
epoch ends.
20/20 - 4s - iou_binarized: 0.6239 - iou: 0.1725 - recall: 0.5928 - precision: 0.1961 - F1_score: 0.2937 - s_loss: 0.0170 - t_loss: 0.0374 - dist_loss: 0.0927 - loss: 0.0912 - 4s/epoch - 186ms/step
Epoch 54/300
epoch ends.
20/20 - 4s - iou_binarized: 0.6250 - iou: 0.1727 - recall: 0.5933 - precision: 0.1963 - F1_score: 0.2940 - s_loss: 0.0170 - t_loss: 0.0374 - dist_loss: 0.0927 - loss: 0.0912 - 4s/epoch - 182ms/step
Epoch 55/300
epoch ends.
20/20 - 4s - iou_binarized: 0.6262 - iou: 0.1729 - recall: 0.5938 - precision: 0.1965 - F1_score: 0.2942 - s_loss: 0.0170 - t_loss: 0.0374 - dist_loss: 0.0927 - loss: 0.0912 - 4s/epoch - 182ms/step
Epoch 56/300
epoch ends.
20/20 - 4s - iou_binarized: 0.6273 - iou: 0.1731 - recall: 0.5943 - precision: 0.1966 - F1_score: 0.2945 - s_loss: 0.0170 - t_loss: 0.0374 - dist_loss: 0.0927 - loss: 0.0911 - 4s/epoch - 180ms/step
Epoch 57/300
epoch ends.
20/20 - 4s - iou_binarized: 0.6284 - iou: 0.1732 - recall: 0.5948 - precision: 0.1968 - F1_score: 0.2947 - s_loss: 0.0170 - t_loss: 0.0374 - dist_loss: 0.0927 - loss: 0.0911 - 4s/epoch - 180ms/step
Epoch 58/300
epoch ends.
20/20 - 4s - iou_binarized: 0.6295 - iou: 0.1734 - recall: 0.5952 - precision: 0.1970 - F1_score: 0.2950 - s_loss: 0.0170 - t_loss: 0.0374 - dist_loss: 0.0927 - loss: 0.0911 - 4s/epoch - 179ms/step
Epoch 59/300
epoch ends.
20/20 - 4s - iou_binarized: 0.6306 - iou: 0.1736 - recall: 0.5957 - precision: 0.1971 - F1_score: 0.2952 - s_loss: 0.0170 - t_loss: 0.0374 - dist_loss: 0.0927 - loss: 0.0911 - 4s/epoch - 180ms/step
Epoch 60/300
epoch ends.
20/20 - 4s - iou_binarized: 0.6317 - iou: 0.1737 - recall: 0.5961 - precision: 0.1973 - F1_score: 0.2955 - s_loss: 0.0170 - t_loss: 0.0374 - dist_loss: 0.0926 - loss: 0.0911 - 4s/epoch - 181ms/step
Epoch 61/300
epoch ends.
20/20 - 4s - iou_binarized: 0.6328 - iou: 0.1739 - recall: 0.5965 - precision: 0.1975 - F1_score: 0.2957 - s_loss: 0.0170 - t_loss: 0.0374 - dist_loss: 0.0926 - loss: 0.0911 - 4s/epoch - 181ms/step
Epoch 62/300
epoch ends.
20/20 - 4s - iou_binarized: 0.6338 - iou: 0.1740 - recall: 0.5969 - precision: 0.1976 - F1_score: 0.2959 - s_loss: 0.0170 - t_loss: 0.0374 - dist_loss: 0.0926 - loss: 0.0911 - 4s/epoch - 181ms/step
Epoch 63/300
epoch ends.
20/20 - 4s - iou_binarized: 0.6348 - iou: 0.1742 - recall: 0.5973 - precision: 0.1977 - F1_score: 0.2961 - s_loss: 0.0170 - t_loss: 0.0374 - dist_loss: 0.0926 - loss: 0.0911 - 4s/epoch - 181ms/step
Epoch 64/300
epoch ends.
20/20 - 4s - iou_binarized: 0.6359 - iou: 0.1743 - recall: 0.5977 - precision: 0.1979 - F1_score: 0.2963 - s_loss: 0.0170 - t_loss: 0.0374 - dist_loss: 0.0925 - loss: 0.0911 - 4s/epoch - 183ms/step
Epoch 65/300
epoch ends.
20/20 - 4s - iou_binarized: 0.6367 - iou: 0.1745 - recall: 0.5981 - precision: 0.1980 - F1_score: 0.2965 - s_loss: 0.0171 - t_loss: 0.0374 - dist_loss: 0.0925 - loss: 0.0911 - 4s/epoch - 181ms/step
Epoch 66/300
epoch ends.
20/20 - 4s - iou_binarized: 0.6376 - iou: 0.1746 - recall: 0.5985 - precision: 0.1982 - F1_score: 0.2967 - s_loss: 0.0171 - t_loss: 0.0374 - dist_loss: 0.0925 - loss: 0.0911 - 4s/epoch - 181ms/step
Epoch 67/300
epoch ends.
20/20 - 4s - iou_binarized: 0.6385 - iou: 0.1747 - recall: 0.5988 - precision: 0.1983 - F1_score: 0.2969 - s_loss: 0.0171 - t_loss: 0.0374 - dist_loss: 0.0924 - loss: 0.0911 - 4s/epoch - 182ms/step
Epoch 68/300
epoch ends.
20/20 - 4s - iou_binarized: 0.6393 - iou: 0.1749 - recall: 0.5992 - precision: 0.1984 - F1_score: 0.2971 - s_loss: 0.0171 - t_loss: 0.0374 - dist_loss: 0.0924 - loss: 0.0910 - 4s/epoch - 180ms/step
Epoch 69/300
epoch ends.
20/20 - 4s - iou_binarized: 0.6402 - iou: 0.1750 - recall: 0.5995 - precision: 0.1986 - F1_score: 0.2973 - s_loss: 0.0171 - t_loss: 0.0374 - dist_loss: 0.0924 - loss: 0.0910 - 4s/epoch - 183ms/step
Epoch 70/300
epoch ends.
20/20 - 4s - iou_binarized: 0.6410 - iou: 0.1751 - recall: 0.5999 - precision: 0.1987 - F1_score: 0.2975 - s_loss: 0.0171 - t_loss: 0.0374 - dist_loss: 0.0924 - loss: 0.0910 - 4s/epoch - 185ms/step
Epoch 71/300
epoch ends.
20/20 - 4s - iou_binarized: 0.6418 - iou: 0.1753 - recall: 0.6002 - precision: 0.1988 - F1_score: 0.2977 - s_loss: 0.0172 - t_loss: 0.0374 - dist_loss: 0.0924 - loss: 0.0910 - 4s/epoch - 182ms/step
Epoch 72/300
epoch ends.
20/20 - 4s - iou_binarized: 0.6426 - iou: 0.1754 - recall: 0.6005 - precision: 0.1989 - F1_score: 0.2979 - s_loss: 0.0171 - t_loss: 0.0374 - dist_loss: 0.0923 - loss: 0.0910 - 4s/epoch - 181ms/step
Epoch 73/300
epoch ends.
20/20 - 4s - iou_binarized: 0.6434 - iou: 0.1755 - recall: 0.6009 - precision: 0.1991 - F1_score: 0.2980 - s_loss: 0.0171 - t_loss: 0.0374 - dist_loss: 0.0924 - loss: 0.0910 - 4s/epoch - 182ms/step
Epoch 74/300
epoch ends.
20/20 - 4s - iou_binarized: 0.6442 - iou: 0.1756 - recall: 0.6012 - precision: 0.1992 - F1_score: 0.2982 - s_loss: 0.0171 - t_loss: 0.0374 - dist_loss: 0.0924 - loss: 0.0910 - 4s/epoch - 180ms/step
Epoch 75/300
epoch ends.
20/20 - 4s - iou_binarized: 0.6450 - iou: 0.1757 - recall: 0.6016 - precision: 0.1993 - F1_score: 0.2984 - s_loss: 0.0171 - t_loss: 0.0374 - dist_loss: 0.0924 - loss: 0.0910 - 4s/epoch - 181ms/step
Epoch 76/300
epoch ends.
20/20 - 4s - iou_binarized: 0.6457 - iou: 0.1759 - recall: 0.6019 - precision: 0.1994 - F1_score: 0.2985 - s_loss: 0.0171 - t_loss: 0.0374 - dist_loss: 0.0924 - loss: 0.0910 - 4s/epoch - 179ms/step
Epoch 77/300
epoch ends.
20/20 - 4s - iou_binarized: 0.6466 - iou: 0.1760 - recall: 0.6022 - precision: 0.1995 - F1_score: 0.2987 - s_loss: 0.0171 - t_loss: 0.0374 - dist_loss: 0.0924 - loss: 0.0910 - 4s/epoch - 181ms/step
Epoch 78/300
epoch ends.
20/20 - 4s - iou_binarized: 0.6473 - iou: 0.1761 - recall: 0.6025 - precision: 0.1996 - F1_score: 0.2989 - s_loss: 0.0170 - t_loss: 0.0374 - dist_loss: 0.0924 - loss: 0.0910 - 4s/epoch - 180ms/step
Epoch 79/300
epoch ends.
20/20 - 4s - iou_binarized: 0.6481 - iou: 0.1762 - recall: 0.6028 - precision: 0.1997 - F1_score: 0.2990 - s_loss: 0.0170 - t_loss: 0.0374 - dist_loss: 0.0924 - loss: 0.0910 - 4s/epoch - 180ms/step
Epoch 80/300
epoch ends.
20/20 - 4s - iou_binarized: 0.6488 - iou: 0.1763 - recall: 0.6031 - precision: 0.1998 - F1_score: 0.2992 - s_loss: 0.0171 - t_loss: 0.0374 - dist_loss: 0.0924 - loss: 0.0910 - 4s/epoch - 181ms/step
Epoch 81/300
epoch ends.
20/20 - 4s - iou_binarized: 0.6495 - iou: 0.1764 - recall: 0.6034 - precision: 0.1999 - F1_score: 0.2993 - s_loss: 0.0171 - t_loss: 0.0374 - dist_loss: 0.0924 - loss: 0.0910 - 4s/epoch - 180ms/step
Epoch 82/300
epoch ends.
20/20 - 4s - iou_binarized: 0.6501 - iou: 0.1765 - recall: 0.6037 - precision: 0.2000 - F1_score: 0.2995 - s_loss: 0.0171 - t_loss: 0.0374 - dist_loss: 0.0924 - loss: 0.0910 - 4s/epoch - 181ms/step
Epoch 83/300
epoch ends.
20/20 - 4s - iou_binarized: 0.6508 - iou: 0.1766 - recall: 0.6039 - precision: 0.2001 - F1_score: 0.2996 - s_loss: 0.0171 - t_loss: 0.0374 - dist_loss: 0.0923 - loss: 0.0910 - 4s/epoch - 182ms/step
Epoch 84/300
epoch ends.
20/20 - 4s - iou_binarized: 0.6513 - iou: 0.1767 - recall: 0.6041 - precision: 0.2002 - F1_score: 0.2997 - s_loss: 0.0172 - t_loss: 0.0374 - dist_loss: 0.0923 - loss: 0.0910 - 4s/epoch - 179ms/step
Epoch 85/300
epoch ends.
20/20 - 4s - iou_binarized: 0.6517 - iou: 0.1768 - recall: 0.6044 - precision: 0.2003 - F1_score: 0.2999 - s_loss: 0.0172 - t_loss: 0.0374 - dist_loss: 0.0922 - loss: 0.0910 - 4s/epoch - 182ms/step
Epoch 86/300
epoch ends.
20/20 - 4s - iou_binarized: 0.6520 - iou: 0.1769 - recall: 0.6045 - precision: 0.2004 - F1_score: 0.3000 - s_loss: 0.0173 - t_loss: 0.0374 - dist_loss: 0.0921 - loss: 0.0910 - 4s/epoch - 187ms/step
Epoch 87/300
epoch ends.
20/20 - 4s - iou_binarized: 0.6525 - iou: 0.1769 - recall: 0.6046 - precision: 0.2005 - F1_score: 0.3001 - s_loss: 0.0174 - t_loss: 0.0374 - dist_loss: 0.0920 - loss: 0.0910 - 4s/epoch - 183ms/step
Epoch 88/300
epoch ends.
20/20 - 4s - iou_binarized: 0.6528 - iou: 0.1771 - recall: 0.6046 - precision: 0.2007 - F1_score: 0.3004 - s_loss: 0.0171 - t_loss: 0.0374 - dist_loss: 0.0923 - loss: 0.0909 - 4s/epoch - 181ms/step
Epoch 89/300
epoch ends.
20/20 - 4s - iou_binarized: 0.6537 - iou: 0.1773 - recall: 0.6052 - precision: 0.2010 - F1_score: 0.3007 - s_loss: 0.0162 - t_loss: 0.0374 - dist_loss: 0.0936 - loss: 0.0911 - 4s/epoch - 182ms/step
Epoch 90/300
epoch ends.
20/20 - 4s - iou_binarized: 0.6560 - iou: 0.1774 - recall: 0.6067 - precision: 0.2010 - F1_score: 0.3006 - s_loss: 0.0157 - t_loss: 0.0374 - dist_loss: 0.0944 - loss: 0.0912 - 4s/epoch - 180ms/step
Epoch 91/300
epoch ends.
20/20 - 4s - iou_binarized: 0.6547 - iou: 0.1770 - recall: 0.6054 - precision: 0.2005 - F1_score: 0.3002 - s_loss: 0.0170 - t_loss: 0.0374 - dist_loss: 0.0924 - loss: 0.0910 - 4s/epoch - 180ms/step
Epoch 92/300
epoch ends.
20/20 - 4s - iou_binarized: 0.6551 - iou: 0.1773 - recall: 0.6052 - precision: 0.2010 - F1_score: 0.3006 - s_loss: 0.0162 - t_loss: 0.0374 - dist_loss: 0.0935 - loss: 0.0910 - 4s/epoch - 181ms/step
Epoch 93/300
epoch ends.
20/20 - 4s - iou_binarized: 0.6566 - iou: 0.1774 - recall: 0.6071 - precision: 0.2009 - F1_score: 0.3008 - s_loss: 0.0165 - t_loss: 0.0374 - dist_loss: 0.0931 - loss: 0.0909 - 4s/epoch - 180ms/step
Epoch 94/300
epoch ends.
20/20 - 4s - iou_binarized: 0.6568 - iou: 0.1775 - recall: 0.6063 - precision: 0.2010 - F1_score: 0.3009 - s_loss: 0.0166 - t_loss: 0.0374 - dist_loss: 0.0929 - loss: 0.0909 - 4s/epoch - 179ms/step
Epoch 95/300
epoch ends.
20/20 - 4s - iou_binarized: 0.6570 - iou: 0.1776 - recall: 0.6067 - precision: 0.2011 - F1_score: 0.3010 - s_loss: 0.0165 - t_loss: 0.0374 - dist_loss: 0.0931 - loss: 0.0909 - 4s/epoch - 180ms/step
Epoch 96/300
epoch ends.
20/20 - 4s - iou_binarized: 0.6580 - iou: 0.1777 - recall: 0.6071 - precision: 0.2012 - F1_score: 0.3011 - s_loss: 0.0165 - t_loss: 0.0374 - dist_loss: 0.0931 - loss: 0.0909 - 4s/epoch - 182ms/step
Epoch 97/300
epoch ends.
20/20 - 4s - iou_binarized: 0.6581 - iou: 0.1777 - recall: 0.6071 - precision: 0.2012 - F1_score: 0.3012 - s_loss: 0.0165 - t_loss: 0.0374 - dist_loss: 0.0930 - loss: 0.0909 - 4s/epoch - 180ms/step
Epoch 98/300
epoch ends.
20/20 - 4s - iou_binarized: 0.6585 - iou: 0.1778 - recall: 0.6072 - precision: 0.2012 - F1_score: 0.3013 - s_loss: 0.0165 - t_loss: 0.0374 - dist_loss: 0.0930 - loss: 0.0909 - 4s/epoch - 190ms/step
Epoch 99/300
epoch ends.
20/20 - 4s - iou_binarized: 0.6589 - iou: 0.1778 - recall: 0.6074 - precision: 0.2013 - F1_score: 0.3014 - s_loss: 0.0165 - t_loss: 0.0374 - dist_loss: 0.0930 - loss: 0.0909 - 4s/epoch - 180ms/step
Epoch 100/300
epoch ends.
20/20 - 4s - iou_binarized: 0.6593 - iou: 0.1779 - recall: 0.6076 - precision: 0.2013 - F1_score: 0.3014 - s_loss: 0.0165 - t_loss: 0.0374 - dist_loss: 0.0930 - loss: 0.0909 - 4s/epoch - 182ms/step
Epoch 101/300
epoch ends.
20/20 - 4s - iou_binarized: 0.6596 - iou: 0.1779 - recall: 0.6077 - precision: 0.2014 - F1_score: 0.3015 - s_loss: 0.0166 - t_loss: 0.0374 - dist_loss: 0.0930 - loss: 0.0909 - 4s/epoch - 180ms/step
Epoch 102/300
epoch ends.
20/20 - 4s - iou_binarized: 0.6598 - iou: 0.1779 - recall: 0.6077 - precision: 0.2014 - F1_score: 0.3015 - s_loss: 0.0166 - t_loss: 0.0374 - dist_loss: 0.0929 - loss: 0.0909 - 4s/epoch - 182ms/step
Epoch 103/300
epoch ends.
20/20 - 4s - iou_binarized: 0.6598 - iou: 0.1780 - recall: 0.6078 - precision: 0.2015 - F1_score: 0.3016 - s_loss: 0.0166 - t_loss: 0.0374 - dist_loss: 0.0930 - loss: 0.0909 - 4s/epoch - 185ms/step
Epoch 104/300
epoch ends.
20/20 - 4s - iou_binarized: 0.6599 - iou: 0.1780 - recall: 0.6079 - precision: 0.2015 - F1_score: 0.3016 - s_loss: 0.0165 - t_loss: 0.0374 - dist_loss: 0.0930 - loss: 0.0910 - 4s/epoch - 180ms/step
Epoch 105/300
epoch ends.
20/20 - 4s - iou_binarized: 0.6599 - iou: 0.1780 - recall: 0.6080 - precision: 0.2015 - F1_score: 0.3017 - s_loss: 0.0165 - t_loss: 0.0374 - dist_loss: 0.0931 - loss: 0.0910 - 4s/epoch - 181ms/step
Epoch 106/300
epoch ends.
20/20 - 4s - iou_binarized: 0.6600 - iou: 0.1781 - recall: 0.6081 - precision: 0.2015 - F1_score: 0.3017 - s_loss: 0.0165 - t_loss: 0.0374 - dist_loss: 0.0931 - loss: 0.0910 - 4s/epoch - 181ms/step
Epoch 107/300
epoch ends.
20/20 - 4s - iou_binarized: 0.6601 - iou: 0.1781 - recall: 0.6082 - precision: 0.2015 - F1_score: 0.3017 - s_loss: 0.0165 - t_loss: 0.0374 - dist_loss: 0.0932 - loss: 0.0910 - 4s/epoch - 180ms/step
Epoch 108/300
epoch ends.
20/20 - 4s - iou_binarized: 0.6601 - iou: 0.1781 - recall: 0.6084 - precision: 0.2015 - F1_score: 0.3017 - s_loss: 0.0164 - t_loss: 0.0374 - dist_loss: 0.0933 - loss: 0.0911 - 4s/epoch - 179ms/step
Epoch 109/300
epoch ends.
20/20 - 4s - iou_binarized: 0.6603 - iou: 0.1782 - recall: 0.6087 - precision: 0.2015 - F1_score: 0.3018 - s_loss: 0.0163 - t_loss: 0.0374 - dist_loss: 0.0934 - loss: 0.0911 - 4s/epoch - 181ms/step
Epoch 110/300
epoch ends.
20/20 - 4s - iou_binarized: 0.6611 - iou: 0.1782 - recall: 0.6091 - precision: 0.2016 - F1_score: 0.3019 - s_loss: 0.0163 - t_loss: 0.0374 - dist_loss: 0.0935 - loss: 0.0910 - 4s/epoch - 180ms/step
Epoch 111/300
epoch ends.
20/20 - 4s - iou_binarized: 0.6621 - iou: 0.1783 - recall: 0.6097 - precision: 0.2016 - F1_score: 0.3020 - s_loss: 0.0163 - t_loss: 0.0374 - dist_loss: 0.0933 - loss: 0.0910 - 4s/epoch - 179ms/step
Epoch 112/300
epoch ends.
20/20 - 4s - iou_binarized: 0.6625 - iou: 0.1782 - recall: 0.6100 - precision: 0.2015 - F1_score: 0.3019 - s_loss: 0.0166 - t_loss: 0.0374 - dist_loss: 0.0928 - loss: 0.0909 - 4s/epoch - 180ms/step
Epoch 113/300
epoch ends.
20/20 - 4s - iou_binarized: 0.6600 - iou: 0.1779 - recall: 0.6091 - precision: 0.2012 - F1_score: 0.3014 - s_loss: 0.0172 - t_loss: 0.0374 - dist_loss: 0.0923 - loss: 0.0910 - 4s/epoch - 180ms/step
Epoch 114/300
epoch ends.
20/20 - 4s - iou_binarized: 0.6577 - iou: 0.1779 - recall: 0.6075 - precision: 0.2014 - F1_score: 0.3014 - s_loss: 0.0169 - t_loss: 0.0374 - dist_loss: 0.0929 - loss: 0.0912 - 4s/epoch - 180ms/step
Epoch 115/300
epoch ends.
20/20 - 4s - iou_binarized: 0.6590 - iou: 0.1781 - recall: 0.6088 - precision: 0.2018 - F1_score: 0.3017 - s_loss: 0.0166 - t_loss: 0.0374 - dist_loss: 0.0932 - loss: 0.0912 - 4s/epoch - 180ms/step
Epoch 116/300
epoch ends.
20/20 - 4s - iou_binarized: 0.6636 - iou: 0.1786 - recall: 0.6099 - precision: 0.2021 - F1_score: 0.3025 - s_loss: 0.0162 - t_loss: 0.0374 - dist_loss: 0.0935 - loss: 0.0910 - 4s/epoch - 181ms/step
Epoch 117/300
epoch ends.
20/20 - 4s - iou_binarized: 0.6670 - iou: 0.1789 - recall: 0.6114 - precision: 0.2024 - F1_score: 0.3029 - s_loss: 0.0164 - t_loss: 0.0374 - dist_loss: 0.0931 - loss: 0.0909 - 4s/epoch - 179ms/step
Epoch 118/300
epoch ends.
20/20 - 4s - iou_binarized: 0.6680 - iou: 0.1790 - recall: 0.6111 - precision: 0.2025 - F1_score: 0.3031 - s_loss: 0.0164 - t_loss: 0.0374 - dist_loss: 0.0931 - loss: 0.0909 - 4s/epoch - 180ms/step
Epoch 119/300
epoch ends.
20/20 - 4s - iou_binarized: 0.6685 - iou: 0.1792 - recall: 0.6115 - precision: 0.2026 - F1_score: 0.3033 - s_loss: 0.0164 - t_loss: 0.0374 - dist_loss: 0.0931 - loss: 0.0909 - 4s/epoch - 185ms/step
Epoch 120/300
epoch ends.
20/20 - 4s - iou_binarized: 0.6691 - iou: 0.1793 - recall: 0.6120 - precision: 0.2027 - F1_score: 0.3034 - s_loss: 0.0164 - t_loss: 0.0374 - dist_loss: 0.0931 - loss: 0.0909 - 4s/epoch - 184ms/step
Epoch 121/300
epoch ends.
20/20 - 4s - iou_binarized: 0.6692 - iou: 0.1793 - recall: 0.6121 - precision: 0.2027 - F1_score: 0.3035 - s_loss: 0.0164 - t_loss: 0.0374 - dist_loss: 0.0931 - loss: 0.0909 - 4s/epoch - 182ms/step
Epoch 122/300
epoch ends.
20/20 - 4s - iou_binarized: 0.6693 - iou: 0.1793 - recall: 0.6122 - precision: 0.2028 - F1_score: 0.3035 - s_loss: 0.0164 - t_loss: 0.0374 - dist_loss: 0.0931 - loss: 0.0909 - 4s/epoch - 182ms/step
Epoch 123/300
epoch ends.
20/20 - 4s - iou_binarized: 0.6697 - iou: 0.1794 - recall: 0.6123 - precision: 0.2028 - F1_score: 0.3036 - s_loss: 0.0164 - t_loss: 0.0374 - dist_loss: 0.0931 - loss: 0.0909 - 4s/epoch - 180ms/step
Epoch 124/300
epoch ends.
20/20 - 4s - iou_binarized: 0.6701 - iou: 0.1795 - recall: 0.6125 - precision: 0.2029 - F1_score: 0.3037 - s_loss: 0.0164 - t_loss: 0.0374 - dist_loss: 0.0931 - loss: 0.0909 - 4s/epoch - 180ms/step
Epoch 125/300
epoch ends.
20/20 - 4s - iou_binarized: 0.6706 - iou: 0.1795 - recall: 0.6127 - precision: 0.2030 - F1_score: 0.3038 - s_loss: 0.0164 - t_loss: 0.0374 - dist_loss: 0.0931 - loss: 0.0909 - 4s/epoch - 181ms/step
Epoch 126/300
epoch ends.
20/20 - 4s - iou_binarized: 0.6711 - iou: 0.1796 - recall: 0.6129 - precision: 0.2030 - F1_score: 0.3039 - s_loss: 0.0164 - t_loss: 0.0374 - dist_loss: 0.0931 - loss: 0.0908 - 4s/epoch - 180ms/step
Epoch 127/300
epoch ends.
20/20 - 4s - iou_binarized: 0.6717 - iou: 0.1797 - recall: 0.6131 - precision: 0.2031 - F1_score: 0.3040 - s_loss: 0.0164 - t_loss: 0.0374 - dist_loss: 0.0931 - loss: 0.0908 - 4s/epoch - 180ms/step
Epoch 128/300
epoch ends.
20/20 - 4s - iou_binarized: 0.6723 - iou: 0.1798 - recall: 0.6133 - precision: 0.2032 - F1_score: 0.3041 - s_loss: 0.0164 - t_loss: 0.0374 - dist_loss: 0.0931 - loss: 0.0908 - 4s/epoch - 180ms/step
Epoch 129/300
epoch ends.
20/20 - 4s - iou_binarized: 0.6728 - iou: 0.1798 - recall: 0.6135 - precision: 0.2032 - F1_score: 0.3042 - s_loss: 0.0164 - t_loss: 0.0374 - dist_loss: 0.0931 - loss: 0.0908 - 4s/epoch - 180ms/step
Epoch 130/300
epoch ends.
20/20 - 4s - iou_binarized: 0.6732 - iou: 0.1799 - recall: 0.6137 - precision: 0.2033 - F1_score: 0.3043 - s_loss: 0.0164 - t_loss: 0.0374 - dist_loss: 0.0931 - loss: 0.0908 - 4s/epoch - 181ms/step
Epoch 131/300
epoch ends.
20/20 - 4s - iou_binarized: 0.6735 - iou: 0.1800 - recall: 0.6138 - precision: 0.2033 - F1_score: 0.3044 - s_loss: 0.0164 - t_loss: 0.0374 - dist_loss: 0.0931 - loss: 0.0908 - 4s/epoch - 180ms/step
Epoch 132/300
epoch ends.
20/20 - 4s - iou_binarized: 0.6738 - iou: 0.1800 - recall: 0.6140 - precision: 0.2034 - F1_score: 0.3045 - s_loss: 0.0163 - t_loss: 0.0374 - dist_loss: 0.0931 - loss: 0.0908 - 4s/epoch - 179ms/step
Epoch 133/300
epoch ends.
20/20 - 4s - iou_binarized: 0.6742 - iou: 0.1801 - recall: 0.6141 - precision: 0.2034 - F1_score: 0.3046 - s_loss: 0.0163 - t_loss: 0.0374 - dist_loss: 0.0931 - loss: 0.0908 - 4s/epoch - 181ms/step
Epoch 134/300
epoch ends.
20/20 - 4s - iou_binarized: 0.6744 - iou: 0.1801 - recall: 0.6143 - precision: 0.2035 - F1_score: 0.3046 - s_loss: 0.0163 - t_loss: 0.0374 - dist_loss: 0.0931 - loss: 0.0908 - 4s/epoch - 180ms/step
Epoch 135/300
epoch ends.
20/20 - 4s - iou_binarized: 0.6748 - iou: 0.1802 - recall: 0.6144 - precision: 0.2035 - F1_score: 0.3047 - s_loss: 0.0163 - t_loss: 0.0374 - dist_loss: 0.0931 - loss: 0.0908 - 4s/epoch - 181ms/step
Epoch 136/300
epoch ends.
20/20 - 4s - iou_binarized: 0.6752 - iou: 0.1802 - recall: 0.6146 - precision: 0.2036 - F1_score: 0.3047 - s_loss: 0.0163 - t_loss: 0.0374 - dist_loss: 0.0932 - loss: 0.0908 - 4s/epoch - 187ms/step
Epoch 137/300
epoch ends.
20/20 - 4s - iou_binarized: 0.6754 - iou: 0.1802 - recall: 0.6147 - precision: 0.2036 - F1_score: 0.3048 - s_loss: 0.0163 - t_loss: 0.0374 - dist_loss: 0.0932 - loss: 0.0908 - 4s/epoch - 183ms/step
Epoch 138/300
epoch ends.
20/20 - 4s - iou_binarized: 0.6755 - iou: 0.1803 - recall: 0.6148 - precision: 0.2037 - F1_score: 0.3048 - s_loss: 0.0163 - t_loss: 0.0374 - dist_loss: 0.0932 - loss: 0.0908 - 4s/epoch - 181ms/step
Epoch 139/300
epoch ends.
20/20 - 4s - iou_binarized: 0.6757 - iou: 0.1803 - recall: 0.6149 - precision: 0.2037 - F1_score: 0.3049 - s_loss: 0.0163 - t_loss: 0.0374 - dist_loss: 0.0931 - loss: 0.0908 - 4s/epoch - 180ms/step
Epoch 140/300
epoch ends.
20/20 - 4s - iou_binarized: 0.6759 - iou: 0.1803 - recall: 0.6149 - precision: 0.2037 - F1_score: 0.3049 - s_loss: 0.0164 - t_loss: 0.0374 - dist_loss: 0.0931 - loss: 0.0908 - 4s/epoch - 180ms/step
Epoch 141/300
epoch ends.
20/20 - 4s - iou_binarized: 0.6762 - iou: 0.1804 - recall: 0.6151 - precision: 0.2038 - F1_score: 0.3050 - s_loss: 0.0164 - t_loss: 0.0374 - dist_loss: 0.0931 - loss: 0.0908 - 4s/epoch - 180ms/step
Epoch 142/300
epoch ends.
20/20 - 4s - iou_binarized: 0.6766 - iou: 0.1804 - recall: 0.6152 - precision: 0.2038 - F1_score: 0.3051 - s_loss: 0.0164 - t_loss: 0.0374 - dist_loss: 0.0931 - loss: 0.0908 - 4s/epoch - 183ms/step
Epoch 143/300
epoch ends.
20/20 - 4s - iou_binarized: 0.6769 - iou: 0.1805 - recall: 0.6154 - precision: 0.2039 - F1_score: 0.3052 - s_loss: 0.0164 - t_loss: 0.0374 - dist_loss: 0.0931 - loss: 0.0908 - 4s/epoch - 178ms/step
Epoch 144/300
epoch ends.
20/20 - 4s - iou_binarized: 0.6774 - iou: 0.1806 - recall: 0.6156 - precision: 0.2040 - F1_score: 0.3053 - s_loss: 0.0164 - t_loss: 0.0374 - dist_loss: 0.0931 - loss: 0.0908 - 4s/epoch - 180ms/step
Epoch 145/300
epoch ends.
20/20 - 4s - iou_binarized: 0.6779 - iou: 0.1806 - recall: 0.6157 - precision: 0.2040 - F1_score: 0.3054 - s_loss: 0.0164 - t_loss: 0.0374 - dist_loss: 0.0930 - loss: 0.0908 - 4s/epoch - 180ms/step
Epoch 146/300
epoch ends.
20/20 - 4s - iou_binarized: 0.6781 - iou: 0.1807 - recall: 0.6159 - precision: 0.2041 - F1_score: 0.3055 - s_loss: 0.0164 - t_loss: 0.0374 - dist_loss: 0.0930 - loss: 0.0908 - 4s/epoch - 180ms/step
Epoch 147/300
epoch ends.
20/20 - 4s - iou_binarized: 0.6786 - iou: 0.1808 - recall: 0.6160 - precision: 0.2041 - F1_score: 0.3056 - s_loss: 0.0165 - t_loss: 0.0374 - dist_loss: 0.0929 - loss: 0.0908 - 4s/epoch - 179ms/step
Epoch 148/300
epoch ends.
20/20 - 4s - iou_binarized: 0.6791 - iou: 0.1808 - recall: 0.6161 - precision: 0.2042 - F1_score: 0.3056 - s_loss: 0.0165 - t_loss: 0.0374 - dist_loss: 0.0928 - loss: 0.0907 - 4s/epoch - 180ms/step
Epoch 149/300
epoch ends.
20/20 - 4s - iou_binarized: 0.6794 - iou: 0.1809 - recall: 0.6162 - precision: 0.2042 - F1_score: 0.3057 - s_loss: 0.0166 - t_loss: 0.0374 - dist_loss: 0.0927 - loss: 0.0907 - 4s/epoch - 180ms/step
Epoch 150/300
epoch ends.
20/20 - 4s - iou_binarized: 0.6795 - iou: 0.1809 - recall: 0.6163 - precision: 0.2043 - F1_score: 0.3058 - s_loss: 0.0167 - t_loss: 0.0374 - dist_loss: 0.0925 - loss: 0.0907 - 4s/epoch - 179ms/step
Epoch 151/300
epoch ends.
20/20 - 4s - iou_binarized: 0.6794 - iou: 0.1809 - recall: 0.6162 - precision: 0.2043 - F1_score: 0.3058 - s_loss: 0.0169 - t_loss: 0.0374 - dist_loss: 0.0923 - loss: 0.0908 - 4s/epoch - 181ms/step
Epoch 152/300
epoch ends.
20/20 - 4s - iou_binarized: 0.6787 - iou: 0.1809 - recall: 0.6159 - precision: 0.2043 - F1_score: 0.3058 - s_loss: 0.0171 - t_loss: 0.0374 - dist_loss: 0.0921 - loss: 0.0908 - 4s/epoch - 185ms/step
Epoch 153/300
epoch ends.
20/20 - 4s - iou_binarized: 0.6774 - iou: 0.1809 - recall: 0.6152 - precision: 0.2045 - F1_score: 0.3058 - s_loss: 0.0168 - t_loss: 0.0374 - dist_loss: 0.0924 - loss: 0.0908 - 4s/epoch - 185ms/step
Epoch 154/300
epoch ends.
20/20 - 4s - iou_binarized: 0.6758 - iou: 0.1807 - recall: 0.6148 - precision: 0.2043 - F1_score: 0.3055 - s_loss: 0.0161 - t_loss: 0.0374 - dist_loss: 0.0933 - loss: 0.0908 - 4s/epoch - 182ms/step
Epoch 155/300
epoch ends.
20/20 - 4s - iou_binarized: 0.6726 - iou: 0.1802 - recall: 0.6141 - precision: 0.2036 - F1_score: 0.3047 - s_loss: 0.0162 - t_loss: 0.0374 - dist_loss: 0.0933 - loss: 0.0909 - 4s/epoch - 180ms/step
Epoch 156/300
epoch ends.
20/20 - 4s - iou_binarized: 0.6718 - iou: 0.1802 - recall: 0.6139 - precision: 0.2036 - F1_score: 0.3047 - s_loss: 0.0161 - t_loss: 0.0374 - dist_loss: 0.0936 - loss: 0.0910 - 4s/epoch - 179ms/step
Epoch 157/300
epoch ends.
20/20 - 4s - iou_binarized: 0.6748 - iou: 0.1804 - recall: 0.6155 - precision: 0.2037 - F1_score: 0.3050 - s_loss: 0.0163 - t_loss: 0.0374 - dist_loss: 0.0932 - loss: 0.0908 - 4s/epoch - 180ms/step
Epoch 158/300
epoch ends.
20/20 - 4s - iou_binarized: 0.6780 - iou: 0.1807 - recall: 0.6162 - precision: 0.2040 - F1_score: 0.3055 - s_loss: 0.0163 - t_loss: 0.0374 - dist_loss: 0.0930 - loss: 0.0907 - 4s/epoch - 180ms/step
Epoch 159/300
epoch ends.
20/20 - 4s - iou_binarized: 0.6798 - iou: 0.1810 - recall: 0.6168 - precision: 0.2043 - F1_score: 0.3059 - s_loss: 0.0164 - t_loss: 0.0374 - dist_loss: 0.0929 - loss: 0.0907 - 4s/epoch - 182ms/step
Epoch 160/300
epoch ends.
20/20 - 4s - iou_binarized: 0.6809 - iou: 0.1811 - recall: 0.6173 - precision: 0.2045 - F1_score: 0.3061 - s_loss: 0.0164 - t_loss: 0.0374 - dist_loss: 0.0929 - loss: 0.0907 - 4s/epoch - 179ms/step
Epoch 161/300
epoch ends.
20/20 - 4s - iou_binarized: 0.6817 - iou: 0.1812 - recall: 0.6177 - precision: 0.2046 - F1_score: 0.3063 - s_loss: 0.0164 - t_loss: 0.0374 - dist_loss: 0.0929 - loss: 0.0907 - 4s/epoch - 179ms/step
Epoch 162/300
epoch ends.
20/20 - 4s - iou_binarized: 0.6821 - iou: 0.1813 - recall: 0.6179 - precision: 0.2046 - F1_score: 0.3064 - s_loss: 0.0163 - t_loss: 0.0374 - dist_loss: 0.0929 - loss: 0.0907 - 4s/epoch - 179ms/step
Epoch 163/300
epoch ends.
20/20 - 4s - iou_binarized: 0.6824 - iou: 0.1814 - recall: 0.6181 - precision: 0.2047 - F1_score: 0.3065 - s_loss: 0.0163 - t_loss: 0.0374 - dist_loss: 0.0930 - loss: 0.0907 - 4s/epoch - 182ms/step
Epoch 164/300
epoch ends.
20/20 - 4s - iou_binarized: 0.6826 - iou: 0.1814 - recall: 0.6182 - precision: 0.2047 - F1_score: 0.3065 - s_loss: 0.0163 - t_loss: 0.0374 - dist_loss: 0.0930 - loss: 0.0907 - 4s/epoch - 189ms/step
Epoch 165/300
epoch ends.
20/20 - 4s - iou_binarized: 0.6828 - iou: 0.1814 - recall: 0.6183 - precision: 0.2048 - F1_score: 0.3066 - s_loss: 0.0163 - t_loss: 0.0374 - dist_loss: 0.0930 - loss: 0.0907 - 4s/epoch - 181ms/step
Epoch 166/300
epoch ends.
20/20 - 4s - iou_binarized: 0.6830 - iou: 0.1815 - recall: 0.6184 - precision: 0.2048 - F1_score: 0.3066 - s_loss: 0.0162 - t_loss: 0.0374 - dist_loss: 0.0931 - loss: 0.0907 - 4s/epoch - 179ms/step
Epoch 167/300
epoch ends.
20/20 - 4s - iou_binarized: 0.6832 - iou: 0.1815 - recall: 0.6185 - precision: 0.2049 - F1_score: 0.3066 - s_loss: 0.0162 - t_loss: 0.0374 - dist_loss: 0.0931 - loss: 0.0907 - 4s/epoch - 180ms/step
Epoch 168/300
epoch ends.
20/20 - 4s - iou_binarized: 0.6833 - iou: 0.1815 - recall: 0.6186 - precision: 0.2049 - F1_score: 0.3067 - s_loss: 0.0162 - t_loss: 0.0374 - dist_loss: 0.0932 - loss: 0.0907 - 4s/epoch - 182ms/step
Epoch 169/300
epoch ends.
20/20 - 4s - iou_binarized: 0.6833 - iou: 0.1815 - recall: 0.6187 - precision: 0.2049 - F1_score: 0.3067 - s_loss: 0.0162 - t_loss: 0.0374 - dist_loss: 0.0932 - loss: 0.0907 - 4s/epoch - 187ms/step
Epoch 170/300
epoch ends.
20/20 - 4s - iou_binarized: 0.6834 - iou: 0.1816 - recall: 0.6187 - precision: 0.2049 - F1_score: 0.3067 - s_loss: 0.0162 - t_loss: 0.0374 - dist_loss: 0.0931 - loss: 0.0907 - 4s/epoch - 183ms/step
Epoch 171/300
epoch ends.
20/20 - 4s - iou_binarized: 0.6833 - iou: 0.1816 - recall: 0.6187 - precision: 0.2049 - F1_score: 0.3067 - s_loss: 0.0163 - t_loss: 0.0374 - dist_loss: 0.0931 - loss: 0.0907 - 4s/epoch - 181ms/step
Epoch 172/300
epoch ends.
20/20 - 4s - iou_binarized: 0.6833 - iou: 0.1816 - recall: 0.6187 - precision: 0.2049 - F1_score: 0.3067 - s_loss: 0.0163 - t_loss: 0.0374 - dist_loss: 0.0930 - loss: 0.0907 - 4s/epoch - 180ms/step
Epoch 173/300
epoch ends.
20/20 - 4s - iou_binarized: 0.6836 - iou: 0.1816 - recall: 0.6188 - precision: 0.2049 - F1_score: 0.3068 - s_loss: 0.0163 - t_loss: 0.0374 - dist_loss: 0.0930 - loss: 0.0907 - 4s/epoch - 180ms/step
Epoch 174/300
epoch ends.
20/20 - 4s - iou_binarized: 0.6838 - iou: 0.1816 - recall: 0.6189 - precision: 0.2050 - F1_score: 0.3068 - s_loss: 0.0163 - t_loss: 0.0374 - dist_loss: 0.0930 - loss: 0.0907 - 4s/epoch - 180ms/step
Epoch 175/300
epoch ends.
20/20 - 4s - iou_binarized: 0.6839 - iou: 0.1817 - recall: 0.6190 - precision: 0.2050 - F1_score: 0.3069 - s_loss: 0.0163 - t_loss: 0.0374 - dist_loss: 0.0930 - loss: 0.0907 - 4s/epoch - 180ms/step
Epoch 176/300
epoch ends.
20/20 - 4s - iou_binarized: 0.6840 - iou: 0.1817 - recall: 0.6190 - precision: 0.2051 - F1_score: 0.3069 - s_loss: 0.0163 - t_loss: 0.0374 - dist_loss: 0.0931 - loss: 0.0907 - 4s/epoch - 179ms/step
Epoch 177/300
epoch ends.
20/20 - 4s - iou_binarized: 0.6841 - iou: 0.1817 - recall: 0.6191 - precision: 0.2051 - F1_score: 0.3069 - s_loss: 0.0163 - t_loss: 0.0374 - dist_loss: 0.0931 - loss: 0.0907 - 4s/epoch - 180ms/step
Epoch 178/300
epoch ends.
20/20 - 4s - iou_binarized: 0.6841 - iou: 0.1817 - recall: 0.6192 - precision: 0.2051 - F1_score: 0.3069 - s_loss: 0.0163 - t_loss: 0.0374 - dist_loss: 0.0930 - loss: 0.0907 - 4s/epoch - 180ms/step
Epoch 179/300
epoch ends.
20/20 - 4s - iou_binarized: 0.6844 - iou: 0.1818 - recall: 0.6193 - precision: 0.2051 - F1_score: 0.3070 - s_loss: 0.0164 - t_loss: 0.0374 - dist_loss: 0.0929 - loss: 0.0907 - 4s/epoch - 179ms/step
Epoch 180/300
epoch ends.
20/20 - 4s - iou_binarized: 0.6849 - iou: 0.1818 - recall: 0.6194 - precision: 0.2052 - F1_score: 0.3071 - s_loss: 0.0164 - t_loss: 0.0374 - dist_loss: 0.0929 - loss: 0.0907 - 4s/epoch - 180ms/step
Epoch 181/300
epoch ends.
20/20 - 4s - iou_binarized: 0.6851 - iou: 0.1819 - recall: 0.6196 - precision: 0.2053 - F1_score: 0.3072 - s_loss: 0.0164 - t_loss: 0.0374 - dist_loss: 0.0929 - loss: 0.0907 - 4s/epoch - 180ms/step
Epoch 182/300
epoch ends.
20/20 - 4s - iou_binarized: 0.6857 - iou: 0.1820 - recall: 0.6197 - precision: 0.2053 - F1_score: 0.3073 - s_loss: 0.0164 - t_loss: 0.0374 - dist_loss: 0.0928 - loss: 0.0907 - 4s/epoch - 181ms/step
Epoch 183/300
epoch ends.
20/20 - 4s - iou_binarized: 0.6857 - iou: 0.1820 - recall: 0.6197 - precision: 0.2054 - F1_score: 0.3074 - s_loss: 0.0164 - t_loss: 0.0374 - dist_loss: 0.0928 - loss: 0.0907 - 4s/epoch - 180ms/step
Epoch 184/300
epoch ends.
20/20 - 4s - iou_binarized: 0.6859 - iou: 0.1820 - recall: 0.6197 - precision: 0.2054 - F1_score: 0.3074 - s_loss: 0.0165 - t_loss: 0.0374 - dist_loss: 0.0928 - loss: 0.0907 - 4s/epoch - 180ms/step
Epoch 185/300
epoch ends.
20/20 - 4s - iou_binarized: 0.6855 - iou: 0.1820 - recall: 0.6195 - precision: 0.2055 - F1_score: 0.3074 - s_loss: 0.0165 - t_loss: 0.0374 - dist_loss: 0.0927 - loss: 0.0907 - 4s/epoch - 185ms/step
Epoch 186/300
epoch ends.
20/20 - 4s - iou_binarized: 0.6842 - iou: 0.1819 - recall: 0.6189 - precision: 0.2054 - F1_score: 0.3071 - s_loss: 0.0165 - t_loss: 0.0374 - dist_loss: 0.0928 - loss: 0.0907 - 4s/epoch - 187ms/step
Epoch 187/300
epoch ends.
20/20 - 4s - iou_binarized: 0.6798 - iou: 0.1814 - recall: 0.6172 - precision: 0.2050 - F1_score: 0.3065 - s_loss: 0.0164 - t_loss: 0.0374 - dist_loss: 0.0931 - loss: 0.0908 - 4s/epoch - 182ms/step
Epoch 188/300
epoch ends.
20/20 - 4s - iou_binarized: 0.6731 - iou: 0.1807 - recall: 0.6158 - precision: 0.2042 - F1_score: 0.3053 - s_loss: 0.0164 - t_loss: 0.0374 - dist_loss: 0.0936 - loss: 0.0912 - 4s/epoch - 180ms/step
Epoch 189/300
epoch ends.
20/20 - 4s - iou_binarized: 0.6739 - iou: 0.1809 - recall: 0.6169 - precision: 0.2044 - F1_score: 0.3057 - s_loss: 0.0168 - t_loss: 0.0374 - dist_loss: 0.0926 - loss: 0.0909 - 4s/epoch - 180ms/step
Epoch 190/300
epoch ends.
20/20 - 4s - iou_binarized: 0.6745 - iou: 0.1811 - recall: 0.6160 - precision: 0.2049 - F1_score: 0.3058 - s_loss: 0.0179 - t_loss: 0.0374 - dist_loss: 0.0915 - loss: 0.0911 - 4s/epoch - 180ms/step
Epoch 191/300
epoch ends.
20/20 - 4s - iou_binarized: 0.6708 - iou: 0.1816 - recall: 0.6145 - precision: 0.2060 - F1_score: 0.3066 - s_loss: 0.0172 - t_loss: 0.0374 - dist_loss: 0.0921 - loss: 0.0908 - 4s/epoch - 181ms/step
Epoch 192/300
epoch ends.
20/20 - 4s - iou_binarized: 0.6675 - iou: 0.1798 - recall: 0.6156 - precision: 0.2032 - F1_score: 0.3043 - s_loss: 0.0169 - t_loss: 0.0374 - dist_loss: 0.0924 - loss: 0.0909 - 4s/epoch - 180ms/step
Epoch 193/300
epoch ends.
20/20 - 4s - iou_binarized: 0.6617 - iou: 0.1794 - recall: 0.6140 - precision: 0.2029 - F1_score: 0.3036 - s_loss: 0.0166 - t_loss: 0.0374 - dist_loss: 0.0929 - loss: 0.0910 - 4s/epoch - 181ms/step
Epoch 194/300
epoch ends.
20/20 - 4s - iou_binarized: 0.6683 - iou: 0.1798 - recall: 0.6162 - precision: 0.2031 - F1_score: 0.3042 - s_loss: 0.0169 - t_loss: 0.0374 - dist_loss: 0.0926 - loss: 0.0910 - 4s/epoch - 181ms/step
Epoch 195/300
epoch ends.
20/20 - 4s - iou_binarized: 0.6765 - iou: 0.1809 - recall: 0.6178 - precision: 0.2042 - F1_score: 0.3057 - s_loss: 0.0169 - t_loss: 0.0374 - dist_loss: 0.0924 - loss: 0.0909 - 4s/epoch - 180ms/step
Epoch 196/300
epoch ends.
20/20 - 4s - iou_binarized: 0.6827 - iou: 0.1814 - recall: 0.6179 - precision: 0.2048 - F1_score: 0.3065 - s_loss: 0.0169 - t_loss: 0.0374 - dist_loss: 0.0923 - loss: 0.0908 - 4s/epoch - 181ms/step
Epoch 197/300
epoch ends.
20/20 - 4s - iou_binarized: 0.6861 - iou: 0.1818 - recall: 0.6183 - precision: 0.2052 - F1_score: 0.3070 - s_loss: 0.0169 - t_loss: 0.0374 - dist_loss: 0.0923 - loss: 0.0907 - 4s/epoch - 180ms/step
Epoch 198/300
epoch ends.
20/20 - 4s - iou_binarized: 0.6883 - iou: 0.1821 - recall: 0.6189 - precision: 0.2055 - F1_score: 0.3074 - s_loss: 0.0169 - t_loss: 0.0374 - dist_loss: 0.0923 - loss: 0.0907 - 4s/epoch - 179ms/step
Epoch 199/300
epoch ends.
20/20 - 4s - iou_binarized: 0.6892 - iou: 0.1822 - recall: 0.6195 - precision: 0.2057 - F1_score: 0.3077 - s_loss: 0.0169 - t_loss: 0.0374 - dist_loss: 0.0923 - loss: 0.0907 - 4s/epoch - 180ms/step
Epoch 200/300
epoch ends.
20/20 - 4s - iou_binarized: 0.6898 - iou: 0.1824 - recall: 0.6199 - precision: 0.2058 - F1_score: 0.3078 - s_loss: 0.0170 - t_loss: 0.0374 - dist_loss: 0.0922 - loss: 0.0907 - 4s/epoch - 180ms/step
Epoch 201/300
epoch ends.
20/20 - 4s - iou_binarized: 0.6896 - iou: 0.1824 - recall: 0.6202 - precision: 0.2059 - F1_score: 0.3079 - s_loss: 0.0170 - t_loss: 0.0374 - dist_loss: 0.0922 - loss: 0.0907 - 4s/epoch - 181ms/step
Epoch 202/300
epoch ends.
20/20 - 4s - iou_binarized: 0.6894 - iou: 0.1825 - recall: 0.6205 - precision: 0.2059 - F1_score: 0.3080 - s_loss: 0.0169 - t_loss: 0.0374 - dist_loss: 0.0922 - loss: 0.0907 - 4s/epoch - 185ms/step
Epoch 203/300
epoch ends.
20/20 - 4s - iou_binarized: 0.6892 - iou: 0.1825 - recall: 0.6207 - precision: 0.2059 - F1_score: 0.3080 - s_loss: 0.0169 - t_loss: 0.0374 - dist_loss: 0.0923 - loss: 0.0907 - 4s/epoch - 184ms/step
Epoch 204/300
epoch ends.
20/20 - 4s - iou_binarized: 0.6890 - iou: 0.1825 - recall: 0.6208 - precision: 0.2059 - F1_score: 0.3080 - s_loss: 0.0169 - t_loss: 0.0374 - dist_loss: 0.0923 - loss: 0.0907 - 4s/epoch - 182ms/step
Epoch 205/300
epoch ends.
20/20 - 4s - iou_binarized: 0.6891 - iou: 0.1825 - recall: 0.6209 - precision: 0.2059 - F1_score: 0.3081 - s_loss: 0.0169 - t_loss: 0.0374 - dist_loss: 0.0923 - loss: 0.0907 - 4s/epoch - 181ms/step
Epoch 206/300
epoch ends.
20/20 - 4s - iou_binarized: 0.6893 - iou: 0.1825 - recall: 0.6210 - precision: 0.2060 - F1_score: 0.3081 - s_loss: 0.0169 - t_loss: 0.0374 - dist_loss: 0.0923 - loss: 0.0907 - 4s/epoch - 180ms/step
Epoch 207/300
epoch ends.
20/20 - 4s - iou_binarized: 0.6894 - iou: 0.1826 - recall: 0.6211 - precision: 0.2060 - F1_score: 0.3082 - s_loss: 0.0169 - t_loss: 0.0374 - dist_loss: 0.0923 - loss: 0.0907 - 4s/epoch - 180ms/step
Epoch 208/300
epoch ends.
20/20 - 4s - iou_binarized: 0.6897 - iou: 0.1826 - recall: 0.6212 - precision: 0.2060 - F1_score: 0.3082 - s_loss: 0.0169 - t_loss: 0.0374 - dist_loss: 0.0923 - loss: 0.0907 - 4s/epoch - 179ms/step
Epoch 209/300
epoch ends.
20/20 - 4s - iou_binarized: 0.6901 - iou: 0.1827 - recall: 0.6213 - precision: 0.2061 - F1_score: 0.3083 - s_loss: 0.0169 - t_loss: 0.0374 - dist_loss: 0.0923 - loss: 0.0907 - 4s/epoch - 180ms/step
Epoch 210/300
epoch ends.
20/20 - 4s - iou_binarized: 0.6903 - iou: 0.1827 - recall: 0.6214 - precision: 0.2062 - F1_score: 0.3084 - s_loss: 0.0169 - t_loss: 0.0374 - dist_loss: 0.0923 - loss: 0.0907 - 4s/epoch - 180ms/step
Epoch 211/300
epoch ends.
20/20 - 4s - iou_binarized: 0.6904 - iou: 0.1828 - recall: 0.6215 - precision: 0.2062 - F1_score: 0.3085 - s_loss: 0.0169 - t_loss: 0.0374 - dist_loss: 0.0923 - loss: 0.0907 - 4s/epoch - 180ms/step
Epoch 212/300
epoch ends.
20/20 - 4s - iou_binarized: 0.6907 - iou: 0.1829 - recall: 0.6216 - precision: 0.2063 - F1_score: 0.3085 - s_loss: 0.0169 - t_loss: 0.0374 - dist_loss: 0.0923 - loss: 0.0907 - 4s/epoch - 180ms/step
Epoch 213/300
epoch ends.
20/20 - 4s - iou_binarized: 0.6909 - iou: 0.1829 - recall: 0.6217 - precision: 0.2063 - F1_score: 0.3086 - s_loss: 0.0169 - t_loss: 0.0374 - dist_loss: 0.0923 - loss: 0.0907 - 4s/epoch - 180ms/step
Epoch 214/300
epoch ends.
20/20 - 4s - iou_binarized: 0.6910 - iou: 0.1829 - recall: 0.6218 - precision: 0.2064 - F1_score: 0.3087 - s_loss: 0.0169 - t_loss: 0.0374 - dist_loss: 0.0922 - loss: 0.0907 - 4s/epoch - 181ms/step
Epoch 215/300
epoch ends.
20/20 - 4s - iou_binarized: 0.6911 - iou: 0.1830 - recall: 0.6219 - precision: 0.2064 - F1_score: 0.3087 - s_loss: 0.0169 - t_loss: 0.0374 - dist_loss: 0.0922 - loss: 0.0907 - 4s/epoch - 180ms/step
Epoch 216/300
epoch ends.
20/20 - 4s - iou_binarized: 0.6912 - iou: 0.1830 - recall: 0.6220 - precision: 0.2065 - F1_score: 0.3088 - s_loss: 0.0169 - t_loss: 0.0374 - dist_loss: 0.0922 - loss: 0.0907 - 4s/epoch - 180ms/step
Epoch 217/300
epoch ends.
20/20 - 4s - iou_binarized: 0.6913 - iou: 0.1831 - recall: 0.6221 - precision: 0.2065 - F1_score: 0.3088 - s_loss: 0.0169 - t_loss: 0.0374 - dist_loss: 0.0922 - loss: 0.0907 - 4s/epoch - 180ms/step
Epoch 218/300
epoch ends.
20/20 - 4s - iou_binarized: 0.6915 - iou: 0.1831 - recall: 0.6222 - precision: 0.2065 - F1_score: 0.3089 - s_loss: 0.0169 - t_loss: 0.0374 - dist_loss: 0.0922 - loss: 0.0907 - 4s/epoch - 182ms/step
Epoch 219/300
epoch ends.
20/20 - 4s - iou_binarized: 0.6916 - iou: 0.1831 - recall: 0.6223 - precision: 0.2066 - F1_score: 0.3089 - s_loss: 0.0169 - t_loss: 0.0374 - dist_loss: 0.0922 - loss: 0.0907 - 4s/epoch - 186ms/step
Epoch 220/300
epoch ends.
20/20 - 4s - iou_binarized: 0.6918 - iou: 0.1832 - recall: 0.6224 - precision: 0.2066 - F1_score: 0.3090 - s_loss: 0.0169 - t_loss: 0.0374 - dist_loss: 0.0922 - loss: 0.0907 - 4s/epoch - 183ms/step
Epoch 221/300
epoch ends.
20/20 - 4s - iou_binarized: 0.6920 - iou: 0.1832 - recall: 0.6225 - precision: 0.2066 - F1_score: 0.3090 - s_loss: 0.0169 - t_loss: 0.0374 - dist_loss: 0.0922 - loss: 0.0907 - 4s/epoch - 181ms/step
Epoch 222/300
epoch ends.
20/20 - 4s - iou_binarized: 0.6922 - iou: 0.1832 - recall: 0.6226 - precision: 0.2067 - F1_score: 0.3091 - s_loss: 0.0169 - t_loss: 0.0374 - dist_loss: 0.0922 - loss: 0.0907 - 4s/epoch - 180ms/step
Epoch 223/300
epoch ends.
20/20 - 4s - iou_binarized: 0.6924 - iou: 0.1833 - recall: 0.6227 - precision: 0.2067 - F1_score: 0.3091 - s_loss: 0.0169 - t_loss: 0.0374 - dist_loss: 0.0922 - loss: 0.0907 - 4s/epoch - 181ms/step
Epoch 224/300
epoch ends.
20/20 - 4s - iou_binarized: 0.6926 - iou: 0.1833 - recall: 0.6227 - precision: 0.2067 - F1_score: 0.3092 - s_loss: 0.0169 - t_loss: 0.0374 - dist_loss: 0.0922 - loss: 0.0907 - 4s/epoch - 179ms/step
Epoch 225/300
epoch ends.
20/20 - 4s - iou_binarized: 0.6927 - iou: 0.1834 - recall: 0.6228 - precision: 0.2068 - F1_score: 0.3092 - s_loss: 0.0169 - t_loss: 0.0374 - dist_loss: 0.0922 - loss: 0.0907 - 4s/epoch - 180ms/step
Epoch 226/300
epoch ends.
20/20 - 4s - iou_binarized: 0.6929 - iou: 0.1834 - recall: 0.6229 - precision: 0.2068 - F1_score: 0.3093 - s_loss: 0.0169 - t_loss: 0.0374 - dist_loss: 0.0922 - loss: 0.0907 - 4s/epoch - 180ms/step
Epoch 227/300
epoch ends.
20/20 - 4s - iou_binarized: 0.6932 - iou: 0.1834 - recall: 0.6230 - precision: 0.2069 - F1_score: 0.3093 - s_loss: 0.0169 - t_loss: 0.0374 - dist_loss: 0.0922 - loss: 0.0907 - 4s/epoch - 179ms/step
Epoch 228/300
epoch ends.
20/20 - 4s - iou_binarized: 0.6934 - iou: 0.1835 - recall: 0.6231 - precision: 0.2069 - F1_score: 0.3094 - s_loss: 0.0169 - t_loss: 0.0374 - dist_loss: 0.0922 - loss: 0.0907 - 4s/epoch - 181ms/step
Epoch 229/300
epoch ends.
20/20 - 4s - iou_binarized: 0.6938 - iou: 0.1835 - recall: 0.6232 - precision: 0.2069 - F1_score: 0.3094 - s_loss: 0.0169 - t_loss: 0.0374 - dist_loss: 0.0922 - loss: 0.0907 - 4s/epoch - 183ms/step
Epoch 230/300
epoch ends.
20/20 - 4s - iou_binarized: 0.6940 - iou: 0.1836 - recall: 0.6233 - precision: 0.2070 - F1_score: 0.3095 - s_loss: 0.0170 - t_loss: 0.0374 - dist_loss: 0.0922 - loss: 0.0907 - 4s/epoch - 189ms/step
Epoch 231/300
epoch ends.
20/20 - 4s - iou_binarized: 0.6944 - iou: 0.1836 - recall: 0.6235 - precision: 0.2070 - F1_score: 0.3096 - s_loss: 0.0170 - t_loss: 0.0374 - dist_loss: 0.0921 - loss: 0.0907 - 4s/epoch - 181ms/step
Epoch 232/300
epoch ends.
20/20 - 4s - iou_binarized: 0.6949 - iou: 0.1837 - recall: 0.6236 - precision: 0.2071 - F1_score: 0.3096 - s_loss: 0.0170 - t_loss: 0.0374 - dist_loss: 0.0921 - loss: 0.0907 - 4s/epoch - 180ms/step
Epoch 233/300
epoch ends.
20/20 - 4s - iou_binarized: 0.6952 - iou: 0.1837 - recall: 0.6236 - precision: 0.2071 - F1_score: 0.3097 - s_loss: 0.0170 - t_loss: 0.0374 - dist_loss: 0.0921 - loss: 0.0907 - 4s/epoch - 180ms/step
Epoch 234/300
epoch ends.
20/20 - 4s - iou_binarized: 0.6957 - iou: 0.1837 - recall: 0.6237 - precision: 0.2072 - F1_score: 0.3097 - s_loss: 0.0170 - t_loss: 0.0374 - dist_loss: 0.0921 - loss: 0.0907 - 4s/epoch - 182ms/step
Epoch 235/300
epoch ends.
20/20 - 4s - iou_binarized: 0.6955 - iou: 0.1837 - recall: 0.6235 - precision: 0.2071 - F1_score: 0.3097 - s_loss: 0.0168 - t_loss: 0.0374 - dist_loss: 0.0923 - loss: 0.0906 - 4s/epoch - 185ms/step
Epoch 236/300
epoch ends.
20/20 - 4s - iou_binarized: 0.6950 - iou: 0.1835 - recall: 0.6233 - precision: 0.2068 - F1_score: 0.3095 - s_loss: 0.0164 - t_loss: 0.0374 - dist_loss: 0.0928 - loss: 0.0906 - 4s/epoch - 184ms/step
Epoch 237/300
epoch ends.
20/20 - 4s - iou_binarized: 0.6945 - iou: 0.1833 - recall: 0.6232 - precision: 0.2065 - F1_score: 0.3093 - s_loss: 0.0160 - t_loss: 0.0374 - dist_loss: 0.0933 - loss: 0.0907 - 4s/epoch - 181ms/step
Epoch 238/300
epoch ends.
20/20 - 4s - iou_binarized: 0.6939 - iou: 0.1831 - recall: 0.6232 - precision: 0.2063 - F1_score: 0.3090 - s_loss: 0.0158 - t_loss: 0.0374 - dist_loss: 0.0936 - loss: 0.0907 - 4s/epoch - 179ms/step
Epoch 239/300
epoch ends.
20/20 - 4s - iou_binarized: 0.6934 - iou: 0.1830 - recall: 0.6232 - precision: 0.2062 - F1_score: 0.3089 - s_loss: 0.0158 - t_loss: 0.0374 - dist_loss: 0.0936 - loss: 0.0907 - 4s/epoch - 180ms/step
Epoch 240/300
epoch ends.
20/20 - 4s - iou_binarized: 0.6934 - iou: 0.1831 - recall: 0.6232 - precision: 0.2063 - F1_score: 0.3089 - s_loss: 0.0159 - t_loss: 0.0374 - dist_loss: 0.0935 - loss: 0.0907 - 4s/epoch - 182ms/step
Epoch 241/300
epoch ends.
20/20 - 4s - iou_binarized: 0.6934 - iou: 0.1831 - recall: 0.6234 - precision: 0.2063 - F1_score: 0.3090 - s_loss: 0.0159 - t_loss: 0.0374 - dist_loss: 0.0934 - loss: 0.0906 - 4s/epoch - 181ms/step
Epoch 242/300
epoch ends.
20/20 - 4s - iou_binarized: 0.6934 - iou: 0.1832 - recall: 0.6235 - precision: 0.2064 - F1_score: 0.3091 - s_loss: 0.0160 - t_loss: 0.0374 - dist_loss: 0.0933 - loss: 0.0906 - 4s/epoch - 180ms/step
Epoch 243/300
epoch ends.
20/20 - 4s - iou_binarized: 0.6936 - iou: 0.1833 - recall: 0.6236 - precision: 0.2065 - F1_score: 0.3092 - s_loss: 0.0161 - t_loss: 0.0374 - dist_loss: 0.0932 - loss: 0.0907 - 4s/epoch - 180ms/step
Epoch 244/300
epoch ends.
20/20 - 4s - iou_binarized: 0.6933 - iou: 0.1833 - recall: 0.6236 - precision: 0.2065 - F1_score: 0.3092 - s_loss: 0.0161 - t_loss: 0.0374 - dist_loss: 0.0932 - loss: 0.0907 - 4s/epoch - 181ms/step
Epoch 245/300
epoch ends.
20/20 - 4s - iou_binarized: 0.6932 - iou: 0.1833 - recall: 0.6236 - precision: 0.2065 - F1_score: 0.3092 - s_loss: 0.0162 - t_loss: 0.0374 - dist_loss: 0.0931 - loss: 0.0907 - 4s/epoch - 179ms/step
Epoch 246/300
epoch ends.
20/20 - 4s - iou_binarized: 0.6930 - iou: 0.1833 - recall: 0.6236 - precision: 0.2066 - F1_score: 0.3093 - s_loss: 0.0162 - t_loss: 0.0374 - dist_loss: 0.0931 - loss: 0.0907 - 4s/epoch - 179ms/step
Epoch 247/300
epoch ends.
20/20 - 4s - iou_binarized: 0.6928 - iou: 0.1833 - recall: 0.6236 - precision: 0.2066 - F1_score: 0.3093 - s_loss: 0.0162 - t_loss: 0.0374 - dist_loss: 0.0931 - loss: 0.0907 - 4s/epoch - 181ms/step
Epoch 248/300
epoch ends.
20/20 - 4s - iou_binarized: 0.6926 - iou: 0.1834 - recall: 0.6236 - precision: 0.2066 - F1_score: 0.3093 - s_loss: 0.0162 - t_loss: 0.0374 - dist_loss: 0.0931 - loss: 0.0907 - 4s/epoch - 181ms/step
Epoch 249/300
epoch ends.
20/20 - 4s - iou_binarized: 0.6926 - iou: 0.1834 - recall: 0.6235 - precision: 0.2066 - F1_score: 0.3093 - s_loss: 0.0162 - t_loss: 0.0374 - dist_loss: 0.0931 - loss: 0.0907 - 4s/epoch - 182ms/step
Epoch 250/300
epoch ends.
20/20 - 4s - iou_binarized: 0.6925 - iou: 0.1834 - recall: 0.6235 - precision: 0.2066 - F1_score: 0.3093 - s_loss: 0.0162 - t_loss: 0.0374 - dist_loss: 0.0931 - loss: 0.0907 - 4s/epoch - 180ms/step
Epoch 251/300
epoch ends.
20/20 - 4s - iou_binarized: 0.6925 - iou: 0.1834 - recall: 0.6234 - precision: 0.2065 - F1_score: 0.3093 - s_loss: 0.0162 - t_loss: 0.0374 - dist_loss: 0.0931 - loss: 0.0907 - 4s/epoch - 183ms/step
Epoch 252/300
epoch ends.
20/20 - 4s - iou_binarized: 0.6925 - iou: 0.1833 - recall: 0.6233 - precision: 0.2065 - F1_score: 0.3092 - s_loss: 0.0162 - t_loss: 0.0374 - dist_loss: 0.0932 - loss: 0.0907 - 4s/epoch - 186ms/step
Epoch 253/300
epoch ends.
20/20 - 4s - iou_binarized: 0.6925 - iou: 0.1833 - recall: 0.6233 - precision: 0.2065 - F1_score: 0.3092 - s_loss: 0.0161 - t_loss: 0.0374 - dist_loss: 0.0933 - loss: 0.0907 - 4s/epoch - 183ms/step
Epoch 254/300
epoch ends.
20/20 - 4s - iou_binarized: 0.6924 - iou: 0.1833 - recall: 0.6233 - precision: 0.2065 - F1_score: 0.3092 - s_loss: 0.0161 - t_loss: 0.0374 - dist_loss: 0.0933 - loss: 0.0907 - 4s/epoch - 181ms/step
Epoch 255/300
epoch ends.
20/20 - 4s - iou_binarized: 0.6928 - iou: 0.1833 - recall: 0.6233 - precision: 0.2065 - F1_score: 0.3092 - s_loss: 0.0161 - t_loss: 0.0374 - dist_loss: 0.0933 - loss: 0.0907 - 4s/epoch - 181ms/step
Epoch 256/300
epoch ends.
20/20 - 4s - iou_binarized: 0.6933 - iou: 0.1834 - recall: 0.6234 - precision: 0.2065 - F1_score: 0.3093 - s_loss: 0.0160 - t_loss: 0.0374 - dist_loss: 0.0933 - loss: 0.0907 - 4s/epoch - 180ms/step
Epoch 257/300
epoch ends.
20/20 - 4s - iou_binarized: 0.6943 - iou: 0.1834 - recall: 0.6235 - precision: 0.2065 - F1_score: 0.3093 - s_loss: 0.0160 - t_loss: 0.0374 - dist_loss: 0.0933 - loss: 0.0907 - 4s/epoch - 180ms/step
Epoch 258/300
epoch ends.
20/20 - 4s - iou_binarized: 0.6951 - iou: 0.1834 - recall: 0.6237 - precision: 0.2066 - F1_score: 0.3094 - s_loss: 0.0160 - t_loss: 0.0374 - dist_loss: 0.0933 - loss: 0.0906 - 4s/epoch - 180ms/step
Epoch 259/300
epoch ends.
20/20 - 4s - iou_binarized: 0.6961 - iou: 0.1835 - recall: 0.6238 - precision: 0.2066 - F1_score: 0.3095 - s_loss: 0.0161 - t_loss: 0.0374 - dist_loss: 0.0932 - loss: 0.0906 - 4s/epoch - 180ms/step
Epoch 260/300
epoch ends.
20/20 - 4s - iou_binarized: 0.6970 - iou: 0.1836 - recall: 0.6241 - precision: 0.2067 - F1_score: 0.3096 - s_loss: 0.0161 - t_loss: 0.0374 - dist_loss: 0.0931 - loss: 0.0906 - 4s/epoch - 180ms/step
Epoch 261/300
epoch ends.
20/20 - 4s - iou_binarized: 0.6978 - iou: 0.1837 - recall: 0.6243 - precision: 0.2068 - F1_score: 0.3097 - s_loss: 0.0161 - t_loss: 0.0374 - dist_loss: 0.0931 - loss: 0.0906 - 4s/epoch - 179ms/step
Epoch 262/300
epoch ends.
20/20 - 4s - iou_binarized: 0.6986 - iou: 0.1837 - recall: 0.6245 - precision: 0.2069 - F1_score: 0.3098 - s_loss: 0.0161 - t_loss: 0.0374 - dist_loss: 0.0930 - loss: 0.0906 - 4s/epoch - 180ms/step
Epoch 263/300
epoch ends.
20/20 - 4s - iou_binarized: 0.6992 - iou: 0.1838 - recall: 0.6247 - precision: 0.2070 - F1_score: 0.3099 - s_loss: 0.0162 - t_loss: 0.0374 - dist_loss: 0.0930 - loss: 0.0906 - 4s/epoch - 181ms/step
Epoch 264/300
epoch ends.
20/20 - 4s - iou_binarized: 0.6998 - iou: 0.1839 - recall: 0.6249 - precision: 0.2071 - F1_score: 0.3101 - s_loss: 0.0162 - t_loss: 0.0374 - dist_loss: 0.0930 - loss: 0.0906 - 4s/epoch - 180ms/step
Epoch 265/300
epoch ends.
20/20 - 4s - iou_binarized: 0.7002 - iou: 0.1840 - recall: 0.6251 - precision: 0.2072 - F1_score: 0.3102 - s_loss: 0.0162 - t_loss: 0.0374 - dist_loss: 0.0930 - loss: 0.0906 - 4s/epoch - 181ms/step
Epoch 266/300
epoch ends.
20/20 - 4s - iou_binarized: 0.7006 - iou: 0.1841 - recall: 0.6253 - precision: 0.2072 - F1_score: 0.3103 - s_loss: 0.0162 - t_loss: 0.0374 - dist_loss: 0.0930 - loss: 0.0906 - 4s/epoch - 180ms/step
Epoch 267/300
epoch ends.
20/20 - 4s - iou_binarized: 0.7008 - iou: 0.1842 - recall: 0.6255 - precision: 0.2073 - F1_score: 0.3104 - s_loss: 0.0162 - t_loss: 0.0374 - dist_loss: 0.0930 - loss: 0.0906 - 4s/epoch - 181ms/step
Epoch 268/300
epoch ends.
20/20 - 4s - iou_binarized: 0.7010 - iou: 0.1842 - recall: 0.6256 - precision: 0.2074 - F1_score: 0.3105 - s_loss: 0.0162 - t_loss: 0.0374 - dist_loss: 0.0930 - loss: 0.0906 - 4s/epoch - 186ms/step
Epoch 269/300
epoch ends.
20/20 - 4s - iou_binarized: 0.7012 - iou: 0.1843 - recall: 0.6258 - precision: 0.2075 - F1_score: 0.3106 - s_loss: 0.0161 - t_loss: 0.0374 - dist_loss: 0.0930 - loss: 0.0906 - 4s/epoch - 184ms/step
Epoch 270/300
epoch ends.
20/20 - 4s - iou_binarized: 0.7013 - iou: 0.1843 - recall: 0.6259 - precision: 0.2075 - F1_score: 0.3106 - s_loss: 0.0161 - t_loss: 0.0374 - dist_loss: 0.0930 - loss: 0.0906 - 4s/epoch - 182ms/step
Epoch 271/300
epoch ends.
20/20 - 4s - iou_binarized: 0.7016 - iou: 0.1844 - recall: 0.6260 - precision: 0.2075 - F1_score: 0.3107 - s_loss: 0.0161 - t_loss: 0.0374 - dist_loss: 0.0930 - loss: 0.0905 - 4s/epoch - 180ms/step
Epoch 272/300
epoch ends.
20/20 - 4s - iou_binarized: 0.7016 - iou: 0.1844 - recall: 0.6261 - precision: 0.2076 - F1_score: 0.3108 - s_loss: 0.0162 - t_loss: 0.0374 - dist_loss: 0.0930 - loss: 0.0905 - 4s/epoch - 181ms/step
Epoch 273/300
epoch ends.
20/20 - 4s - iou_binarized: 0.7016 - iou: 0.1844 - recall: 0.6262 - precision: 0.2076 - F1_score: 0.3108 - s_loss: 0.0162 - t_loss: 0.0374 - dist_loss: 0.0930 - loss: 0.0905 - 4s/epoch - 183ms/step
Epoch 274/300
epoch ends.
20/20 - 4s - iou_binarized: 0.7018 - iou: 0.1845 - recall: 0.6263 - precision: 0.2077 - F1_score: 0.3109 - s_loss: 0.0162 - t_loss: 0.0374 - dist_loss: 0.0929 - loss: 0.0905 - 4s/epoch - 181ms/step
Epoch 275/300
epoch ends.
20/20 - 4s - iou_binarized: 0.7020 - iou: 0.1845 - recall: 0.6264 - precision: 0.2077 - F1_score: 0.3109 - s_loss: 0.0162 - t_loss: 0.0374 - dist_loss: 0.0929 - loss: 0.0905 - 4s/epoch - 180ms/step
Epoch 276/300
epoch ends.
20/20 - 4s - iou_binarized: 0.7021 - iou: 0.1845 - recall: 0.6264 - precision: 0.2077 - F1_score: 0.3109 - s_loss: 0.0162 - t_loss: 0.0374 - dist_loss: 0.0929 - loss: 0.0905 - 4s/epoch - 179ms/step
Epoch 277/300
epoch ends.
20/20 - 4s - iou_binarized: 0.7022 - iou: 0.1845 - recall: 0.6265 - precision: 0.2077 - F1_score: 0.3110 - s_loss: 0.0163 - t_loss: 0.0374 - dist_loss: 0.0928 - loss: 0.0905 - 4s/epoch - 180ms/step
Epoch 278/300
epoch ends.
20/20 - 4s - iou_binarized: 0.7021 - iou: 0.1846 - recall: 0.6265 - precision: 0.2078 - F1_score: 0.3110 - s_loss: 0.0163 - t_loss: 0.0374 - dist_loss: 0.0927 - loss: 0.0905 - 4s/epoch - 180ms/step
Epoch 279/300
epoch ends.
20/20 - 4s - iou_binarized: 0.7020 - iou: 0.1846 - recall: 0.6266 - precision: 0.2078 - F1_score: 0.3110 - s_loss: 0.0164 - t_loss: 0.0374 - dist_loss: 0.0927 - loss: 0.0905 - 4s/epoch - 180ms/step
Epoch 280/300
epoch ends.
20/20 - 4s - iou_binarized: 0.7018 - iou: 0.1846 - recall: 0.6266 - precision: 0.2078 - F1_score: 0.3110 - s_loss: 0.0165 - t_loss: 0.0374 - dist_loss: 0.0926 - loss: 0.0906 - 4s/epoch - 179ms/step
Epoch 281/300
epoch ends.
20/20 - 4s - iou_binarized: 0.7017 - iou: 0.1846 - recall: 0.6266 - precision: 0.2078 - F1_score: 0.3111 - s_loss: 0.0166 - t_loss: 0.0374 - dist_loss: 0.0925 - loss: 0.0906 - 4s/epoch - 180ms/step
Epoch 282/300
epoch ends.
20/20 - 4s - iou_binarized: 0.7017 - iou: 0.1846 - recall: 0.6265 - precision: 0.2079 - F1_score: 0.3111 - s_loss: 0.0166 - t_loss: 0.0374 - dist_loss: 0.0925 - loss: 0.0906 - 4s/epoch - 181ms/step
Epoch 283/300
epoch ends.
20/20 - 4s - iou_binarized: 0.7016 - iou: 0.1847 - recall: 0.6264 - precision: 0.2079 - F1_score: 0.3112 - s_loss: 0.0165 - t_loss: 0.0374 - dist_loss: 0.0926 - loss: 0.0906 - 4s/epoch - 180ms/step
Epoch 284/300
epoch ends.
20/20 - 4s - iou_binarized: 0.7018 - iou: 0.1847 - recall: 0.6265 - precision: 0.2079 - F1_score: 0.3112 - s_loss: 0.0162 - t_loss: 0.0374 - dist_loss: 0.0930 - loss: 0.0906 - 4s/epoch - 182ms/step
Epoch 285/300
epoch ends.
20/20 - 4s - iou_binarized: 0.7023 - iou: 0.1847 - recall: 0.6269 - precision: 0.2079 - F1_score: 0.3112 - s_loss: 0.0159 - t_loss: 0.0374 - dist_loss: 0.0934 - loss: 0.0906 - 4s/epoch - 185ms/step
Epoch 286/300
epoch ends.
20/20 - 4s - iou_binarized: 0.7027 - iou: 0.1847 - recall: 0.6272 - precision: 0.2080 - F1_score: 0.3112 - s_loss: 0.0157 - t_loss: 0.0374 - dist_loss: 0.0937 - loss: 0.0907 - 4s/epoch - 182ms/step
Epoch 287/300
epoch ends.
20/20 - 4s - iou_binarized: 0.7031 - iou: 0.1847 - recall: 0.6274 - precision: 0.2079 - F1_score: 0.3112 - s_loss: 0.0159 - t_loss: 0.0374 - dist_loss: 0.0934 - loss: 0.0906 - 4s/epoch - 180ms/step
Epoch 288/300
epoch ends.
20/20 - 4s - iou_binarized: 0.7025 - iou: 0.1846 - recall: 0.6271 - precision: 0.2078 - F1_score: 0.3111 - s_loss: 0.0164 - t_loss: 0.0374 - dist_loss: 0.0926 - loss: 0.0905 - 4s/epoch - 181ms/step
Epoch 289/300
epoch ends.
20/20 - 4s - iou_binarized: 0.7006 - iou: 0.1846 - recall: 0.6262 - precision: 0.2079 - F1_score: 0.3111 - s_loss: 0.0166 - t_loss: 0.0374 - dist_loss: 0.0924 - loss: 0.0906 - 4s/epoch - 181ms/step
Epoch 290/300
epoch ends.
20/20 - 4s - iou_binarized: 0.6986 - iou: 0.1846 - recall: 0.6254 - precision: 0.2080 - F1_score: 0.3110 - s_loss: 0.0159 - t_loss: 0.0374 - dist_loss: 0.0934 - loss: 0.0906 - 4s/epoch - 181ms/step
Epoch 291/300
epoch ends.
20/20 - 4s - iou_binarized: 0.6962 - iou: 0.1840 - recall: 0.6251 - precision: 0.2073 - F1_score: 0.3102 - s_loss: 0.0160 - t_loss: 0.0374 - dist_loss: 0.0934 - loss: 0.0907 - 4s/epoch - 181ms/step
Epoch 292/300
epoch ends.
20/20 - 4s - iou_binarized: 0.6884 - iou: 0.1834 - recall: 0.6232 - precision: 0.2067 - F1_score: 0.3093 - s_loss: 0.0158 - t_loss: 0.0374 - dist_loss: 0.0942 - loss: 0.0912 - 4s/epoch - 180ms/step
Epoch 293/300
epoch ends.
20/20 - 4s - iou_binarized: 0.6909 - iou: 0.1837 - recall: 0.6249 - precision: 0.2068 - F1_score: 0.3097 - s_loss: 0.0157 - t_loss: 0.0374 - dist_loss: 0.0941 - loss: 0.0910 - 4s/epoch - 180ms/step
Epoch 294/300
epoch ends.
20/20 - 4s - iou_binarized: 0.7006 - iou: 0.1841 - recall: 0.6262 - precision: 0.2071 - F1_score: 0.3103 - s_loss: 0.0164 - t_loss: 0.0374 - dist_loss: 0.0927 - loss: 0.0905 - 4s/epoch - 176ms/step
Epoch 295/300
epoch ends.
20/20 - 3s - iou_binarized: 0.7033 - iou: 0.1843 - recall: 0.6261 - precision: 0.2075 - F1_score: 0.3105 - s_loss: 0.0167 - t_loss: 0.0374 - dist_loss: 0.0924 - loss: 0.0906 - 3s/epoch - 173ms/step
Epoch 296/300
epoch ends.
20/20 - 4s - iou_binarized: 0.7036 - iou: 0.1848 - recall: 0.6262 - precision: 0.2082 - F1_score: 0.3112 - s_loss: 0.0162 - t_loss: 0.0374 - dist_loss: 0.0930 - loss: 0.0906 - 4s/epoch - 188ms/step
Epoch 297/300
epoch ends.
20/20 - 4s - iou_binarized: 0.7022 - iou: 0.1852 - recall: 0.6273 - precision: 0.2086 - F1_score: 0.3117 - s_loss: 0.0162 - t_loss: 0.0374 - dist_loss: 0.0930 - loss: 0.0906 - 4s/epoch - 181ms/step
Epoch 298/300
epoch ends.
20/20 - 4s - iou_binarized: 0.7042 - iou: 0.1853 - recall: 0.6274 - precision: 0.2087 - F1_score: 0.3119 - s_loss: 0.0167 - t_loss: 0.0374 - dist_loss: 0.0923 - loss: 0.0906 - 4s/epoch - 179ms/step
Epoch 299/300
epoch ends.
20/20 - 4s - iou_binarized: 0.7036 - iou: 0.1850 - recall: 0.6265 - precision: 0.2086 - F1_score: 0.3115 - s_loss: 0.0173 - t_loss: 0.0374 - dist_loss: 0.0919 - loss: 0.0908 - 4s/epoch - 181ms/step
Epoch 300/300
epoch ends.
20/20 - 4s - iou_binarized: 0.7018 - iou: 0.1851 - recall: 0.6259 - precision: 0.2088 - F1_score: 0.3116 - s_loss: 0.0171 - t_loss: 0.0374 - dist_loss: 0.0920 - loss: 0.0907 - 4s/epoch - 180ms/step
