2022-07-15 01:51:53.056795: I tensorflow/core/platform/cpu_feature_guard.cc:151] This TensorFlow binary is optimized with oneAPI Deep Neural Network Library (oneDNN) to use the following CPU instructions in performance-critical operations:  AVX2 AVX512F FMA
To enable them in other operations, rebuild TensorFlow with the appropriate compiler flags.
2022-07-15 01:51:55.665543: I tensorflow/core/common_runtime/gpu/gpu_device.cc:1525] Created device /job:localhost/replica:0/task:0/device:GPU:0 with 14640 MB memory:  -> device: 0, name: Tesla V100-SXM2-16GB, pci bus id: 0000:62:00.0, compute capability: 7.0
2022-07-15 01:52:16.427595: I tensorflow/stream_executor/cuda/cuda_dnn.cc:368] Loaded cuDNN version 8400
Start.
/home/de532237/cancer/Bachelorarbeit/Data/AVM_2022/Turning/Train_aug/images/
Begin to read images from /home/de532237/cancer/Bachelorarbeit/Data/AVM_2022/Turning/Train_aug/images/
Begin to read masks from /home/de532237/cancer/Bachelorarbeit/Data/AVM_2022/Turning/Train_aug/masks/
/home/de532237/cancer/Bachelorarbeit/Data/AVM_2022/Turning/Inference_aug/images/
Begin to read images from /home/de532237/cancer/Bachelorarbeit/Data/AVM_2022/Turning/Inference_aug/images/
Begin to read masks from /home/de532237/cancer/Bachelorarbeit/Data/AVM_2022/Turning/Inference_aug/masks/
/home/de532237/cancer/Bachelorarbeit/Data/AVM_2022/Milling/Train_aug/images/
Begin to read images from /home/de532237/cancer/Bachelorarbeit/Data/AVM_2022/Milling/Train_aug/images/
Begin to read masks from /home/de532237/cancer/Bachelorarbeit/Data/AVM_2022/Milling/Train_aug/masks/
/home/de532237/cancer/Bachelorarbeit/Data/AVM_2022/Milling/Inference_aug/images/
Begin to read images from /home/de532237/cancer/Bachelorarbeit/Data/AVM_2022/Milling/Inference_aug/images/
Begin to read masks from /home/de532237/cancer/Bachelorarbeit/Data/AVM_2022/Milling/Inference_aug/masks/
X_train   (160, 512, 512, 1)
Y_train   (160, 512, 512, 2)
train begins.
Epoch 1/300
epoch ends.
20/20 - 6s - iou_binarized: 0.0214 - iou: 0.0649 - recall: 0.1755 - precision: 0.0969 - F1_score: 0.1212 - s_loss: 0.0289 - t_loss: 0.1026 - dist_loss: 0.0401 - loss: 0.0409 - 6s/epoch - 300ms/step
Epoch 2/300
epoch ends.
20/20 - 4s - iou_binarized: 8.7427e-05 - iou: 0.0773 - recall: 0.1781 - precision: 0.1217 - F1_score: 0.1433 - s_loss: 0.0249 - t_loss: 0.1026 - dist_loss: 0.0386 - loss: 0.0365 - 4s/epoch - 183ms/step
Epoch 3/300
epoch ends.
20/20 - 4s - iou_binarized: 4.2877e-04 - iou: 0.0900 - recall: 0.2031 - precision: 0.1414 - F1_score: 0.1648 - s_loss: 0.0220 - t_loss: 0.1026 - dist_loss: 0.0386 - loss: 0.0336 - 4s/epoch - 182ms/step
Epoch 4/300
epoch ends.
20/20 - 4s - iou_binarized: 0.0021 - iou: 0.1019 - recall: 0.2326 - precision: 0.1561 - F1_score: 0.1846 - s_loss: 0.0217 - t_loss: 0.1026 - dist_loss: 0.0366 - loss: 0.0327 - 4s/epoch - 182ms/step
Epoch 5/300
epoch ends.
20/20 - 4s - iou_binarized: 0.0048 - iou: 0.1083 - recall: 0.2446 - precision: 0.1665 - F1_score: 0.1952 - s_loss: 0.0210 - t_loss: 0.1026 - dist_loss: 0.0370 - loss: 0.0321 - 4s/epoch - 183ms/step
Epoch 6/300
epoch ends.
20/20 - 4s - iou_binarized: 0.0089 - iou: 0.1134 - recall: 0.2552 - precision: 0.1728 - F1_score: 0.2034 - s_loss: 0.0205 - t_loss: 0.1026 - dist_loss: 0.0373 - loss: 0.0317 - 4s/epoch - 182ms/step
Epoch 7/300
epoch ends.
20/20 - 4s - iou_binarized: 0.0203 - iou: 0.1206 - recall: 0.2682 - precision: 0.1824 - F1_score: 0.2150 - s_loss: 0.0198 - t_loss: 0.1026 - dist_loss: 0.0368 - loss: 0.0309 - 4s/epoch - 181ms/step
Epoch 8/300
epoch ends.
20/20 - 4s - iou_binarized: 0.0420 - iou: 0.1278 - recall: 0.2821 - precision: 0.1924 - F1_score: 0.2263 - s_loss: 0.0196 - t_loss: 0.1026 - dist_loss: 0.0371 - loss: 0.0307 - 4s/epoch - 183ms/step
Epoch 9/300
epoch ends.
20/20 - 4s - iou_binarized: 0.0703 - iou: 0.1336 - recall: 0.2939 - precision: 0.1995 - F1_score: 0.2353 - s_loss: 0.0193 - t_loss: 0.1026 - dist_loss: 0.0373 - loss: 0.0304 - 4s/epoch - 182ms/step
Epoch 10/300
epoch ends.
20/20 - 5s - iou_binarized: 0.1091 - iou: 0.1404 - recall: 0.3068 - precision: 0.2082 - F1_score: 0.2458 - s_loss: 0.0188 - t_loss: 0.1026 - dist_loss: 0.0374 - loss: 0.0300 - 5s/epoch - 244ms/step
Epoch 11/300
epoch ends.
20/20 - 4s - iou_binarized: 0.1511 - iou: 0.1473 - recall: 0.3199 - precision: 0.2172 - F1_score: 0.2564 - s_loss: 0.0185 - t_loss: 0.1026 - dist_loss: 0.0376 - loss: 0.0298 - 4s/epoch - 188ms/step
Epoch 12/300
epoch ends.
20/20 - 4s - iou_binarized: 0.1875 - iou: 0.1535 - recall: 0.3321 - precision: 0.2248 - F1_score: 0.2657 - s_loss: 0.0183 - t_loss: 0.1026 - dist_loss: 0.0377 - loss: 0.0296 - 4s/epoch - 186ms/step
Epoch 13/300
epoch ends.
20/20 - 4s - iou_binarized: 0.2194 - iou: 0.1597 - recall: 0.3440 - precision: 0.2323 - F1_score: 0.2749 - s_loss: 0.0180 - t_loss: 0.1026 - dist_loss: 0.0379 - loss: 0.0294 - 4s/epoch - 185ms/step
Epoch 14/300
epoch ends.
20/20 - 4s - iou_binarized: 0.2468 - iou: 0.1657 - recall: 0.3552 - precision: 0.2396 - F1_score: 0.2837 - s_loss: 0.0178 - t_loss: 0.1026 - dist_loss: 0.0381 - loss: 0.0292 - 4s/epoch - 184ms/step
Epoch 15/300
epoch ends.
20/20 - 4s - iou_binarized: 0.2703 - iou: 0.1711 - recall: 0.3655 - precision: 0.2461 - F1_score: 0.2917 - s_loss: 0.0176 - t_loss: 0.1026 - dist_loss: 0.0382 - loss: 0.0290 - 4s/epoch - 184ms/step
Epoch 16/300
epoch ends.
20/20 - 4s - iou_binarized: 0.2899 - iou: 0.1761 - recall: 0.3749 - precision: 0.2520 - F1_score: 0.2989 - s_loss: 0.0174 - t_loss: 0.1026 - dist_loss: 0.0383 - loss: 0.0289 - 4s/epoch - 185ms/step
Epoch 17/300
epoch ends.
20/20 - 4s - iou_binarized: 0.3068 - iou: 0.1808 - recall: 0.3835 - precision: 0.2575 - F1_score: 0.3056 - s_loss: 0.0172 - t_loss: 0.1026 - dist_loss: 0.0384 - loss: 0.0287 - 4s/epoch - 184ms/step
Epoch 18/300
epoch ends.
20/20 - 4s - iou_binarized: 0.3219 - iou: 0.1850 - recall: 0.3914 - precision: 0.2624 - F1_score: 0.3117 - s_loss: 0.0171 - t_loss: 0.1026 - dist_loss: 0.0384 - loss: 0.0286 - 4s/epoch - 183ms/step
Epoch 19/300
epoch ends.
20/20 - 4s - iou_binarized: 0.3353 - iou: 0.1890 - recall: 0.3987 - precision: 0.2670 - F1_score: 0.3173 - s_loss: 0.0169 - t_loss: 0.1026 - dist_loss: 0.0385 - loss: 0.0285 - 4s/epoch - 184ms/step
Epoch 20/300
epoch ends.
20/20 - 4s - iou_binarized: 0.3476 - iou: 0.1928 - recall: 0.4055 - precision: 0.2713 - F1_score: 0.3226 - s_loss: 0.0168 - t_loss: 0.1026 - dist_loss: 0.0386 - loss: 0.0284 - 4s/epoch - 183ms/step
Epoch 21/300
epoch ends.
20/20 - 4s - iou_binarized: 0.3584 - iou: 0.1963 - recall: 0.4119 - precision: 0.2753 - F1_score: 0.3275 - s_loss: 0.0167 - t_loss: 0.1026 - dist_loss: 0.0386 - loss: 0.0282 - 4s/epoch - 183ms/step
Epoch 22/300
epoch ends.
20/20 - 4s - iou_binarized: 0.3686 - iou: 0.1996 - recall: 0.4178 - precision: 0.2790 - F1_score: 0.3320 - s_loss: 0.0165 - t_loss: 0.1026 - dist_loss: 0.0386 - loss: 0.0281 - 4s/epoch - 183ms/step
Epoch 23/300
epoch ends.
20/20 - 4s - iou_binarized: 0.3776 - iou: 0.2027 - recall: 0.4234 - precision: 0.2825 - F1_score: 0.3363 - s_loss: 0.0164 - t_loss: 0.1026 - dist_loss: 0.0387 - loss: 0.0280 - 4s/epoch - 183ms/step
Epoch 24/300
epoch ends.
20/20 - 4s - iou_binarized: 0.3856 - iou: 0.2056 - recall: 0.4285 - precision: 0.2858 - F1_score: 0.3403 - s_loss: 0.0163 - t_loss: 0.1026 - dist_loss: 0.0387 - loss: 0.0279 - 4s/epoch - 182ms/step
Epoch 25/300
epoch ends.
20/20 - 7s - iou_binarized: 0.3929 - iou: 0.2083 - recall: 0.4333 - precision: 0.2888 - F1_score: 0.3440 - s_loss: 0.0162 - t_loss: 0.1026 - dist_loss: 0.0387 - loss: 0.0278 - 7s/epoch - 357ms/step
Epoch 26/300
epoch ends.
20/20 - 4s - iou_binarized: 0.3994 - iou: 0.2108 - recall: 0.4377 - precision: 0.2916 - F1_score: 0.3474 - s_loss: 0.0161 - t_loss: 0.1026 - dist_loss: 0.0387 - loss: 0.0277 - 4s/epoch - 196ms/step
Epoch 27/300
epoch ends.
20/20 - 4s - iou_binarized: 0.4054 - iou: 0.2132 - recall: 0.4418 - precision: 0.2942 - F1_score: 0.3506 - s_loss: 0.0160 - t_loss: 0.1026 - dist_loss: 0.0387 - loss: 0.0276 - 4s/epoch - 187ms/step
Epoch 28/300
epoch ends.
20/20 - 4s - iou_binarized: 0.4109 - iou: 0.2153 - recall: 0.4456 - precision: 0.2966 - F1_score: 0.3535 - s_loss: 0.0159 - t_loss: 0.1026 - dist_loss: 0.0387 - loss: 0.0276 - 4s/epoch - 186ms/step
Epoch 29/300
epoch ends.
20/20 - 4s - iou_binarized: 0.4156 - iou: 0.2174 - recall: 0.4491 - precision: 0.2989 - F1_score: 0.3563 - s_loss: 0.0159 - t_loss: 0.1026 - dist_loss: 0.0387 - loss: 0.0275 - 4s/epoch - 184ms/step
Epoch 30/300
epoch ends.
20/20 - 4s - iou_binarized: 0.4200 - iou: 0.2193 - recall: 0.4524 - precision: 0.3010 - F1_score: 0.3589 - s_loss: 0.0158 - t_loss: 0.1026 - dist_loss: 0.0387 - loss: 0.0274 - 4s/epoch - 184ms/step
Epoch 31/300
epoch ends.
20/20 - 4s - iou_binarized: 0.4238 - iou: 0.2211 - recall: 0.4554 - precision: 0.3030 - F1_score: 0.3612 - s_loss: 0.0157 - t_loss: 0.1026 - dist_loss: 0.0387 - loss: 0.0273 - 4s/epoch - 184ms/step
Epoch 32/300
epoch ends.
20/20 - 4s - iou_binarized: 0.4275 - iou: 0.2228 - recall: 0.4583 - precision: 0.3048 - F1_score: 0.3635 - s_loss: 0.0156 - t_loss: 0.1026 - dist_loss: 0.0387 - loss: 0.0273 - 4s/epoch - 192ms/step
Epoch 33/300
epoch ends.
20/20 - 4s - iou_binarized: 0.4309 - iou: 0.2244 - recall: 0.4610 - precision: 0.3066 - F1_score: 0.3656 - s_loss: 0.0156 - t_loss: 0.1026 - dist_loss: 0.0387 - loss: 0.0272 - 4s/epoch - 183ms/step
Epoch 34/300
epoch ends.
20/20 - 4s - iou_binarized: 0.4341 - iou: 0.2259 - recall: 0.4635 - precision: 0.3083 - F1_score: 0.3676 - s_loss: 0.0155 - t_loss: 0.1026 - dist_loss: 0.0387 - loss: 0.0271 - 4s/epoch - 182ms/step
Epoch 35/300
epoch ends.
20/20 - 4s - iou_binarized: 0.4369 - iou: 0.2274 - recall: 0.4659 - precision: 0.3099 - F1_score: 0.3695 - s_loss: 0.0155 - t_loss: 0.1026 - dist_loss: 0.0387 - loss: 0.0271 - 4s/epoch - 181ms/step
Epoch 36/300
epoch ends.
20/20 - 4s - iou_binarized: 0.4397 - iou: 0.2288 - recall: 0.4682 - precision: 0.3114 - F1_score: 0.3714 - s_loss: 0.0154 - t_loss: 0.1026 - dist_loss: 0.0387 - loss: 0.0270 - 4s/epoch - 182ms/step
Epoch 37/300
epoch ends.
20/20 - 4s - iou_binarized: 0.4425 - iou: 0.2301 - recall: 0.4704 - precision: 0.3128 - F1_score: 0.3731 - s_loss: 0.0153 - t_loss: 0.1026 - dist_loss: 0.0387 - loss: 0.0269 - 4s/epoch - 182ms/step
Epoch 38/300
epoch ends.
20/20 - 4s - iou_binarized: 0.4450 - iou: 0.2313 - recall: 0.4725 - precision: 0.3142 - F1_score: 0.3748 - s_loss: 0.0153 - t_loss: 0.1026 - dist_loss: 0.0387 - loss: 0.0269 - 4s/epoch - 182ms/step
Epoch 39/300
epoch ends.
20/20 - 4s - iou_binarized: 0.4474 - iou: 0.2326 - recall: 0.4745 - precision: 0.3156 - F1_score: 0.3764 - s_loss: 0.0152 - t_loss: 0.1026 - dist_loss: 0.0387 - loss: 0.0268 - 4s/epoch - 183ms/step
Epoch 40/300
epoch ends.
20/20 - 4s - iou_binarized: 0.4496 - iou: 0.2337 - recall: 0.4764 - precision: 0.3169 - F1_score: 0.3779 - s_loss: 0.0152 - t_loss: 0.1026 - dist_loss: 0.0387 - loss: 0.0268 - 4s/epoch - 181ms/step
Epoch 41/300
epoch ends.
20/20 - 6s - iou_binarized: 0.4521 - iou: 0.2349 - recall: 0.4782 - precision: 0.3181 - F1_score: 0.3794 - s_loss: 0.0151 - t_loss: 0.1026 - dist_loss: 0.0387 - loss: 0.0267 - 6s/epoch - 296ms/step
Epoch 42/300
epoch ends.
20/20 - 4s - iou_binarized: 0.4542 - iou: 0.2360 - recall: 0.4800 - precision: 0.3193 - F1_score: 0.3808 - s_loss: 0.0151 - t_loss: 0.1026 - dist_loss: 0.0387 - loss: 0.0267 - 4s/epoch - 188ms/step
Epoch 43/300
epoch ends.
20/20 - 4s - iou_binarized: 0.4563 - iou: 0.2371 - recall: 0.4817 - precision: 0.3205 - F1_score: 0.3822 - s_loss: 0.0150 - t_loss: 0.1026 - dist_loss: 0.0387 - loss: 0.0266 - 4s/epoch - 188ms/step
Epoch 44/300
epoch ends.
20/20 - 4s - iou_binarized: 0.4584 - iou: 0.2381 - recall: 0.4834 - precision: 0.3216 - F1_score: 0.3835 - s_loss: 0.0150 - t_loss: 0.1026 - dist_loss: 0.0387 - loss: 0.0266 - 4s/epoch - 187ms/step
Epoch 45/300
epoch ends.
20/20 - 4s - iou_binarized: 0.4605 - iou: 0.2391 - recall: 0.4850 - precision: 0.3227 - F1_score: 0.3849 - s_loss: 0.0149 - t_loss: 0.1026 - dist_loss: 0.0387 - loss: 0.0265 - 4s/epoch - 187ms/step
Epoch 46/300
epoch ends.
20/20 - 4s - iou_binarized: 0.4626 - iou: 0.2401 - recall: 0.4866 - precision: 0.3238 - F1_score: 0.3861 - s_loss: 0.0149 - t_loss: 0.1026 - dist_loss: 0.0387 - loss: 0.0265 - 4s/epoch - 183ms/step
Epoch 47/300
epoch ends.
20/20 - 4s - iou_binarized: 0.4646 - iou: 0.2411 - recall: 0.4881 - precision: 0.3248 - F1_score: 0.3874 - s_loss: 0.0148 - t_loss: 0.1026 - dist_loss: 0.0387 - loss: 0.0264 - 4s/epoch - 183ms/step
Epoch 48/300
epoch ends.
20/20 - 4s - iou_binarized: 0.4665 - iou: 0.2420 - recall: 0.4896 - precision: 0.3258 - F1_score: 0.3886 - s_loss: 0.0147 - t_loss: 0.1026 - dist_loss: 0.0387 - loss: 0.0264 - 4s/epoch - 183ms/step
Epoch 49/300
epoch ends.
20/20 - 4s - iou_binarized: 0.4684 - iou: 0.2429 - recall: 0.4911 - precision: 0.3268 - F1_score: 0.3897 - s_loss: 0.0147 - t_loss: 0.1026 - dist_loss: 0.0387 - loss: 0.0263 - 4s/epoch - 184ms/step
Epoch 50/300
epoch ends.
20/20 - 4s - iou_binarized: 0.4703 - iou: 0.2438 - recall: 0.4925 - precision: 0.3277 - F1_score: 0.3909 - s_loss: 0.0146 - t_loss: 0.1026 - dist_loss: 0.0387 - loss: 0.0263 - 4s/epoch - 185ms/step
Epoch 51/300
epoch ends.
20/20 - 4s - iou_binarized: 0.4721 - iou: 0.2447 - recall: 0.4939 - precision: 0.3287 - F1_score: 0.3920 - s_loss: 0.0146 - t_loss: 0.1026 - dist_loss: 0.0387 - loss: 0.0262 - 4s/epoch - 185ms/step
Epoch 52/300
epoch ends.
20/20 - 4s - iou_binarized: 0.4739 - iou: 0.2455 - recall: 0.4952 - precision: 0.3296 - F1_score: 0.3931 - s_loss: 0.0145 - t_loss: 0.1026 - dist_loss: 0.0387 - loss: 0.0262 - 4s/epoch - 184ms/step
Epoch 53/300
epoch ends.
20/20 - 4s - iou_binarized: 0.4757 - iou: 0.2464 - recall: 0.4965 - precision: 0.3305 - F1_score: 0.3942 - s_loss: 0.0145 - t_loss: 0.1026 - dist_loss: 0.0387 - loss: 0.0261 - 4s/epoch - 184ms/step
Epoch 54/300
epoch ends.
20/20 - 4s - iou_binarized: 0.4774 - iou: 0.2472 - recall: 0.4978 - precision: 0.3314 - F1_score: 0.3952 - s_loss: 0.0144 - t_loss: 0.1026 - dist_loss: 0.0388 - loss: 0.0261 - 4s/epoch - 184ms/step
Epoch 55/300
epoch ends.
20/20 - 4s - iou_binarized: 0.4791 - iou: 0.2480 - recall: 0.4991 - precision: 0.3323 - F1_score: 0.3963 - s_loss: 0.0144 - t_loss: 0.1026 - dist_loss: 0.0388 - loss: 0.0260 - 4s/epoch - 183ms/step
Epoch 56/300
epoch ends.
20/20 - 7s - iou_binarized: 0.4807 - iou: 0.2488 - recall: 0.5004 - precision: 0.3331 - F1_score: 0.3973 - s_loss: 0.0143 - t_loss: 0.1026 - dist_loss: 0.0388 - loss: 0.0260 - 7s/epoch - 345ms/step
Epoch 57/300
epoch ends.
20/20 - 4s - iou_binarized: 0.4824 - iou: 0.2496 - recall: 0.5016 - precision: 0.3340 - F1_score: 0.3983 - s_loss: 0.0143 - t_loss: 0.1026 - dist_loss: 0.0388 - loss: 0.0259 - 4s/epoch - 195ms/step
Epoch 58/300
epoch ends.
20/20 - 4s - iou_binarized: 0.4842 - iou: 0.2504 - recall: 0.5028 - precision: 0.3348 - F1_score: 0.3993 - s_loss: 0.0142 - t_loss: 0.1026 - dist_loss: 0.0388 - loss: 0.0259 - 4s/epoch - 184ms/step
Epoch 59/300
epoch ends.
20/20 - 4s - iou_binarized: 0.4859 - iou: 0.2512 - recall: 0.5040 - precision: 0.3356 - F1_score: 0.4003 - s_loss: 0.0142 - t_loss: 0.1026 - dist_loss: 0.0388 - loss: 0.0258 - 4s/epoch - 185ms/step
Epoch 60/300
epoch ends.
20/20 - 4s - iou_binarized: 0.4875 - iou: 0.2519 - recall: 0.5051 - precision: 0.3364 - F1_score: 0.4012 - s_loss: 0.0141 - t_loss: 0.1026 - dist_loss: 0.0389 - loss: 0.0258 - 4s/epoch - 186ms/step
Epoch 61/300
epoch ends.
20/20 - 4s - iou_binarized: 0.4890 - iou: 0.2527 - recall: 0.5063 - precision: 0.3372 - F1_score: 0.4022 - s_loss: 0.0141 - t_loss: 0.1026 - dist_loss: 0.0389 - loss: 0.0258 - 4s/epoch - 183ms/step
Epoch 62/300
epoch ends.
20/20 - 4s - iou_binarized: 0.4904 - iou: 0.2534 - recall: 0.5074 - precision: 0.3380 - F1_score: 0.4031 - s_loss: 0.0140 - t_loss: 0.1026 - dist_loss: 0.0389 - loss: 0.0257 - 4s/epoch - 185ms/step
Epoch 63/300
epoch ends.
20/20 - 4s - iou_binarized: 0.4922 - iou: 0.2542 - recall: 0.5086 - precision: 0.3388 - F1_score: 0.4040 - s_loss: 0.0140 - t_loss: 0.1026 - dist_loss: 0.0389 - loss: 0.0257 - 4s/epoch - 185ms/step
Epoch 64/300
epoch ends.
20/20 - 4s - iou_binarized: 0.4938 - iou: 0.2549 - recall: 0.5097 - precision: 0.3395 - F1_score: 0.4049 - s_loss: 0.0139 - t_loss: 0.1026 - dist_loss: 0.0390 - loss: 0.0256 - 4s/epoch - 184ms/step
Epoch 65/300
epoch ends.
20/20 - 4s - iou_binarized: 0.4953 - iou: 0.2556 - recall: 0.5108 - precision: 0.3403 - F1_score: 0.4059 - s_loss: 0.0139 - t_loss: 0.1026 - dist_loss: 0.0390 - loss: 0.0256 - 4s/epoch - 184ms/step
Epoch 66/300
epoch ends.
20/20 - 4s - iou_binarized: 0.4970 - iou: 0.2564 - recall: 0.5118 - precision: 0.3410 - F1_score: 0.4068 - s_loss: 0.0138 - t_loss: 0.1026 - dist_loss: 0.0390 - loss: 0.0255 - 4s/epoch - 183ms/step
Epoch 67/300
epoch ends.
20/20 - 4s - iou_binarized: 0.4986 - iou: 0.2571 - recall: 0.5129 - precision: 0.3418 - F1_score: 0.4077 - s_loss: 0.0138 - t_loss: 0.1026 - dist_loss: 0.0390 - loss: 0.0255 - 4s/epoch - 183ms/step
Epoch 68/300
epoch ends.
20/20 - 4s - iou_binarized: 0.5003 - iou: 0.2578 - recall: 0.5140 - precision: 0.3425 - F1_score: 0.4085 - s_loss: 0.0137 - t_loss: 0.1026 - dist_loss: 0.0391 - loss: 0.0255 - 4s/epoch - 183ms/step
Epoch 69/300
epoch ends.
20/20 - 4s - iou_binarized: 0.5020 - iou: 0.2585 - recall: 0.5151 - precision: 0.3433 - F1_score: 0.4094 - s_loss: 0.0137 - t_loss: 0.1026 - dist_loss: 0.0391 - loss: 0.0254 - 4s/epoch - 183ms/step
Epoch 70/300
epoch ends.
20/20 - 4s - iou_binarized: 0.5036 - iou: 0.2592 - recall: 0.5161 - precision: 0.3440 - F1_score: 0.4103 - s_loss: 0.0136 - t_loss: 0.1026 - dist_loss: 0.0391 - loss: 0.0254 - 4s/epoch - 181ms/step
Epoch 71/300
epoch ends.
20/20 - 4s - iou_binarized: 0.5053 - iou: 0.2600 - recall: 0.5172 - precision: 0.3448 - F1_score: 0.4112 - s_loss: 0.0136 - t_loss: 0.1026 - dist_loss: 0.0392 - loss: 0.0253 - 4s/epoch - 183ms/step
Epoch 72/300
epoch ends.
20/20 - 6s - iou_binarized: 0.5070 - iou: 0.2607 - recall: 0.5183 - precision: 0.3455 - F1_score: 0.4121 - s_loss: 0.0135 - t_loss: 0.1026 - dist_loss: 0.0392 - loss: 0.0253 - 6s/epoch - 294ms/step
Epoch 73/300
epoch ends.
20/20 - 4s - iou_binarized: 0.5085 - iou: 0.2614 - recall: 0.5193 - precision: 0.3462 - F1_score: 0.4130 - s_loss: 0.0135 - t_loss: 0.1026 - dist_loss: 0.0393 - loss: 0.0253 - 4s/epoch - 188ms/step
Epoch 74/300
epoch ends.
20/20 - 4s - iou_binarized: 0.5103 - iou: 0.2621 - recall: 0.5204 - precision: 0.3470 - F1_score: 0.4139 - s_loss: 0.0134 - t_loss: 0.1026 - dist_loss: 0.0393 - loss: 0.0252 - 4s/epoch - 183ms/step
Epoch 75/300
epoch ends.
20/20 - 4s - iou_binarized: 0.5119 - iou: 0.2628 - recall: 0.5214 - precision: 0.3477 - F1_score: 0.4148 - s_loss: 0.0134 - t_loss: 0.1026 - dist_loss: 0.0393 - loss: 0.0252 - 4s/epoch - 182ms/step
Epoch 76/300
epoch ends.
20/20 - 4s - iou_binarized: 0.5134 - iou: 0.2636 - recall: 0.5225 - precision: 0.3484 - F1_score: 0.4157 - s_loss: 0.0133 - t_loss: 0.1026 - dist_loss: 0.0394 - loss: 0.0252 - 4s/epoch - 184ms/step
Epoch 77/300
epoch ends.
20/20 - 4s - iou_binarized: 0.5151 - iou: 0.2643 - recall: 0.5236 - precision: 0.3492 - F1_score: 0.4165 - s_loss: 0.0133 - t_loss: 0.1026 - dist_loss: 0.0394 - loss: 0.0251 - 4s/epoch - 182ms/step
Epoch 78/300
epoch ends.
20/20 - 4s - iou_binarized: 0.5168 - iou: 0.2650 - recall: 0.5246 - precision: 0.3499 - F1_score: 0.4174 - s_loss: 0.0133 - t_loss: 0.1026 - dist_loss: 0.0395 - loss: 0.0251 - 4s/epoch - 182ms/step
Epoch 79/300
epoch ends.
20/20 - 4s - iou_binarized: 0.5185 - iou: 0.2657 - recall: 0.5257 - precision: 0.3506 - F1_score: 0.4183 - s_loss: 0.0132 - t_loss: 0.1026 - dist_loss: 0.0395 - loss: 0.0251 - 4s/epoch - 182ms/step
Epoch 80/300
epoch ends.
20/20 - 4s - iou_binarized: 0.5200 - iou: 0.2664 - recall: 0.5268 - precision: 0.3513 - F1_score: 0.4192 - s_loss: 0.0132 - t_loss: 0.1026 - dist_loss: 0.0395 - loss: 0.0250 - 4s/epoch - 182ms/step
Epoch 81/300
epoch ends.
20/20 - 4s - iou_binarized: 0.5216 - iou: 0.2671 - recall: 0.5278 - precision: 0.3520 - F1_score: 0.4200 - s_loss: 0.0131 - t_loss: 0.1026 - dist_loss: 0.0396 - loss: 0.0250 - 4s/epoch - 182ms/step
Epoch 82/300
epoch ends.
20/20 - 4s - iou_binarized: 0.5232 - iou: 0.2678 - recall: 0.5288 - precision: 0.3527 - F1_score: 0.4209 - s_loss: 0.0131 - t_loss: 0.1026 - dist_loss: 0.0396 - loss: 0.0250 - 4s/epoch - 183ms/step
Epoch 83/300
epoch ends.
20/20 - 4s - iou_binarized: 0.5246 - iou: 0.2685 - recall: 0.5298 - precision: 0.3534 - F1_score: 0.4217 - s_loss: 0.0130 - t_loss: 0.1026 - dist_loss: 0.0396 - loss: 0.0249 - 4s/epoch - 182ms/step
Epoch 84/300
epoch ends.
20/20 - 4s - iou_binarized: 0.5260 - iou: 0.2691 - recall: 0.5308 - precision: 0.3540 - F1_score: 0.4225 - s_loss: 0.0130 - t_loss: 0.1026 - dist_loss: 0.0397 - loss: 0.0249 - 4s/epoch - 182ms/step
Epoch 85/300
epoch ends.
20/20 - 4s - iou_binarized: 0.5275 - iou: 0.2698 - recall: 0.5317 - precision: 0.3547 - F1_score: 0.4233 - s_loss: 0.0130 - t_loss: 0.1026 - dist_loss: 0.0397 - loss: 0.0249 - 4s/epoch - 181ms/step
Epoch 86/300
epoch ends.
20/20 - 4s - iou_binarized: 0.5290 - iou: 0.2704 - recall: 0.5327 - precision: 0.3553 - F1_score: 0.4240 - s_loss: 0.0129 - t_loss: 0.1026 - dist_loss: 0.0397 - loss: 0.0248 - 4s/epoch - 183ms/step
Epoch 87/300
epoch ends.
20/20 - 4s - iou_binarized: 0.5302 - iou: 0.2710 - recall: 0.5336 - precision: 0.3560 - F1_score: 0.4248 - s_loss: 0.0129 - t_loss: 0.1026 - dist_loss: 0.0397 - loss: 0.0248 - 4s/epoch - 182ms/step
Epoch 88/300
epoch ends.
20/20 - 5s - iou_binarized: 0.5315 - iou: 0.2716 - recall: 0.5345 - precision: 0.3566 - F1_score: 0.4255 - s_loss: 0.0129 - t_loss: 0.1026 - dist_loss: 0.0397 - loss: 0.0248 - 5s/epoch - 259ms/step
Epoch 89/300
epoch ends.
20/20 - 4s - iou_binarized: 0.5329 - iou: 0.2722 - recall: 0.5354 - precision: 0.3572 - F1_score: 0.4263 - s_loss: 0.0128 - t_loss: 0.1026 - dist_loss: 0.0397 - loss: 0.0248 - 4s/epoch - 186ms/step
Epoch 90/300
epoch ends.
20/20 - 4s - iou_binarized: 0.5343 - iou: 0.2728 - recall: 0.5364 - precision: 0.3579 - F1_score: 0.4270 - s_loss: 0.0128 - t_loss: 0.1026 - dist_loss: 0.0397 - loss: 0.0247 - 4s/epoch - 185ms/step
Epoch 91/300
epoch ends.
20/20 - 4s - iou_binarized: 0.5356 - iou: 0.2735 - recall: 0.5373 - precision: 0.3585 - F1_score: 0.4278 - s_loss: 0.0128 - t_loss: 0.1026 - dist_loss: 0.0397 - loss: 0.0247 - 4s/epoch - 185ms/step
Epoch 92/300
epoch ends.
20/20 - 4s - iou_binarized: 0.5370 - iou: 0.2741 - recall: 0.5382 - precision: 0.3592 - F1_score: 0.4285 - s_loss: 0.0128 - t_loss: 0.1026 - dist_loss: 0.0396 - loss: 0.0247 - 4s/epoch - 185ms/step
Epoch 93/300
epoch ends.
20/20 - 4s - iou_binarized: 0.5383 - iou: 0.2747 - recall: 0.5391 - precision: 0.3598 - F1_score: 0.4293 - s_loss: 0.0128 - t_loss: 0.1026 - dist_loss: 0.0396 - loss: 0.0246 - 4s/epoch - 185ms/step
Epoch 94/300
epoch ends.
20/20 - 4s - iou_binarized: 0.5397 - iou: 0.2753 - recall: 0.5400 - precision: 0.3605 - F1_score: 0.4300 - s_loss: 0.0127 - t_loss: 0.1026 - dist_loss: 0.0396 - loss: 0.0246 - 4s/epoch - 184ms/step
Epoch 95/300
epoch ends.
20/20 - 4s - iou_binarized: 0.5408 - iou: 0.2759 - recall: 0.5409 - precision: 0.3611 - F1_score: 0.4307 - s_loss: 0.0127 - t_loss: 0.1026 - dist_loss: 0.0395 - loss: 0.0246 - 4s/epoch - 184ms/step
Epoch 96/300
epoch ends.
20/20 - 4s - iou_binarized: 0.5419 - iou: 0.2765 - recall: 0.5418 - precision: 0.3618 - F1_score: 0.4315 - s_loss: 0.0127 - t_loss: 0.1026 - dist_loss: 0.0395 - loss: 0.0245 - 4s/epoch - 185ms/step
Epoch 97/300
epoch ends.
20/20 - 4s - iou_binarized: 0.5432 - iou: 0.2771 - recall: 0.5427 - precision: 0.3624 - F1_score: 0.4322 - s_loss: 0.0127 - t_loss: 0.1026 - dist_loss: 0.0395 - loss: 0.0245 - 4s/epoch - 183ms/step
Epoch 98/300
epoch ends.
20/20 - 4s - iou_binarized: 0.5444 - iou: 0.2777 - recall: 0.5436 - precision: 0.3631 - F1_score: 0.4329 - s_loss: 0.0127 - t_loss: 0.1026 - dist_loss: 0.0394 - loss: 0.0245 - 4s/epoch - 190ms/step
Epoch 99/300
epoch ends.
20/20 - 4s - iou_binarized: 0.5458 - iou: 0.2782 - recall: 0.5445 - precision: 0.3637 - F1_score: 0.4336 - s_loss: 0.0126 - t_loss: 0.1026 - dist_loss: 0.0394 - loss: 0.0245 - 4s/epoch - 177ms/step
Epoch 100/300
epoch ends.
20/20 - 4s - iou_binarized: 0.5471 - iou: 0.2788 - recall: 0.5454 - precision: 0.3643 - F1_score: 0.4343 - s_loss: 0.0126 - t_loss: 0.1026 - dist_loss: 0.0394 - loss: 0.0244 - 4s/epoch - 180ms/step
Epoch 101/300
epoch ends.
20/20 - 4s - iou_binarized: 0.5483 - iou: 0.2794 - recall: 0.5462 - precision: 0.3649 - F1_score: 0.4350 - s_loss: 0.0126 - t_loss: 0.1026 - dist_loss: 0.0393 - loss: 0.0244 - 4s/epoch - 182ms/step
Epoch 102/300
epoch ends.
20/20 - 4s - iou_binarized: 0.5493 - iou: 0.2799 - recall: 0.5471 - precision: 0.3655 - F1_score: 0.4357 - s_loss: 0.0126 - t_loss: 0.1026 - dist_loss: 0.0393 - loss: 0.0244 - 4s/epoch - 183ms/step
Epoch 103/300
epoch ends.
20/20 - 7s - iou_binarized: 0.5504 - iou: 0.2805 - recall: 0.5479 - precision: 0.3661 - F1_score: 0.4364 - s_loss: 0.0126 - t_loss: 0.1026 - dist_loss: 0.0393 - loss: 0.0243 - 7s/epoch - 356ms/step
Epoch 104/300
epoch ends.
20/20 - 4s - iou_binarized: 0.5515 - iou: 0.2811 - recall: 0.5487 - precision: 0.3667 - F1_score: 0.4371 - s_loss: 0.0125 - t_loss: 0.1026 - dist_loss: 0.0393 - loss: 0.0243 - 4s/epoch - 197ms/step
Epoch 105/300
epoch ends.
20/20 - 4s - iou_binarized: 0.5526 - iou: 0.2816 - recall: 0.5496 - precision: 0.3673 - F1_score: 0.4377 - s_loss: 0.0125 - t_loss: 0.1026 - dist_loss: 0.0393 - loss: 0.0243 - 4s/epoch - 187ms/step
Epoch 106/300
epoch ends.
20/20 - 4s - iou_binarized: 0.5536 - iou: 0.2821 - recall: 0.5504 - precision: 0.3679 - F1_score: 0.4384 - s_loss: 0.0125 - t_loss: 0.1026 - dist_loss: 0.0392 - loss: 0.0243 - 4s/epoch - 186ms/step
Epoch 107/300
epoch ends.
20/20 - 4s - iou_binarized: 0.5546 - iou: 0.2827 - recall: 0.5512 - precision: 0.3684 - F1_score: 0.4390 - s_loss: 0.0125 - t_loss: 0.1026 - dist_loss: 0.0392 - loss: 0.0242 - 4s/epoch - 185ms/step
Epoch 108/300
epoch ends.
20/20 - 4s - iou_binarized: 0.5556 - iou: 0.2832 - recall: 0.5520 - precision: 0.3690 - F1_score: 0.4397 - s_loss: 0.0124 - t_loss: 0.1026 - dist_loss: 0.0392 - loss: 0.0242 - 4s/epoch - 184ms/step
Epoch 109/300
epoch ends.
20/20 - 4s - iou_binarized: 0.5566 - iou: 0.2837 - recall: 0.5528 - precision: 0.3695 - F1_score: 0.4403 - s_loss: 0.0124 - t_loss: 0.1026 - dist_loss: 0.0392 - loss: 0.0242 - 4s/epoch - 184ms/step
Epoch 110/300
epoch ends.
20/20 - 4s - iou_binarized: 0.5578 - iou: 0.2842 - recall: 0.5536 - precision: 0.3701 - F1_score: 0.4409 - s_loss: 0.0124 - t_loss: 0.1026 - dist_loss: 0.0392 - loss: 0.0242 - 4s/epoch - 184ms/step
Epoch 111/300
epoch ends.
20/20 - 4s - iou_binarized: 0.5588 - iou: 0.2848 - recall: 0.5543 - precision: 0.3706 - F1_score: 0.4415 - s_loss: 0.0124 - t_loss: 0.1026 - dist_loss: 0.0392 - loss: 0.0241 - 4s/epoch - 185ms/step
Epoch 112/300
epoch ends.
20/20 - 4s - iou_binarized: 0.5598 - iou: 0.2853 - recall: 0.5551 - precision: 0.3712 - F1_score: 0.4422 - s_loss: 0.0124 - t_loss: 0.1026 - dist_loss: 0.0392 - loss: 0.0241 - 4s/epoch - 185ms/step
Epoch 113/300
epoch ends.
20/20 - 4s - iou_binarized: 0.5609 - iou: 0.2858 - recall: 0.5559 - precision: 0.3717 - F1_score: 0.4428 - s_loss: 0.0123 - t_loss: 0.1026 - dist_loss: 0.0392 - loss: 0.0241 - 4s/epoch - 184ms/step
Epoch 114/300
epoch ends.
20/20 - 4s - iou_binarized: 0.5621 - iou: 0.2863 - recall: 0.5567 - precision: 0.3723 - F1_score: 0.4434 - s_loss: 0.0123 - t_loss: 0.1026 - dist_loss: 0.0392 - loss: 0.0241 - 4s/epoch - 184ms/step
Epoch 115/300
epoch ends.
20/20 - 4s - iou_binarized: 0.5633 - iou: 0.2868 - recall: 0.5574 - precision: 0.3728 - F1_score: 0.4440 - s_loss: 0.0123 - t_loss: 0.1026 - dist_loss: 0.0391 - loss: 0.0240 - 4s/epoch - 184ms/step
Epoch 116/300
epoch ends.
20/20 - 4s - iou_binarized: 0.5645 - iou: 0.2873 - recall: 0.5582 - precision: 0.3733 - F1_score: 0.4447 - s_loss: 0.0123 - t_loss: 0.1026 - dist_loss: 0.0391 - loss: 0.0240 - 4s/epoch - 186ms/step
Epoch 117/300
epoch ends.
20/20 - 4s - iou_binarized: 0.5656 - iou: 0.2878 - recall: 0.5590 - precision: 0.3738 - F1_score: 0.4453 - s_loss: 0.0122 - t_loss: 0.1026 - dist_loss: 0.0391 - loss: 0.0240 - 4s/epoch - 181ms/step
Epoch 118/300
epoch ends.
20/20 - 4s - iou_binarized: 0.5667 - iou: 0.2883 - recall: 0.5597 - precision: 0.3744 - F1_score: 0.4459 - s_loss: 0.0122 - t_loss: 0.1026 - dist_loss: 0.0391 - loss: 0.0239 - 4s/epoch - 182ms/step
Epoch 119/300
epoch ends.
20/20 - 6s - iou_binarized: 0.5678 - iou: 0.2889 - recall: 0.5605 - precision: 0.3749 - F1_score: 0.4465 - s_loss: 0.0122 - t_loss: 0.1026 - dist_loss: 0.0391 - loss: 0.0239 - 6s/epoch - 282ms/step
Epoch 120/300
epoch ends.
20/20 - 4s - iou_binarized: 0.5690 - iou: 0.2894 - recall: 0.5613 - precision: 0.3754 - F1_score: 0.4471 - s_loss: 0.0122 - t_loss: 0.1026 - dist_loss: 0.0391 - loss: 0.0239 - 4s/epoch - 218ms/step
Epoch 121/300
epoch ends.
20/20 - 4s - iou_binarized: 0.5699 - iou: 0.2898 - recall: 0.5620 - precision: 0.3759 - F1_score: 0.4477 - s_loss: 0.0121 - t_loss: 0.1026 - dist_loss: 0.0391 - loss: 0.0239 - 4s/epoch - 188ms/step
Epoch 122/300
epoch ends.
20/20 - 4s - iou_binarized: 0.5709 - iou: 0.2903 - recall: 0.5627 - precision: 0.3764 - F1_score: 0.4483 - s_loss: 0.0121 - t_loss: 0.1026 - dist_loss: 0.0391 - loss: 0.0238 - 4s/epoch - 189ms/step
Epoch 123/300
epoch ends.
20/20 - 4s - iou_binarized: 0.5720 - iou: 0.2908 - recall: 0.5635 - precision: 0.3769 - F1_score: 0.4489 - s_loss: 0.0121 - t_loss: 0.1026 - dist_loss: 0.0391 - loss: 0.0238 - 4s/epoch - 187ms/step
Epoch 124/300
epoch ends.
20/20 - 4s - iou_binarized: 0.5731 - iou: 0.2913 - recall: 0.5642 - precision: 0.3774 - F1_score: 0.4495 - s_loss: 0.0121 - t_loss: 0.1026 - dist_loss: 0.0391 - loss: 0.0238 - 4s/epoch - 180ms/step
Epoch 125/300
epoch ends.
20/20 - 4s - iou_binarized: 0.5743 - iou: 0.2918 - recall: 0.5650 - precision: 0.3779 - F1_score: 0.4500 - s_loss: 0.0120 - t_loss: 0.1026 - dist_loss: 0.0391 - loss: 0.0238 - 4s/epoch - 186ms/step
Epoch 126/300
epoch ends.
20/20 - 4s - iou_binarized: 0.5754 - iou: 0.2923 - recall: 0.5657 - precision: 0.3784 - F1_score: 0.4506 - s_loss: 0.0120 - t_loss: 0.1026 - dist_loss: 0.0391 - loss: 0.0237 - 4s/epoch - 186ms/step
Epoch 127/300
epoch ends.
20/20 - 7s - iou_binarized: 0.5765 - iou: 0.2928 - recall: 0.5664 - precision: 0.3788 - F1_score: 0.4512 - s_loss: 0.0120 - t_loss: 0.1026 - dist_loss: 0.0391 - loss: 0.0237 - 7s/epoch - 346ms/step
Epoch 128/300
epoch ends.
20/20 - 4s - iou_binarized: 0.5776 - iou: 0.2932 - recall: 0.5671 - precision: 0.3793 - F1_score: 0.4518 - s_loss: 0.0120 - t_loss: 0.1026 - dist_loss: 0.0391 - loss: 0.0237 - 4s/epoch - 185ms/step
Epoch 129/300
epoch ends.
20/20 - 4s - iou_binarized: 0.5786 - iou: 0.2937 - recall: 0.5678 - precision: 0.3798 - F1_score: 0.4523 - s_loss: 0.0119 - t_loss: 0.1026 - dist_loss: 0.0391 - loss: 0.0237 - 4s/epoch - 185ms/step
Epoch 130/300
epoch ends.
20/20 - 4s - iou_binarized: 0.5796 - iou: 0.2942 - recall: 0.5685 - precision: 0.3803 - F1_score: 0.4529 - s_loss: 0.0119 - t_loss: 0.1026 - dist_loss: 0.0392 - loss: 0.0237 - 4s/epoch - 186ms/step
Epoch 131/300
epoch ends.
20/20 - 4s - iou_binarized: 0.5805 - iou: 0.2946 - recall: 0.5692 - precision: 0.3807 - F1_score: 0.4534 - s_loss: 0.0119 - t_loss: 0.1026 - dist_loss: 0.0392 - loss: 0.0236 - 4s/epoch - 185ms/step
Epoch 132/300
epoch ends.
20/20 - 4s - iou_binarized: 0.5817 - iou: 0.2951 - recall: 0.5699 - precision: 0.3812 - F1_score: 0.4540 - s_loss: 0.0119 - t_loss: 0.1026 - dist_loss: 0.0392 - loss: 0.0236 - 4s/epoch - 186ms/step
Epoch 133/300
epoch ends.
20/20 - 4s - iou_binarized: 0.5829 - iou: 0.2955 - recall: 0.5706 - precision: 0.3816 - F1_score: 0.4545 - s_loss: 0.0118 - t_loss: 0.1026 - dist_loss: 0.0392 - loss: 0.0236 - 4s/epoch - 184ms/step
Epoch 134/300
epoch ends.
20/20 - 4s - iou_binarized: 0.5839 - iou: 0.2960 - recall: 0.5713 - precision: 0.3821 - F1_score: 0.4551 - s_loss: 0.0118 - t_loss: 0.1026 - dist_loss: 0.0392 - loss: 0.0236 - 4s/epoch - 190ms/step
Epoch 135/300
epoch ends.
20/20 - 4s - iou_binarized: 0.5850 - iou: 0.2964 - recall: 0.5719 - precision: 0.3825 - F1_score: 0.4556 - s_loss: 0.0118 - t_loss: 0.1026 - dist_loss: 0.0392 - loss: 0.0235 - 4s/epoch - 191ms/step
Epoch 136/300
epoch ends.
20/20 - 4s - iou_binarized: 0.5861 - iou: 0.2969 - recall: 0.5726 - precision: 0.3829 - F1_score: 0.4561 - s_loss: 0.0118 - t_loss: 0.1026 - dist_loss: 0.0392 - loss: 0.0235 - 4s/epoch - 187ms/step
Epoch 137/300
epoch ends.
20/20 - 4s - iou_binarized: 0.5872 - iou: 0.2973 - recall: 0.5732 - precision: 0.3834 - F1_score: 0.4566 - s_loss: 0.0117 - t_loss: 0.1026 - dist_loss: 0.0392 - loss: 0.0235 - 4s/epoch - 187ms/step
Epoch 138/300
epoch ends.
20/20 - 4s - iou_binarized: 0.5883 - iou: 0.2977 - recall: 0.5739 - precision: 0.3838 - F1_score: 0.4572 - s_loss: 0.0117 - t_loss: 0.1026 - dist_loss: 0.0392 - loss: 0.0235 - 4s/epoch - 184ms/step
Epoch 139/300
epoch ends.
20/20 - 4s - iou_binarized: 0.5891 - iou: 0.2982 - recall: 0.5745 - precision: 0.3842 - F1_score: 0.4577 - s_loss: 0.0117 - t_loss: 0.1026 - dist_loss: 0.0392 - loss: 0.0234 - 4s/epoch - 185ms/step
Epoch 140/300
epoch ends.
20/20 - 4s - iou_binarized: 0.5901 - iou: 0.2986 - recall: 0.5752 - precision: 0.3846 - F1_score: 0.4582 - s_loss: 0.0116 - t_loss: 0.1026 - dist_loss: 0.0392 - loss: 0.0234 - 4s/epoch - 184ms/step
Epoch 141/300
epoch ends.
20/20 - 4s - iou_binarized: 0.5910 - iou: 0.2990 - recall: 0.5758 - precision: 0.3851 - F1_score: 0.4587 - s_loss: 0.0116 - t_loss: 0.1026 - dist_loss: 0.0392 - loss: 0.0234 - 4s/epoch - 185ms/step
Epoch 142/300
epoch ends.
20/20 - 4s - iou_binarized: 0.5920 - iou: 0.2994 - recall: 0.5764 - precision: 0.3855 - F1_score: 0.4592 - s_loss: 0.0116 - t_loss: 0.1026 - dist_loss: 0.0392 - loss: 0.0234 - 4s/epoch - 184ms/step
Epoch 143/300
epoch ends.
20/20 - 4s - iou_binarized: 0.5930 - iou: 0.2998 - recall: 0.5770 - precision: 0.3859 - F1_score: 0.4596 - s_loss: 0.0116 - t_loss: 0.1026 - dist_loss: 0.0392 - loss: 0.0233 - 4s/epoch - 186ms/step
Epoch 144/300
epoch ends.
20/20 - 4s - iou_binarized: 0.5938 - iou: 0.3002 - recall: 0.5776 - precision: 0.3862 - F1_score: 0.4601 - s_loss: 0.0115 - t_loss: 0.1026 - dist_loss: 0.0392 - loss: 0.0233 - 4s/epoch - 187ms/step
Epoch 145/300
epoch ends.
20/20 - 4s - iou_binarized: 0.5948 - iou: 0.3006 - recall: 0.5782 - precision: 0.3866 - F1_score: 0.4606 - s_loss: 0.0115 - t_loss: 0.1026 - dist_loss: 0.0392 - loss: 0.0233 - 4s/epoch - 185ms/step
Epoch 146/300
epoch ends.
20/20 - 4s - iou_binarized: 0.5958 - iou: 0.3010 - recall: 0.5788 - precision: 0.3870 - F1_score: 0.4610 - s_loss: 0.0115 - t_loss: 0.1026 - dist_loss: 0.0392 - loss: 0.0233 - 4s/epoch - 185ms/step
Epoch 147/300
epoch ends.
20/20 - 4s - iou_binarized: 0.5967 - iou: 0.3014 - recall: 0.5793 - precision: 0.3874 - F1_score: 0.4615 - s_loss: 0.0115 - t_loss: 0.1026 - dist_loss: 0.0392 - loss: 0.0232 - 4s/epoch - 186ms/step
Epoch 148/300
epoch ends.
20/20 - 4s - iou_binarized: 0.5977 - iou: 0.3018 - recall: 0.5799 - precision: 0.3878 - F1_score: 0.4620 - s_loss: 0.0114 - t_loss: 0.1026 - dist_loss: 0.0392 - loss: 0.0232 - 4s/epoch - 182ms/step
Epoch 149/300
epoch ends.
20/20 - 4s - iou_binarized: 0.5987 - iou: 0.3021 - recall: 0.5805 - precision: 0.3882 - F1_score: 0.4624 - s_loss: 0.0114 - t_loss: 0.1026 - dist_loss: 0.0392 - loss: 0.0232 - 4s/epoch - 183ms/step
Epoch 150/300
epoch ends.
20/20 - 4s - iou_binarized: 0.5995 - iou: 0.3025 - recall: 0.5810 - precision: 0.3885 - F1_score: 0.4628 - s_loss: 0.0114 - t_loss: 0.1026 - dist_loss: 0.0392 - loss: 0.0232 - 4s/epoch - 190ms/step
Epoch 151/300
epoch ends.
20/20 - 4s - iou_binarized: 0.6005 - iou: 0.3029 - recall: 0.5816 - precision: 0.3889 - F1_score: 0.4633 - s_loss: 0.0114 - t_loss: 0.1026 - dist_loss: 0.0392 - loss: 0.0231 - 4s/epoch - 186ms/step
Epoch 152/300
epoch ends.
20/20 - 4s - iou_binarized: 0.6014 - iou: 0.3033 - recall: 0.5821 - precision: 0.3893 - F1_score: 0.4637 - s_loss: 0.0114 - t_loss: 0.1026 - dist_loss: 0.0392 - loss: 0.0231 - 4s/epoch - 179ms/step
Epoch 153/300
epoch ends.
20/20 - 4s - iou_binarized: 0.6023 - iou: 0.3036 - recall: 0.5826 - precision: 0.3896 - F1_score: 0.4642 - s_loss: 0.0113 - t_loss: 0.1026 - dist_loss: 0.0392 - loss: 0.0231 - 4s/epoch - 183ms/step
Epoch 154/300
epoch ends.
20/20 - 4s - iou_binarized: 0.6033 - iou: 0.3040 - recall: 0.5831 - precision: 0.3900 - F1_score: 0.4646 - s_loss: 0.0113 - t_loss: 0.1026 - dist_loss: 0.0392 - loss: 0.0231 - 4s/epoch - 180ms/step
Epoch 155/300
epoch ends.
20/20 - 4s - iou_binarized: 0.6043 - iou: 0.3043 - recall: 0.5837 - precision: 0.3903 - F1_score: 0.4650 - s_loss: 0.0113 - t_loss: 0.1026 - dist_loss: 0.0392 - loss: 0.0231 - 4s/epoch - 184ms/step
Epoch 156/300
epoch ends.
20/20 - 4s - iou_binarized: 0.6052 - iou: 0.3047 - recall: 0.5842 - precision: 0.3907 - F1_score: 0.4654 - s_loss: 0.0113 - t_loss: 0.1026 - dist_loss: 0.0392 - loss: 0.0230 - 4s/epoch - 182ms/step
Epoch 157/300
epoch ends.
20/20 - 4s - iou_binarized: 0.6060 - iou: 0.3050 - recall: 0.5846 - precision: 0.3910 - F1_score: 0.4658 - s_loss: 0.0112 - t_loss: 0.1026 - dist_loss: 0.0392 - loss: 0.0230 - 4s/epoch - 183ms/step
Epoch 158/300
epoch ends.
20/20 - 4s - iou_binarized: 0.6069 - iou: 0.3054 - recall: 0.5851 - precision: 0.3914 - F1_score: 0.4662 - s_loss: 0.0112 - t_loss: 0.1026 - dist_loss: 0.0392 - loss: 0.0230 - 4s/epoch - 183ms/step
Epoch 159/300
epoch ends.
20/20 - 4s - iou_binarized: 0.6077 - iou: 0.3057 - recall: 0.5855 - precision: 0.3917 - F1_score: 0.4666 - s_loss: 0.0112 - t_loss: 0.1026 - dist_loss: 0.0392 - loss: 0.0230 - 4s/epoch - 182ms/step
Epoch 160/300
epoch ends.
20/20 - 4s - iou_binarized: 0.6085 - iou: 0.3060 - recall: 0.5860 - precision: 0.3920 - F1_score: 0.4669 - s_loss: 0.0112 - t_loss: 0.1026 - dist_loss: 0.0392 - loss: 0.0230 - 4s/epoch - 183ms/step
Epoch 161/300
epoch ends.
20/20 - 4s - iou_binarized: 0.6091 - iou: 0.3063 - recall: 0.5863 - precision: 0.3923 - F1_score: 0.4672 - s_loss: 0.0112 - t_loss: 0.1026 - dist_loss: 0.0392 - loss: 0.0229 - 4s/epoch - 182ms/step
Epoch 162/300
epoch ends.
20/20 - 4s - iou_binarized: 0.6099 - iou: 0.3065 - recall: 0.5866 - precision: 0.3925 - F1_score: 0.4675 - s_loss: 0.0111 - t_loss: 0.1026 - dist_loss: 0.0393 - loss: 0.0229 - 4s/epoch - 182ms/step
Epoch 163/300
epoch ends.
20/20 - 4s - iou_binarized: 0.6102 - iou: 0.3067 - recall: 0.5869 - precision: 0.3928 - F1_score: 0.4677 - s_loss: 0.0111 - t_loss: 0.1026 - dist_loss: 0.0393 - loss: 0.0229 - 4s/epoch - 183ms/step
Epoch 164/300
epoch ends.
20/20 - 4s - iou_binarized: 0.6105 - iou: 0.3067 - recall: 0.5869 - precision: 0.3929 - F1_score: 0.4678 - s_loss: 0.0111 - t_loss: 0.1026 - dist_loss: 0.0393 - loss: 0.0229 - 4s/epoch - 189ms/step
Epoch 165/300
epoch ends.
20/20 - 4s - iou_binarized: 0.6101 - iou: 0.3066 - recall: 0.5866 - precision: 0.3928 - F1_score: 0.4676 - s_loss: 0.0111 - t_loss: 0.1026 - dist_loss: 0.0394 - loss: 0.0229 - 4s/epoch - 181ms/step
Epoch 166/300
epoch ends.
20/20 - 4s - iou_binarized: 0.6081 - iou: 0.3057 - recall: 0.5853 - precision: 0.3923 - F1_score: 0.4666 - s_loss: 0.0111 - t_loss: 0.1026 - dist_loss: 0.0397 - loss: 0.0230 - 4s/epoch - 185ms/step
Epoch 167/300
epoch ends.
20/20 - 4s - iou_binarized: 0.5992 - iou: 0.3021 - recall: 0.5798 - precision: 0.3896 - F1_score: 0.4625 - s_loss: 0.0112 - t_loss: 0.1026 - dist_loss: 0.0407 - loss: 0.0234 - 4s/epoch - 191ms/step
Epoch 168/300
epoch ends.
20/20 - 4s - iou_binarized: 0.5681 - iou: 0.2893 - recall: 0.5583 - precision: 0.3783 - F1_score: 0.4471 - s_loss: 0.0109 - t_loss: 0.1026 - dist_loss: 0.0451 - loss: 0.0244 - 4s/epoch - 190ms/step
Epoch 169/300
epoch ends.
20/20 - 4s - iou_binarized: 0.5623 - iou: 0.2873 - recall: 0.5586 - precision: 0.3726 - F1_score: 0.4439 - s_loss: 0.0114 - t_loss: 0.1026 - dist_loss: 0.0401 - loss: 0.0234 - 4s/epoch - 189ms/step
Epoch 170/300
epoch ends.
20/20 - 4s - iou_binarized: 0.5995 - iou: 0.3021 - recall: 0.5809 - precision: 0.3871 - F1_score: 0.4622 - s_loss: 0.0114 - t_loss: 0.1026 - dist_loss: 0.0387 - loss: 0.0230 - 4s/epoch - 188ms/step
Epoch 171/300
epoch ends.
20/20 - 4s - iou_binarized: 0.6077 - iou: 0.3053 - recall: 0.5859 - precision: 0.3900 - F1_score: 0.4660 - s_loss: 0.0110 - t_loss: 0.1026 - dist_loss: 0.0396 - loss: 0.0229 - 4s/epoch - 186ms/step
Epoch 172/300
epoch ends.
20/20 - 4s - iou_binarized: 0.6090 - iou: 0.3051 - recall: 0.5858 - precision: 0.3898 - F1_score: 0.4658 - s_loss: 0.0110 - t_loss: 0.1026 - dist_loss: 0.0396 - loss: 0.0229 - 4s/epoch - 185ms/step
Epoch 173/300
epoch ends.
20/20 - 4s - iou_binarized: 0.6123 - iou: 0.3061 - recall: 0.5873 - precision: 0.3908 - F1_score: 0.4670 - s_loss: 0.0110 - t_loss: 0.1026 - dist_loss: 0.0394 - loss: 0.0229 - 4s/epoch - 187ms/step
Epoch 174/300
epoch ends.
20/20 - 4s - iou_binarized: 0.6145 - iou: 0.3072 - recall: 0.5888 - precision: 0.3918 - F1_score: 0.4682 - s_loss: 0.0110 - t_loss: 0.1026 - dist_loss: 0.0395 - loss: 0.0228 - 4s/epoch - 184ms/step
Epoch 175/300
epoch ends.
20/20 - 4s - iou_binarized: 0.6156 - iou: 0.3076 - recall: 0.5892 - precision: 0.3924 - F1_score: 0.4688 - s_loss: 0.0109 - t_loss: 0.1026 - dist_loss: 0.0395 - loss: 0.0228 - 4s/epoch - 186ms/step
Epoch 176/300
epoch ends.
20/20 - 4s - iou_binarized: 0.6169 - iou: 0.3080 - recall: 0.5900 - precision: 0.3927 - F1_score: 0.4692 - s_loss: 0.0109 - t_loss: 0.1026 - dist_loss: 0.0395 - loss: 0.0228 - 4s/epoch - 183ms/step
Epoch 177/300
epoch ends.
20/20 - 4s - iou_binarized: 0.6182 - iou: 0.3085 - recall: 0.5907 - precision: 0.3931 - F1_score: 0.4698 - s_loss: 0.0109 - t_loss: 0.1026 - dist_loss: 0.0395 - loss: 0.0227 - 4s/epoch - 184ms/step
Epoch 178/300
epoch ends.
20/20 - 4s - iou_binarized: 0.6196 - iou: 0.3090 - recall: 0.5915 - precision: 0.3936 - F1_score: 0.4704 - s_loss: 0.0109 - t_loss: 0.1026 - dist_loss: 0.0394 - loss: 0.0227 - 4s/epoch - 185ms/step
Epoch 179/300
epoch ends.
20/20 - 4s - iou_binarized: 0.6205 - iou: 0.3094 - recall: 0.5920 - precision: 0.3940 - F1_score: 0.4709 - s_loss: 0.0109 - t_loss: 0.1026 - dist_loss: 0.0394 - loss: 0.0227 - 4s/epoch - 184ms/step
Epoch 180/300
epoch ends.
20/20 - 4s - iou_binarized: 0.6213 - iou: 0.3097 - recall: 0.5925 - precision: 0.3944 - F1_score: 0.4713 - s_loss: 0.0109 - t_loss: 0.1026 - dist_loss: 0.0394 - loss: 0.0227 - 4s/epoch - 185ms/step
Epoch 181/300
epoch ends.
20/20 - 4s - iou_binarized: 0.6220 - iou: 0.3100 - recall: 0.5930 - precision: 0.3947 - F1_score: 0.4716 - s_loss: 0.0108 - t_loss: 0.1026 - dist_loss: 0.0393 - loss: 0.0226 - 4s/epoch - 184ms/step
Epoch 182/300
epoch ends.
20/20 - 4s - iou_binarized: 0.6228 - iou: 0.3103 - recall: 0.5934 - precision: 0.3949 - F1_score: 0.4719 - s_loss: 0.0108 - t_loss: 0.1026 - dist_loss: 0.0393 - loss: 0.0226 - 4s/epoch - 184ms/step
Epoch 183/300
epoch ends.
20/20 - 4s - iou_binarized: 0.6232 - iou: 0.3104 - recall: 0.5937 - precision: 0.3951 - F1_score: 0.4722 - s_loss: 0.0108 - t_loss: 0.1026 - dist_loss: 0.0392 - loss: 0.0226 - 4s/epoch - 190ms/step
Epoch 184/300
epoch ends.
20/20 - 4s - iou_binarized: 0.6237 - iou: 0.3105 - recall: 0.5939 - precision: 0.3953 - F1_score: 0.4723 - s_loss: 0.0109 - t_loss: 0.1026 - dist_loss: 0.0391 - loss: 0.0226 - 4s/epoch - 190ms/step
Epoch 185/300
epoch ends.
20/20 - 4s - iou_binarized: 0.6239 - iou: 0.3105 - recall: 0.5940 - precision: 0.3953 - F1_score: 0.4723 - s_loss: 0.0109 - t_loss: 0.1026 - dist_loss: 0.0390 - loss: 0.0226 - 4s/epoch - 188ms/step
Epoch 186/300
epoch ends.
20/20 - 4s - iou_binarized: 0.6228 - iou: 0.3102 - recall: 0.5936 - precision: 0.3950 - F1_score: 0.4719 - s_loss: 0.0109 - t_loss: 0.1026 - dist_loss: 0.0389 - loss: 0.0226 - 4s/epoch - 187ms/step
Epoch 187/300
epoch ends.
20/20 - 4s - iou_binarized: 0.6208 - iou: 0.3092 - recall: 0.5925 - precision: 0.3943 - F1_score: 0.4709 - s_loss: 0.0110 - t_loss: 0.1026 - dist_loss: 0.0387 - loss: 0.0226 - 4s/epoch - 187ms/step
Epoch 188/300
epoch ends.
20/20 - 4s - iou_binarized: 0.6153 - iou: 0.3068 - recall: 0.5895 - precision: 0.3923 - F1_score: 0.4681 - s_loss: 0.0112 - t_loss: 0.1026 - dist_loss: 0.0384 - loss: 0.0227 - 4s/epoch - 184ms/step
Epoch 189/300
epoch ends.
20/20 - 4s - iou_binarized: 0.6054 - iou: 0.3020 - recall: 0.5840 - precision: 0.3883 - F1_score: 0.4627 - s_loss: 0.0119 - t_loss: 0.1026 - dist_loss: 0.0379 - loss: 0.0232 - 4s/epoch - 185ms/step
Epoch 190/300
epoch ends.
20/20 - 4s - iou_binarized: 0.6072 - iou: 0.3020 - recall: 0.5872 - precision: 0.3868 - F1_score: 0.4626 - s_loss: 0.0126 - t_loss: 0.1026 - dist_loss: 0.0374 - loss: 0.0238 - 4s/epoch - 185ms/step
Epoch 191/300
epoch ends.
20/20 - 4s - iou_binarized: 0.6170 - iou: 0.3072 - recall: 0.5944 - precision: 0.3918 - F1_score: 0.4687 - s_loss: 0.0122 - t_loss: 0.1026 - dist_loss: 0.0374 - loss: 0.0234 - 4s/epoch - 185ms/step
Epoch 192/300
epoch ends.
20/20 - 4s - iou_binarized: 0.6207 - iou: 0.3089 - recall: 0.5926 - precision: 0.3954 - F1_score: 0.4709 - s_loss: 0.0119 - t_loss: 0.1026 - dist_loss: 0.0374 - loss: 0.0232 - 4s/epoch - 184ms/step
Epoch 193/300
epoch ends.
20/20 - 4s - iou_binarized: 0.6225 - iou: 0.3088 - recall: 0.5928 - precision: 0.3952 - F1_score: 0.4708 - s_loss: 0.0118 - t_loss: 0.1026 - dist_loss: 0.0376 - loss: 0.0230 - 4s/epoch - 184ms/step
Epoch 194/300
epoch ends.
20/20 - 4s - iou_binarized: 0.6281 - iou: 0.3119 - recall: 0.5984 - precision: 0.3973 - F1_score: 0.4741 - s_loss: 0.0116 - t_loss: 0.1026 - dist_loss: 0.0377 - loss: 0.0229 - 4s/epoch - 185ms/step
Epoch 195/300
epoch ends.
20/20 - 4s - iou_binarized: 0.6303 - iou: 0.3131 - recall: 0.5984 - precision: 0.3992 - F1_score: 0.4756 - s_loss: 0.0115 - t_loss: 0.1026 - dist_loss: 0.0378 - loss: 0.0228 - 4s/epoch - 185ms/step
Epoch 196/300
epoch ends.
20/20 - 4s - iou_binarized: 0.6324 - iou: 0.3130 - recall: 0.5990 - precision: 0.3986 - F1_score: 0.4755 - s_loss: 0.0114 - t_loss: 0.1026 - dist_loss: 0.0378 - loss: 0.0228 - 4s/epoch - 184ms/step
Epoch 197/300
epoch ends.
20/20 - 4s - iou_binarized: 0.6340 - iou: 0.3145 - recall: 0.6006 - precision: 0.4003 - F1_score: 0.4772 - s_loss: 0.0113 - t_loss: 0.1026 - dist_loss: 0.0379 - loss: 0.0227 - 4s/epoch - 184ms/step
Epoch 198/300
epoch ends.
20/20 - 4s - iou_binarized: 0.6350 - iou: 0.3146 - recall: 0.6012 - precision: 0.4002 - F1_score: 0.4774 - s_loss: 0.0113 - t_loss: 0.1026 - dist_loss: 0.0379 - loss: 0.0227 - 4s/epoch - 183ms/step
Epoch 199/300
epoch ends.
20/20 - 4s - iou_binarized: 0.6361 - iou: 0.3150 - recall: 0.6017 - precision: 0.4007 - F1_score: 0.4779 - s_loss: 0.0113 - t_loss: 0.1026 - dist_loss: 0.0379 - loss: 0.0226 - 4s/epoch - 191ms/step
Epoch 200/300
epoch ends.
20/20 - 4s - iou_binarized: 0.6368 - iou: 0.3155 - recall: 0.6024 - precision: 0.4011 - F1_score: 0.4784 - s_loss: 0.0112 - t_loss: 0.1026 - dist_loss: 0.0380 - loss: 0.0226 - 4s/epoch - 188ms/step
Epoch 201/300
epoch ends.
20/20 - 4s - iou_binarized: 0.6377 - iou: 0.3159 - recall: 0.6029 - precision: 0.4015 - F1_score: 0.4788 - s_loss: 0.0112 - t_loss: 0.1026 - dist_loss: 0.0380 - loss: 0.0226 - 4s/epoch - 186ms/step
Epoch 202/300
epoch ends.
20/20 - 4s - iou_binarized: 0.6385 - iou: 0.3162 - recall: 0.6033 - precision: 0.4017 - F1_score: 0.4791 - s_loss: 0.0111 - t_loss: 0.1026 - dist_loss: 0.0380 - loss: 0.0225 - 4s/epoch - 188ms/step
Epoch 203/300
epoch ends.
20/20 - 4s - iou_binarized: 0.6394 - iou: 0.3166 - recall: 0.6039 - precision: 0.4021 - F1_score: 0.4796 - s_loss: 0.0111 - t_loss: 0.1026 - dist_loss: 0.0380 - loss: 0.0225 - 4s/epoch - 184ms/step
Epoch 204/300
epoch ends.
20/20 - 4s - iou_binarized: 0.6402 - iou: 0.3169 - recall: 0.6043 - precision: 0.4025 - F1_score: 0.4800 - s_loss: 0.0111 - t_loss: 0.1026 - dist_loss: 0.0381 - loss: 0.0225 - 4s/epoch - 185ms/step
Epoch 205/300
epoch ends.
20/20 - 4s - iou_binarized: 0.6409 - iou: 0.3173 - recall: 0.6048 - precision: 0.4028 - F1_score: 0.4804 - s_loss: 0.0110 - t_loss: 0.1026 - dist_loss: 0.0381 - loss: 0.0225 - 4s/epoch - 186ms/step
Epoch 206/300
epoch ends.
20/20 - 4s - iou_binarized: 0.6417 - iou: 0.3176 - recall: 0.6053 - precision: 0.4032 - F1_score: 0.4808 - s_loss: 0.0110 - t_loss: 0.1026 - dist_loss: 0.0381 - loss: 0.0224 - 4s/epoch - 184ms/step
Epoch 207/300
epoch ends.
20/20 - 4s - iou_binarized: 0.6425 - iou: 0.3180 - recall: 0.6058 - precision: 0.4035 - F1_score: 0.4812 - s_loss: 0.0110 - t_loss: 0.1026 - dist_loss: 0.0381 - loss: 0.0224 - 4s/epoch - 185ms/step
Epoch 208/300
epoch ends.
20/20 - 4s - iou_binarized: 0.6432 - iou: 0.3183 - recall: 0.6062 - precision: 0.4039 - F1_score: 0.4816 - s_loss: 0.0109 - t_loss: 0.1026 - dist_loss: 0.0381 - loss: 0.0224 - 4s/epoch - 183ms/step
Epoch 209/300
epoch ends.
20/20 - 4s - iou_binarized: 0.6440 - iou: 0.3187 - recall: 0.6067 - precision: 0.4042 - F1_score: 0.4820 - s_loss: 0.0109 - t_loss: 0.1026 - dist_loss: 0.0382 - loss: 0.0224 - 4s/epoch - 185ms/step
Epoch 210/300
epoch ends.
20/20 - 4s - iou_binarized: 0.6448 - iou: 0.3190 - recall: 0.6071 - precision: 0.4045 - F1_score: 0.4824 - s_loss: 0.0109 - t_loss: 0.1026 - dist_loss: 0.0382 - loss: 0.0223 - 4s/epoch - 184ms/step
Epoch 211/300
epoch ends.
20/20 - 4s - iou_binarized: 0.6454 - iou: 0.3193 - recall: 0.6075 - precision: 0.4048 - F1_score: 0.4827 - s_loss: 0.0108 - t_loss: 0.1026 - dist_loss: 0.0382 - loss: 0.0223 - 4s/epoch - 184ms/step
Epoch 212/300
epoch ends.
20/20 - 4s - iou_binarized: 0.6461 - iou: 0.3196 - recall: 0.6080 - precision: 0.4052 - F1_score: 0.4831 - s_loss: 0.0108 - t_loss: 0.1026 - dist_loss: 0.0382 - loss: 0.0223 - 4s/epoch - 185ms/step
Epoch 213/300
epoch ends.
20/20 - 4s - iou_binarized: 0.6470 - iou: 0.3200 - recall: 0.6084 - precision: 0.4055 - F1_score: 0.4835 - s_loss: 0.0108 - t_loss: 0.1026 - dist_loss: 0.0383 - loss: 0.0223 - 4s/epoch - 183ms/step
Epoch 214/300
epoch ends.
20/20 - 4s - iou_binarized: 0.6476 - iou: 0.3203 - recall: 0.6088 - precision: 0.4058 - F1_score: 0.4838 - s_loss: 0.0108 - t_loss: 0.1026 - dist_loss: 0.0383 - loss: 0.0222 - 4s/epoch - 184ms/step
Epoch 215/300
epoch ends.
20/20 - 4s - iou_binarized: 0.6483 - iou: 0.3206 - recall: 0.6092 - precision: 0.4061 - F1_score: 0.4841 - s_loss: 0.0107 - t_loss: 0.1026 - dist_loss: 0.0383 - loss: 0.0222 - 4s/epoch - 190ms/step
Epoch 216/300
epoch ends.
20/20 - 4s - iou_binarized: 0.6491 - iou: 0.3209 - recall: 0.6096 - precision: 0.4064 - F1_score: 0.4845 - s_loss: 0.0107 - t_loss: 0.1026 - dist_loss: 0.0383 - loss: 0.0222 - 4s/epoch - 190ms/step
Epoch 217/300
epoch ends.
20/20 - 4s - iou_binarized: 0.6498 - iou: 0.3212 - recall: 0.6100 - precision: 0.4067 - F1_score: 0.4848 - s_loss: 0.0107 - t_loss: 0.1026 - dist_loss: 0.0383 - loss: 0.0222 - 4s/epoch - 187ms/step
Epoch 218/300
epoch ends.
20/20 - 4s - iou_binarized: 0.6505 - iou: 0.3215 - recall: 0.6103 - precision: 0.4070 - F1_score: 0.4851 - s_loss: 0.0106 - t_loss: 0.1026 - dist_loss: 0.0384 - loss: 0.0222 - 4s/epoch - 187ms/step
Epoch 219/300
epoch ends.
20/20 - 4s - iou_binarized: 0.6512 - iou: 0.3217 - recall: 0.6107 - precision: 0.4073 - F1_score: 0.4855 - s_loss: 0.0106 - t_loss: 0.1026 - dist_loss: 0.0384 - loss: 0.0221 - 4s/epoch - 186ms/step
Epoch 220/300
epoch ends.
20/20 - 4s - iou_binarized: 0.6519 - iou: 0.3220 - recall: 0.6111 - precision: 0.4076 - F1_score: 0.4858 - s_loss: 0.0106 - t_loss: 0.1026 - dist_loss: 0.0384 - loss: 0.0221 - 4s/epoch - 185ms/step
Epoch 221/300
epoch ends.
20/20 - 4s - iou_binarized: 0.6525 - iou: 0.3223 - recall: 0.6114 - precision: 0.4079 - F1_score: 0.4861 - s_loss: 0.0106 - t_loss: 0.1026 - dist_loss: 0.0384 - loss: 0.0221 - 4s/epoch - 184ms/step
Epoch 222/300
epoch ends.
20/20 - 4s - iou_binarized: 0.6531 - iou: 0.3226 - recall: 0.6118 - precision: 0.4082 - F1_score: 0.4864 - s_loss: 0.0105 - t_loss: 0.1026 - dist_loss: 0.0385 - loss: 0.0221 - 4s/epoch - 185ms/step
Epoch 223/300
epoch ends.
20/20 - 4s - iou_binarized: 0.6537 - iou: 0.3228 - recall: 0.6121 - precision: 0.4085 - F1_score: 0.4867 - s_loss: 0.0105 - t_loss: 0.1026 - dist_loss: 0.0385 - loss: 0.0221 - 4s/epoch - 185ms/step
Epoch 224/300
epoch ends.
20/20 - 4s - iou_binarized: 0.6543 - iou: 0.3231 - recall: 0.6124 - precision: 0.4088 - F1_score: 0.4870 - s_loss: 0.0105 - t_loss: 0.1026 - dist_loss: 0.0385 - loss: 0.0220 - 4s/epoch - 182ms/step
Epoch 225/300
epoch ends.
20/20 - 4s - iou_binarized: 0.6549 - iou: 0.3234 - recall: 0.6127 - precision: 0.4092 - F1_score: 0.4873 - s_loss: 0.0105 - t_loss: 0.1026 - dist_loss: 0.0385 - loss: 0.0220 - 4s/epoch - 184ms/step
Epoch 226/300
epoch ends.
20/20 - 4s - iou_binarized: 0.6554 - iou: 0.3236 - recall: 0.6130 - precision: 0.4095 - F1_score: 0.4875 - s_loss: 0.0104 - t_loss: 0.1026 - dist_loss: 0.0385 - loss: 0.0220 - 4s/epoch - 185ms/step
Epoch 227/300
epoch ends.
20/20 - 4s - iou_binarized: 0.6558 - iou: 0.3238 - recall: 0.6133 - precision: 0.4098 - F1_score: 0.4878 - s_loss: 0.0104 - t_loss: 0.1026 - dist_loss: 0.0386 - loss: 0.0220 - 4s/epoch - 184ms/step
Epoch 228/300
epoch ends.
20/20 - 4s - iou_binarized: 0.6562 - iou: 0.3240 - recall: 0.6135 - precision: 0.4101 - F1_score: 0.4880 - s_loss: 0.0104 - t_loss: 0.1026 - dist_loss: 0.0386 - loss: 0.0220 - 4s/epoch - 184ms/step
Epoch 229/300
epoch ends.
20/20 - 4s - iou_binarized: 0.6567 - iou: 0.3242 - recall: 0.6136 - precision: 0.4104 - F1_score: 0.4882 - s_loss: 0.0104 - t_loss: 0.1026 - dist_loss: 0.0387 - loss: 0.0220 - 4s/epoch - 182ms/step
Epoch 230/300
epoch ends.
20/20 - 4s - iou_binarized: 0.6567 - iou: 0.3243 - recall: 0.6137 - precision: 0.4108 - F1_score: 0.4883 - s_loss: 0.0103 - t_loss: 0.1026 - dist_loss: 0.0387 - loss: 0.0220 - 4s/epoch - 193ms/step
Epoch 231/300
epoch ends.
20/20 - 4s - iou_binarized: 0.6567 - iou: 0.3243 - recall: 0.6136 - precision: 0.4111 - F1_score: 0.4883 - s_loss: 0.0103 - t_loss: 0.1026 - dist_loss: 0.0388 - loss: 0.0220 - 4s/epoch - 188ms/step
Epoch 232/300
epoch ends.
20/20 - 4s - iou_binarized: 0.6558 - iou: 0.3242 - recall: 0.6132 - precision: 0.4114 - F1_score: 0.4881 - s_loss: 0.0103 - t_loss: 0.1026 - dist_loss: 0.0390 - loss: 0.0220 - 4s/epoch - 189ms/step
Epoch 233/300
epoch ends.
20/20 - 4s - iou_binarized: 0.6540 - iou: 0.3237 - recall: 0.6123 - precision: 0.4116 - F1_score: 0.4875 - s_loss: 0.0103 - t_loss: 0.1026 - dist_loss: 0.0394 - loss: 0.0221 - 4s/epoch - 183ms/step
Epoch 234/300
epoch ends.
20/20 - 4s - iou_binarized: 0.6504 - iou: 0.3224 - recall: 0.6103 - precision: 0.4113 - F1_score: 0.4859 - s_loss: 0.0102 - t_loss: 0.1026 - dist_loss: 0.0404 - loss: 0.0224 - 4s/epoch - 182ms/step
Epoch 235/300
epoch ends.
20/20 - 4s - iou_binarized: 0.6450 - iou: 0.3199 - recall: 0.6072 - precision: 0.4087 - F1_score: 0.4829 - s_loss: 0.0100 - t_loss: 0.1026 - dist_loss: 0.0430 - loss: 0.0229 - 4s/epoch - 182ms/step
Epoch 236/300
epoch ends.
20/20 - 4s - iou_binarized: 0.6382 - iou: 0.3161 - recall: 0.6017 - precision: 0.4031 - F1_score: 0.4785 - s_loss: 0.0098 - t_loss: 0.1026 - dist_loss: 0.0429 - loss: 0.0226 - 4s/epoch - 183ms/step
Epoch 237/300
epoch ends.
20/20 - 4s - iou_binarized: 0.6373 - iou: 0.3152 - recall: 0.5998 - precision: 0.4015 - F1_score: 0.4777 - s_loss: 0.0101 - t_loss: 0.1026 - dist_loss: 0.0404 - loss: 0.0223 - 4s/epoch - 181ms/step
Epoch 238/300
epoch ends.
20/20 - 4s - iou_binarized: 0.6482 - iou: 0.3186 - recall: 0.6078 - precision: 0.4034 - F1_score: 0.4818 - s_loss: 0.0104 - t_loss: 0.1026 - dist_loss: 0.0397 - loss: 0.0223 - 4s/epoch - 182ms/step
Epoch 239/300
epoch ends.
20/20 - 4s - iou_binarized: 0.6553 - iou: 0.3232 - recall: 0.6122 - precision: 0.4085 - F1_score: 0.4871 - s_loss: 0.0100 - t_loss: 0.1026 - dist_loss: 0.0403 - loss: 0.0221 - 4s/epoch - 181ms/step
Epoch 240/300
epoch ends.
20/20 - 4s - iou_binarized: 0.6559 - iou: 0.3228 - recall: 0.6121 - precision: 0.4083 - F1_score: 0.4866 - s_loss: 0.0099 - t_loss: 0.1026 - dist_loss: 0.0409 - loss: 0.0222 - 4s/epoch - 182ms/step
Epoch 241/300
epoch ends.
20/20 - 4s - iou_binarized: 0.6550 - iou: 0.3224 - recall: 0.6111 - precision: 0.4081 - F1_score: 0.4861 - s_loss: 0.0099 - t_loss: 0.1026 - dist_loss: 0.0411 - loss: 0.0222 - 4s/epoch - 182ms/step
Epoch 242/300
epoch ends.
20/20 - 4s - iou_binarized: 0.6569 - iou: 0.3233 - recall: 0.6122 - precision: 0.4086 - F1_score: 0.4870 - s_loss: 0.0098 - t_loss: 0.1026 - dist_loss: 0.0410 - loss: 0.0221 - 4s/epoch - 182ms/step
Epoch 243/300
epoch ends.
20/20 - 4s - iou_binarized: 0.6605 - iou: 0.3247 - recall: 0.6142 - precision: 0.4098 - F1_score: 0.4886 - s_loss: 0.0098 - t_loss: 0.1026 - dist_loss: 0.0408 - loss: 0.0220 - 4s/epoch - 182ms/step
Epoch 244/300
epoch ends.
20/20 - 4s - iou_binarized: 0.6629 - iou: 0.3258 - recall: 0.6159 - precision: 0.4109 - F1_score: 0.4899 - s_loss: 0.0098 - t_loss: 0.1026 - dist_loss: 0.0407 - loss: 0.0220 - 4s/epoch - 183ms/step
Epoch 245/300
epoch ends.
20/20 - 4s - iou_binarized: 0.6640 - iou: 0.3263 - recall: 0.6166 - precision: 0.4115 - F1_score: 0.4905 - s_loss: 0.0098 - t_loss: 0.1026 - dist_loss: 0.0408 - loss: 0.0220 - 4s/epoch - 181ms/step
Epoch 246/300
epoch ends.
20/20 - 4s - iou_binarized: 0.6647 - iou: 0.3265 - recall: 0.6171 - precision: 0.4118 - F1_score: 0.4907 - s_loss: 0.0098 - t_loss: 0.1026 - dist_loss: 0.0408 - loss: 0.0220 - 4s/epoch - 184ms/step
Epoch 247/300
epoch ends.
20/20 - 4s - iou_binarized: 0.6650 - iou: 0.3266 - recall: 0.6173 - precision: 0.4119 - F1_score: 0.4908 - s_loss: 0.0098 - t_loss: 0.1026 - dist_loss: 0.0408 - loss: 0.0220 - 4s/epoch - 184ms/step
Epoch 248/300
epoch ends.
20/20 - 4s - iou_binarized: 0.6654 - iou: 0.3267 - recall: 0.6175 - precision: 0.4120 - F1_score: 0.4910 - s_loss: 0.0098 - t_loss: 0.1026 - dist_loss: 0.0408 - loss: 0.0220 - 4s/epoch - 189ms/step
Epoch 249/300
epoch ends.
20/20 - 4s - iou_binarized: 0.6658 - iou: 0.3269 - recall: 0.6177 - precision: 0.4121 - F1_score: 0.4912 - s_loss: 0.0097 - t_loss: 0.1026 - dist_loss: 0.0408 - loss: 0.0220 - 4s/epoch - 189ms/step
Epoch 250/300
epoch ends.
20/20 - 4s - iou_binarized: 0.6666 - iou: 0.3272 - recall: 0.6181 - precision: 0.4123 - F1_score: 0.4915 - s_loss: 0.0097 - t_loss: 0.1026 - dist_loss: 0.0408 - loss: 0.0219 - 4s/epoch - 190ms/step
Epoch 251/300
epoch ends.
20/20 - 4s - iou_binarized: 0.6679 - iou: 0.3276 - recall: 0.6187 - precision: 0.4126 - F1_score: 0.4920 - s_loss: 0.0097 - t_loss: 0.1026 - dist_loss: 0.0407 - loss: 0.0219 - 4s/epoch - 188ms/step
Epoch 252/300
epoch ends.
20/20 - 4s - iou_binarized: 0.6692 - iou: 0.3281 - recall: 0.6194 - precision: 0.4131 - F1_score: 0.4926 - s_loss: 0.0097 - t_loss: 0.1026 - dist_loss: 0.0407 - loss: 0.0219 - 4s/epoch - 186ms/step
Epoch 253/300
epoch ends.
20/20 - 4s - iou_binarized: 0.6705 - iou: 0.3287 - recall: 0.6202 - precision: 0.4135 - F1_score: 0.4932 - s_loss: 0.0096 - t_loss: 0.1026 - dist_loss: 0.0406 - loss: 0.0218 - 4s/epoch - 184ms/step
Epoch 254/300
epoch ends.
20/20 - 4s - iou_binarized: 0.6716 - iou: 0.3292 - recall: 0.6209 - precision: 0.4140 - F1_score: 0.4938 - s_loss: 0.0096 - t_loss: 0.1026 - dist_loss: 0.0406 - loss: 0.0218 - 4s/epoch - 180ms/step
Epoch 255/300
epoch ends.
20/20 - 4s - iou_binarized: 0.6728 - iou: 0.3296 - recall: 0.6215 - precision: 0.4144 - F1_score: 0.4943 - s_loss: 0.0096 - t_loss: 0.1026 - dist_loss: 0.0405 - loss: 0.0218 - 4s/epoch - 185ms/step
Epoch 256/300
epoch ends.
20/20 - 4s - iou_binarized: 0.6736 - iou: 0.3300 - recall: 0.6221 - precision: 0.4148 - F1_score: 0.4947 - s_loss: 0.0096 - t_loss: 0.1026 - dist_loss: 0.0405 - loss: 0.0217 - 4s/epoch - 185ms/step
Epoch 257/300
epoch ends.
20/20 - 4s - iou_binarized: 0.6747 - iou: 0.3303 - recall: 0.6226 - precision: 0.4151 - F1_score: 0.4951 - s_loss: 0.0096 - t_loss: 0.1026 - dist_loss: 0.0404 - loss: 0.0217 - 4s/epoch - 185ms/step
Epoch 258/300
epoch ends.
20/20 - 4s - iou_binarized: 0.6756 - iou: 0.3307 - recall: 0.6231 - precision: 0.4154 - F1_score: 0.4955 - s_loss: 0.0096 - t_loss: 0.1026 - dist_loss: 0.0404 - loss: 0.0217 - 4s/epoch - 184ms/step
Epoch 259/300
epoch ends.
20/20 - 4s - iou_binarized: 0.6763 - iou: 0.3310 - recall: 0.6235 - precision: 0.4157 - F1_score: 0.4958 - s_loss: 0.0096 - t_loss: 0.1026 - dist_loss: 0.0404 - loss: 0.0217 - 4s/epoch - 180ms/step
Epoch 260/300
epoch ends.
20/20 - 4s - iou_binarized: 0.6772 - iou: 0.3313 - recall: 0.6239 - precision: 0.4160 - F1_score: 0.4962 - s_loss: 0.0095 - t_loss: 0.1026 - dist_loss: 0.0403 - loss: 0.0216 - 4s/epoch - 180ms/step
Epoch 261/300
epoch ends.
20/20 - 4s - iou_binarized: 0.6779 - iou: 0.3316 - recall: 0.6244 - precision: 0.4163 - F1_score: 0.4965 - s_loss: 0.0095 - t_loss: 0.1026 - dist_loss: 0.0403 - loss: 0.0216 - 4s/epoch - 185ms/step
Epoch 262/300
epoch ends.
20/20 - 4s - iou_binarized: 0.6787 - iou: 0.3319 - recall: 0.6248 - precision: 0.4166 - F1_score: 0.4968 - s_loss: 0.0095 - t_loss: 0.1026 - dist_loss: 0.0402 - loss: 0.0216 - 4s/epoch - 182ms/step
Epoch 263/300
epoch ends.
20/20 - 4s - iou_binarized: 0.6795 - iou: 0.3321 - recall: 0.6252 - precision: 0.4168 - F1_score: 0.4971 - s_loss: 0.0095 - t_loss: 0.1026 - dist_loss: 0.0402 - loss: 0.0216 - 4s/epoch - 183ms/step
Epoch 264/300
epoch ends.
20/20 - 4s - iou_binarized: 0.6801 - iou: 0.3324 - recall: 0.6256 - precision: 0.4171 - F1_score: 0.4975 - s_loss: 0.0095 - t_loss: 0.1026 - dist_loss: 0.0402 - loss: 0.0215 - 4s/epoch - 191ms/step
Epoch 265/300
epoch ends.
20/20 - 4s - iou_binarized: 0.6809 - iou: 0.3327 - recall: 0.6260 - precision: 0.4173 - F1_score: 0.4978 - s_loss: 0.0095 - t_loss: 0.1026 - dist_loss: 0.0401 - loss: 0.0215 - 4s/epoch - 190ms/step
Epoch 266/300
epoch ends.
20/20 - 4s - iou_binarized: 0.6817 - iou: 0.3330 - recall: 0.6263 - precision: 0.4175 - F1_score: 0.4981 - s_loss: 0.0095 - t_loss: 0.1026 - dist_loss: 0.0401 - loss: 0.0215 - 4s/epoch - 187ms/step
Epoch 267/300
epoch ends.
20/20 - 4s - iou_binarized: 0.6823 - iou: 0.3332 - recall: 0.6267 - precision: 0.4178 - F1_score: 0.4984 - s_loss: 0.0094 - t_loss: 0.1026 - dist_loss: 0.0400 - loss: 0.0215 - 4s/epoch - 187ms/step
Epoch 268/300
epoch ends.
20/20 - 4s - iou_binarized: 0.6830 - iou: 0.3335 - recall: 0.6271 - precision: 0.4180 - F1_score: 0.4987 - s_loss: 0.0094 - t_loss: 0.1026 - dist_loss: 0.0400 - loss: 0.0214 - 4s/epoch - 185ms/step
Epoch 269/300
epoch ends.
20/20 - 4s - iou_binarized: 0.6838 - iou: 0.3338 - recall: 0.6274 - precision: 0.4182 - F1_score: 0.4990 - s_loss: 0.0094 - t_loss: 0.1026 - dist_loss: 0.0400 - loss: 0.0214 - 4s/epoch - 183ms/step
Epoch 270/300
epoch ends.
20/20 - 4s - iou_binarized: 0.6844 - iou: 0.3340 - recall: 0.6278 - precision: 0.4184 - F1_score: 0.4992 - s_loss: 0.0094 - t_loss: 0.1026 - dist_loss: 0.0399 - loss: 0.0214 - 4s/epoch - 185ms/step
Epoch 271/300
epoch ends.
20/20 - 4s - iou_binarized: 0.6851 - iou: 0.3342 - recall: 0.6281 - precision: 0.4186 - F1_score: 0.4995 - s_loss: 0.0094 - t_loss: 0.1026 - dist_loss: 0.0399 - loss: 0.0214 - 4s/epoch - 185ms/step
Epoch 272/300
epoch ends.
20/20 - 4s - iou_binarized: 0.6858 - iou: 0.3345 - recall: 0.6284 - precision: 0.4188 - F1_score: 0.4998 - s_loss: 0.0094 - t_loss: 0.1026 - dist_loss: 0.0399 - loss: 0.0213 - 4s/epoch - 185ms/step
Epoch 273/300
epoch ends.
20/20 - 4s - iou_binarized: 0.6863 - iou: 0.3347 - recall: 0.6288 - precision: 0.4190 - F1_score: 0.5001 - s_loss: 0.0094 - t_loss: 0.1026 - dist_loss: 0.0399 - loss: 0.0213 - 4s/epoch - 185ms/step
Epoch 274/300
epoch ends.
20/20 - 4s - iou_binarized: 0.6868 - iou: 0.3350 - recall: 0.6291 - precision: 0.4192 - F1_score: 0.5003 - s_loss: 0.0093 - t_loss: 0.1026 - dist_loss: 0.0398 - loss: 0.0213 - 4s/epoch - 183ms/step
Epoch 275/300
epoch ends.
20/20 - 4s - iou_binarized: 0.6875 - iou: 0.3352 - recall: 0.6294 - precision: 0.4194 - F1_score: 0.5006 - s_loss: 0.0093 - t_loss: 0.1026 - dist_loss: 0.0398 - loss: 0.0213 - 4s/epoch - 185ms/step
Epoch 276/300
epoch ends.
20/20 - 4s - iou_binarized: 0.6880 - iou: 0.3354 - recall: 0.6297 - precision: 0.4196 - F1_score: 0.5008 - s_loss: 0.0093 - t_loss: 0.1026 - dist_loss: 0.0398 - loss: 0.0213 - 4s/epoch - 185ms/step
Epoch 277/300
epoch ends.
20/20 - 4s - iou_binarized: 0.6886 - iou: 0.3356 - recall: 0.6300 - precision: 0.4198 - F1_score: 0.5011 - s_loss: 0.0093 - t_loss: 0.1026 - dist_loss: 0.0398 - loss: 0.0212 - 4s/epoch - 185ms/step
Epoch 278/300
epoch ends.
20/20 - 4s - iou_binarized: 0.6892 - iou: 0.3359 - recall: 0.6303 - precision: 0.4200 - F1_score: 0.5013 - s_loss: 0.0093 - t_loss: 0.1026 - dist_loss: 0.0398 - loss: 0.0212 - 4s/epoch - 185ms/step
Epoch 279/300
epoch ends.
20/20 - 4s - iou_binarized: 0.6898 - iou: 0.3361 - recall: 0.6306 - precision: 0.4202 - F1_score: 0.5016 - s_loss: 0.0093 - t_loss: 0.1026 - dist_loss: 0.0398 - loss: 0.0212 - 4s/epoch - 183ms/step
Epoch 280/300
epoch ends.
20/20 - 4s - iou_binarized: 0.6903 - iou: 0.3363 - recall: 0.6309 - precision: 0.4204 - F1_score: 0.5018 - s_loss: 0.0093 - t_loss: 0.1026 - dist_loss: 0.0398 - loss: 0.0212 - 4s/epoch - 189ms/step
Epoch 281/300
epoch ends.
20/20 - 4s - iou_binarized: 0.6909 - iou: 0.3365 - recall: 0.6312 - precision: 0.4206 - F1_score: 0.5021 - s_loss: 0.0092 - t_loss: 0.1026 - dist_loss: 0.0398 - loss: 0.0212 - 4s/epoch - 188ms/step
Epoch 282/300
epoch ends.
20/20 - 4s - iou_binarized: 0.6914 - iou: 0.3367 - recall: 0.6315 - precision: 0.4208 - F1_score: 0.5023 - s_loss: 0.0092 - t_loss: 0.1026 - dist_loss: 0.0398 - loss: 0.0212 - 4s/epoch - 186ms/step
Epoch 283/300
epoch ends.
20/20 - 4s - iou_binarized: 0.6919 - iou: 0.3370 - recall: 0.6318 - precision: 0.4209 - F1_score: 0.5026 - s_loss: 0.0092 - t_loss: 0.1026 - dist_loss: 0.0398 - loss: 0.0212 - 4s/epoch - 187ms/step
Epoch 284/300
epoch ends.
20/20 - 4s - iou_binarized: 0.6925 - iou: 0.3372 - recall: 0.6321 - precision: 0.4211 - F1_score: 0.5028 - s_loss: 0.0092 - t_loss: 0.1026 - dist_loss: 0.0398 - loss: 0.0211 - 4s/epoch - 186ms/step
Epoch 285/300
epoch ends.
20/20 - 4s - iou_binarized: 0.6930 - iou: 0.3374 - recall: 0.6324 - precision: 0.4213 - F1_score: 0.5030 - s_loss: 0.0092 - t_loss: 0.1026 - dist_loss: 0.0398 - loss: 0.0211 - 4s/epoch - 186ms/step
Epoch 286/300
epoch ends.
20/20 - 4s - iou_binarized: 0.6936 - iou: 0.3376 - recall: 0.6327 - precision: 0.4215 - F1_score: 0.5033 - s_loss: 0.0092 - t_loss: 0.1026 - dist_loss: 0.0398 - loss: 0.0211 - 4s/epoch - 186ms/step
Epoch 287/300
epoch ends.
20/20 - 4s - iou_binarized: 0.6941 - iou: 0.3378 - recall: 0.6329 - precision: 0.4217 - F1_score: 0.5035 - s_loss: 0.0092 - t_loss: 0.1026 - dist_loss: 0.0398 - loss: 0.0211 - 4s/epoch - 183ms/step
Epoch 288/300
epoch ends.
20/20 - 4s - iou_binarized: 0.6945 - iou: 0.3380 - recall: 0.6332 - precision: 0.4219 - F1_score: 0.5037 - s_loss: 0.0091 - t_loss: 0.1026 - dist_loss: 0.0399 - loss: 0.0211 - 4s/epoch - 185ms/step
Epoch 289/300
epoch ends.
20/20 - 4s - iou_binarized: 0.6951 - iou: 0.3382 - recall: 0.6335 - precision: 0.4221 - F1_score: 0.5040 - s_loss: 0.0091 - t_loss: 0.1026 - dist_loss: 0.0399 - loss: 0.0211 - 4s/epoch - 185ms/step
Epoch 290/300
epoch ends.
20/20 - 4s - iou_binarized: 0.6957 - iou: 0.3384 - recall: 0.6338 - precision: 0.4223 - F1_score: 0.5042 - s_loss: 0.0091 - t_loss: 0.1026 - dist_loss: 0.0399 - loss: 0.0211 - 4s/epoch - 185ms/step
Epoch 291/300
epoch ends.
20/20 - 4s - iou_binarized: 0.6962 - iou: 0.3386 - recall: 0.6340 - precision: 0.4225 - F1_score: 0.5044 - s_loss: 0.0091 - t_loss: 0.1026 - dist_loss: 0.0400 - loss: 0.0211 - 4s/epoch - 185ms/step
Epoch 292/300
epoch ends.
20/20 - 4s - iou_binarized: 0.6968 - iou: 0.3388 - recall: 0.6343 - precision: 0.4227 - F1_score: 0.5046 - s_loss: 0.0091 - t_loss: 0.1026 - dist_loss: 0.0400 - loss: 0.0211 - 4s/epoch - 184ms/step
Epoch 293/300
epoch ends.
20/20 - 4s - iou_binarized: 0.6972 - iou: 0.3390 - recall: 0.6345 - precision: 0.4228 - F1_score: 0.5048 - s_loss: 0.0090 - t_loss: 0.1026 - dist_loss: 0.0400 - loss: 0.0210 - 4s/epoch - 183ms/step
Epoch 294/300
epoch ends.
20/20 - 4s - iou_binarized: 0.6975 - iou: 0.3391 - recall: 0.6348 - precision: 0.4230 - F1_score: 0.5050 - s_loss: 0.0090 - t_loss: 0.1026 - dist_loss: 0.0401 - loss: 0.0210 - 4s/epoch - 181ms/step
Epoch 295/300
epoch ends.
20/20 - 4s - iou_binarized: 0.6980 - iou: 0.3393 - recall: 0.6350 - precision: 0.4231 - F1_score: 0.5052 - s_loss: 0.0090 - t_loss: 0.1026 - dist_loss: 0.0401 - loss: 0.0210 - 4s/epoch - 182ms/step
Epoch 296/300
epoch ends.
20/20 - 4s - iou_binarized: 0.6984 - iou: 0.3394 - recall: 0.6352 - precision: 0.4233 - F1_score: 0.5054 - s_loss: 0.0090 - t_loss: 0.1026 - dist_loss: 0.0401 - loss: 0.0210 - 4s/epoch - 198ms/step
Epoch 297/300
epoch ends.
20/20 - 4s - iou_binarized: 0.6988 - iou: 0.3396 - recall: 0.6354 - precision: 0.4234 - F1_score: 0.5055 - s_loss: 0.0090 - t_loss: 0.1026 - dist_loss: 0.0402 - loss: 0.0210 - 4s/epoch - 190ms/step
Epoch 298/300
epoch ends.
20/20 - 4s - iou_binarized: 0.6991 - iou: 0.3397 - recall: 0.6357 - precision: 0.4236 - F1_score: 0.5057 - s_loss: 0.0090 - t_loss: 0.1026 - dist_loss: 0.0402 - loss: 0.0210 - 4s/epoch - 186ms/step
Epoch 299/300
epoch ends.
20/20 - 4s - iou_binarized: 0.6996 - iou: 0.3399 - recall: 0.6359 - precision: 0.4237 - F1_score: 0.5059 - s_loss: 0.0089 - t_loss: 0.1026 - dist_loss: 0.0402 - loss: 0.0210 - 4s/epoch - 183ms/step
Epoch 300/300
epoch ends.
20/20 - 4s - iou_binarized: 0.7001 - iou: 0.3401 - recall: 0.6362 - precision: 0.4239 - F1_score: 0.5061 - s_loss: 0.0089 - t_loss: 0.1026 - dist_loss: 0.0402 - loss: 0.0210 - 4s/epoch - 184ms/step
