2022-07-20 13:53:50.787716: I tensorflow/core/platform/cpu_feature_guard.cc:151] This TensorFlow binary is optimized with oneAPI Deep Neural Network Library (oneDNN) to use the following CPU instructions in performance-critical operations:  AVX2 AVX512F FMA
To enable them in other operations, rebuild TensorFlow with the appropriate compiler flags.
2022-07-20 13:53:51.306021: I tensorflow/core/common_runtime/gpu/gpu_device.cc:1525] Created device /job:localhost/replica:0/task:0/device:GPU:0 with 14640 MB memory:  -> device: 0, name: Tesla V100-SXM2-16GB, pci bus id: 0000:62:00.0, compute capability: 7.0
2022-07-20 13:54:34.104871: I tensorflow/stream_executor/cuda/cuda_dnn.cc:368] Loaded cuDNN version 8400
Start.
/home/de532237/cancer/Bachelorarbeit/Data/AVM_2022/Turning/Train_aug/images/
Begin to read images from /home/de532237/cancer/Bachelorarbeit/Data/AVM_2022/Turning/Train_aug/images/
Begin to read masks from /home/de532237/cancer/Bachelorarbeit/Data/AVM_2022/Turning/Train_aug/masks/
/home/de532237/cancer/Bachelorarbeit/Data/AVM_2022/Turning/Inference_aug/images/
Begin to read images from /home/de532237/cancer/Bachelorarbeit/Data/AVM_2022/Turning/Inference_aug/images/
Begin to read masks from /home/de532237/cancer/Bachelorarbeit/Data/AVM_2022/Turning/Inference_aug/masks/
/home/de532237/cancer/Bachelorarbeit/Data/AVM_2022/Milling/Train_aug/images/
Begin to read images from /home/de532237/cancer/Bachelorarbeit/Data/AVM_2022/Milling/Train_aug/images/
Begin to read masks from /home/de532237/cancer/Bachelorarbeit/Data/AVM_2022/Milling/Train_aug/masks/
/home/de532237/cancer/Bachelorarbeit/Data/AVM_2022/Milling/Inference_aug/images/
Begin to read images from /home/de532237/cancer/Bachelorarbeit/Data/AVM_2022/Milling/Inference_aug/images/
Begin to read masks from /home/de532237/cancer/Bachelorarbeit/Data/AVM_2022/Milling/Inference_aug/masks/
X_train   (160, 512, 512, 1)
Y_train   (160, 512, 512, 2)
train begins.
Epoch 1/300
epoch ends.
20/20 - 6s - iou_binarized: 0.0284 - iou: 0.0503 - recall: 0.1725 - precision: 0.0795 - F1_score: 0.0954 - s_loss: 0.0352 - t_loss: 0.1324 - dist_loss: 0.0345 - loss: 0.0594 - 6s/epoch - 292ms/step
Epoch 2/300
epoch ends.
20/20 - 4s - iou_binarized: 7.0202e-04 - iou: 0.0555 - recall: 0.1563 - precision: 0.0815 - F1_score: 0.1049 - s_loss: 0.0326 - t_loss: 0.1324 - dist_loss: 0.0340 - loss: 0.0564 - 4s/epoch - 178ms/step
Epoch 3/300
epoch ends.
20/20 - 4s - iou_binarized: 9.6590e-04 - iou: 0.0621 - recall: 0.1740 - precision: 0.0896 - F1_score: 0.1167 - s_loss: 0.0320 - t_loss: 0.1324 - dist_loss: 0.0294 - loss: 0.0526 - 4s/epoch - 180ms/step
Epoch 4/300
epoch ends.
20/20 - 4s - iou_binarized: 0.0039 - iou: 0.0677 - recall: 0.1949 - precision: 0.0961 - F1_score: 0.1266 - s_loss: 0.0296 - t_loss: 0.1324 - dist_loss: 0.0300 - loss: 0.0506 - 4s/epoch - 182ms/step
Epoch 5/300
epoch ends.
20/20 - 4s - iou_binarized: 0.0076 - iou: 0.0722 - recall: 0.2063 - precision: 0.1022 - F1_score: 0.1345 - s_loss: 0.0283 - t_loss: 0.1324 - dist_loss: 0.0292 - loss: 0.0488 - 4s/epoch - 181ms/step
Epoch 6/300
epoch ends.
20/20 - 4s - iou_binarized: 0.0130 - iou: 0.0758 - recall: 0.2157 - precision: 0.1067 - F1_score: 0.1407 - s_loss: 0.0273 - t_loss: 0.1324 - dist_loss: 0.0287 - loss: 0.0474 - 4s/epoch - 179ms/step
Epoch 7/300
epoch ends.
20/20 - 4s - iou_binarized: 0.0179 - iou: 0.0783 - recall: 0.2226 - precision: 0.1097 - F1_score: 0.1450 - s_loss: 0.0265 - t_loss: 0.1324 - dist_loss: 0.0282 - loss: 0.0462 - 4s/epoch - 176ms/step
Epoch 8/300
epoch ends.
20/20 - 4s - iou_binarized: 0.0213 - iou: 0.0805 - recall: 0.2286 - precision: 0.1120 - F1_score: 0.1487 - s_loss: 0.0259 - t_loss: 0.1324 - dist_loss: 0.0279 - loss: 0.0454 - 4s/epoch - 176ms/step
Epoch 9/300
epoch ends.
20/20 - 4s - iou_binarized: 0.0246 - iou: 0.0825 - recall: 0.2342 - precision: 0.1142 - F1_score: 0.1523 - s_loss: 0.0255 - t_loss: 0.1324 - dist_loss: 0.0277 - loss: 0.0449 - 4s/epoch - 176ms/step
Epoch 10/300
epoch ends.
20/20 - 4s - iou_binarized: 0.0289 - iou: 0.0848 - recall: 0.2396 - precision: 0.1173 - F1_score: 0.1561 - s_loss: 0.0250 - t_loss: 0.1324 - dist_loss: 0.0276 - loss: 0.0443 - 4s/epoch - 176ms/step
Epoch 11/300
epoch ends.
20/20 - 4s - iou_binarized: 0.0335 - iou: 0.0873 - recall: 0.2449 - precision: 0.1210 - F1_score: 0.1603 - s_loss: 0.0245 - t_loss: 0.1324 - dist_loss: 0.0276 - loss: 0.0439 - 4s/epoch - 180ms/step
Epoch 12/300
epoch ends.
20/20 - 4s - iou_binarized: 0.0382 - iou: 0.0894 - recall: 0.2505 - precision: 0.1237 - F1_score: 0.1638 - s_loss: 0.0241 - t_loss: 0.1324 - dist_loss: 0.0276 - loss: 0.0434 - 4s/epoch - 176ms/step
Epoch 13/300
epoch ends.
20/20 - 3s - iou_binarized: 0.0428 - iou: 0.0914 - recall: 0.2552 - precision: 0.1264 - F1_score: 0.1671 - s_loss: 0.0238 - t_loss: 0.1324 - dist_loss: 0.0276 - loss: 0.0431 - 3s/epoch - 175ms/step
Epoch 14/300
epoch ends.
20/20 - 4s - iou_binarized: 0.0479 - iou: 0.0932 - recall: 0.2598 - precision: 0.1288 - F1_score: 0.1702 - s_loss: 0.0235 - t_loss: 0.1324 - dist_loss: 0.0276 - loss: 0.0428 - 4s/epoch - 177ms/step
Epoch 15/300
epoch ends.
20/20 - 3s - iou_binarized: 0.0535 - iou: 0.0949 - recall: 0.2640 - precision: 0.1312 - F1_score: 0.1730 - s_loss: 0.0232 - t_loss: 0.1324 - dist_loss: 0.0276 - loss: 0.0426 - 3s/epoch - 175ms/step
Epoch 16/300
epoch ends.
20/20 - 4s - iou_binarized: 0.0594 - iou: 0.0965 - recall: 0.2679 - precision: 0.1334 - F1_score: 0.1757 - s_loss: 0.0230 - t_loss: 0.1324 - dist_loss: 0.0276 - loss: 0.0424 - 4s/epoch - 178ms/step
Epoch 17/300
epoch ends.
20/20 - 4s - iou_binarized: 0.0662 - iou: 0.0981 - recall: 0.2717 - precision: 0.1356 - F1_score: 0.1783 - s_loss: 0.0229 - t_loss: 0.1324 - dist_loss: 0.0277 - loss: 0.0422 - 4s/epoch - 176ms/step
Epoch 18/300
epoch ends.
20/20 - 4s - iou_binarized: 0.0732 - iou: 0.0996 - recall: 0.2753 - precision: 0.1376 - F1_score: 0.1809 - s_loss: 0.0227 - t_loss: 0.1324 - dist_loss: 0.0277 - loss: 0.0421 - 4s/epoch - 178ms/step
Epoch 19/300
epoch ends.
20/20 - 4s - iou_binarized: 0.0809 - iou: 0.1011 - recall: 0.2789 - precision: 0.1396 - F1_score: 0.1833 - s_loss: 0.0226 - t_loss: 0.1324 - dist_loss: 0.0276 - loss: 0.0419 - 4s/epoch - 178ms/step
Epoch 20/300
epoch ends.
20/20 - 4s - iou_binarized: 0.0889 - iou: 0.1026 - recall: 0.2825 - precision: 0.1415 - F1_score: 0.1857 - s_loss: 0.0225 - t_loss: 0.1324 - dist_loss: 0.0276 - loss: 0.0418 - 4s/epoch - 178ms/step
Epoch 21/300
epoch ends.
20/20 - 4s - iou_binarized: 0.0971 - iou: 0.1040 - recall: 0.2860 - precision: 0.1433 - F1_score: 0.1880 - s_loss: 0.0223 - t_loss: 0.1324 - dist_loss: 0.0276 - loss: 0.0416 - 4s/epoch - 179ms/step
Epoch 22/300
epoch ends.
20/20 - 4s - iou_binarized: 0.1054 - iou: 0.1054 - recall: 0.2895 - precision: 0.1451 - F1_score: 0.1904 - s_loss: 0.0222 - t_loss: 0.1324 - dist_loss: 0.0276 - loss: 0.0415 - 4s/epoch - 177ms/step
Epoch 23/300
epoch ends.
20/20 - 4s - iou_binarized: 0.1142 - iou: 0.1068 - recall: 0.2929 - precision: 0.1468 - F1_score: 0.1926 - s_loss: 0.0221 - t_loss: 0.1324 - dist_loss: 0.0276 - loss: 0.0414 - 4s/epoch - 178ms/step
Epoch 24/300
epoch ends.
20/20 - 4s - iou_binarized: 0.1233 - iou: 0.1082 - recall: 0.2963 - precision: 0.1485 - F1_score: 0.1948 - s_loss: 0.0220 - t_loss: 0.1324 - dist_loss: 0.0276 - loss: 0.0413 - 4s/epoch - 177ms/step
Epoch 25/300
epoch ends.
20/20 - 4s - iou_binarized: 0.1317 - iou: 0.1095 - recall: 0.2996 - precision: 0.1501 - F1_score: 0.1970 - s_loss: 0.0219 - t_loss: 0.1324 - dist_loss: 0.0275 - loss: 0.0412 - 4s/epoch - 175ms/step
Epoch 26/300
epoch ends.
20/20 - 4s - iou_binarized: 0.1400 - iou: 0.1108 - recall: 0.3028 - precision: 0.1518 - F1_score: 0.1991 - s_loss: 0.0218 - t_loss: 0.1324 - dist_loss: 0.0275 - loss: 0.0411 - 4s/epoch - 178ms/step
Epoch 27/300
epoch ends.
20/20 - 4s - iou_binarized: 0.1484 - iou: 0.1121 - recall: 0.3061 - precision: 0.1533 - F1_score: 0.2012 - s_loss: 0.0217 - t_loss: 0.1324 - dist_loss: 0.0275 - loss: 0.0410 - 4s/epoch - 176ms/step
Epoch 28/300
epoch ends.
20/20 - 4s - iou_binarized: 0.1567 - iou: 0.1134 - recall: 0.3092 - precision: 0.1549 - F1_score: 0.2033 - s_loss: 0.0216 - t_loss: 0.1324 - dist_loss: 0.0275 - loss: 0.0409 - 4s/epoch - 182ms/step
Epoch 29/300
epoch ends.
20/20 - 4s - iou_binarized: 0.1649 - iou: 0.1147 - recall: 0.3124 - precision: 0.1564 - F1_score: 0.2053 - s_loss: 0.0215 - t_loss: 0.1324 - dist_loss: 0.0275 - loss: 0.0408 - 4s/epoch - 175ms/step
Epoch 30/300
epoch ends.
20/20 - 4s - iou_binarized: 0.1726 - iou: 0.1159 - recall: 0.3155 - precision: 0.1579 - F1_score: 0.2073 - s_loss: 0.0215 - t_loss: 0.1324 - dist_loss: 0.0275 - loss: 0.0407 - 4s/epoch - 178ms/step
Epoch 31/300
epoch ends.
20/20 - 4s - iou_binarized: 0.1802 - iou: 0.1172 - recall: 0.3185 - precision: 0.1594 - F1_score: 0.2093 - s_loss: 0.0214 - t_loss: 0.1324 - dist_loss: 0.0275 - loss: 0.0406 - 4s/epoch - 176ms/step
Epoch 32/300
epoch ends.
20/20 - 4s - iou_binarized: 0.1877 - iou: 0.1184 - recall: 0.3215 - precision: 0.1608 - F1_score: 0.2112 - s_loss: 0.0213 - t_loss: 0.1324 - dist_loss: 0.0275 - loss: 0.0405 - 4s/epoch - 175ms/step
Epoch 33/300
epoch ends.
20/20 - 4s - iou_binarized: 0.1945 - iou: 0.1196 - recall: 0.3245 - precision: 0.1622 - F1_score: 0.2131 - s_loss: 0.0212 - t_loss: 0.1324 - dist_loss: 0.0275 - loss: 0.0405 - 4s/epoch - 176ms/step
Epoch 34/300
epoch ends.
20/20 - 4s - iou_binarized: 0.2012 - iou: 0.1207 - recall: 0.3274 - precision: 0.1636 - F1_score: 0.2150 - s_loss: 0.0212 - t_loss: 0.1324 - dist_loss: 0.0274 - loss: 0.0404 - 4s/epoch - 176ms/step
Epoch 35/300
epoch ends.
20/20 - 4s - iou_binarized: 0.2069 - iou: 0.1219 - recall: 0.3302 - precision: 0.1649 - F1_score: 0.2168 - s_loss: 0.0211 - t_loss: 0.1324 - dist_loss: 0.0274 - loss: 0.0403 - 4s/epoch - 177ms/step
Epoch 36/300
epoch ends.
20/20 - 3s - iou_binarized: 0.2129 - iou: 0.1230 - recall: 0.3329 - precision: 0.1662 - F1_score: 0.2185 - s_loss: 0.0211 - t_loss: 0.1324 - dist_loss: 0.0274 - loss: 0.0402 - 3s/epoch - 174ms/step
Epoch 37/300
epoch ends.
20/20 - 4s - iou_binarized: 0.2181 - iou: 0.1240 - recall: 0.3356 - precision: 0.1674 - F1_score: 0.2202 - s_loss: 0.0210 - t_loss: 0.1324 - dist_loss: 0.0274 - loss: 0.0402 - 4s/epoch - 181ms/step
Epoch 38/300
epoch ends.
20/20 - 4s - iou_binarized: 0.2233 - iou: 0.1251 - recall: 0.3382 - precision: 0.1686 - F1_score: 0.2219 - s_loss: 0.0210 - t_loss: 0.1324 - dist_loss: 0.0274 - loss: 0.0401 - 4s/epoch - 176ms/step
Epoch 39/300
epoch ends.
20/20 - 4s - iou_binarized: 0.2280 - iou: 0.1261 - recall: 0.3406 - precision: 0.1698 - F1_score: 0.2235 - s_loss: 0.0209 - t_loss: 0.1324 - dist_loss: 0.0274 - loss: 0.0401 - 4s/epoch - 179ms/step
Epoch 40/300
epoch ends.
20/20 - 4s - iou_binarized: 0.2326 - iou: 0.1271 - recall: 0.3430 - precision: 0.1709 - F1_score: 0.2250 - s_loss: 0.0209 - t_loss: 0.1324 - dist_loss: 0.0274 - loss: 0.0400 - 4s/epoch - 177ms/step
Epoch 41/300
epoch ends.
20/20 - 4s - iou_binarized: 0.2370 - iou: 0.1280 - recall: 0.3453 - precision: 0.1720 - F1_score: 0.2264 - s_loss: 0.0208 - t_loss: 0.1324 - dist_loss: 0.0273 - loss: 0.0400 - 4s/epoch - 176ms/step
Epoch 42/300
epoch ends.
20/20 - 4s - iou_binarized: 0.2409 - iou: 0.1289 - recall: 0.3475 - precision: 0.1730 - F1_score: 0.2278 - s_loss: 0.0208 - t_loss: 0.1324 - dist_loss: 0.0273 - loss: 0.0399 - 4s/epoch - 176ms/step
Epoch 43/300
epoch ends.
20/20 - 4s - iou_binarized: 0.2447 - iou: 0.1297 - recall: 0.3496 - precision: 0.1740 - F1_score: 0.2292 - s_loss: 0.0207 - t_loss: 0.1324 - dist_loss: 0.0273 - loss: 0.0399 - 4s/epoch - 175ms/step
Epoch 44/300
epoch ends.
20/20 - 4s - iou_binarized: 0.2485 - iou: 0.1306 - recall: 0.3516 - precision: 0.1750 - F1_score: 0.2305 - s_loss: 0.0207 - t_loss: 0.1324 - dist_loss: 0.0273 - loss: 0.0398 - 4s/epoch - 175ms/step
Epoch 45/300
epoch ends.
20/20 - 4s - iou_binarized: 0.2519 - iou: 0.1313 - recall: 0.3535 - precision: 0.1759 - F1_score: 0.2317 - s_loss: 0.0206 - t_loss: 0.1324 - dist_loss: 0.0273 - loss: 0.0398 - 4s/epoch - 184ms/step
Epoch 46/300
epoch ends.
20/20 - 4s - iou_binarized: 0.2550 - iou: 0.1321 - recall: 0.3553 - precision: 0.1767 - F1_score: 0.2329 - s_loss: 0.0206 - t_loss: 0.1324 - dist_loss: 0.0273 - loss: 0.0397 - 4s/epoch - 177ms/step
Epoch 47/300
epoch ends.
20/20 - 4s - iou_binarized: 0.2579 - iou: 0.1328 - recall: 0.3571 - precision: 0.1776 - F1_score: 0.2340 - s_loss: 0.0206 - t_loss: 0.1324 - dist_loss: 0.0273 - loss: 0.0397 - 4s/epoch - 175ms/step
Epoch 48/300
epoch ends.
20/20 - 4s - iou_binarized: 0.2607 - iou: 0.1335 - recall: 0.3588 - precision: 0.1784 - F1_score: 0.2351 - s_loss: 0.0205 - t_loss: 0.1324 - dist_loss: 0.0273 - loss: 0.0396 - 4s/epoch - 177ms/step
Epoch 49/300
epoch ends.
20/20 - 4s - iou_binarized: 0.2634 - iou: 0.1342 - recall: 0.3604 - precision: 0.1792 - F1_score: 0.2361 - s_loss: 0.0205 - t_loss: 0.1324 - dist_loss: 0.0273 - loss: 0.0396 - 4s/epoch - 176ms/step
Epoch 50/300
epoch ends.
20/20 - 4s - iou_binarized: 0.2659 - iou: 0.1348 - recall: 0.3619 - precision: 0.1799 - F1_score: 0.2371 - s_loss: 0.0204 - t_loss: 0.1324 - dist_loss: 0.0273 - loss: 0.0396 - 4s/epoch - 177ms/step
Epoch 51/300
epoch ends.
20/20 - 4s - iou_binarized: 0.2685 - iou: 0.1355 - recall: 0.3634 - precision: 0.1807 - F1_score: 0.2381 - s_loss: 0.0204 - t_loss: 0.1324 - dist_loss: 0.0273 - loss: 0.0395 - 4s/epoch - 177ms/step
Epoch 52/300
epoch ends.
20/20 - 3s - iou_binarized: 0.2709 - iou: 0.1361 - recall: 0.3649 - precision: 0.1814 - F1_score: 0.2390 - s_loss: 0.0204 - t_loss: 0.1324 - dist_loss: 0.0273 - loss: 0.0395 - 3s/epoch - 174ms/step
Epoch 53/300
epoch ends.
20/20 - 4s - iou_binarized: 0.2731 - iou: 0.1367 - recall: 0.3662 - precision: 0.1820 - F1_score: 0.2399 - s_loss: 0.0203 - t_loss: 0.1324 - dist_loss: 0.0273 - loss: 0.0394 - 4s/epoch - 176ms/step
Epoch 54/300
epoch ends.
20/20 - 4s - iou_binarized: 0.2752 - iou: 0.1372 - recall: 0.3676 - precision: 0.1827 - F1_score: 0.2408 - s_loss: 0.0203 - t_loss: 0.1324 - dist_loss: 0.0273 - loss: 0.0394 - 4s/epoch - 180ms/step
Epoch 55/300
epoch ends.
20/20 - 4s - iou_binarized: 0.2774 - iou: 0.1378 - recall: 0.3689 - precision: 0.1833 - F1_score: 0.2417 - s_loss: 0.0203 - t_loss: 0.1324 - dist_loss: 0.0273 - loss: 0.0394 - 4s/epoch - 180ms/step
Epoch 56/300
epoch ends.
20/20 - 4s - iou_binarized: 0.2796 - iou: 0.1383 - recall: 0.3701 - precision: 0.1840 - F1_score: 0.2425 - s_loss: 0.0202 - t_loss: 0.1324 - dist_loss: 0.0273 - loss: 0.0393 - 4s/epoch - 178ms/step
Epoch 57/300
epoch ends.
20/20 - 4s - iou_binarized: 0.2815 - iou: 0.1388 - recall: 0.3714 - precision: 0.1846 - F1_score: 0.2433 - s_loss: 0.0202 - t_loss: 0.1324 - dist_loss: 0.0273 - loss: 0.0393 - 4s/epoch - 175ms/step
Epoch 58/300
epoch ends.
20/20 - 4s - iou_binarized: 0.2834 - iou: 0.1393 - recall: 0.3725 - precision: 0.1852 - F1_score: 0.2441 - s_loss: 0.0202 - t_loss: 0.1324 - dist_loss: 0.0273 - loss: 0.0393 - 4s/epoch - 177ms/step
Epoch 59/300
epoch ends.
20/20 - 4s - iou_binarized: 0.2853 - iou: 0.1398 - recall: 0.3737 - precision: 0.1857 - F1_score: 0.2448 - s_loss: 0.0201 - t_loss: 0.1324 - dist_loss: 0.0273 - loss: 0.0392 - 4s/epoch - 179ms/step
Epoch 60/300
epoch ends.
20/20 - 4s - iou_binarized: 0.2871 - iou: 0.1403 - recall: 0.3748 - precision: 0.1863 - F1_score: 0.2455 - s_loss: 0.0201 - t_loss: 0.1324 - dist_loss: 0.0273 - loss: 0.0392 - 4s/epoch - 176ms/step
Epoch 61/300
epoch ends.
20/20 - 4s - iou_binarized: 0.2889 - iou: 0.1408 - recall: 0.3759 - precision: 0.1868 - F1_score: 0.2463 - s_loss: 0.0201 - t_loss: 0.1324 - dist_loss: 0.0273 - loss: 0.0392 - 4s/epoch - 176ms/step
Epoch 62/300
epoch ends.
20/20 - 3s - iou_binarized: 0.2906 - iou: 0.1412 - recall: 0.3770 - precision: 0.1874 - F1_score: 0.2470 - s_loss: 0.0201 - t_loss: 0.1324 - dist_loss: 0.0273 - loss: 0.0392 - 3s/epoch - 174ms/step
Epoch 63/300
epoch ends.
20/20 - 4s - iou_binarized: 0.2924 - iou: 0.1417 - recall: 0.3780 - precision: 0.1879 - F1_score: 0.2477 - s_loss: 0.0200 - t_loss: 0.1324 - dist_loss: 0.0273 - loss: 0.0391 - 4s/epoch - 177ms/step
Epoch 64/300
epoch ends.
20/20 - 4s - iou_binarized: 0.2940 - iou: 0.1421 - recall: 0.3790 - precision: 0.1884 - F1_score: 0.2483 - s_loss: 0.0200 - t_loss: 0.1324 - dist_loss: 0.0273 - loss: 0.0391 - 4s/epoch - 179ms/step
Epoch 65/300
epoch ends.
20/20 - 4s - iou_binarized: 0.2956 - iou: 0.1426 - recall: 0.3800 - precision: 0.1889 - F1_score: 0.2490 - s_loss: 0.0200 - t_loss: 0.1324 - dist_loss: 0.0273 - loss: 0.0391 - 4s/epoch - 181ms/step
Epoch 66/300
epoch ends.
20/20 - 4s - iou_binarized: 0.2972 - iou: 0.1430 - recall: 0.3810 - precision: 0.1894 - F1_score: 0.2497 - s_loss: 0.0199 - t_loss: 0.1324 - dist_loss: 0.0273 - loss: 0.0390 - 4s/epoch - 178ms/step
Epoch 67/300
epoch ends.
20/20 - 4s - iou_binarized: 0.2988 - iou: 0.1434 - recall: 0.3820 - precision: 0.1899 - F1_score: 0.2503 - s_loss: 0.0199 - t_loss: 0.1324 - dist_loss: 0.0273 - loss: 0.0390 - 4s/epoch - 177ms/step
Epoch 68/300
epoch ends.
20/20 - 4s - iou_binarized: 0.3003 - iou: 0.1438 - recall: 0.3829 - precision: 0.1904 - F1_score: 0.2509 - s_loss: 0.0199 - t_loss: 0.1324 - dist_loss: 0.0273 - loss: 0.0390 - 4s/epoch - 178ms/step
Epoch 69/300
epoch ends.
20/20 - 4s - iou_binarized: 0.3018 - iou: 0.1442 - recall: 0.3838 - precision: 0.1909 - F1_score: 0.2515 - s_loss: 0.0199 - t_loss: 0.1324 - dist_loss: 0.0273 - loss: 0.0389 - 4s/epoch - 177ms/step
Epoch 70/300
epoch ends.
20/20 - 4s - iou_binarized: 0.3033 - iou: 0.1446 - recall: 0.3847 - precision: 0.1913 - F1_score: 0.2521 - s_loss: 0.0198 - t_loss: 0.1324 - dist_loss: 0.0273 - loss: 0.0389 - 4s/epoch - 177ms/step
Epoch 71/300
epoch ends.
20/20 - 4s - iou_binarized: 0.3047 - iou: 0.1450 - recall: 0.3856 - precision: 0.1918 - F1_score: 0.2527 - s_loss: 0.0198 - t_loss: 0.1324 - dist_loss: 0.0273 - loss: 0.0389 - 4s/epoch - 177ms/step
Epoch 72/300
epoch ends.
20/20 - 4s - iou_binarized: 0.3060 - iou: 0.1454 - recall: 0.3865 - precision: 0.1922 - F1_score: 0.2533 - s_loss: 0.0198 - t_loss: 0.1324 - dist_loss: 0.0273 - loss: 0.0389 - 4s/epoch - 179ms/step
Epoch 73/300
epoch ends.
20/20 - 4s - iou_binarized: 0.3074 - iou: 0.1458 - recall: 0.3874 - precision: 0.1927 - F1_score: 0.2539 - s_loss: 0.0197 - t_loss: 0.1324 - dist_loss: 0.0273 - loss: 0.0388 - 4s/epoch - 175ms/step
Epoch 74/300
epoch ends.
20/20 - 4s - iou_binarized: 0.3087 - iou: 0.1462 - recall: 0.3882 - precision: 0.1931 - F1_score: 0.2545 - s_loss: 0.0197 - t_loss: 0.1324 - dist_loss: 0.0273 - loss: 0.0388 - 4s/epoch - 179ms/step
Epoch 75/300
epoch ends.
20/20 - 4s - iou_binarized: 0.3100 - iou: 0.1465 - recall: 0.3890 - precision: 0.1935 - F1_score: 0.2550 - s_loss: 0.0197 - t_loss: 0.1324 - dist_loss: 0.0273 - loss: 0.0388 - 4s/epoch - 178ms/step
Epoch 76/300
epoch ends.
20/20 - 4s - iou_binarized: 0.3112 - iou: 0.1469 - recall: 0.3899 - precision: 0.1940 - F1_score: 0.2556 - s_loss: 0.0197 - t_loss: 0.1324 - dist_loss: 0.0273 - loss: 0.0387 - 4s/epoch - 177ms/step
Epoch 77/300
epoch ends.
20/20 - 4s - iou_binarized: 0.3125 - iou: 0.1473 - recall: 0.3907 - precision: 0.1944 - F1_score: 0.2561 - s_loss: 0.0196 - t_loss: 0.1324 - dist_loss: 0.0273 - loss: 0.0387 - 4s/epoch - 175ms/step
Epoch 78/300
epoch ends.
20/20 - 4s - iou_binarized: 0.3139 - iou: 0.1476 - recall: 0.3915 - precision: 0.1948 - F1_score: 0.2567 - s_loss: 0.0196 - t_loss: 0.1324 - dist_loss: 0.0273 - loss: 0.0387 - 4s/epoch - 175ms/step
Epoch 79/300
epoch ends.
20/20 - 4s - iou_binarized: 0.3151 - iou: 0.1480 - recall: 0.3923 - precision: 0.1952 - F1_score: 0.2572 - s_loss: 0.0196 - t_loss: 0.1324 - dist_loss: 0.0273 - loss: 0.0387 - 4s/epoch - 175ms/step
Epoch 80/300
epoch ends.
20/20 - 4s - iou_binarized: 0.3163 - iou: 0.1483 - recall: 0.3931 - precision: 0.1956 - F1_score: 0.2577 - s_loss: 0.0196 - t_loss: 0.1324 - dist_loss: 0.0273 - loss: 0.0386 - 4s/epoch - 176ms/step
Epoch 81/300
epoch ends.
20/20 - 4s - iou_binarized: 0.3173 - iou: 0.1487 - recall: 0.3938 - precision: 0.1960 - F1_score: 0.2582 - s_loss: 0.0195 - t_loss: 0.1324 - dist_loss: 0.0273 - loss: 0.0386 - 4s/epoch - 180ms/step
Epoch 82/300
epoch ends.
20/20 - 4s - iou_binarized: 0.3187 - iou: 0.1490 - recall: 0.3946 - precision: 0.1964 - F1_score: 0.2587 - s_loss: 0.0195 - t_loss: 0.1324 - dist_loss: 0.0273 - loss: 0.0386 - 4s/epoch - 176ms/step
Epoch 83/300
epoch ends.
20/20 - 4s - iou_binarized: 0.3199 - iou: 0.1493 - recall: 0.3953 - precision: 0.1968 - F1_score: 0.2592 - s_loss: 0.0195 - t_loss: 0.1324 - dist_loss: 0.0272 - loss: 0.0386 - 4s/epoch - 179ms/step
Epoch 84/300
epoch ends.
20/20 - 4s - iou_binarized: 0.3211 - iou: 0.1497 - recall: 0.3960 - precision: 0.1971 - F1_score: 0.2597 - s_loss: 0.0195 - t_loss: 0.1324 - dist_loss: 0.0272 - loss: 0.0385 - 4s/epoch - 179ms/step
Epoch 85/300
epoch ends.
20/20 - 4s - iou_binarized: 0.3221 - iou: 0.1500 - recall: 0.3968 - precision: 0.1975 - F1_score: 0.2602 - s_loss: 0.0194 - t_loss: 0.1324 - dist_loss: 0.0272 - loss: 0.0385 - 4s/epoch - 177ms/step
Epoch 86/300
epoch ends.
20/20 - 4s - iou_binarized: 0.3233 - iou: 0.1503 - recall: 0.3975 - precision: 0.1979 - F1_score: 0.2607 - s_loss: 0.0194 - t_loss: 0.1324 - dist_loss: 0.0272 - loss: 0.0385 - 4s/epoch - 176ms/step
Epoch 87/300
epoch ends.
20/20 - 4s - iou_binarized: 0.3244 - iou: 0.1506 - recall: 0.3982 - precision: 0.1982 - F1_score: 0.2612 - s_loss: 0.0194 - t_loss: 0.1324 - dist_loss: 0.0272 - loss: 0.0385 - 4s/epoch - 176ms/step
Epoch 88/300
epoch ends.
20/20 - 4s - iou_binarized: 0.3253 - iou: 0.1509 - recall: 0.3989 - precision: 0.1986 - F1_score: 0.2616 - s_loss: 0.0194 - t_loss: 0.1324 - dist_loss: 0.0272 - loss: 0.0384 - 4s/epoch - 177ms/step
Epoch 89/300
epoch ends.
20/20 - 4s - iou_binarized: 0.3263 - iou: 0.1512 - recall: 0.3996 - precision: 0.1989 - F1_score: 0.2621 - s_loss: 0.0194 - t_loss: 0.1324 - dist_loss: 0.0272 - loss: 0.0384 - 4s/epoch - 182ms/step
Epoch 90/300
epoch ends.
20/20 - 4s - iou_binarized: 0.3273 - iou: 0.1515 - recall: 0.4002 - precision: 0.1993 - F1_score: 0.2625 - s_loss: 0.0193 - t_loss: 0.1324 - dist_loss: 0.0272 - loss: 0.0384 - 4s/epoch - 176ms/step
Epoch 91/300
epoch ends.
20/20 - 4s - iou_binarized: 0.3284 - iou: 0.1518 - recall: 0.4009 - precision: 0.1996 - F1_score: 0.2630 - s_loss: 0.0193 - t_loss: 0.1324 - dist_loss: 0.0272 - loss: 0.0384 - 4s/epoch - 178ms/step
Epoch 92/300
epoch ends.
20/20 - 4s - iou_binarized: 0.3295 - iou: 0.1521 - recall: 0.4015 - precision: 0.2000 - F1_score: 0.2634 - s_loss: 0.0193 - t_loss: 0.1324 - dist_loss: 0.0272 - loss: 0.0383 - 4s/epoch - 179ms/step
Epoch 93/300
epoch ends.
20/20 - 4s - iou_binarized: 0.3305 - iou: 0.1524 - recall: 0.4022 - precision: 0.2003 - F1_score: 0.2639 - s_loss: 0.0193 - t_loss: 0.1324 - dist_loss: 0.0272 - loss: 0.0383 - 4s/epoch - 176ms/step
Epoch 94/300
epoch ends.
20/20 - 4s - iou_binarized: 0.3314 - iou: 0.1527 - recall: 0.4028 - precision: 0.2006 - F1_score: 0.2643 - s_loss: 0.0192 - t_loss: 0.1324 - dist_loss: 0.0272 - loss: 0.0383 - 4s/epoch - 180ms/step
Epoch 95/300
epoch ends.
20/20 - 4s - iou_binarized: 0.3323 - iou: 0.1530 - recall: 0.4034 - precision: 0.2010 - F1_score: 0.2647 - s_loss: 0.0192 - t_loss: 0.1324 - dist_loss: 0.0272 - loss: 0.0383 - 4s/epoch - 180ms/step
Epoch 96/300
epoch ends.
20/20 - 3s - iou_binarized: 0.3333 - iou: 0.1533 - recall: 0.4041 - precision: 0.2013 - F1_score: 0.2651 - s_loss: 0.0192 - t_loss: 0.1324 - dist_loss: 0.0272 - loss: 0.0382 - 3s/epoch - 175ms/step
Epoch 97/300
epoch ends.
20/20 - 4s - iou_binarized: 0.3343 - iou: 0.1535 - recall: 0.4047 - precision: 0.2016 - F1_score: 0.2655 - s_loss: 0.0192 - t_loss: 0.1324 - dist_loss: 0.0272 - loss: 0.0382 - 4s/epoch - 177ms/step
Epoch 98/300
epoch ends.
20/20 - 4s - iou_binarized: 0.3352 - iou: 0.1538 - recall: 0.4053 - precision: 0.2019 - F1_score: 0.2660 - s_loss: 0.0192 - t_loss: 0.1324 - dist_loss: 0.0272 - loss: 0.0382 - 4s/epoch - 175ms/step
Epoch 99/300
epoch ends.
20/20 - 3s - iou_binarized: 0.3360 - iou: 0.1541 - recall: 0.4059 - precision: 0.2022 - F1_score: 0.2664 - s_loss: 0.0191 - t_loss: 0.1324 - dist_loss: 0.0272 - loss: 0.0382 - 3s/epoch - 175ms/step
Epoch 100/300
epoch ends.
20/20 - 4s - iou_binarized: 0.3367 - iou: 0.1544 - recall: 0.4065 - precision: 0.2025 - F1_score: 0.2667 - s_loss: 0.0191 - t_loss: 0.1324 - dist_loss: 0.0272 - loss: 0.0382 - 4s/epoch - 180ms/step
Epoch 101/300
epoch ends.
20/20 - 4s - iou_binarized: 0.3375 - iou: 0.1546 - recall: 0.4070 - precision: 0.2028 - F1_score: 0.2671 - s_loss: 0.0191 - t_loss: 0.1324 - dist_loss: 0.0272 - loss: 0.0381 - 4s/epoch - 178ms/step
Epoch 102/300
epoch ends.
20/20 - 4s - iou_binarized: 0.3383 - iou: 0.1549 - recall: 0.4076 - precision: 0.2031 - F1_score: 0.2675 - s_loss: 0.0191 - t_loss: 0.1324 - dist_loss: 0.0272 - loss: 0.0381 - 4s/epoch - 180ms/step
Epoch 103/300
epoch ends.
20/20 - 4s - iou_binarized: 0.3391 - iou: 0.1551 - recall: 0.4082 - precision: 0.2034 - F1_score: 0.2679 - s_loss: 0.0191 - t_loss: 0.1324 - dist_loss: 0.0272 - loss: 0.0381 - 4s/epoch - 179ms/step
Epoch 104/300
epoch ends.
20/20 - 4s - iou_binarized: 0.3401 - iou: 0.1554 - recall: 0.4087 - precision: 0.2037 - F1_score: 0.2683 - s_loss: 0.0191 - t_loss: 0.1324 - dist_loss: 0.0272 - loss: 0.0381 - 4s/epoch - 178ms/step
Epoch 105/300
epoch ends.
20/20 - 4s - iou_binarized: 0.3409 - iou: 0.1556 - recall: 0.4093 - precision: 0.2040 - F1_score: 0.2687 - s_loss: 0.0190 - t_loss: 0.1324 - dist_loss: 0.0272 - loss: 0.0380 - 4s/epoch - 186ms/step
Epoch 106/300
epoch ends.
20/20 - 4s - iou_binarized: 0.3417 - iou: 0.1559 - recall: 0.4098 - precision: 0.2042 - F1_score: 0.2690 - s_loss: 0.0190 - t_loss: 0.1324 - dist_loss: 0.0272 - loss: 0.0380 - 4s/epoch - 181ms/step
Epoch 107/300
epoch ends.
20/20 - 4s - iou_binarized: 0.3425 - iou: 0.1561 - recall: 0.4104 - precision: 0.2045 - F1_score: 0.2694 - s_loss: 0.0190 - t_loss: 0.1324 - dist_loss: 0.0272 - loss: 0.0380 - 4s/epoch - 176ms/step
Epoch 108/300
epoch ends.
20/20 - 4s - iou_binarized: 0.3433 - iou: 0.1564 - recall: 0.4109 - precision: 0.2048 - F1_score: 0.2698 - s_loss: 0.0190 - t_loss: 0.1324 - dist_loss: 0.0271 - loss: 0.0380 - 4s/epoch - 179ms/step
Epoch 109/300
epoch ends.
20/20 - 4s - iou_binarized: 0.3441 - iou: 0.1566 - recall: 0.4114 - precision: 0.2051 - F1_score: 0.2701 - s_loss: 0.0190 - t_loss: 0.1324 - dist_loss: 0.0271 - loss: 0.0380 - 4s/epoch - 179ms/step
Epoch 110/300
epoch ends.
20/20 - 4s - iou_binarized: 0.3448 - iou: 0.1568 - recall: 0.4120 - precision: 0.2053 - F1_score: 0.2705 - s_loss: 0.0189 - t_loss: 0.1324 - dist_loss: 0.0271 - loss: 0.0379 - 4s/epoch - 182ms/step
Epoch 111/300
epoch ends.
20/20 - 4s - iou_binarized: 0.3457 - iou: 0.1571 - recall: 0.4125 - precision: 0.2056 - F1_score: 0.2708 - s_loss: 0.0189 - t_loss: 0.1324 - dist_loss: 0.0271 - loss: 0.0379 - 4s/epoch - 177ms/step
Epoch 112/300
epoch ends.
20/20 - 3s - iou_binarized: 0.3466 - iou: 0.1573 - recall: 0.4130 - precision: 0.2059 - F1_score: 0.2712 - s_loss: 0.0189 - t_loss: 0.1324 - dist_loss: 0.0271 - loss: 0.0379 - 3s/epoch - 173ms/step
Epoch 113/300
epoch ends.
20/20 - 4s - iou_binarized: 0.3474 - iou: 0.1575 - recall: 0.4135 - precision: 0.2061 - F1_score: 0.2715 - s_loss: 0.0189 - t_loss: 0.1324 - dist_loss: 0.0271 - loss: 0.0379 - 4s/epoch - 179ms/step
Epoch 114/300
epoch ends.
20/20 - 3s - iou_binarized: 0.3481 - iou: 0.1578 - recall: 0.4140 - precision: 0.2064 - F1_score: 0.2718 - s_loss: 0.0189 - t_loss: 0.1324 - dist_loss: 0.0271 - loss: 0.0379 - 3s/epoch - 173ms/step
Epoch 115/300
epoch ends.
20/20 - 3s - iou_binarized: 0.3488 - iou: 0.1580 - recall: 0.4145 - precision: 0.2067 - F1_score: 0.2722 - s_loss: 0.0189 - t_loss: 0.1324 - dist_loss: 0.0271 - loss: 0.0378 - 3s/epoch - 175ms/step
Epoch 116/300
epoch ends.
20/20 - 4s - iou_binarized: 0.3497 - iou: 0.1582 - recall: 0.4150 - precision: 0.2069 - F1_score: 0.2725 - s_loss: 0.0188 - t_loss: 0.1324 - dist_loss: 0.0271 - loss: 0.0378 - 4s/epoch - 176ms/step
Epoch 117/300
epoch ends.
20/20 - 4s - iou_binarized: 0.3504 - iou: 0.1585 - recall: 0.4155 - precision: 0.2072 - F1_score: 0.2728 - s_loss: 0.0188 - t_loss: 0.1324 - dist_loss: 0.0271 - loss: 0.0378 - 4s/epoch - 180ms/step
Epoch 118/300
epoch ends.
20/20 - 4s - iou_binarized: 0.3511 - iou: 0.1587 - recall: 0.4160 - precision: 0.2074 - F1_score: 0.2732 - s_loss: 0.0188 - t_loss: 0.1324 - dist_loss: 0.0271 - loss: 0.0378 - 4s/epoch - 177ms/step
Epoch 119/300
epoch ends.
20/20 - 4s - iou_binarized: 0.3518 - iou: 0.1589 - recall: 0.4164 - precision: 0.2077 - F1_score: 0.2735 - s_loss: 0.0188 - t_loss: 0.1324 - dist_loss: 0.0271 - loss: 0.0378 - 4s/epoch - 176ms/step
Epoch 120/300
epoch ends.
20/20 - 4s - iou_binarized: 0.3525 - iou: 0.1591 - recall: 0.4169 - precision: 0.2079 - F1_score: 0.2738 - s_loss: 0.0188 - t_loss: 0.1324 - dist_loss: 0.0271 - loss: 0.0377 - 4s/epoch - 176ms/step
Epoch 121/300
epoch ends.
20/20 - 4s - iou_binarized: 0.3532 - iou: 0.1593 - recall: 0.4174 - precision: 0.2081 - F1_score: 0.2741 - s_loss: 0.0187 - t_loss: 0.1324 - dist_loss: 0.0271 - loss: 0.0377 - 4s/epoch - 176ms/step
Epoch 122/300
epoch ends.
20/20 - 4s - iou_binarized: 0.3539 - iou: 0.1595 - recall: 0.4179 - precision: 0.2084 - F1_score: 0.2744 - s_loss: 0.0187 - t_loss: 0.1324 - dist_loss: 0.0271 - loss: 0.0377 - 4s/epoch - 177ms/step
Epoch 123/300
epoch ends.
20/20 - 4s - iou_binarized: 0.3547 - iou: 0.1598 - recall: 0.4183 - precision: 0.2086 - F1_score: 0.2748 - s_loss: 0.0187 - t_loss: 0.1324 - dist_loss: 0.0271 - loss: 0.0377 - 4s/epoch - 183ms/step
Epoch 124/300
epoch ends.
20/20 - 4s - iou_binarized: 0.3554 - iou: 0.1600 - recall: 0.4188 - precision: 0.2089 - F1_score: 0.2751 - s_loss: 0.0187 - t_loss: 0.1324 - dist_loss: 0.0271 - loss: 0.0377 - 4s/epoch - 176ms/step
Epoch 125/300
epoch ends.
20/20 - 3s - iou_binarized: 0.3560 - iou: 0.1602 - recall: 0.4192 - precision: 0.2091 - F1_score: 0.2754 - s_loss: 0.0187 - t_loss: 0.1324 - dist_loss: 0.0271 - loss: 0.0376 - 3s/epoch - 174ms/step
Epoch 126/300
epoch ends.
20/20 - 4s - iou_binarized: 0.3567 - iou: 0.1604 - recall: 0.4197 - precision: 0.2093 - F1_score: 0.2757 - s_loss: 0.0187 - t_loss: 0.1324 - dist_loss: 0.0271 - loss: 0.0376 - 4s/epoch - 176ms/step
Epoch 127/300
epoch ends.
20/20 - 3s - iou_binarized: 0.3574 - iou: 0.1606 - recall: 0.4201 - precision: 0.2096 - F1_score: 0.2760 - s_loss: 0.0186 - t_loss: 0.1324 - dist_loss: 0.0271 - loss: 0.0376 - 3s/epoch - 173ms/step
Epoch 128/300
epoch ends.
20/20 - 3s - iou_binarized: 0.3581 - iou: 0.1608 - recall: 0.4206 - precision: 0.2098 - F1_score: 0.2763 - s_loss: 0.0186 - t_loss: 0.1324 - dist_loss: 0.0271 - loss: 0.0376 - 3s/epoch - 174ms/step
Epoch 129/300
epoch ends.
20/20 - 3s - iou_binarized: 0.3588 - iou: 0.1610 - recall: 0.4210 - precision: 0.2100 - F1_score: 0.2766 - s_loss: 0.0186 - t_loss: 0.1324 - dist_loss: 0.0271 - loss: 0.0376 - 3s/epoch - 174ms/step
Epoch 130/300
epoch ends.
20/20 - 4s - iou_binarized: 0.3594 - iou: 0.1612 - recall: 0.4215 - precision: 0.2103 - F1_score: 0.2769 - s_loss: 0.0186 - t_loss: 0.1324 - dist_loss: 0.0271 - loss: 0.0375 - 4s/epoch - 178ms/step
Epoch 131/300
epoch ends.
20/20 - 4s - iou_binarized: 0.3600 - iou: 0.1614 - recall: 0.4219 - precision: 0.2105 - F1_score: 0.2772 - s_loss: 0.0186 - t_loss: 0.1324 - dist_loss: 0.0271 - loss: 0.0375 - 4s/epoch - 176ms/step
Epoch 132/300
epoch ends.
20/20 - 4s - iou_binarized: 0.3607 - iou: 0.1616 - recall: 0.4223 - precision: 0.2107 - F1_score: 0.2775 - s_loss: 0.0186 - t_loss: 0.1324 - dist_loss: 0.0270 - loss: 0.0375 - 4s/epoch - 177ms/step
Epoch 133/300
epoch ends.
20/20 - 4s - iou_binarized: 0.3613 - iou: 0.1618 - recall: 0.4228 - precision: 0.2109 - F1_score: 0.2777 - s_loss: 0.0186 - t_loss: 0.1324 - dist_loss: 0.0270 - loss: 0.0375 - 4s/epoch - 175ms/step
Epoch 134/300
epoch ends.
20/20 - 4s - iou_binarized: 0.3620 - iou: 0.1620 - recall: 0.4232 - precision: 0.2111 - F1_score: 0.2780 - s_loss: 0.0185 - t_loss: 0.1324 - dist_loss: 0.0270 - loss: 0.0375 - 4s/epoch - 178ms/step
Epoch 135/300
epoch ends.
20/20 - 4s - iou_binarized: 0.3626 - iou: 0.1622 - recall: 0.4236 - precision: 0.2114 - F1_score: 0.2783 - s_loss: 0.0185 - t_loss: 0.1324 - dist_loss: 0.0270 - loss: 0.0374 - 4s/epoch - 176ms/step
Epoch 136/300
epoch ends.
20/20 - 4s - iou_binarized: 0.3632 - iou: 0.1624 - recall: 0.4240 - precision: 0.2116 - F1_score: 0.2786 - s_loss: 0.0185 - t_loss: 0.1324 - dist_loss: 0.0270 - loss: 0.0374 - 4s/epoch - 180ms/step
Epoch 137/300
epoch ends.
20/20 - 3s - iou_binarized: 0.3639 - iou: 0.1626 - recall: 0.4245 - precision: 0.2118 - F1_score: 0.2789 - s_loss: 0.0185 - t_loss: 0.1324 - dist_loss: 0.0270 - loss: 0.0374 - 3s/epoch - 173ms/step
Epoch 138/300
epoch ends.
20/20 - 4s - iou_binarized: 0.3645 - iou: 0.1627 - recall: 0.4249 - precision: 0.2120 - F1_score: 0.2792 - s_loss: 0.0185 - t_loss: 0.1324 - dist_loss: 0.0270 - loss: 0.0374 - 4s/epoch - 179ms/step
Epoch 139/300
epoch ends.
20/20 - 4s - iou_binarized: 0.3652 - iou: 0.1629 - recall: 0.4253 - precision: 0.2122 - F1_score: 0.2794 - s_loss: 0.0185 - t_loss: 0.1324 - dist_loss: 0.0270 - loss: 0.0374 - 4s/epoch - 181ms/step
Epoch 140/300
epoch ends.
20/20 - 4s - iou_binarized: 0.3659 - iou: 0.1631 - recall: 0.4257 - precision: 0.2124 - F1_score: 0.2797 - s_loss: 0.0184 - t_loss: 0.1324 - dist_loss: 0.0270 - loss: 0.0374 - 4s/epoch - 182ms/step
Epoch 141/300
epoch ends.
20/20 - 4s - iou_binarized: 0.3666 - iou: 0.1633 - recall: 0.4261 - precision: 0.2126 - F1_score: 0.2800 - s_loss: 0.0184 - t_loss: 0.1324 - dist_loss: 0.0270 - loss: 0.0373 - 4s/epoch - 177ms/step
Epoch 142/300
epoch ends.
20/20 - 4s - iou_binarized: 0.3672 - iou: 0.1635 - recall: 0.4265 - precision: 0.2128 - F1_score: 0.2803 - s_loss: 0.0184 - t_loss: 0.1324 - dist_loss: 0.0270 - loss: 0.0373 - 4s/epoch - 177ms/step
Epoch 143/300
epoch ends.
20/20 - 4s - iou_binarized: 0.3679 - iou: 0.1637 - recall: 0.4269 - precision: 0.2130 - F1_score: 0.2805 - s_loss: 0.0184 - t_loss: 0.1324 - dist_loss: 0.0270 - loss: 0.0373 - 4s/epoch - 180ms/step
Epoch 144/300
epoch ends.
20/20 - 4s - iou_binarized: 0.3686 - iou: 0.1639 - recall: 0.4273 - precision: 0.2132 - F1_score: 0.2808 - s_loss: 0.0184 - t_loss: 0.1324 - dist_loss: 0.0270 - loss: 0.0373 - 4s/epoch - 179ms/step
Epoch 145/300
epoch ends.
20/20 - 4s - iou_binarized: 0.3693 - iou: 0.1640 - recall: 0.4277 - precision: 0.2134 - F1_score: 0.2811 - s_loss: 0.0184 - t_loss: 0.1324 - dist_loss: 0.0270 - loss: 0.0373 - 4s/epoch - 178ms/step
Epoch 146/300
epoch ends.
20/20 - 4s - iou_binarized: 0.3699 - iou: 0.1642 - recall: 0.4281 - precision: 0.2136 - F1_score: 0.2813 - s_loss: 0.0184 - t_loss: 0.1324 - dist_loss: 0.0270 - loss: 0.0373 - 4s/epoch - 177ms/step
Epoch 147/300
epoch ends.
20/20 - 4s - iou_binarized: 0.3706 - iou: 0.1644 - recall: 0.4285 - precision: 0.2138 - F1_score: 0.2816 - s_loss: 0.0183 - t_loss: 0.1324 - dist_loss: 0.0270 - loss: 0.0372 - 4s/epoch - 176ms/step
Epoch 148/300
epoch ends.
20/20 - 3s - iou_binarized: 0.3713 - iou: 0.1646 - recall: 0.4289 - precision: 0.2140 - F1_score: 0.2818 - s_loss: 0.0183 - t_loss: 0.1324 - dist_loss: 0.0270 - loss: 0.0372 - 3s/epoch - 174ms/step
Epoch 149/300
epoch ends.
20/20 - 3s - iou_binarized: 0.3720 - iou: 0.1648 - recall: 0.4293 - precision: 0.2142 - F1_score: 0.2821 - s_loss: 0.0183 - t_loss: 0.1324 - dist_loss: 0.0270 - loss: 0.0372 - 3s/epoch - 174ms/step
Epoch 150/300
epoch ends.
20/20 - 3s - iou_binarized: 0.3727 - iou: 0.1649 - recall: 0.4296 - precision: 0.2144 - F1_score: 0.2824 - s_loss: 0.0183 - t_loss: 0.1324 - dist_loss: 0.0270 - loss: 0.0372 - 3s/epoch - 175ms/step
Epoch 151/300
epoch ends.
20/20 - 4s - iou_binarized: 0.3733 - iou: 0.1651 - recall: 0.4300 - precision: 0.2146 - F1_score: 0.2826 - s_loss: 0.0183 - t_loss: 0.1324 - dist_loss: 0.0270 - loss: 0.0372 - 4s/epoch - 182ms/step
Epoch 152/300
epoch ends.
20/20 - 4s - iou_binarized: 0.3739 - iou: 0.1653 - recall: 0.4304 - precision: 0.2148 - F1_score: 0.2829 - s_loss: 0.0183 - t_loss: 0.1324 - dist_loss: 0.0270 - loss: 0.0372 - 4s/epoch - 176ms/step
Epoch 153/300
epoch ends.
20/20 - 4s - iou_binarized: 0.3746 - iou: 0.1654 - recall: 0.4308 - precision: 0.2150 - F1_score: 0.2831 - s_loss: 0.0183 - t_loss: 0.1324 - dist_loss: 0.0270 - loss: 0.0371 - 4s/epoch - 176ms/step
Epoch 154/300
epoch ends.
20/20 - 4s - iou_binarized: 0.3753 - iou: 0.1656 - recall: 0.4312 - precision: 0.2152 - F1_score: 0.2834 - s_loss: 0.0182 - t_loss: 0.1324 - dist_loss: 0.0270 - loss: 0.0371 - 4s/epoch - 176ms/step
Epoch 155/300
epoch ends.
20/20 - 4s - iou_binarized: 0.3759 - iou: 0.1658 - recall: 0.4315 - precision: 0.2154 - F1_score: 0.2836 - s_loss: 0.0182 - t_loss: 0.1324 - dist_loss: 0.0270 - loss: 0.0371 - 4s/epoch - 175ms/step
Epoch 156/300
epoch ends.
20/20 - 4s - iou_binarized: 0.3764 - iou: 0.1660 - recall: 0.4319 - precision: 0.2156 - F1_score: 0.2839 - s_loss: 0.0182 - t_loss: 0.1324 - dist_loss: 0.0270 - loss: 0.0371 - 4s/epoch - 182ms/step
Epoch 157/300
epoch ends.
20/20 - 4s - iou_binarized: 0.3771 - iou: 0.1661 - recall: 0.4323 - precision: 0.2158 - F1_score: 0.2841 - s_loss: 0.0182 - t_loss: 0.1324 - dist_loss: 0.0270 - loss: 0.0371 - 4s/epoch - 178ms/step
Epoch 158/300
epoch ends.
20/20 - 4s - iou_binarized: 0.3776 - iou: 0.1663 - recall: 0.4326 - precision: 0.2160 - F1_score: 0.2844 - s_loss: 0.0182 - t_loss: 0.1324 - dist_loss: 0.0270 - loss: 0.0371 - 4s/epoch - 178ms/step
Epoch 159/300
epoch ends.
20/20 - 4s - iou_binarized: 0.3782 - iou: 0.1665 - recall: 0.4330 - precision: 0.2161 - F1_score: 0.2846 - s_loss: 0.0182 - t_loss: 0.1324 - dist_loss: 0.0270 - loss: 0.0370 - 4s/epoch - 180ms/step
Epoch 160/300
epoch ends.
20/20 - 4s - iou_binarized: 0.3789 - iou: 0.1666 - recall: 0.4334 - precision: 0.2163 - F1_score: 0.2848 - s_loss: 0.0182 - t_loss: 0.1324 - dist_loss: 0.0270 - loss: 0.0370 - 4s/epoch - 176ms/step
Epoch 161/300
epoch ends.
20/20 - 3s - iou_binarized: 0.3796 - iou: 0.1668 - recall: 0.4337 - precision: 0.2165 - F1_score: 0.2851 - s_loss: 0.0181 - t_loss: 0.1324 - dist_loss: 0.0270 - loss: 0.0370 - 3s/epoch - 175ms/step
Epoch 162/300
epoch ends.
20/20 - 4s - iou_binarized: 0.3802 - iou: 0.1670 - recall: 0.4341 - precision: 0.2167 - F1_score: 0.2853 - s_loss: 0.0181 - t_loss: 0.1324 - dist_loss: 0.0270 - loss: 0.0370 - 4s/epoch - 178ms/step
Epoch 163/300
epoch ends.
20/20 - 3s - iou_binarized: 0.3808 - iou: 0.1671 - recall: 0.4344 - precision: 0.2169 - F1_score: 0.2856 - s_loss: 0.0181 - t_loss: 0.1324 - dist_loss: 0.0269 - loss: 0.0370 - 3s/epoch - 174ms/step
Epoch 164/300
epoch ends.
20/20 - 4s - iou_binarized: 0.3814 - iou: 0.1673 - recall: 0.4348 - precision: 0.2171 - F1_score: 0.2858 - s_loss: 0.0181 - t_loss: 0.1324 - dist_loss: 0.0269 - loss: 0.0370 - 4s/epoch - 178ms/step
Epoch 165/300
epoch ends.
20/20 - 3s - iou_binarized: 0.3820 - iou: 0.1674 - recall: 0.4352 - precision: 0.2172 - F1_score: 0.2860 - s_loss: 0.0181 - t_loss: 0.1324 - dist_loss: 0.0269 - loss: 0.0369 - 3s/epoch - 175ms/step
Epoch 166/300
epoch ends.
20/20 - 4s - iou_binarized: 0.3827 - iou: 0.1676 - recall: 0.4355 - precision: 0.2174 - F1_score: 0.2863 - s_loss: 0.0181 - t_loss: 0.1324 - dist_loss: 0.0269 - loss: 0.0369 - 4s/epoch - 179ms/step
Epoch 167/300
epoch ends.
20/20 - 4s - iou_binarized: 0.3833 - iou: 0.1678 - recall: 0.4359 - precision: 0.2176 - F1_score: 0.2865 - s_loss: 0.0181 - t_loss: 0.1324 - dist_loss: 0.0269 - loss: 0.0369 - 4s/epoch - 177ms/step
Epoch 168/300
epoch ends.
20/20 - 4s - iou_binarized: 0.3838 - iou: 0.1679 - recall: 0.4362 - precision: 0.2178 - F1_score: 0.2867 - s_loss: 0.0181 - t_loss: 0.1324 - dist_loss: 0.0269 - loss: 0.0369 - 4s/epoch - 175ms/step
Epoch 169/300
epoch ends.
20/20 - 4s - iou_binarized: 0.3845 - iou: 0.1681 - recall: 0.4365 - precision: 0.2179 - F1_score: 0.2870 - s_loss: 0.0180 - t_loss: 0.1324 - dist_loss: 0.0269 - loss: 0.0369 - 4s/epoch - 178ms/step
Epoch 170/300
epoch ends.
20/20 - 4s - iou_binarized: 0.3850 - iou: 0.1682 - recall: 0.4369 - precision: 0.2181 - F1_score: 0.2872 - s_loss: 0.0180 - t_loss: 0.1324 - dist_loss: 0.0269 - loss: 0.0369 - 4s/epoch - 176ms/step
Epoch 171/300
epoch ends.
20/20 - 4s - iou_binarized: 0.3855 - iou: 0.1684 - recall: 0.4372 - precision: 0.2183 - F1_score: 0.2874 - s_loss: 0.0180 - t_loss: 0.1324 - dist_loss: 0.0269 - loss: 0.0369 - 4s/epoch - 176ms/step
Epoch 172/300
epoch ends.
20/20 - 3s - iou_binarized: 0.3862 - iou: 0.1685 - recall: 0.4376 - precision: 0.2184 - F1_score: 0.2876 - s_loss: 0.0180 - t_loss: 0.1324 - dist_loss: 0.0269 - loss: 0.0369 - 3s/epoch - 175ms/step
Epoch 173/300
epoch ends.
20/20 - 4s - iou_binarized: 0.3868 - iou: 0.1687 - recall: 0.4379 - precision: 0.2186 - F1_score: 0.2878 - s_loss: 0.0180 - t_loss: 0.1324 - dist_loss: 0.0269 - loss: 0.0368 - 4s/epoch - 181ms/step
Epoch 174/300
epoch ends.
20/20 - 4s - iou_binarized: 0.3874 - iou: 0.1688 - recall: 0.4383 - precision: 0.2188 - F1_score: 0.2881 - s_loss: 0.0180 - t_loss: 0.1324 - dist_loss: 0.0269 - loss: 0.0368 - 4s/epoch - 178ms/step
Epoch 175/300
epoch ends.
20/20 - 4s - iou_binarized: 0.3879 - iou: 0.1690 - recall: 0.4386 - precision: 0.2189 - F1_score: 0.2883 - s_loss: 0.0180 - t_loss: 0.1324 - dist_loss: 0.0269 - loss: 0.0368 - 4s/epoch - 179ms/step
Epoch 176/300
epoch ends.
20/20 - 4s - iou_binarized: 0.3885 - iou: 0.1691 - recall: 0.4389 - precision: 0.2191 - F1_score: 0.2885 - s_loss: 0.0180 - t_loss: 0.1324 - dist_loss: 0.0269 - loss: 0.0368 - 4s/epoch - 176ms/step
Epoch 177/300
epoch ends.
20/20 - 4s - iou_binarized: 0.3891 - iou: 0.1693 - recall: 0.4393 - precision: 0.2193 - F1_score: 0.2887 - s_loss: 0.0180 - t_loss: 0.1324 - dist_loss: 0.0269 - loss: 0.0368 - 4s/epoch - 176ms/step
Epoch 178/300
epoch ends.
20/20 - 4s - iou_binarized: 0.3896 - iou: 0.1694 - recall: 0.4396 - precision: 0.2194 - F1_score: 0.2889 - s_loss: 0.0179 - t_loss: 0.1324 - dist_loss: 0.0269 - loss: 0.0368 - 4s/epoch - 179ms/step
Epoch 179/300
epoch ends.
20/20 - 4s - iou_binarized: 0.3902 - iou: 0.1696 - recall: 0.4399 - precision: 0.2196 - F1_score: 0.2892 - s_loss: 0.0179 - t_loss: 0.1324 - dist_loss: 0.0269 - loss: 0.0368 - 4s/epoch - 178ms/step
Epoch 180/300
epoch ends.
20/20 - 4s - iou_binarized: 0.3908 - iou: 0.1698 - recall: 0.4403 - precision: 0.2198 - F1_score: 0.2894 - s_loss: 0.0179 - t_loss: 0.1324 - dist_loss: 0.0269 - loss: 0.0368 - 4s/epoch - 179ms/step
Epoch 181/300
epoch ends.
20/20 - 3s - iou_binarized: 0.3913 - iou: 0.1699 - recall: 0.4406 - precision: 0.2199 - F1_score: 0.2896 - s_loss: 0.0179 - t_loss: 0.1324 - dist_loss: 0.0269 - loss: 0.0367 - 3s/epoch - 173ms/step
Epoch 182/300
epoch ends.
20/20 - 3s - iou_binarized: 0.3919 - iou: 0.1701 - recall: 0.4409 - precision: 0.2201 - F1_score: 0.2898 - s_loss: 0.0179 - t_loss: 0.1324 - dist_loss: 0.0269 - loss: 0.0367 - 3s/epoch - 174ms/step
Epoch 183/300
epoch ends.
20/20 - 3s - iou_binarized: 0.3925 - iou: 0.1702 - recall: 0.4413 - precision: 0.2203 - F1_score: 0.2901 - s_loss: 0.0179 - t_loss: 0.1324 - dist_loss: 0.0269 - loss: 0.0367 - 3s/epoch - 174ms/step
Epoch 184/300
epoch ends.
20/20 - 4s - iou_binarized: 0.3931 - iou: 0.1704 - recall: 0.4416 - precision: 0.2204 - F1_score: 0.2903 - s_loss: 0.0179 - t_loss: 0.1324 - dist_loss: 0.0269 - loss: 0.0367 - 4s/epoch - 185ms/step
Epoch 185/300
epoch ends.
20/20 - 4s - iou_binarized: 0.3936 - iou: 0.1705 - recall: 0.4419 - precision: 0.2206 - F1_score: 0.2905 - s_loss: 0.0179 - t_loss: 0.1324 - dist_loss: 0.0269 - loss: 0.0367 - 4s/epoch - 176ms/step
Epoch 186/300
epoch ends.
20/20 - 4s - iou_binarized: 0.3942 - iou: 0.1707 - recall: 0.4422 - precision: 0.2208 - F1_score: 0.2907 - s_loss: 0.0178 - t_loss: 0.1324 - dist_loss: 0.0269 - loss: 0.0367 - 4s/epoch - 178ms/step
Epoch 187/300
epoch ends.
20/20 - 4s - iou_binarized: 0.3948 - iou: 0.1708 - recall: 0.4426 - precision: 0.2209 - F1_score: 0.2909 - s_loss: 0.0178 - t_loss: 0.1324 - dist_loss: 0.0269 - loss: 0.0366 - 4s/epoch - 179ms/step
Epoch 188/300
epoch ends.
20/20 - 4s - iou_binarized: 0.3953 - iou: 0.1710 - recall: 0.4429 - precision: 0.2211 - F1_score: 0.2912 - s_loss: 0.0178 - t_loss: 0.1324 - dist_loss: 0.0269 - loss: 0.0366 - 4s/epoch - 180ms/step
Epoch 189/300
epoch ends.
20/20 - 4s - iou_binarized: 0.3958 - iou: 0.1711 - recall: 0.4432 - precision: 0.2213 - F1_score: 0.2914 - s_loss: 0.0178 - t_loss: 0.1324 - dist_loss: 0.0269 - loss: 0.0366 - 4s/epoch - 176ms/step
Epoch 190/300
epoch ends.
20/20 - 4s - iou_binarized: 0.3965 - iou: 0.1713 - recall: 0.4435 - precision: 0.2214 - F1_score: 0.2916 - s_loss: 0.0178 - t_loss: 0.1324 - dist_loss: 0.0269 - loss: 0.0366 - 4s/epoch - 179ms/step
Epoch 191/300
epoch ends.
20/20 - 4s - iou_binarized: 0.3971 - iou: 0.1714 - recall: 0.4438 - precision: 0.2216 - F1_score: 0.2918 - s_loss: 0.0178 - t_loss: 0.1324 - dist_loss: 0.0269 - loss: 0.0366 - 4s/epoch - 178ms/step
Epoch 192/300
epoch ends.
20/20 - 4s - iou_binarized: 0.3976 - iou: 0.1716 - recall: 0.4442 - precision: 0.2218 - F1_score: 0.2920 - s_loss: 0.0178 - t_loss: 0.1324 - dist_loss: 0.0269 - loss: 0.0366 - 4s/epoch - 181ms/step
Epoch 193/300
epoch ends.
20/20 - 4s - iou_binarized: 0.3981 - iou: 0.1717 - recall: 0.4445 - precision: 0.2219 - F1_score: 0.2922 - s_loss: 0.0177 - t_loss: 0.1324 - dist_loss: 0.0269 - loss: 0.0365 - 4s/epoch - 180ms/step
Epoch 194/300
epoch ends.
20/20 - 4s - iou_binarized: 0.3985 - iou: 0.1719 - recall: 0.4448 - precision: 0.2221 - F1_score: 0.2924 - s_loss: 0.0177 - t_loss: 0.1324 - dist_loss: 0.0269 - loss: 0.0365 - 4s/epoch - 177ms/step
Epoch 195/300
epoch ends.
20/20 - 4s - iou_binarized: 0.3990 - iou: 0.1720 - recall: 0.4451 - precision: 0.2222 - F1_score: 0.2927 - s_loss: 0.0177 - t_loss: 0.1324 - dist_loss: 0.0269 - loss: 0.0365 - 4s/epoch - 177ms/step
Epoch 196/300
epoch ends.
20/20 - 4s - iou_binarized: 0.3996 - iou: 0.1722 - recall: 0.4454 - precision: 0.2224 - F1_score: 0.2929 - s_loss: 0.0177 - t_loss: 0.1324 - dist_loss: 0.0269 - loss: 0.0365 - 4s/epoch - 177ms/step
Epoch 197/300
epoch ends.
20/20 - 4s - iou_binarized: 0.4002 - iou: 0.1723 - recall: 0.4457 - precision: 0.2226 - F1_score: 0.2931 - s_loss: 0.0177 - t_loss: 0.1324 - dist_loss: 0.0269 - loss: 0.0365 - 4s/epoch - 180ms/step
Epoch 198/300
epoch ends.
20/20 - 4s - iou_binarized: 0.4007 - iou: 0.1724 - recall: 0.4460 - precision: 0.2227 - F1_score: 0.2933 - s_loss: 0.0177 - t_loss: 0.1324 - dist_loss: 0.0269 - loss: 0.0365 - 4s/epoch - 176ms/step
Epoch 199/300
epoch ends.
20/20 - 4s - iou_binarized: 0.4012 - iou: 0.1726 - recall: 0.4463 - precision: 0.2229 - F1_score: 0.2934 - s_loss: 0.0177 - t_loss: 0.1324 - dist_loss: 0.0269 - loss: 0.0365 - 4s/epoch - 177ms/step
Epoch 200/300
epoch ends.
20/20 - 4s - iou_binarized: 0.4018 - iou: 0.1727 - recall: 0.4466 - precision: 0.2230 - F1_score: 0.2936 - s_loss: 0.0177 - t_loss: 0.1324 - dist_loss: 0.0269 - loss: 0.0365 - 4s/epoch - 178ms/step
Epoch 201/300
epoch ends.
20/20 - 3s - iou_binarized: 0.4023 - iou: 0.1728 - recall: 0.4468 - precision: 0.2231 - F1_score: 0.2938 - s_loss: 0.0176 - t_loss: 0.1324 - dist_loss: 0.0269 - loss: 0.0364 - 3s/epoch - 174ms/step
Epoch 202/300
epoch ends.
20/20 - 4s - iou_binarized: 0.4028 - iou: 0.1729 - recall: 0.4471 - precision: 0.2233 - F1_score: 0.2940 - s_loss: 0.0176 - t_loss: 0.1324 - dist_loss: 0.0269 - loss: 0.0364 - 4s/epoch - 178ms/step
Epoch 203/300
epoch ends.
20/20 - 4s - iou_binarized: 0.4033 - iou: 0.1730 - recall: 0.4474 - precision: 0.2234 - F1_score: 0.2942 - s_loss: 0.0176 - t_loss: 0.1324 - dist_loss: 0.0269 - loss: 0.0364 - 4s/epoch - 180ms/step
Epoch 204/300
epoch ends.
20/20 - 4s - iou_binarized: 0.4038 - iou: 0.1732 - recall: 0.4477 - precision: 0.2235 - F1_score: 0.2943 - s_loss: 0.0176 - t_loss: 0.1324 - dist_loss: 0.0269 - loss: 0.0364 - 4s/epoch - 180ms/step
Epoch 205/300
epoch ends.
20/20 - 4s - iou_binarized: 0.4043 - iou: 0.1733 - recall: 0.4479 - precision: 0.2237 - F1_score: 0.2945 - s_loss: 0.0176 - t_loss: 0.1324 - dist_loss: 0.0269 - loss: 0.0364 - 4s/epoch - 175ms/step
Epoch 206/300
epoch ends.
20/20 - 4s - iou_binarized: 0.4048 - iou: 0.1734 - recall: 0.4482 - precision: 0.2238 - F1_score: 0.2946 - s_loss: 0.0176 - t_loss: 0.1324 - dist_loss: 0.0269 - loss: 0.0364 - 4s/epoch - 179ms/step
Epoch 207/300
epoch ends.
20/20 - 4s - iou_binarized: 0.4053 - iou: 0.1735 - recall: 0.4485 - precision: 0.2239 - F1_score: 0.2948 - s_loss: 0.0176 - t_loss: 0.1324 - dist_loss: 0.0269 - loss: 0.0365 - 4s/epoch - 178ms/step
Epoch 208/300
epoch ends.
20/20 - 4s - iou_binarized: 0.4057 - iou: 0.1735 - recall: 0.4487 - precision: 0.2240 - F1_score: 0.2949 - s_loss: 0.0176 - t_loss: 0.1324 - dist_loss: 0.0270 - loss: 0.0365 - 4s/epoch - 178ms/step
Epoch 209/300
epoch ends.
20/20 - 4s - iou_binarized: 0.4062 - iou: 0.1736 - recall: 0.4490 - precision: 0.2240 - F1_score: 0.2950 - s_loss: 0.0176 - t_loss: 0.1324 - dist_loss: 0.0270 - loss: 0.0365 - 4s/epoch - 177ms/step
Epoch 210/300
epoch ends.
20/20 - 4s - iou_binarized: 0.4067 - iou: 0.1737 - recall: 0.4492 - precision: 0.2241 - F1_score: 0.2951 - s_loss: 0.0176 - t_loss: 0.1324 - dist_loss: 0.0270 - loss: 0.0365 - 4s/epoch - 177ms/step
Epoch 211/300
epoch ends.
20/20 - 3s - iou_binarized: 0.4071 - iou: 0.1737 - recall: 0.4494 - precision: 0.2242 - F1_score: 0.2952 - s_loss: 0.0176 - t_loss: 0.1324 - dist_loss: 0.0270 - loss: 0.0366 - 3s/epoch - 175ms/step
Epoch 212/300
epoch ends.
20/20 - 4s - iou_binarized: 0.4076 - iou: 0.1738 - recall: 0.4496 - precision: 0.2242 - F1_score: 0.2952 - s_loss: 0.0177 - t_loss: 0.1324 - dist_loss: 0.0271 - loss: 0.0366 - 4s/epoch - 178ms/step
Epoch 213/300
epoch ends.
20/20 - 3s - iou_binarized: 0.4079 - iou: 0.1738 - recall: 0.4498 - precision: 0.2241 - F1_score: 0.2952 - s_loss: 0.0177 - t_loss: 0.1324 - dist_loss: 0.0271 - loss: 0.0367 - 3s/epoch - 174ms/step
Epoch 214/300
epoch ends.
20/20 - 4s - iou_binarized: 0.4080 - iou: 0.1737 - recall: 0.4499 - precision: 0.2240 - F1_score: 0.2951 - s_loss: 0.0178 - t_loss: 0.1324 - dist_loss: 0.0272 - loss: 0.0368 - 4s/epoch - 175ms/step
Epoch 215/300
epoch ends.
20/20 - 4s - iou_binarized: 0.4082 - iou: 0.1736 - recall: 0.4500 - precision: 0.2238 - F1_score: 0.2950 - s_loss: 0.0179 - t_loss: 0.1324 - dist_loss: 0.0271 - loss: 0.0369 - 4s/epoch - 178ms/step
Epoch 216/300
epoch ends.
20/20 - 4s - iou_binarized: 0.4079 - iou: 0.1736 - recall: 0.4500 - precision: 0.2238 - F1_score: 0.2950 - s_loss: 0.0179 - t_loss: 0.1324 - dist_loss: 0.0267 - loss: 0.0366 - 4s/epoch - 177ms/step
Epoch 217/300
epoch ends.
20/20 - 4s - iou_binarized: 0.4088 - iou: 0.1743 - recall: 0.4500 - precision: 0.2246 - F1_score: 0.2959 - s_loss: 0.0177 - t_loss: 0.1324 - dist_loss: 0.0266 - loss: 0.0363 - 4s/epoch - 175ms/step
Epoch 218/300
epoch ends.
20/20 - 4s - iou_binarized: 0.4127 - iou: 0.1755 - recall: 0.4515 - precision: 0.2259 - F1_score: 0.2975 - s_loss: 0.0175 - t_loss: 0.1324 - dist_loss: 0.0267 - loss: 0.0361 - 4s/epoch - 176ms/step
Epoch 219/300
epoch ends.
20/20 - 4s - iou_binarized: 0.4150 - iou: 0.1758 - recall: 0.4525 - precision: 0.2261 - F1_score: 0.2980 - s_loss: 0.0174 - t_loss: 0.1324 - dist_loss: 0.0268 - loss: 0.0361 - 4s/epoch - 177ms/step
Epoch 220/300
epoch ends.
20/20 - 4s - iou_binarized: 0.4165 - iou: 0.1761 - recall: 0.4534 - precision: 0.2263 - F1_score: 0.2984 - s_loss: 0.0174 - t_loss: 0.1324 - dist_loss: 0.0268 - loss: 0.0362 - 4s/epoch - 178ms/step
Epoch 221/300
epoch ends.
20/20 - 4s - iou_binarized: 0.4167 - iou: 0.1762 - recall: 0.4538 - precision: 0.2265 - F1_score: 0.2986 - s_loss: 0.0175 - t_loss: 0.1324 - dist_loss: 0.0267 - loss: 0.0362 - 4s/epoch - 181ms/step
Epoch 222/300
epoch ends.
20/20 - 4s - iou_binarized: 0.4166 - iou: 0.1761 - recall: 0.4539 - precision: 0.2265 - F1_score: 0.2986 - s_loss: 0.0175 - t_loss: 0.1324 - dist_loss: 0.0267 - loss: 0.0363 - 4s/epoch - 178ms/step
Epoch 223/300
epoch ends.
20/20 - 4s - iou_binarized: 0.4166 - iou: 0.1762 - recall: 0.4541 - precision: 0.2265 - F1_score: 0.2986 - s_loss: 0.0175 - t_loss: 0.1324 - dist_loss: 0.0267 - loss: 0.0363 - 4s/epoch - 181ms/step
Epoch 224/300
epoch ends.
20/20 - 4s - iou_binarized: 0.4168 - iou: 0.1763 - recall: 0.4543 - precision: 0.2266 - F1_score: 0.2988 - s_loss: 0.0175 - t_loss: 0.1324 - dist_loss: 0.0268 - loss: 0.0363 - 4s/epoch - 180ms/step
Epoch 225/300
epoch ends.
20/20 - 4s - iou_binarized: 0.4173 - iou: 0.1764 - recall: 0.4546 - precision: 0.2268 - F1_score: 0.2990 - s_loss: 0.0175 - t_loss: 0.1324 - dist_loss: 0.0268 - loss: 0.0362 - 4s/epoch - 177ms/step
Epoch 226/300
epoch ends.
20/20 - 4s - iou_binarized: 0.4178 - iou: 0.1765 - recall: 0.4549 - precision: 0.2269 - F1_score: 0.2992 - s_loss: 0.0175 - t_loss: 0.1324 - dist_loss: 0.0268 - loss: 0.0362 - 4s/epoch - 180ms/step
Epoch 227/300
epoch ends.
20/20 - 4s - iou_binarized: 0.4183 - iou: 0.1767 - recall: 0.4552 - precision: 0.2271 - F1_score: 0.2994 - s_loss: 0.0174 - t_loss: 0.1324 - dist_loss: 0.0268 - loss: 0.0362 - 4s/epoch - 178ms/step
Epoch 228/300
epoch ends.
20/20 - 4s - iou_binarized: 0.4187 - iou: 0.1768 - recall: 0.4555 - precision: 0.2273 - F1_score: 0.2996 - s_loss: 0.0174 - t_loss: 0.1324 - dist_loss: 0.0268 - loss: 0.0361 - 4s/epoch - 179ms/step
Epoch 229/300
epoch ends.
20/20 - 4s - iou_binarized: 0.4193 - iou: 0.1770 - recall: 0.4558 - precision: 0.2274 - F1_score: 0.2998 - s_loss: 0.0174 - t_loss: 0.1324 - dist_loss: 0.0268 - loss: 0.0361 - 4s/epoch - 178ms/step
Epoch 230/300
epoch ends.
20/20 - 4s - iou_binarized: 0.4197 - iou: 0.1772 - recall: 0.4560 - precision: 0.2276 - F1_score: 0.3000 - s_loss: 0.0173 - t_loss: 0.1324 - dist_loss: 0.0267 - loss: 0.0360 - 4s/epoch - 177ms/step
Epoch 231/300
epoch ends.
20/20 - 4s - iou_binarized: 0.4202 - iou: 0.1773 - recall: 0.4563 - precision: 0.2278 - F1_score: 0.3003 - s_loss: 0.0173 - t_loss: 0.1324 - dist_loss: 0.0267 - loss: 0.0360 - 4s/epoch - 176ms/step
Epoch 232/300
epoch ends.
20/20 - 4s - iou_binarized: 0.4205 - iou: 0.1775 - recall: 0.4566 - precision: 0.2280 - F1_score: 0.3005 - s_loss: 0.0173 - t_loss: 0.1324 - dist_loss: 0.0267 - loss: 0.0360 - 4s/epoch - 175ms/step
Epoch 233/300
epoch ends.
20/20 - 4s - iou_binarized: 0.4210 - iou: 0.1776 - recall: 0.4568 - precision: 0.2282 - F1_score: 0.3007 - s_loss: 0.0173 - t_loss: 0.1324 - dist_loss: 0.0267 - loss: 0.0359 - 4s/epoch - 175ms/step
Epoch 234/300
epoch ends.
20/20 - 3s - iou_binarized: 0.4215 - iou: 0.1778 - recall: 0.4571 - precision: 0.2283 - F1_score: 0.3009 - s_loss: 0.0172 - t_loss: 0.1324 - dist_loss: 0.0267 - loss: 0.0359 - 3s/epoch - 172ms/step
Epoch 235/300
epoch ends.
20/20 - 3s - iou_binarized: 0.4219 - iou: 0.1779 - recall: 0.4574 - precision: 0.2285 - F1_score: 0.3011 - s_loss: 0.0172 - t_loss: 0.1324 - dist_loss: 0.0267 - loss: 0.0359 - 3s/epoch - 172ms/step
Epoch 236/300
epoch ends.
20/20 - 3s - iou_binarized: 0.4224 - iou: 0.1781 - recall: 0.4576 - precision: 0.2286 - F1_score: 0.3013 - s_loss: 0.0172 - t_loss: 0.1324 - dist_loss: 0.0267 - loss: 0.0359 - 3s/epoch - 174ms/step
Epoch 237/300
epoch ends.
20/20 - 4s - iou_binarized: 0.4229 - iou: 0.1782 - recall: 0.4579 - precision: 0.2288 - F1_score: 0.3015 - s_loss: 0.0172 - t_loss: 0.1324 - dist_loss: 0.0267 - loss: 0.0359 - 4s/epoch - 176ms/step
Epoch 238/300
epoch ends.
20/20 - 4s - iou_binarized: 0.4233 - iou: 0.1783 - recall: 0.4581 - precision: 0.2289 - F1_score: 0.3017 - s_loss: 0.0172 - t_loss: 0.1324 - dist_loss: 0.0267 - loss: 0.0358 - 4s/epoch - 177ms/step
Epoch 239/300
epoch ends.
20/20 - 4s - iou_binarized: 0.4237 - iou: 0.1785 - recall: 0.4584 - precision: 0.2291 - F1_score: 0.3019 - s_loss: 0.0172 - t_loss: 0.1324 - dist_loss: 0.0266 - loss: 0.0358 - 4s/epoch - 175ms/step
Epoch 240/300
epoch ends.
20/20 - 4s - iou_binarized: 0.4241 - iou: 0.1786 - recall: 0.4586 - precision: 0.2292 - F1_score: 0.3021 - s_loss: 0.0171 - t_loss: 0.1324 - dist_loss: 0.0266 - loss: 0.0358 - 4s/epoch - 176ms/step
Epoch 241/300
epoch ends.
20/20 - 4s - iou_binarized: 0.4247 - iou: 0.1787 - recall: 0.4589 - precision: 0.2294 - F1_score: 0.3022 - s_loss: 0.0171 - t_loss: 0.1324 - dist_loss: 0.0266 - loss: 0.0358 - 4s/epoch - 179ms/step
Epoch 242/300
epoch ends.
20/20 - 4s - iou_binarized: 0.4251 - iou: 0.1788 - recall: 0.4591 - precision: 0.2295 - F1_score: 0.3024 - s_loss: 0.0171 - t_loss: 0.1324 - dist_loss: 0.0266 - loss: 0.0358 - 4s/epoch - 177ms/step
Epoch 243/300
epoch ends.
20/20 - 4s - iou_binarized: 0.4256 - iou: 0.1790 - recall: 0.4594 - precision: 0.2297 - F1_score: 0.3026 - s_loss: 0.0171 - t_loss: 0.1324 - dist_loss: 0.0266 - loss: 0.0358 - 4s/epoch - 178ms/step
Epoch 244/300
epoch ends.
20/20 - 4s - iou_binarized: 0.4261 - iou: 0.1791 - recall: 0.4596 - precision: 0.2298 - F1_score: 0.3028 - s_loss: 0.0171 - t_loss: 0.1324 - dist_loss: 0.0266 - loss: 0.0357 - 4s/epoch - 187ms/step
Epoch 245/300
epoch ends.
20/20 - 4s - iou_binarized: 0.4267 - iou: 0.1792 - recall: 0.4599 - precision: 0.2299 - F1_score: 0.3030 - s_loss: 0.0171 - t_loss: 0.1324 - dist_loss: 0.0266 - loss: 0.0357 - 4s/epoch - 178ms/step
Epoch 246/300
epoch ends.
20/20 - 4s - iou_binarized: 0.4273 - iou: 0.1793 - recall: 0.4601 - precision: 0.2301 - F1_score: 0.3031 - s_loss: 0.0171 - t_loss: 0.1324 - dist_loss: 0.0266 - loss: 0.0357 - 4s/epoch - 177ms/step
Epoch 247/300
epoch ends.
20/20 - 3s - iou_binarized: 0.4279 - iou: 0.1795 - recall: 0.4604 - precision: 0.2302 - F1_score: 0.3033 - s_loss: 0.0170 - t_loss: 0.1324 - dist_loss: 0.0266 - loss: 0.0357 - 3s/epoch - 174ms/step
Epoch 248/300
epoch ends.
20/20 - 4s - iou_binarized: 0.4284 - iou: 0.1796 - recall: 0.4607 - precision: 0.2304 - F1_score: 0.3035 - s_loss: 0.0170 - t_loss: 0.1324 - dist_loss: 0.0266 - loss: 0.0357 - 4s/epoch - 178ms/step
Epoch 249/300
epoch ends.
20/20 - 4s - iou_binarized: 0.4290 - iou: 0.1797 - recall: 0.4609 - precision: 0.2305 - F1_score: 0.3037 - s_loss: 0.0170 - t_loss: 0.1324 - dist_loss: 0.0266 - loss: 0.0357 - 4s/epoch - 176ms/step
Epoch 250/300
epoch ends.
20/20 - 3s - iou_binarized: 0.4296 - iou: 0.1798 - recall: 0.4612 - precision: 0.2306 - F1_score: 0.3039 - s_loss: 0.0170 - t_loss: 0.1324 - dist_loss: 0.0266 - loss: 0.0357 - 3s/epoch - 173ms/step
Epoch 251/300
epoch ends.
20/20 - 4s - iou_binarized: 0.4300 - iou: 0.1800 - recall: 0.4614 - precision: 0.2308 - F1_score: 0.3040 - s_loss: 0.0170 - t_loss: 0.1324 - dist_loss: 0.0266 - loss: 0.0356 - 4s/epoch - 176ms/step
Epoch 252/300
epoch ends.
20/20 - 3s - iou_binarized: 0.4306 - iou: 0.1801 - recall: 0.4617 - precision: 0.2309 - F1_score: 0.3042 - s_loss: 0.0170 - t_loss: 0.1324 - dist_loss: 0.0266 - loss: 0.0356 - 3s/epoch - 174ms/step
Epoch 253/300
epoch ends.
20/20 - 4s - iou_binarized: 0.4311 - iou: 0.1802 - recall: 0.4619 - precision: 0.2310 - F1_score: 0.3044 - s_loss: 0.0170 - t_loss: 0.1324 - dist_loss: 0.0267 - loss: 0.0356 - 4s/epoch - 176ms/step
Epoch 254/300
epoch ends.
20/20 - 3s - iou_binarized: 0.4316 - iou: 0.1803 - recall: 0.4622 - precision: 0.2312 - F1_score: 0.3045 - s_loss: 0.0169 - t_loss: 0.1324 - dist_loss: 0.0267 - loss: 0.0356 - 3s/epoch - 174ms/step
Epoch 255/300
epoch ends.
20/20 - 4s - iou_binarized: 0.4321 - iou: 0.1805 - recall: 0.4624 - precision: 0.2313 - F1_score: 0.3047 - s_loss: 0.0169 - t_loss: 0.1324 - dist_loss: 0.0267 - loss: 0.0356 - 4s/epoch - 176ms/step
Epoch 256/300
epoch ends.
20/20 - 3s - iou_binarized: 0.4327 - iou: 0.1806 - recall: 0.4627 - precision: 0.2314 - F1_score: 0.3049 - s_loss: 0.0169 - t_loss: 0.1324 - dist_loss: 0.0267 - loss: 0.0356 - 3s/epoch - 174ms/step
Epoch 257/300
epoch ends.
20/20 - 4s - iou_binarized: 0.4332 - iou: 0.1807 - recall: 0.4629 - precision: 0.2316 - F1_score: 0.3051 - s_loss: 0.0169 - t_loss: 0.1324 - dist_loss: 0.0267 - loss: 0.0356 - 4s/epoch - 177ms/step
Epoch 258/300
epoch ends.
20/20 - 4s - iou_binarized: 0.4337 - iou: 0.1808 - recall: 0.4632 - precision: 0.2317 - F1_score: 0.3052 - s_loss: 0.0169 - t_loss: 0.1324 - dist_loss: 0.0267 - loss: 0.0355 - 4s/epoch - 183ms/step
Epoch 259/300
epoch ends.
20/20 - 4s - iou_binarized: 0.4341 - iou: 0.1809 - recall: 0.4634 - precision: 0.2318 - F1_score: 0.3054 - s_loss: 0.0169 - t_loss: 0.1324 - dist_loss: 0.0267 - loss: 0.0355 - 4s/epoch - 175ms/step
Epoch 260/300
epoch ends.
20/20 - 4s - iou_binarized: 0.4347 - iou: 0.1811 - recall: 0.4637 - precision: 0.2320 - F1_score: 0.3056 - s_loss: 0.0168 - t_loss: 0.1324 - dist_loss: 0.0267 - loss: 0.0355 - 4s/epoch - 176ms/step
Epoch 261/300
epoch ends.
20/20 - 3s - iou_binarized: 0.4352 - iou: 0.1812 - recall: 0.4639 - precision: 0.2321 - F1_score: 0.3057 - s_loss: 0.0168 - t_loss: 0.1324 - dist_loss: 0.0267 - loss: 0.0355 - 3s/epoch - 174ms/step
Epoch 262/300
epoch ends.
20/20 - 4s - iou_binarized: 0.4357 - iou: 0.1813 - recall: 0.4642 - precision: 0.2322 - F1_score: 0.3059 - s_loss: 0.0168 - t_loss: 0.1324 - dist_loss: 0.0267 - loss: 0.0355 - 4s/epoch - 177ms/step
Epoch 263/300
epoch ends.
20/20 - 4s - iou_binarized: 0.4363 - iou: 0.1814 - recall: 0.4644 - precision: 0.2323 - F1_score: 0.3061 - s_loss: 0.0168 - t_loss: 0.1324 - dist_loss: 0.0267 - loss: 0.0355 - 4s/epoch - 176ms/step
Epoch 264/300
epoch ends.
20/20 - 4s - iou_binarized: 0.4368 - iou: 0.1815 - recall: 0.4647 - precision: 0.2325 - F1_score: 0.3063 - s_loss: 0.0168 - t_loss: 0.1324 - dist_loss: 0.0267 - loss: 0.0355 - 4s/epoch - 176ms/step
Epoch 265/300
epoch ends.
20/20 - 3s - iou_binarized: 0.4374 - iou: 0.1817 - recall: 0.4649 - precision: 0.2326 - F1_score: 0.3064 - s_loss: 0.0168 - t_loss: 0.1324 - dist_loss: 0.0267 - loss: 0.0355 - 3s/epoch - 175ms/step
Epoch 266/300
epoch ends.
20/20 - 4s - iou_binarized: 0.4378 - iou: 0.1818 - recall: 0.4651 - precision: 0.2327 - F1_score: 0.3066 - s_loss: 0.0168 - t_loss: 0.1324 - dist_loss: 0.0267 - loss: 0.0354 - 4s/epoch - 176ms/step
Epoch 267/300
epoch ends.
20/20 - 4s - iou_binarized: 0.4384 - iou: 0.1819 - recall: 0.4654 - precision: 0.2329 - F1_score: 0.3068 - s_loss: 0.0167 - t_loss: 0.1324 - dist_loss: 0.0267 - loss: 0.0354 - 4s/epoch - 177ms/step
Epoch 268/300
epoch ends.
20/20 - 3s - iou_binarized: 0.4388 - iou: 0.1820 - recall: 0.4656 - precision: 0.2330 - F1_score: 0.3069 - s_loss: 0.0167 - t_loss: 0.1324 - dist_loss: 0.0267 - loss: 0.0354 - 3s/epoch - 175ms/step
Epoch 269/300
epoch ends.
20/20 - 4s - iou_binarized: 0.4395 - iou: 0.1821 - recall: 0.4659 - precision: 0.2331 - F1_score: 0.3071 - s_loss: 0.0167 - t_loss: 0.1324 - dist_loss: 0.0267 - loss: 0.0354 - 4s/epoch - 176ms/step
Epoch 270/300
epoch ends.
20/20 - 4s - iou_binarized: 0.4400 - iou: 0.1822 - recall: 0.4661 - precision: 0.2332 - F1_score: 0.3073 - s_loss: 0.0167 - t_loss: 0.1324 - dist_loss: 0.0267 - loss: 0.0354 - 4s/epoch - 175ms/step
Epoch 271/300
epoch ends.
20/20 - 3s - iou_binarized: 0.4406 - iou: 0.1824 - recall: 0.4664 - precision: 0.2334 - F1_score: 0.3074 - s_loss: 0.0167 - t_loss: 0.1324 - dist_loss: 0.0267 - loss: 0.0354 - 3s/epoch - 175ms/step
Epoch 272/300
epoch ends.
20/20 - 4s - iou_binarized: 0.4411 - iou: 0.1825 - recall: 0.4666 - precision: 0.2335 - F1_score: 0.3076 - s_loss: 0.0167 - t_loss: 0.1324 - dist_loss: 0.0267 - loss: 0.0354 - 4s/epoch - 176ms/step
Epoch 273/300
epoch ends.
20/20 - 4s - iou_binarized: 0.4416 - iou: 0.1826 - recall: 0.4669 - precision: 0.2336 - F1_score: 0.3077 - s_loss: 0.0167 - t_loss: 0.1324 - dist_loss: 0.0267 - loss: 0.0354 - 4s/epoch - 177ms/step
Epoch 274/300
epoch ends.
20/20 - 4s - iou_binarized: 0.4423 - iou: 0.1827 - recall: 0.4671 - precision: 0.2337 - F1_score: 0.3079 - s_loss: 0.0166 - t_loss: 0.1324 - dist_loss: 0.0267 - loss: 0.0353 - 4s/epoch - 179ms/step
Epoch 275/300
epoch ends.
20/20 - 4s - iou_binarized: 0.4428 - iou: 0.1828 - recall: 0.4673 - precision: 0.2339 - F1_score: 0.3081 - s_loss: 0.0166 - t_loss: 0.1324 - dist_loss: 0.0267 - loss: 0.0353 - 4s/epoch - 177ms/step
Epoch 276/300
epoch ends.
20/20 - 3s - iou_binarized: 0.4433 - iou: 0.1829 - recall: 0.4676 - precision: 0.2340 - F1_score: 0.3082 - s_loss: 0.0166 - t_loss: 0.1324 - dist_loss: 0.0267 - loss: 0.0353 - 3s/epoch - 175ms/step
Epoch 277/300
epoch ends.
20/20 - 4s - iou_binarized: 0.4438 - iou: 0.1831 - recall: 0.4678 - precision: 0.2341 - F1_score: 0.3084 - s_loss: 0.0166 - t_loss: 0.1324 - dist_loss: 0.0267 - loss: 0.0353 - 4s/epoch - 178ms/step
Epoch 278/300
epoch ends.
20/20 - 4s - iou_binarized: 0.4443 - iou: 0.1832 - recall: 0.4681 - precision: 0.2342 - F1_score: 0.3086 - s_loss: 0.0166 - t_loss: 0.1324 - dist_loss: 0.0267 - loss: 0.0353 - 4s/epoch - 176ms/step
Epoch 279/300
epoch ends.
20/20 - 4s - iou_binarized: 0.4449 - iou: 0.1833 - recall: 0.4683 - precision: 0.2344 - F1_score: 0.3087 - s_loss: 0.0166 - t_loss: 0.1324 - dist_loss: 0.0267 - loss: 0.0353 - 4s/epoch - 175ms/step
Epoch 280/300
epoch ends.
20/20 - 4s - iou_binarized: 0.4454 - iou: 0.1834 - recall: 0.4686 - precision: 0.2345 - F1_score: 0.3089 - s_loss: 0.0166 - t_loss: 0.1324 - dist_loss: 0.0267 - loss: 0.0353 - 4s/epoch - 179ms/step
Epoch 281/300
epoch ends.
20/20 - 4s - iou_binarized: 0.4460 - iou: 0.1835 - recall: 0.4688 - precision: 0.2346 - F1_score: 0.3091 - s_loss: 0.0165 - t_loss: 0.1324 - dist_loss: 0.0267 - loss: 0.0353 - 4s/epoch - 178ms/step
Epoch 282/300
epoch ends.
20/20 - 4s - iou_binarized: 0.4464 - iou: 0.1836 - recall: 0.4690 - precision: 0.2347 - F1_score: 0.3092 - s_loss: 0.0165 - t_loss: 0.1324 - dist_loss: 0.0267 - loss: 0.0352 - 4s/epoch - 178ms/step
Epoch 283/300
epoch ends.
20/20 - 4s - iou_binarized: 0.4468 - iou: 0.1838 - recall: 0.4693 - precision: 0.2349 - F1_score: 0.3094 - s_loss: 0.0165 - t_loss: 0.1324 - dist_loss: 0.0267 - loss: 0.0352 - 4s/epoch - 178ms/step
Epoch 284/300
epoch ends.
20/20 - 4s - iou_binarized: 0.4473 - iou: 0.1839 - recall: 0.4695 - precision: 0.2350 - F1_score: 0.3095 - s_loss: 0.0165 - t_loss: 0.1324 - dist_loss: 0.0267 - loss: 0.0352 - 4s/epoch - 179ms/step
Epoch 285/300
epoch ends.
20/20 - 4s - iou_binarized: 0.4479 - iou: 0.1840 - recall: 0.4698 - precision: 0.2351 - F1_score: 0.3097 - s_loss: 0.0165 - t_loss: 0.1324 - dist_loss: 0.0267 - loss: 0.0352 - 4s/epoch - 177ms/step
Epoch 286/300
epoch ends.
20/20 - 4s - iou_binarized: 0.4485 - iou: 0.1841 - recall: 0.4700 - precision: 0.2352 - F1_score: 0.3099 - s_loss: 0.0165 - t_loss: 0.1324 - dist_loss: 0.0268 - loss: 0.0352 - 4s/epoch - 176ms/step
Epoch 287/300
epoch ends.
20/20 - 4s - iou_binarized: 0.4490 - iou: 0.1842 - recall: 0.4702 - precision: 0.2354 - F1_score: 0.3100 - s_loss: 0.0164 - t_loss: 0.1324 - dist_loss: 0.0268 - loss: 0.0352 - 4s/epoch - 177ms/step
Epoch 288/300
epoch ends.
20/20 - 4s - iou_binarized: 0.4495 - iou: 0.1843 - recall: 0.4705 - precision: 0.2355 - F1_score: 0.3102 - s_loss: 0.0164 - t_loss: 0.1324 - dist_loss: 0.0268 - loss: 0.0352 - 4s/epoch - 181ms/step
Epoch 289/300
epoch ends.
20/20 - 4s - iou_binarized: 0.4500 - iou: 0.1844 - recall: 0.4707 - precision: 0.2356 - F1_score: 0.3104 - s_loss: 0.0164 - t_loss: 0.1324 - dist_loss: 0.0268 - loss: 0.0352 - 4s/epoch - 177ms/step
Epoch 290/300
epoch ends.
20/20 - 4s - iou_binarized: 0.4505 - iou: 0.1846 - recall: 0.4710 - precision: 0.2357 - F1_score: 0.3105 - s_loss: 0.0164 - t_loss: 0.1324 - dist_loss: 0.0268 - loss: 0.0351 - 4s/epoch - 177ms/step
Epoch 291/300
epoch ends.
20/20 - 4s - iou_binarized: 0.4510 - iou: 0.1847 - recall: 0.4712 - precision: 0.2359 - F1_score: 0.3107 - s_loss: 0.0164 - t_loss: 0.1324 - dist_loss: 0.0268 - loss: 0.0351 - 4s/epoch - 176ms/step
Epoch 292/300
epoch ends.
20/20 - 4s - iou_binarized: 0.4515 - iou: 0.1848 - recall: 0.4714 - precision: 0.2360 - F1_score: 0.3108 - s_loss: 0.0164 - t_loss: 0.1324 - dist_loss: 0.0268 - loss: 0.0351 - 4s/epoch - 179ms/step
Epoch 293/300
epoch ends.
20/20 - 4s - iou_binarized: 0.4521 - iou: 0.1849 - recall: 0.4717 - precision: 0.2361 - F1_score: 0.3110 - s_loss: 0.0164 - t_loss: 0.1324 - dist_loss: 0.0268 - loss: 0.0351 - 4s/epoch - 175ms/step
Epoch 294/300
epoch ends.
20/20 - 4s - iou_binarized: 0.4526 - iou: 0.1850 - recall: 0.4719 - precision: 0.2362 - F1_score: 0.3112 - s_loss: 0.0163 - t_loss: 0.1324 - dist_loss: 0.0268 - loss: 0.0351 - 4s/epoch - 176ms/step
Epoch 295/300
epoch ends.
20/20 - 4s - iou_binarized: 0.4531 - iou: 0.1851 - recall: 0.4721 - precision: 0.2363 - F1_score: 0.3113 - s_loss: 0.0163 - t_loss: 0.1324 - dist_loss: 0.0268 - loss: 0.0351 - 4s/epoch - 177ms/step
Epoch 296/300
epoch ends.
20/20 - 4s - iou_binarized: 0.4537 - iou: 0.1852 - recall: 0.4724 - precision: 0.2365 - F1_score: 0.3115 - s_loss: 0.0163 - t_loss: 0.1324 - dist_loss: 0.0268 - loss: 0.0351 - 4s/epoch - 176ms/step
Epoch 297/300
epoch ends.
20/20 - 4s - iou_binarized: 0.4542 - iou: 0.1854 - recall: 0.4726 - precision: 0.2366 - F1_score: 0.3116 - s_loss: 0.0163 - t_loss: 0.1324 - dist_loss: 0.0268 - loss: 0.0351 - 4s/epoch - 176ms/step
Epoch 298/300
epoch ends.
20/20 - 3s - iou_binarized: 0.4548 - iou: 0.1855 - recall: 0.4729 - precision: 0.2367 - F1_score: 0.3118 - s_loss: 0.0163 - t_loss: 0.1324 - dist_loss: 0.0268 - loss: 0.0350 - 3s/epoch - 174ms/step
Epoch 299/300
epoch ends.
20/20 - 4s - iou_binarized: 0.4553 - iou: 0.1856 - recall: 0.4731 - precision: 0.2368 - F1_score: 0.3120 - s_loss: 0.0163 - t_loss: 0.1324 - dist_loss: 0.0268 - loss: 0.0350 - 4s/epoch - 177ms/step
Epoch 300/300
epoch ends.
20/20 - 3s - iou_binarized: 0.4558 - iou: 0.1857 - recall: 0.4733 - precision: 0.2369 - F1_score: 0.3121 - s_loss: 0.0163 - t_loss: 0.1324 - dist_loss: 0.0268 - loss: 0.0350 - 3s/epoch - 175ms/step
