2022-07-20 16:37:34.638927: I tensorflow/core/platform/cpu_feature_guard.cc:151] This TensorFlow binary is optimized with oneAPI Deep Neural Network Library (oneDNN) to use the following CPU instructions in performance-critical operations:  AVX2 AVX512F FMA
To enable them in other operations, rebuild TensorFlow with the appropriate compiler flags.
2022-07-20 16:37:37.331153: I tensorflow/core/common_runtime/gpu/gpu_device.cc:1525] Created device /job:localhost/replica:0/task:0/device:GPU:0 with 14640 MB memory:  -> device: 0, name: Tesla V100-SXM2-16GB, pci bus id: 0000:61:00.0, compute capability: 7.0
2022-07-20 16:37:58.658245: I tensorflow/stream_executor/cuda/cuda_dnn.cc:368] Loaded cuDNN version 8400
Start.
/home/de532237/cancer/Bachelorarbeit/Data/AVM_2022/Turning/Train_aug/images/
Begin to read images from /home/de532237/cancer/Bachelorarbeit/Data/AVM_2022/Turning/Train_aug/images/
Begin to read masks from /home/de532237/cancer/Bachelorarbeit/Data/AVM_2022/Turning/Train_aug/masks/
/home/de532237/cancer/Bachelorarbeit/Data/AVM_2022/Turning/Inference_aug/images/
Begin to read images from /home/de532237/cancer/Bachelorarbeit/Data/AVM_2022/Turning/Inference_aug/images/
Begin to read masks from /home/de532237/cancer/Bachelorarbeit/Data/AVM_2022/Turning/Inference_aug/masks/
/home/de532237/cancer/Bachelorarbeit/Data/AVM_2022/Milling/Train_aug/images/
Begin to read images from /home/de532237/cancer/Bachelorarbeit/Data/AVM_2022/Milling/Train_aug/images/
Begin to read masks from /home/de532237/cancer/Bachelorarbeit/Data/AVM_2022/Milling/Train_aug/masks/
/home/de532237/cancer/Bachelorarbeit/Data/AVM_2022/Milling/Inference_aug/images/
Begin to read images from /home/de532237/cancer/Bachelorarbeit/Data/AVM_2022/Milling/Inference_aug/images/
Begin to read masks from /home/de532237/cancer/Bachelorarbeit/Data/AVM_2022/Milling/Inference_aug/masks/
X_train   (160, 512, 512, 1)
Y_train   (160, 512, 512, 2)
train begins.
Epoch 1/300
epoch ends.
20/20 - 5s - iou_binarized: 0.0244 - iou: 0.0445 - recall: 0.2139 - precision: 0.0546 - F1_score: 0.0851 - s_loss: 0.0327 - t_loss: 0.0564 - dist_loss: 0.1182 - loss: 0.1154 - 5s/epoch - 240ms/step
Epoch 2/300
epoch ends.
20/20 - 2s - iou_binarized: 0.0507 - iou: 0.0530 - recall: 0.2582 - precision: 0.0628 - F1_score: 0.1007 - s_loss: 0.0291 - t_loss: 0.0564 - dist_loss: 0.1200 - loss: 0.1131 - 2s/epoch - 118ms/step
Epoch 3/300
epoch ends.
20/20 - 2s - iou_binarized: 0.1020 - iou: 0.0622 - recall: 0.2956 - precision: 0.0733 - F1_score: 0.1170 - s_loss: 0.0290 - t_loss: 0.0564 - dist_loss: 0.1195 - loss: 0.1126 - 2s/epoch - 117ms/step
Epoch 4/300
epoch ends.
20/20 - 2s - iou_binarized: 0.1760 - iou: 0.0730 - recall: 0.3447 - precision: 0.0851 - F1_score: 0.1359 - s_loss: 0.0282 - t_loss: 0.0564 - dist_loss: 0.1200 - loss: 0.1122 - 2s/epoch - 117ms/step
Epoch 5/300
epoch ends.
20/20 - 2s - iou_binarized: 0.2382 - iou: 0.0811 - recall: 0.3804 - precision: 0.0938 - F1_score: 0.1499 - s_loss: 0.0275 - t_loss: 0.0564 - dist_loss: 0.1204 - loss: 0.1118 - 2s/epoch - 117ms/step
Epoch 6/300
epoch ends.
20/20 - 2s - iou_binarized: 0.2738 - iou: 0.0853 - recall: 0.3989 - precision: 0.0982 - F1_score: 0.1571 - s_loss: 0.0271 - t_loss: 0.0564 - dist_loss: 0.1206 - loss: 0.1115 - 2s/epoch - 119ms/step
Epoch 7/300
epoch ends.
20/20 - 2s - iou_binarized: 0.2974 - iou: 0.0880 - recall: 0.4109 - precision: 0.1012 - F1_score: 0.1617 - s_loss: 0.0268 - t_loss: 0.0564 - dist_loss: 0.1208 - loss: 0.1114 - 2s/epoch - 118ms/step
Epoch 8/300
epoch ends.
20/20 - 2s - iou_binarized: 0.3161 - iou: 0.0902 - recall: 0.4202 - precision: 0.1035 - F1_score: 0.1654 - s_loss: 0.0266 - t_loss: 0.0564 - dist_loss: 0.1210 - loss: 0.1113 - 2s/epoch - 118ms/step
Epoch 9/300
epoch ends.
20/20 - 2s - iou_binarized: 0.3313 - iou: 0.0921 - recall: 0.4279 - precision: 0.1054 - F1_score: 0.1685 - s_loss: 0.0263 - t_loss: 0.0564 - dist_loss: 0.1213 - loss: 0.1112 - 2s/epoch - 118ms/step
Epoch 10/300
epoch ends.
20/20 - 2s - iou_binarized: 0.3444 - iou: 0.0936 - recall: 0.4342 - precision: 0.1072 - F1_score: 0.1712 - s_loss: 0.0254 - t_loss: 0.0564 - dist_loss: 0.1224 - loss: 0.1111 - 2s/epoch - 119ms/step
Epoch 11/300
epoch ends.
20/20 - 2s - iou_binarized: 0.3573 - iou: 0.0952 - recall: 0.4406 - precision: 0.1088 - F1_score: 0.1737 - s_loss: 0.0238 - t_loss: 0.0564 - dist_loss: 0.1257 - loss: 0.1118 - 2s/epoch - 118ms/step
Epoch 12/300
epoch ends.
20/20 - 2s - iou_binarized: 0.3716 - iou: 0.0969 - recall: 0.4489 - precision: 0.1106 - F1_score: 0.1765 - s_loss: 0.0247 - t_loss: 0.0564 - dist_loss: 0.1235 - loss: 0.1112 - 2s/epoch - 118ms/step
Epoch 13/300
epoch ends.
20/20 - 2s - iou_binarized: 0.3802 - iou: 0.0980 - recall: 0.4534 - precision: 0.1116 - F1_score: 0.1784 - s_loss: 0.0252 - t_loss: 0.0564 - dist_loss: 0.1224 - loss: 0.1109 - 2s/epoch - 119ms/step
Epoch 14/300
epoch ends.
20/20 - 2s - iou_binarized: 0.3896 - iou: 0.0993 - recall: 0.4587 - precision: 0.1129 - F1_score: 0.1806 - s_loss: 0.0251 - t_loss: 0.0564 - dist_loss: 0.1225 - loss: 0.1108 - 2s/epoch - 119ms/step
Epoch 15/300
epoch ends.
20/20 - 2s - iou_binarized: 0.3975 - iou: 0.1003 - recall: 0.4628 - precision: 0.1139 - F1_score: 0.1821 - s_loss: 0.0249 - t_loss: 0.0564 - dist_loss: 0.1227 - loss: 0.1108 - 2s/epoch - 119ms/step
Epoch 16/300
epoch ends.
20/20 - 2s - iou_binarized: 0.4045 - iou: 0.1012 - recall: 0.4666 - precision: 0.1149 - F1_score: 0.1837 - s_loss: 0.0247 - t_loss: 0.0564 - dist_loss: 0.1230 - loss: 0.1108 - 2s/epoch - 118ms/step
Epoch 17/300
epoch ends.
20/20 - 2s - iou_binarized: 0.4118 - iou: 0.1021 - recall: 0.4705 - precision: 0.1159 - F1_score: 0.1852 - s_loss: 0.0244 - t_loss: 0.0564 - dist_loss: 0.1234 - loss: 0.1108 - 2s/epoch - 120ms/step
Epoch 18/300
epoch ends.
20/20 - 2s - iou_binarized: 0.4193 - iou: 0.1031 - recall: 0.4744 - precision: 0.1169 - F1_score: 0.1868 - s_loss: 0.0243 - t_loss: 0.0564 - dist_loss: 0.1236 - loss: 0.1108 - 2s/epoch - 119ms/step
Epoch 19/300
epoch ends.
20/20 - 2s - iou_binarized: 0.4262 - iou: 0.1040 - recall: 0.4783 - precision: 0.1178 - F1_score: 0.1883 - s_loss: 0.0244 - t_loss: 0.0564 - dist_loss: 0.1234 - loss: 0.1107 - 2s/epoch - 120ms/step
Epoch 20/300
epoch ends.
20/20 - 2s - iou_binarized: 0.4327 - iou: 0.1049 - recall: 0.4818 - precision: 0.1187 - F1_score: 0.1897 - s_loss: 0.0245 - t_loss: 0.0564 - dist_loss: 0.1231 - loss: 0.1106 - 2s/epoch - 119ms/step
Epoch 21/300
epoch ends.
20/20 - 2s - iou_binarized: 0.4389 - iou: 0.1057 - recall: 0.4849 - precision: 0.1195 - F1_score: 0.1910 - s_loss: 0.0245 - t_loss: 0.0564 - dist_loss: 0.1229 - loss: 0.1105 - 2s/epoch - 120ms/step
Epoch 22/300
epoch ends.
20/20 - 2s - iou_binarized: 0.4445 - iou: 0.1064 - recall: 0.4878 - precision: 0.1203 - F1_score: 0.1922 - s_loss: 0.0245 - t_loss: 0.0564 - dist_loss: 0.1229 - loss: 0.1105 - 2s/epoch - 119ms/step
Epoch 23/300
epoch ends.
20/20 - 2s - iou_binarized: 0.4501 - iou: 0.1071 - recall: 0.4906 - precision: 0.1210 - F1_score: 0.1933 - s_loss: 0.0244 - t_loss: 0.0564 - dist_loss: 0.1229 - loss: 0.1104 - 2s/epoch - 120ms/step
Epoch 24/300
epoch ends.
20/20 - 2s - iou_binarized: 0.4554 - iou: 0.1078 - recall: 0.4932 - precision: 0.1217 - F1_score: 0.1944 - s_loss: 0.0244 - t_loss: 0.0564 - dist_loss: 0.1229 - loss: 0.1104 - 2s/epoch - 120ms/step
Epoch 25/300
epoch ends.
20/20 - 2s - iou_binarized: 0.4603 - iou: 0.1084 - recall: 0.4958 - precision: 0.1224 - F1_score: 0.1955 - s_loss: 0.0243 - t_loss: 0.0564 - dist_loss: 0.1229 - loss: 0.1104 - 2s/epoch - 118ms/step
Epoch 26/300
epoch ends.
20/20 - 2s - iou_binarized: 0.4650 - iou: 0.1090 - recall: 0.4982 - precision: 0.1230 - F1_score: 0.1965 - s_loss: 0.0243 - t_loss: 0.0564 - dist_loss: 0.1230 - loss: 0.1104 - 2s/epoch - 119ms/step
Epoch 27/300
epoch ends.
20/20 - 2s - iou_binarized: 0.4695 - iou: 0.1096 - recall: 0.5006 - precision: 0.1236 - F1_score: 0.1975 - s_loss: 0.0242 - t_loss: 0.0564 - dist_loss: 0.1230 - loss: 0.1103 - 2s/epoch - 117ms/step
Epoch 28/300
epoch ends.
20/20 - 2s - iou_binarized: 0.4740 - iou: 0.1102 - recall: 0.5030 - precision: 0.1242 - F1_score: 0.1984 - s_loss: 0.0242 - t_loss: 0.0564 - dist_loss: 0.1230 - loss: 0.1103 - 2s/epoch - 120ms/step
Epoch 29/300
epoch ends.
20/20 - 2s - iou_binarized: 0.4781 - iou: 0.1108 - recall: 0.5052 - precision: 0.1248 - F1_score: 0.1993 - s_loss: 0.0242 - t_loss: 0.0564 - dist_loss: 0.1230 - loss: 0.1102 - 2s/epoch - 117ms/step
Epoch 30/300
epoch ends.
20/20 - 2s - iou_binarized: 0.4819 - iou: 0.1113 - recall: 0.5073 - precision: 0.1253 - F1_score: 0.2002 - s_loss: 0.0241 - t_loss: 0.0564 - dist_loss: 0.1229 - loss: 0.1102 - 2s/epoch - 120ms/step
Epoch 31/300
epoch ends.
20/20 - 2s - iou_binarized: 0.4860 - iou: 0.1118 - recall: 0.5093 - precision: 0.1259 - F1_score: 0.2010 - s_loss: 0.0241 - t_loss: 0.0564 - dist_loss: 0.1229 - loss: 0.1102 - 2s/epoch - 117ms/step
Epoch 32/300
epoch ends.
20/20 - 2s - iou_binarized: 0.4897 - iou: 0.1123 - recall: 0.5112 - precision: 0.1264 - F1_score: 0.2018 - s_loss: 0.0241 - t_loss: 0.0564 - dist_loss: 0.1229 - loss: 0.1101 - 2s/epoch - 120ms/step
Epoch 33/300
epoch ends.
20/20 - 2s - iou_binarized: 0.4936 - iou: 0.1128 - recall: 0.5130 - precision: 0.1268 - F1_score: 0.2026 - s_loss: 0.0241 - t_loss: 0.0564 - dist_loss: 0.1228 - loss: 0.1101 - 2s/epoch - 119ms/step
Epoch 34/300
epoch ends.
20/20 - 2s - iou_binarized: 0.4972 - iou: 0.1133 - recall: 0.5148 - precision: 0.1273 - F1_score: 0.2033 - s_loss: 0.0241 - t_loss: 0.0564 - dist_loss: 0.1228 - loss: 0.1101 - 2s/epoch - 118ms/step
Epoch 35/300
epoch ends.
20/20 - 2s - iou_binarized: 0.5007 - iou: 0.1137 - recall: 0.5165 - precision: 0.1278 - F1_score: 0.2040 - s_loss: 0.0241 - t_loss: 0.0564 - dist_loss: 0.1228 - loss: 0.1100 - 2s/epoch - 118ms/step
Epoch 36/300
epoch ends.
20/20 - 2s - iou_binarized: 0.5043 - iou: 0.1141 - recall: 0.5181 - precision: 0.1282 - F1_score: 0.2047 - s_loss: 0.0240 - t_loss: 0.0564 - dist_loss: 0.1228 - loss: 0.1100 - 2s/epoch - 118ms/step
Epoch 37/300
epoch ends.
20/20 - 2s - iou_binarized: 0.5077 - iou: 0.1146 - recall: 0.5197 - precision: 0.1286 - F1_score: 0.2054 - s_loss: 0.0240 - t_loss: 0.0564 - dist_loss: 0.1228 - loss: 0.1100 - 2s/epoch - 119ms/step
Epoch 38/300
epoch ends.
20/20 - 2s - iou_binarized: 0.5108 - iou: 0.1150 - recall: 0.5213 - precision: 0.1290 - F1_score: 0.2060 - s_loss: 0.0240 - t_loss: 0.0564 - dist_loss: 0.1228 - loss: 0.1099 - 2s/epoch - 118ms/step
Epoch 39/300
epoch ends.
20/20 - 2s - iou_binarized: 0.5142 - iou: 0.1154 - recall: 0.5228 - precision: 0.1294 - F1_score: 0.2067 - s_loss: 0.0239 - t_loss: 0.0564 - dist_loss: 0.1228 - loss: 0.1099 - 2s/epoch - 118ms/step
Epoch 40/300
epoch ends.
20/20 - 2s - iou_binarized: 0.5174 - iou: 0.1157 - recall: 0.5243 - precision: 0.1298 - F1_score: 0.2073 - s_loss: 0.0239 - t_loss: 0.0564 - dist_loss: 0.1228 - loss: 0.1099 - 2s/epoch - 120ms/step
Epoch 41/300
epoch ends.
20/20 - 2s - iou_binarized: 0.5203 - iou: 0.1161 - recall: 0.5257 - precision: 0.1302 - F1_score: 0.2079 - s_loss: 0.0239 - t_loss: 0.0564 - dist_loss: 0.1228 - loss: 0.1099 - 2s/epoch - 119ms/step
Epoch 42/300
epoch ends.
20/20 - 2s - iou_binarized: 0.5237 - iou: 0.1165 - recall: 0.5271 - precision: 0.1305 - F1_score: 0.2084 - s_loss: 0.0239 - t_loss: 0.0564 - dist_loss: 0.1228 - loss: 0.1098 - 2s/epoch - 117ms/step
Epoch 43/300
epoch ends.
20/20 - 2s - iou_binarized: 0.5266 - iou: 0.1168 - recall: 0.5284 - precision: 0.1309 - F1_score: 0.2090 - s_loss: 0.0238 - t_loss: 0.0564 - dist_loss: 0.1228 - loss: 0.1098 - 2s/epoch - 119ms/step
Epoch 44/300
epoch ends.
20/20 - 2s - iou_binarized: 0.5296 - iou: 0.1172 - recall: 0.5297 - precision: 0.1312 - F1_score: 0.2095 - s_loss: 0.0238 - t_loss: 0.0564 - dist_loss: 0.1228 - loss: 0.1098 - 2s/epoch - 118ms/step
Epoch 45/300
epoch ends.
20/20 - 3s - iou_binarized: 0.5326 - iou: 0.1175 - recall: 0.5310 - precision: 0.1316 - F1_score: 0.2101 - s_loss: 0.0238 - t_loss: 0.0564 - dist_loss: 0.1228 - loss: 0.1098 - 3s/epoch - 128ms/step
Epoch 46/300
epoch ends.
20/20 - 2s - iou_binarized: 0.5354 - iou: 0.1178 - recall: 0.5322 - precision: 0.1319 - F1_score: 0.2106 - s_loss: 0.0238 - t_loss: 0.0564 - dist_loss: 0.1228 - loss: 0.1097 - 2s/epoch - 119ms/step
Epoch 47/300
epoch ends.
20/20 - 2s - iou_binarized: 0.5384 - iou: 0.1181 - recall: 0.5334 - precision: 0.1322 - F1_score: 0.2111 - s_loss: 0.0238 - t_loss: 0.0564 - dist_loss: 0.1228 - loss: 0.1097 - 2s/epoch - 118ms/step
Epoch 48/300
epoch ends.
20/20 - 2s - iou_binarized: 0.5409 - iou: 0.1184 - recall: 0.5345 - precision: 0.1325 - F1_score: 0.2116 - s_loss: 0.0238 - t_loss: 0.0564 - dist_loss: 0.1227 - loss: 0.1097 - 2s/epoch - 119ms/step
Epoch 49/300
epoch ends.
20/20 - 2s - iou_binarized: 0.5434 - iou: 0.1187 - recall: 0.5357 - precision: 0.1328 - F1_score: 0.2120 - s_loss: 0.0237 - t_loss: 0.0564 - dist_loss: 0.1227 - loss: 0.1097 - 2s/epoch - 121ms/step
Epoch 50/300
epoch ends.
20/20 - 2s - iou_binarized: 0.5459 - iou: 0.1190 - recall: 0.5368 - precision: 0.1331 - F1_score: 0.2125 - s_loss: 0.0237 - t_loss: 0.0564 - dist_loss: 0.1227 - loss: 0.1096 - 2s/epoch - 120ms/step
Epoch 51/300
epoch ends.
20/20 - 2s - iou_binarized: 0.5484 - iou: 0.1193 - recall: 0.5378 - precision: 0.1334 - F1_score: 0.2129 - s_loss: 0.0237 - t_loss: 0.0564 - dist_loss: 0.1227 - loss: 0.1096 - 2s/epoch - 119ms/step
Epoch 52/300
epoch ends.
20/20 - 2s - iou_binarized: 0.5509 - iou: 0.1196 - recall: 0.5389 - precision: 0.1337 - F1_score: 0.2134 - s_loss: 0.0237 - t_loss: 0.0564 - dist_loss: 0.1227 - loss: 0.1096 - 2s/epoch - 118ms/step
Epoch 53/300
epoch ends.
20/20 - 2s - iou_binarized: 0.5533 - iou: 0.1198 - recall: 0.5399 - precision: 0.1339 - F1_score: 0.2138 - s_loss: 0.0237 - t_loss: 0.0564 - dist_loss: 0.1227 - loss: 0.1096 - 2s/epoch - 118ms/step
Epoch 54/300
epoch ends.
20/20 - 2s - iou_binarized: 0.5556 - iou: 0.1201 - recall: 0.5409 - precision: 0.1342 - F1_score: 0.2142 - s_loss: 0.0237 - t_loss: 0.0564 - dist_loss: 0.1227 - loss: 0.1095 - 2s/epoch - 118ms/step
Epoch 55/300
epoch ends.
20/20 - 2s - iou_binarized: 0.5579 - iou: 0.1204 - recall: 0.5419 - precision: 0.1344 - F1_score: 0.2146 - s_loss: 0.0237 - t_loss: 0.0564 - dist_loss: 0.1227 - loss: 0.1095 - 2s/epoch - 120ms/step
Epoch 56/300
epoch ends.
20/20 - 2s - iou_binarized: 0.5600 - iou: 0.1206 - recall: 0.5428 - precision: 0.1347 - F1_score: 0.2150 - s_loss: 0.0236 - t_loss: 0.0564 - dist_loss: 0.1227 - loss: 0.1095 - 2s/epoch - 119ms/step
Epoch 57/300
epoch ends.
20/20 - 2s - iou_binarized: 0.5622 - iou: 0.1208 - recall: 0.5437 - precision: 0.1349 - F1_score: 0.2154 - s_loss: 0.0236 - t_loss: 0.0564 - dist_loss: 0.1227 - loss: 0.1095 - 2s/epoch - 119ms/step
Epoch 58/300
epoch ends.
20/20 - 2s - iou_binarized: 0.5643 - iou: 0.1211 - recall: 0.5446 - precision: 0.1352 - F1_score: 0.2158 - s_loss: 0.0236 - t_loss: 0.0564 - dist_loss: 0.1227 - loss: 0.1095 - 2s/epoch - 119ms/step
Epoch 59/300
epoch ends.
20/20 - 2s - iou_binarized: 0.5665 - iou: 0.1213 - recall: 0.5455 - precision: 0.1354 - F1_score: 0.2162 - s_loss: 0.0236 - t_loss: 0.0564 - dist_loss: 0.1226 - loss: 0.1094 - 2s/epoch - 120ms/step
Epoch 60/300
epoch ends.
20/20 - 2s - iou_binarized: 0.5686 - iou: 0.1216 - recall: 0.5464 - precision: 0.1356 - F1_score: 0.2165 - s_loss: 0.0236 - t_loss: 0.0564 - dist_loss: 0.1226 - loss: 0.1094 - 2s/epoch - 120ms/step
Epoch 61/300
epoch ends.
20/20 - 2s - iou_binarized: 0.5705 - iou: 0.1218 - recall: 0.5472 - precision: 0.1359 - F1_score: 0.2169 - s_loss: 0.0236 - t_loss: 0.0564 - dist_loss: 0.1226 - loss: 0.1094 - 2s/epoch - 119ms/step
Epoch 62/300
epoch ends.
20/20 - 2s - iou_binarized: 0.5727 - iou: 0.1220 - recall: 0.5481 - precision: 0.1361 - F1_score: 0.2172 - s_loss: 0.0236 - t_loss: 0.0564 - dist_loss: 0.1226 - loss: 0.1094 - 2s/epoch - 119ms/step
Epoch 63/300
epoch ends.
20/20 - 2s - iou_binarized: 0.5749 - iou: 0.1222 - recall: 0.5489 - precision: 0.1363 - F1_score: 0.2176 - s_loss: 0.0235 - t_loss: 0.0564 - dist_loss: 0.1226 - loss: 0.1094 - 2s/epoch - 119ms/step
Epoch 64/300
epoch ends.
20/20 - 2s - iou_binarized: 0.5770 - iou: 0.1224 - recall: 0.5496 - precision: 0.1365 - F1_score: 0.2179 - s_loss: 0.0235 - t_loss: 0.0564 - dist_loss: 0.1226 - loss: 0.1094 - 2s/epoch - 119ms/step
Epoch 65/300
epoch ends.
20/20 - 2s - iou_binarized: 0.5788 - iou: 0.1226 - recall: 0.5504 - precision: 0.1367 - F1_score: 0.2182 - s_loss: 0.0235 - t_loss: 0.0564 - dist_loss: 0.1226 - loss: 0.1093 - 2s/epoch - 118ms/step
Epoch 66/300
epoch ends.
20/20 - 2s - iou_binarized: 0.5805 - iou: 0.1228 - recall: 0.5512 - precision: 0.1369 - F1_score: 0.2185 - s_loss: 0.0235 - t_loss: 0.0564 - dist_loss: 0.1226 - loss: 0.1093 - 2s/epoch - 118ms/step
Epoch 67/300
epoch ends.
20/20 - 2s - iou_binarized: 0.5821 - iou: 0.1230 - recall: 0.5519 - precision: 0.1371 - F1_score: 0.2188 - s_loss: 0.0235 - t_loss: 0.0564 - dist_loss: 0.1226 - loss: 0.1093 - 2s/epoch - 120ms/step
Epoch 68/300
epoch ends.
20/20 - 2s - iou_binarized: 0.5840 - iou: 0.1232 - recall: 0.5526 - precision: 0.1373 - F1_score: 0.2191 - s_loss: 0.0235 - t_loss: 0.0564 - dist_loss: 0.1225 - loss: 0.1093 - 2s/epoch - 118ms/step
Epoch 69/300
epoch ends.
20/20 - 2s - iou_binarized: 0.5857 - iou: 0.1234 - recall: 0.5534 - precision: 0.1375 - F1_score: 0.2194 - s_loss: 0.0235 - t_loss: 0.0564 - dist_loss: 0.1225 - loss: 0.1093 - 2s/epoch - 119ms/step
Epoch 70/300
epoch ends.
20/20 - 2s - iou_binarized: 0.5874 - iou: 0.1236 - recall: 0.5541 - precision: 0.1377 - F1_score: 0.2197 - s_loss: 0.0235 - t_loss: 0.0564 - dist_loss: 0.1225 - loss: 0.1092 - 2s/epoch - 119ms/step
Epoch 71/300
epoch ends.
20/20 - 2s - iou_binarized: 0.5892 - iou: 0.1238 - recall: 0.5547 - precision: 0.1378 - F1_score: 0.2200 - s_loss: 0.0235 - t_loss: 0.0564 - dist_loss: 0.1225 - loss: 0.1092 - 2s/epoch - 119ms/step
Epoch 72/300
epoch ends.
20/20 - 2s - iou_binarized: 0.5908 - iou: 0.1239 - recall: 0.5554 - precision: 0.1380 - F1_score: 0.2203 - s_loss: 0.0235 - t_loss: 0.0564 - dist_loss: 0.1225 - loss: 0.1092 - 2s/epoch - 120ms/step
Epoch 73/300
epoch ends.
20/20 - 2s - iou_binarized: 0.5924 - iou: 0.1241 - recall: 0.5561 - precision: 0.1382 - F1_score: 0.2206 - s_loss: 0.0235 - t_loss: 0.0564 - dist_loss: 0.1225 - loss: 0.1092 - 2s/epoch - 119ms/step
Epoch 74/300
epoch ends.
20/20 - 2s - iou_binarized: 0.5939 - iou: 0.1243 - recall: 0.5567 - precision: 0.1384 - F1_score: 0.2208 - s_loss: 0.0235 - t_loss: 0.0564 - dist_loss: 0.1224 - loss: 0.1092 - 2s/epoch - 119ms/step
Epoch 75/300
epoch ends.
20/20 - 2s - iou_binarized: 0.5954 - iou: 0.1245 - recall: 0.5573 - precision: 0.1385 - F1_score: 0.2211 - s_loss: 0.0235 - t_loss: 0.0564 - dist_loss: 0.1224 - loss: 0.1092 - 2s/epoch - 119ms/step
Epoch 76/300
epoch ends.
20/20 - 2s - iou_binarized: 0.5970 - iou: 0.1246 - recall: 0.5579 - precision: 0.1387 - F1_score: 0.2213 - s_loss: 0.0235 - t_loss: 0.0564 - dist_loss: 0.1224 - loss: 0.1091 - 2s/epoch - 118ms/step
Epoch 77/300
epoch ends.
20/20 - 2s - iou_binarized: 0.5984 - iou: 0.1248 - recall: 0.5586 - precision: 0.1388 - F1_score: 0.2216 - s_loss: 0.0235 - t_loss: 0.0564 - dist_loss: 0.1224 - loss: 0.1091 - 2s/epoch - 120ms/step
Epoch 78/300
epoch ends.
20/20 - 2s - iou_binarized: 0.5997 - iou: 0.1249 - recall: 0.5591 - precision: 0.1390 - F1_score: 0.2218 - s_loss: 0.0235 - t_loss: 0.0564 - dist_loss: 0.1223 - loss: 0.1091 - 2s/epoch - 118ms/step
Epoch 79/300
epoch ends.
20/20 - 2s - iou_binarized: 0.6009 - iou: 0.1251 - recall: 0.5597 - precision: 0.1391 - F1_score: 0.2221 - s_loss: 0.0235 - t_loss: 0.0564 - dist_loss: 0.1223 - loss: 0.1091 - 2s/epoch - 118ms/step
Epoch 80/300
epoch ends.
20/20 - 2s - iou_binarized: 0.6023 - iou: 0.1252 - recall: 0.5603 - precision: 0.1393 - F1_score: 0.2223 - s_loss: 0.0235 - t_loss: 0.0564 - dist_loss: 0.1223 - loss: 0.1091 - 2s/epoch - 119ms/step
Epoch 81/300
epoch ends.
20/20 - 2s - iou_binarized: 0.6036 - iou: 0.1254 - recall: 0.5609 - precision: 0.1394 - F1_score: 0.2226 - s_loss: 0.0235 - t_loss: 0.0564 - dist_loss: 0.1222 - loss: 0.1091 - 2s/epoch - 119ms/step
Epoch 82/300
epoch ends.
20/20 - 2s - iou_binarized: 0.6049 - iou: 0.1255 - recall: 0.5614 - precision: 0.1396 - F1_score: 0.2228 - s_loss: 0.0235 - t_loss: 0.0564 - dist_loss: 0.1222 - loss: 0.1091 - 2s/epoch - 120ms/step
Epoch 83/300
epoch ends.
20/20 - 2s - iou_binarized: 0.6061 - iou: 0.1257 - recall: 0.5620 - precision: 0.1397 - F1_score: 0.2230 - s_loss: 0.0235 - t_loss: 0.0564 - dist_loss: 0.1222 - loss: 0.1090 - 2s/epoch - 119ms/step
Epoch 84/300
epoch ends.
20/20 - 2s - iou_binarized: 0.6075 - iou: 0.1258 - recall: 0.5625 - precision: 0.1399 - F1_score: 0.2232 - s_loss: 0.0235 - t_loss: 0.0564 - dist_loss: 0.1221 - loss: 0.1090 - 2s/epoch - 117ms/step
Epoch 85/300
epoch ends.
20/20 - 2s - iou_binarized: 0.6087 - iou: 0.1260 - recall: 0.5630 - precision: 0.1400 - F1_score: 0.2234 - s_loss: 0.0235 - t_loss: 0.0564 - dist_loss: 0.1221 - loss: 0.1090 - 2s/epoch - 120ms/step
Epoch 86/300
epoch ends.
20/20 - 2s - iou_binarized: 0.6100 - iou: 0.1261 - recall: 0.5635 - precision: 0.1401 - F1_score: 0.2237 - s_loss: 0.0235 - t_loss: 0.0564 - dist_loss: 0.1221 - loss: 0.1090 - 2s/epoch - 119ms/step
Epoch 87/300
epoch ends.
20/20 - 2s - iou_binarized: 0.6113 - iou: 0.1262 - recall: 0.5640 - precision: 0.1403 - F1_score: 0.2239 - s_loss: 0.0235 - t_loss: 0.0564 - dist_loss: 0.1221 - loss: 0.1090 - 2s/epoch - 119ms/step
Epoch 88/300
epoch ends.
20/20 - 2s - iou_binarized: 0.6125 - iou: 0.1264 - recall: 0.5645 - precision: 0.1404 - F1_score: 0.2241 - s_loss: 0.0236 - t_loss: 0.0564 - dist_loss: 0.1220 - loss: 0.1090 - 2s/epoch - 117ms/step
Epoch 89/300
epoch ends.
20/20 - 2s - iou_binarized: 0.6138 - iou: 0.1265 - recall: 0.5650 - precision: 0.1405 - F1_score: 0.2243 - s_loss: 0.0236 - t_loss: 0.0564 - dist_loss: 0.1220 - loss: 0.1090 - 2s/epoch - 120ms/step
Epoch 90/300
epoch ends.
20/20 - 2s - iou_binarized: 0.6150 - iou: 0.1266 - recall: 0.5655 - precision: 0.1406 - F1_score: 0.2245 - s_loss: 0.0236 - t_loss: 0.0564 - dist_loss: 0.1220 - loss: 0.1090 - 2s/epoch - 118ms/step
Epoch 91/300
epoch ends.
20/20 - 2s - iou_binarized: 0.6159 - iou: 0.1267 - recall: 0.5659 - precision: 0.1408 - F1_score: 0.2247 - s_loss: 0.0236 - t_loss: 0.0564 - dist_loss: 0.1220 - loss: 0.1089 - 2s/epoch - 119ms/step
Epoch 92/300
epoch ends.
20/20 - 2s - iou_binarized: 0.6170 - iou: 0.1269 - recall: 0.5664 - precision: 0.1409 - F1_score: 0.2249 - s_loss: 0.0236 - t_loss: 0.0564 - dist_loss: 0.1219 - loss: 0.1089 - 2s/epoch - 120ms/step
Epoch 93/300
epoch ends.
20/20 - 2s - iou_binarized: 0.6181 - iou: 0.1270 - recall: 0.5669 - precision: 0.1410 - F1_score: 0.2250 - s_loss: 0.0236 - t_loss: 0.0564 - dist_loss: 0.1219 - loss: 0.1089 - 2s/epoch - 117ms/step
Epoch 94/300
epoch ends.
20/20 - 2s - iou_binarized: 0.6191 - iou: 0.1271 - recall: 0.5673 - precision: 0.1411 - F1_score: 0.2252 - s_loss: 0.0236 - t_loss: 0.0564 - dist_loss: 0.1219 - loss: 0.1089 - 2s/epoch - 118ms/step
Epoch 95/300
epoch ends.
20/20 - 2s - iou_binarized: 0.6201 - iou: 0.1272 - recall: 0.5678 - precision: 0.1412 - F1_score: 0.2254 - s_loss: 0.0236 - t_loss: 0.0564 - dist_loss: 0.1219 - loss: 0.1089 - 2s/epoch - 119ms/step
Epoch 96/300
epoch ends.
20/20 - 2s - iou_binarized: 0.6212 - iou: 0.1273 - recall: 0.5682 - precision: 0.1414 - F1_score: 0.2256 - s_loss: 0.0236 - t_loss: 0.0564 - dist_loss: 0.1219 - loss: 0.1089 - 2s/epoch - 119ms/step
Epoch 97/300
epoch ends.
20/20 - 2s - iou_binarized: 0.6221 - iou: 0.1275 - recall: 0.5686 - precision: 0.1415 - F1_score: 0.2258 - s_loss: 0.0236 - t_loss: 0.0564 - dist_loss: 0.1218 - loss: 0.1089 - 2s/epoch - 120ms/step
Epoch 98/300
epoch ends.
20/20 - 2s - iou_binarized: 0.6231 - iou: 0.1276 - recall: 0.5690 - precision: 0.1416 - F1_score: 0.2260 - s_loss: 0.0236 - t_loss: 0.0564 - dist_loss: 0.1218 - loss: 0.1089 - 2s/epoch - 119ms/step
Epoch 99/300
epoch ends.
20/20 - 2s - iou_binarized: 0.6241 - iou: 0.1277 - recall: 0.5695 - precision: 0.1417 - F1_score: 0.2261 - s_loss: 0.0236 - t_loss: 0.0564 - dist_loss: 0.1218 - loss: 0.1089 - 2s/epoch - 120ms/step
Epoch 100/300
epoch ends.
20/20 - 2s - iou_binarized: 0.6252 - iou: 0.1278 - recall: 0.5699 - precision: 0.1418 - F1_score: 0.2263 - s_loss: 0.0236 - t_loss: 0.0564 - dist_loss: 0.1218 - loss: 0.1088 - 2s/epoch - 119ms/step
Epoch 101/300
epoch ends.
20/20 - 2s - iou_binarized: 0.6261 - iou: 0.1279 - recall: 0.5703 - precision: 0.1419 - F1_score: 0.2265 - s_loss: 0.0236 - t_loss: 0.0564 - dist_loss: 0.1217 - loss: 0.1088 - 2s/epoch - 118ms/step
Epoch 102/300
epoch ends.
20/20 - 2s - iou_binarized: 0.6272 - iou: 0.1280 - recall: 0.5707 - precision: 0.1420 - F1_score: 0.2267 - s_loss: 0.0236 - t_loss: 0.0564 - dist_loss: 0.1217 - loss: 0.1088 - 2s/epoch - 119ms/step
Epoch 103/300
epoch ends.
20/20 - 2s - iou_binarized: 0.6281 - iou: 0.1281 - recall: 0.5711 - precision: 0.1421 - F1_score: 0.2268 - s_loss: 0.0236 - t_loss: 0.0564 - dist_loss: 0.1217 - loss: 0.1088 - 2s/epoch - 117ms/step
Epoch 104/300
epoch ends.
20/20 - 2s - iou_binarized: 0.6289 - iou: 0.1282 - recall: 0.5715 - precision: 0.1422 - F1_score: 0.2270 - s_loss: 0.0236 - t_loss: 0.0564 - dist_loss: 0.1217 - loss: 0.1088 - 2s/epoch - 118ms/step
Epoch 105/300
epoch ends.
20/20 - 3s - iou_binarized: 0.6299 - iou: 0.1283 - recall: 0.5719 - precision: 0.1424 - F1_score: 0.2272 - s_loss: 0.0236 - t_loss: 0.0564 - dist_loss: 0.1217 - loss: 0.1088 - 3s/epoch - 128ms/step
Epoch 106/300
epoch ends.
20/20 - 2s - iou_binarized: 0.6309 - iou: 0.1284 - recall: 0.5723 - precision: 0.1425 - F1_score: 0.2273 - s_loss: 0.0237 - t_loss: 0.0564 - dist_loss: 0.1216 - loss: 0.1088 - 2s/epoch - 120ms/step
Epoch 107/300
epoch ends.
20/20 - 2s - iou_binarized: 0.6321 - iou: 0.1286 - recall: 0.5727 - precision: 0.1426 - F1_score: 0.2275 - s_loss: 0.0237 - t_loss: 0.0564 - dist_loss: 0.1216 - loss: 0.1088 - 2s/epoch - 119ms/step
Epoch 108/300
epoch ends.
20/20 - 2s - iou_binarized: 0.6331 - iou: 0.1287 - recall: 0.5730 - precision: 0.1427 - F1_score: 0.2277 - s_loss: 0.0237 - t_loss: 0.0564 - dist_loss: 0.1216 - loss: 0.1088 - 2s/epoch - 119ms/step
Epoch 109/300
epoch ends.
20/20 - 2s - iou_binarized: 0.6340 - iou: 0.1288 - recall: 0.5734 - precision: 0.1428 - F1_score: 0.2278 - s_loss: 0.0237 - t_loss: 0.0564 - dist_loss: 0.1216 - loss: 0.1088 - 2s/epoch - 118ms/step
Epoch 110/300
epoch ends.
20/20 - 2s - iou_binarized: 0.6349 - iou: 0.1289 - recall: 0.5738 - precision: 0.1429 - F1_score: 0.2280 - s_loss: 0.0237 - t_loss: 0.0564 - dist_loss: 0.1216 - loss: 0.1088 - 2s/epoch - 120ms/step
Epoch 111/300
epoch ends.
20/20 - 2s - iou_binarized: 0.6358 - iou: 0.1290 - recall: 0.5742 - precision: 0.1430 - F1_score: 0.2281 - s_loss: 0.0236 - t_loss: 0.0564 - dist_loss: 0.1216 - loss: 0.1088 - 2s/epoch - 119ms/step
Epoch 112/300
epoch ends.
20/20 - 2s - iou_binarized: 0.6367 - iou: 0.1291 - recall: 0.5745 - precision: 0.1431 - F1_score: 0.2283 - s_loss: 0.0236 - t_loss: 0.0564 - dist_loss: 0.1216 - loss: 0.1088 - 2s/epoch - 119ms/step
Epoch 113/300
epoch ends.
20/20 - 2s - iou_binarized: 0.6377 - iou: 0.1292 - recall: 0.5749 - precision: 0.1432 - F1_score: 0.2284 - s_loss: 0.0236 - t_loss: 0.0564 - dist_loss: 0.1216 - loss: 0.1087 - 2s/epoch - 117ms/step
Epoch 114/300
epoch ends.
20/20 - 2s - iou_binarized: 0.6386 - iou: 0.1293 - recall: 0.5753 - precision: 0.1433 - F1_score: 0.2286 - s_loss: 0.0236 - t_loss: 0.0564 - dist_loss: 0.1217 - loss: 0.1087 - 2s/epoch - 119ms/step
Epoch 115/300
epoch ends.
20/20 - 2s - iou_binarized: 0.6393 - iou: 0.1294 - recall: 0.5756 - precision: 0.1434 - F1_score: 0.2287 - s_loss: 0.0235 - t_loss: 0.0564 - dist_loss: 0.1217 - loss: 0.1087 - 2s/epoch - 119ms/step
Epoch 116/300
epoch ends.
20/20 - 2s - iou_binarized: 0.6402 - iou: 0.1294 - recall: 0.5759 - precision: 0.1434 - F1_score: 0.2289 - s_loss: 0.0235 - t_loss: 0.0564 - dist_loss: 0.1217 - loss: 0.1087 - 2s/epoch - 121ms/step
Epoch 117/300
epoch ends.
20/20 - 2s - iou_binarized: 0.6411 - iou: 0.1295 - recall: 0.5763 - precision: 0.1435 - F1_score: 0.2290 - s_loss: 0.0235 - t_loss: 0.0564 - dist_loss: 0.1217 - loss: 0.1087 - 2s/epoch - 120ms/step
Epoch 118/300
epoch ends.
20/20 - 2s - iou_binarized: 0.6419 - iou: 0.1296 - recall: 0.5766 - precision: 0.1436 - F1_score: 0.2291 - s_loss: 0.0235 - t_loss: 0.0564 - dist_loss: 0.1217 - loss: 0.1087 - 2s/epoch - 118ms/step
Epoch 119/300
epoch ends.
20/20 - 2s - iou_binarized: 0.6426 - iou: 0.1297 - recall: 0.5769 - precision: 0.1437 - F1_score: 0.2293 - s_loss: 0.0235 - t_loss: 0.0564 - dist_loss: 0.1218 - loss: 0.1087 - 2s/epoch - 119ms/step
Epoch 120/300
epoch ends.
20/20 - 2s - iou_binarized: 0.6434 - iou: 0.1298 - recall: 0.5772 - precision: 0.1438 - F1_score: 0.2294 - s_loss: 0.0234 - t_loss: 0.0564 - dist_loss: 0.1218 - loss: 0.1087 - 2s/epoch - 119ms/step
Epoch 121/300
epoch ends.
20/20 - 2s - iou_binarized: 0.6441 - iou: 0.1299 - recall: 0.5775 - precision: 0.1438 - F1_score: 0.2295 - s_loss: 0.0234 - t_loss: 0.0564 - dist_loss: 0.1218 - loss: 0.1087 - 2s/epoch - 120ms/step
Epoch 122/300
epoch ends.
20/20 - 2s - iou_binarized: 0.6448 - iou: 0.1299 - recall: 0.5779 - precision: 0.1439 - F1_score: 0.2296 - s_loss: 0.0234 - t_loss: 0.0564 - dist_loss: 0.1218 - loss: 0.1087 - 2s/epoch - 119ms/step
Epoch 123/300
epoch ends.
20/20 - 2s - iou_binarized: 0.6456 - iou: 0.1300 - recall: 0.5782 - precision: 0.1440 - F1_score: 0.2297 - s_loss: 0.0234 - t_loss: 0.0564 - dist_loss: 0.1218 - loss: 0.1087 - 2s/epoch - 120ms/step
Epoch 124/300
epoch ends.
20/20 - 2s - iou_binarized: 0.6463 - iou: 0.1301 - recall: 0.5785 - precision: 0.1441 - F1_score: 0.2299 - s_loss: 0.0234 - t_loss: 0.0564 - dist_loss: 0.1218 - loss: 0.1087 - 2s/epoch - 120ms/step
Epoch 125/300
epoch ends.
20/20 - 2s - iou_binarized: 0.6470 - iou: 0.1302 - recall: 0.5788 - precision: 0.1441 - F1_score: 0.2300 - s_loss: 0.0234 - t_loss: 0.0564 - dist_loss: 0.1218 - loss: 0.1086 - 2s/epoch - 120ms/step
Epoch 126/300
epoch ends.
20/20 - 2s - iou_binarized: 0.6478 - iou: 0.1302 - recall: 0.5790 - precision: 0.1442 - F1_score: 0.2301 - s_loss: 0.0234 - t_loss: 0.0564 - dist_loss: 0.1218 - loss: 0.1086 - 2s/epoch - 118ms/step
Epoch 127/300
epoch ends.
20/20 - 2s - iou_binarized: 0.6484 - iou: 0.1303 - recall: 0.5793 - precision: 0.1443 - F1_score: 0.2302 - s_loss: 0.0234 - t_loss: 0.0564 - dist_loss: 0.1218 - loss: 0.1086 - 2s/epoch - 119ms/step
Epoch 128/300
epoch ends.
20/20 - 2s - iou_binarized: 0.6490 - iou: 0.1304 - recall: 0.5796 - precision: 0.1443 - F1_score: 0.2303 - s_loss: 0.0234 - t_loss: 0.0564 - dist_loss: 0.1218 - loss: 0.1086 - 2s/epoch - 119ms/step
Epoch 129/300
epoch ends.
20/20 - 2s - iou_binarized: 0.6497 - iou: 0.1305 - recall: 0.5799 - precision: 0.1444 - F1_score: 0.2305 - s_loss: 0.0234 - t_loss: 0.0564 - dist_loss: 0.1218 - loss: 0.1086 - 2s/epoch - 119ms/step
Epoch 130/300
epoch ends.
20/20 - 2s - iou_binarized: 0.6503 - iou: 0.1305 - recall: 0.5802 - precision: 0.1445 - F1_score: 0.2306 - s_loss: 0.0234 - t_loss: 0.0564 - dist_loss: 0.1218 - loss: 0.1086 - 2s/epoch - 118ms/step
Epoch 131/300
epoch ends.
20/20 - 2s - iou_binarized: 0.6510 - iou: 0.1306 - recall: 0.5805 - precision: 0.1446 - F1_score: 0.2307 - s_loss: 0.0233 - t_loss: 0.0564 - dist_loss: 0.1218 - loss: 0.1086 - 2s/epoch - 119ms/step
Epoch 132/300
epoch ends.
20/20 - 2s - iou_binarized: 0.6517 - iou: 0.1307 - recall: 0.5808 - precision: 0.1446 - F1_score: 0.2308 - s_loss: 0.0233 - t_loss: 0.0564 - dist_loss: 0.1218 - loss: 0.1086 - 2s/epoch - 118ms/step
Epoch 133/300
epoch ends.
20/20 - 2s - iou_binarized: 0.6523 - iou: 0.1308 - recall: 0.5810 - precision: 0.1447 - F1_score: 0.2309 - s_loss: 0.0233 - t_loss: 0.0564 - dist_loss: 0.1218 - loss: 0.1086 - 2s/epoch - 118ms/step
Epoch 134/300
epoch ends.
20/20 - 2s - iou_binarized: 0.6529 - iou: 0.1308 - recall: 0.5813 - precision: 0.1448 - F1_score: 0.2310 - s_loss: 0.0233 - t_loss: 0.0564 - dist_loss: 0.1218 - loss: 0.1086 - 2s/epoch - 116ms/step
Epoch 135/300
epoch ends.
20/20 - 2s - iou_binarized: 0.6536 - iou: 0.1309 - recall: 0.5816 - precision: 0.1448 - F1_score: 0.2311 - s_loss: 0.0233 - t_loss: 0.0564 - dist_loss: 0.1218 - loss: 0.1086 - 2s/epoch - 119ms/step
Epoch 136/300
epoch ends.
20/20 - 2s - iou_binarized: 0.6543 - iou: 0.1310 - recall: 0.5819 - precision: 0.1449 - F1_score: 0.2313 - s_loss: 0.0233 - t_loss: 0.0564 - dist_loss: 0.1218 - loss: 0.1086 - 2s/epoch - 120ms/step
Epoch 137/300
epoch ends.
20/20 - 2s - iou_binarized: 0.6549 - iou: 0.1310 - recall: 0.5821 - precision: 0.1450 - F1_score: 0.2314 - s_loss: 0.0232 - t_loss: 0.0564 - dist_loss: 0.1219 - loss: 0.1086 - 2s/epoch - 118ms/step
Epoch 138/300
epoch ends.
20/20 - 2s - iou_binarized: 0.6555 - iou: 0.1311 - recall: 0.5824 - precision: 0.1451 - F1_score: 0.2315 - s_loss: 0.0231 - t_loss: 0.0564 - dist_loss: 0.1221 - loss: 0.1086 - 2s/epoch - 120ms/step
Epoch 139/300
epoch ends.
20/20 - 2s - iou_binarized: 0.6562 - iou: 0.1312 - recall: 0.5827 - precision: 0.1452 - F1_score: 0.2316 - s_loss: 0.0228 - t_loss: 0.0564 - dist_loss: 0.1225 - loss: 0.1086 - 2s/epoch - 118ms/step
Epoch 140/300
epoch ends.
20/20 - 2s - iou_binarized: 0.6566 - iou: 0.1313 - recall: 0.5830 - precision: 0.1453 - F1_score: 0.2318 - s_loss: 0.0224 - t_loss: 0.0564 - dist_loss: 0.1233 - loss: 0.1087 - 2s/epoch - 119ms/step
Epoch 141/300
epoch ends.
20/20 - 2s - iou_binarized: 0.6570 - iou: 0.1313 - recall: 0.5831 - precision: 0.1454 - F1_score: 0.2318 - s_loss: 0.0220 - t_loss: 0.0564 - dist_loss: 0.1240 - loss: 0.1088 - 2s/epoch - 119ms/step
Epoch 142/300
epoch ends.
20/20 - 2s - iou_binarized: 0.6562 - iou: 0.1311 - recall: 0.5829 - precision: 0.1451 - F1_score: 0.2314 - s_loss: 0.0235 - t_loss: 0.0564 - dist_loss: 0.1216 - loss: 0.1086 - 2s/epoch - 117ms/step
Epoch 143/300
epoch ends.
20/20 - 2s - iou_binarized: 0.6566 - iou: 0.1312 - recall: 0.5828 - precision: 0.1451 - F1_score: 0.2316 - s_loss: 0.0243 - t_loss: 0.0564 - dist_loss: 0.1207 - loss: 0.1088 - 2s/epoch - 119ms/step
Epoch 144/300
epoch ends.
20/20 - 2s - iou_binarized: 0.6590 - iou: 0.1320 - recall: 0.5840 - precision: 0.1460 - F1_score: 0.2328 - s_loss: 0.0231 - t_loss: 0.0564 - dist_loss: 0.1221 - loss: 0.1086 - 2s/epoch - 119ms/step
Epoch 145/300
epoch ends.
20/20 - 2s - iou_binarized: 0.6605 - iou: 0.1317 - recall: 0.5847 - precision: 0.1456 - F1_score: 0.2323 - s_loss: 0.0233 - t_loss: 0.0564 - dist_loss: 0.1218 - loss: 0.1085 - 2s/epoch - 117ms/step
Epoch 146/300
epoch ends.
20/20 - 2s - iou_binarized: 0.6601 - iou: 0.1315 - recall: 0.5840 - precision: 0.1454 - F1_score: 0.2321 - s_loss: 0.0236 - t_loss: 0.0564 - dist_loss: 0.1214 - loss: 0.1086 - 2s/epoch - 119ms/step
Epoch 147/300
epoch ends.
20/20 - 2s - iou_binarized: 0.6612 - iou: 0.1318 - recall: 0.5846 - precision: 0.1457 - F1_score: 0.2325 - s_loss: 0.0235 - t_loss: 0.0564 - dist_loss: 0.1215 - loss: 0.1085 - 2s/epoch - 118ms/step
Epoch 148/300
epoch ends.
20/20 - 2s - iou_binarized: 0.6619 - iou: 0.1319 - recall: 0.5850 - precision: 0.1458 - F1_score: 0.2327 - s_loss: 0.0234 - t_loss: 0.0564 - dist_loss: 0.1216 - loss: 0.1085 - 2s/epoch - 120ms/step
Epoch 149/300
epoch ends.
20/20 - 2s - iou_binarized: 0.6623 - iou: 0.1319 - recall: 0.5852 - precision: 0.1458 - F1_score: 0.2327 - s_loss: 0.0233 - t_loss: 0.0564 - dist_loss: 0.1217 - loss: 0.1085 - 2s/epoch - 120ms/step
Epoch 150/300
epoch ends.
20/20 - 2s - iou_binarized: 0.6628 - iou: 0.1320 - recall: 0.5854 - precision: 0.1459 - F1_score: 0.2328 - s_loss: 0.0233 - t_loss: 0.0564 - dist_loss: 0.1217 - loss: 0.1085 - 2s/epoch - 120ms/step
Epoch 151/300
epoch ends.
20/20 - 2s - iou_binarized: 0.6633 - iou: 0.1320 - recall: 0.5857 - precision: 0.1459 - F1_score: 0.2329 - s_loss: 0.0234 - t_loss: 0.0564 - dist_loss: 0.1216 - loss: 0.1085 - 2s/epoch - 118ms/step
Epoch 152/300
epoch ends.
20/20 - 2s - iou_binarized: 0.6637 - iou: 0.1321 - recall: 0.5859 - precision: 0.1460 - F1_score: 0.2330 - s_loss: 0.0234 - t_loss: 0.0564 - dist_loss: 0.1215 - loss: 0.1085 - 2s/epoch - 119ms/step
Epoch 153/300
epoch ends.
20/20 - 2s - iou_binarized: 0.6642 - iou: 0.1321 - recall: 0.5861 - precision: 0.1460 - F1_score: 0.2330 - s_loss: 0.0236 - t_loss: 0.0564 - dist_loss: 0.1213 - loss: 0.1085 - 2s/epoch - 119ms/step
Epoch 154/300
epoch ends.
20/20 - 2s - iou_binarized: 0.6644 - iou: 0.1322 - recall: 0.5862 - precision: 0.1461 - F1_score: 0.2331 - s_loss: 0.0238 - t_loss: 0.0564 - dist_loss: 0.1211 - loss: 0.1086 - 2s/epoch - 119ms/step
Epoch 155/300
epoch ends.
20/20 - 2s - iou_binarized: 0.6644 - iou: 0.1322 - recall: 0.5862 - precision: 0.1462 - F1_score: 0.2332 - s_loss: 0.0241 - t_loss: 0.0564 - dist_loss: 0.1208 - loss: 0.1087 - 2s/epoch - 120ms/step
Epoch 156/300
epoch ends.
20/20 - 2s - iou_binarized: 0.6650 - iou: 0.1325 - recall: 0.5864 - precision: 0.1465 - F1_score: 0.2336 - s_loss: 0.0237 - t_loss: 0.0564 - dist_loss: 0.1213 - loss: 0.1086 - 2s/epoch - 118ms/step
Epoch 157/300
epoch ends.
20/20 - 2s - iou_binarized: 0.6668 - iou: 0.1326 - recall: 0.5872 - precision: 0.1465 - F1_score: 0.2337 - s_loss: 0.0229 - t_loss: 0.0564 - dist_loss: 0.1222 - loss: 0.1085 - 2s/epoch - 120ms/step
Epoch 158/300
epoch ends.
20/20 - 2s - iou_binarized: 0.6676 - iou: 0.1325 - recall: 0.5875 - precision: 0.1464 - F1_score: 0.2337 - s_loss: 0.0223 - t_loss: 0.0564 - dist_loss: 0.1232 - loss: 0.1086 - 2s/epoch - 118ms/step
Epoch 159/300
epoch ends.
20/20 - 2s - iou_binarized: 0.6671 - iou: 0.1325 - recall: 0.5875 - precision: 0.1464 - F1_score: 0.2336 - s_loss: 0.0222 - t_loss: 0.0564 - dist_loss: 0.1234 - loss: 0.1086 - 2s/epoch - 119ms/step
Epoch 160/300
epoch ends.
20/20 - 2s - iou_binarized: 0.6669 - iou: 0.1324 - recall: 0.5875 - precision: 0.1463 - F1_score: 0.2334 - s_loss: 0.0230 - t_loss: 0.0564 - dist_loss: 0.1221 - loss: 0.1085 - 2s/epoch - 119ms/step
Epoch 161/300
epoch ends.
20/20 - 2s - iou_binarized: 0.6681 - iou: 0.1325 - recall: 0.5877 - precision: 0.1464 - F1_score: 0.2336 - s_loss: 0.0235 - t_loss: 0.0564 - dist_loss: 0.1214 - loss: 0.1085 - 2s/epoch - 119ms/step
Epoch 162/300
epoch ends.
20/20 - 2s - iou_binarized: 0.6687 - iou: 0.1327 - recall: 0.5880 - precision: 0.1467 - F1_score: 0.2340 - s_loss: 0.0235 - t_loss: 0.0564 - dist_loss: 0.1214 - loss: 0.1085 - 2s/epoch - 119ms/step
Epoch 163/300
epoch ends.
20/20 - 2s - iou_binarized: 0.6695 - iou: 0.1328 - recall: 0.5883 - precision: 0.1467 - F1_score: 0.2341 - s_loss: 0.0234 - t_loss: 0.0564 - dist_loss: 0.1216 - loss: 0.1085 - 2s/epoch - 118ms/step
Epoch 164/300
epoch ends.
20/20 - 2s - iou_binarized: 0.6701 - iou: 0.1329 - recall: 0.5886 - precision: 0.1468 - F1_score: 0.2342 - s_loss: 0.0232 - t_loss: 0.0564 - dist_loss: 0.1218 - loss: 0.1084 - 2s/epoch - 119ms/step
Epoch 165/300
epoch ends.
20/20 - 2s - iou_binarized: 0.6707 - iou: 0.1329 - recall: 0.5889 - precision: 0.1468 - F1_score: 0.2342 - s_loss: 0.0229 - t_loss: 0.0564 - dist_loss: 0.1221 - loss: 0.1084 - 2s/epoch - 118ms/step
Epoch 166/300
epoch ends.
20/20 - 2s - iou_binarized: 0.6711 - iou: 0.1330 - recall: 0.5891 - precision: 0.1469 - F1_score: 0.2343 - s_loss: 0.0226 - t_loss: 0.0564 - dist_loss: 0.1226 - loss: 0.1085 - 2s/epoch - 120ms/step
Epoch 167/300
epoch ends.
20/20 - 2s - iou_binarized: 0.6714 - iou: 0.1330 - recall: 0.5893 - precision: 0.1470 - F1_score: 0.2344 - s_loss: 0.0221 - t_loss: 0.0564 - dist_loss: 0.1236 - loss: 0.1086 - 2s/epoch - 118ms/step
Epoch 168/300
epoch ends.
20/20 - 2s - iou_binarized: 0.6714 - iou: 0.1330 - recall: 0.5895 - precision: 0.1470 - F1_score: 0.2344 - s_loss: 0.0221 - t_loss: 0.0564 - dist_loss: 0.1236 - loss: 0.1086 - 2s/epoch - 119ms/step
Epoch 169/300
epoch ends.
20/20 - 2s - iou_binarized: 0.6710 - iou: 0.1328 - recall: 0.5893 - precision: 0.1467 - F1_score: 0.2341 - s_loss: 0.0233 - t_loss: 0.0564 - dist_loss: 0.1217 - loss: 0.1084 - 2s/epoch - 117ms/step
Epoch 170/300
epoch ends.
20/20 - 2s - iou_binarized: 0.6715 - iou: 0.1330 - recall: 0.5893 - precision: 0.1469 - F1_score: 0.2343 - s_loss: 0.0240 - t_loss: 0.0564 - dist_loss: 0.1209 - loss: 0.1086 - 2s/epoch - 117ms/step
Epoch 171/300
epoch ends.
20/20 - 2s - iou_binarized: 0.6724 - iou: 0.1334 - recall: 0.5896 - precision: 0.1474 - F1_score: 0.2350 - s_loss: 0.0232 - t_loss: 0.0564 - dist_loss: 0.1217 - loss: 0.1084 - 2s/epoch - 116ms/step
Epoch 172/300
epoch ends.
20/20 - 2s - iou_binarized: 0.6745 - iou: 0.1334 - recall: 0.5905 - precision: 0.1472 - F1_score: 0.2349 - s_loss: 0.0229 - t_loss: 0.0564 - dist_loss: 0.1221 - loss: 0.1084 - 2s/epoch - 117ms/step
Epoch 173/300
epoch ends.
20/20 - 2s - iou_binarized: 0.6744 - iou: 0.1333 - recall: 0.5905 - precision: 0.1471 - F1_score: 0.2348 - s_loss: 0.0230 - t_loss: 0.0564 - dist_loss: 0.1220 - loss: 0.1084 - 2s/epoch - 119ms/step
Epoch 174/300
epoch ends.
20/20 - 2s - iou_binarized: 0.6746 - iou: 0.1333 - recall: 0.5906 - precision: 0.1472 - F1_score: 0.2349 - s_loss: 0.0230 - t_loss: 0.0564 - dist_loss: 0.1219 - loss: 0.1084 - 2s/epoch - 119ms/step
Epoch 175/300
epoch ends.
20/20 - 2s - iou_binarized: 0.6749 - iou: 0.1334 - recall: 0.5908 - precision: 0.1473 - F1_score: 0.2350 - s_loss: 0.0231 - t_loss: 0.0564 - dist_loss: 0.1218 - loss: 0.1084 - 2s/epoch - 119ms/step
Epoch 176/300
epoch ends.
20/20 - 2s - iou_binarized: 0.6753 - iou: 0.1334 - recall: 0.5910 - precision: 0.1473 - F1_score: 0.2351 - s_loss: 0.0233 - t_loss: 0.0564 - dist_loss: 0.1216 - loss: 0.1084 - 2s/epoch - 118ms/step
Epoch 177/300
epoch ends.
20/20 - 2s - iou_binarized: 0.6758 - iou: 0.1335 - recall: 0.5911 - precision: 0.1474 - F1_score: 0.2351 - s_loss: 0.0235 - t_loss: 0.0564 - dist_loss: 0.1213 - loss: 0.1084 - 2s/epoch - 118ms/step
Epoch 178/300
epoch ends.
20/20 - 2s - iou_binarized: 0.6759 - iou: 0.1335 - recall: 0.5911 - precision: 0.1474 - F1_score: 0.2352 - s_loss: 0.0238 - t_loss: 0.0564 - dist_loss: 0.1210 - loss: 0.1085 - 2s/epoch - 118ms/step
Epoch 179/300
epoch ends.
20/20 - 2s - iou_binarized: 0.6754 - iou: 0.1336 - recall: 0.5909 - precision: 0.1475 - F1_score: 0.2353 - s_loss: 0.0241 - t_loss: 0.0564 - dist_loss: 0.1208 - loss: 0.1086 - 2s/epoch - 118ms/step
Epoch 180/300
epoch ends.
20/20 - 2s - iou_binarized: 0.6765 - iou: 0.1339 - recall: 0.5912 - precision: 0.1478 - F1_score: 0.2358 - s_loss: 0.0231 - t_loss: 0.0564 - dist_loss: 0.1218 - loss: 0.1084 - 2s/epoch - 117ms/step
Epoch 181/300
epoch ends.
20/20 - 2s - iou_binarized: 0.6785 - iou: 0.1338 - recall: 0.5922 - precision: 0.1477 - F1_score: 0.2357 - s_loss: 0.0224 - t_loss: 0.0564 - dist_loss: 0.1229 - loss: 0.1084 - 2s/epoch - 117ms/step
Epoch 182/300
epoch ends.
20/20 - 2s - iou_binarized: 0.6780 - iou: 0.1338 - recall: 0.5923 - precision: 0.1477 - F1_score: 0.2355 - s_loss: 0.0222 - t_loss: 0.0564 - dist_loss: 0.1232 - loss: 0.1085 - 2s/epoch - 117ms/step
Epoch 183/300
epoch ends.
20/20 - 2s - iou_binarized: 0.6780 - iou: 0.1337 - recall: 0.5922 - precision: 0.1476 - F1_score: 0.2354 - s_loss: 0.0226 - t_loss: 0.0564 - dist_loss: 0.1225 - loss: 0.1084 - 2s/epoch - 116ms/step
Epoch 184/300
epoch ends.
20/20 - 3s - iou_binarized: 0.6785 - iou: 0.1337 - recall: 0.5923 - precision: 0.1476 - F1_score: 0.2355 - s_loss: 0.0230 - t_loss: 0.0564 - dist_loss: 0.1219 - loss: 0.1084 - 3s/epoch - 128ms/step
Epoch 185/300
epoch ends.
20/20 - 2s - iou_binarized: 0.6789 - iou: 0.1339 - recall: 0.5925 - precision: 0.1477 - F1_score: 0.2357 - s_loss: 0.0233 - t_loss: 0.0564 - dist_loss: 0.1215 - loss: 0.1084 - 2s/epoch - 120ms/step
Epoch 186/300
epoch ends.
20/20 - 2s - iou_binarized: 0.6794 - iou: 0.1339 - recall: 0.5927 - precision: 0.1478 - F1_score: 0.2359 - s_loss: 0.0235 - t_loss: 0.0564 - dist_loss: 0.1213 - loss: 0.1084 - 2s/epoch - 119ms/step
Epoch 187/300
epoch ends.
20/20 - 2s - iou_binarized: 0.6797 - iou: 0.1340 - recall: 0.5927 - precision: 0.1479 - F1_score: 0.2360 - s_loss: 0.0235 - t_loss: 0.0564 - dist_loss: 0.1213 - loss: 0.1084 - 2s/epoch - 121ms/step
Epoch 188/300
epoch ends.
20/20 - 2s - iou_binarized: 0.6802 - iou: 0.1341 - recall: 0.5929 - precision: 0.1480 - F1_score: 0.2361 - s_loss: 0.0234 - t_loss: 0.0564 - dist_loss: 0.1214 - loss: 0.1084 - 2s/epoch - 119ms/step
Epoch 189/300
epoch ends.
20/20 - 2s - iou_binarized: 0.6808 - iou: 0.1342 - recall: 0.5932 - precision: 0.1480 - F1_score: 0.2362 - s_loss: 0.0232 - t_loss: 0.0564 - dist_loss: 0.1216 - loss: 0.1084 - 2s/epoch - 120ms/step
Epoch 190/300
epoch ends.
20/20 - 2s - iou_binarized: 0.6815 - iou: 0.1342 - recall: 0.5936 - precision: 0.1481 - F1_score: 0.2363 - s_loss: 0.0229 - t_loss: 0.0564 - dist_loss: 0.1220 - loss: 0.1083 - 2s/epoch - 120ms/step
Epoch 191/300
epoch ends.
20/20 - 2s - iou_binarized: 0.6823 - iou: 0.1343 - recall: 0.5938 - precision: 0.1481 - F1_score: 0.2363 - s_loss: 0.0225 - t_loss: 0.0564 - dist_loss: 0.1227 - loss: 0.1084 - 2s/epoch - 119ms/step
Epoch 192/300
epoch ends.
20/20 - 2s - iou_binarized: 0.6824 - iou: 0.1343 - recall: 0.5939 - precision: 0.1482 - F1_score: 0.2364 - s_loss: 0.0218 - t_loss: 0.0564 - dist_loss: 0.1240 - loss: 0.1086 - 2s/epoch - 119ms/step
Epoch 193/300
epoch ends.
20/20 - 2s - iou_binarized: 0.6823 - iou: 0.1343 - recall: 0.5942 - precision: 0.1482 - F1_score: 0.2363 - s_loss: 0.0219 - t_loss: 0.0564 - dist_loss: 0.1237 - loss: 0.1085 - 2s/epoch - 118ms/step
Epoch 194/300
epoch ends.
20/20 - 2s - iou_binarized: 0.6809 - iou: 0.1340 - recall: 0.5936 - precision: 0.1478 - F1_score: 0.2359 - s_loss: 0.0235 - t_loss: 0.0564 - dist_loss: 0.1213 - loss: 0.1084 - 2s/epoch - 119ms/step
Epoch 195/300
epoch ends.
20/20 - 2s - iou_binarized: 0.6815 - iou: 0.1343 - recall: 0.5934 - precision: 0.1482 - F1_score: 0.2364 - s_loss: 0.0234 - t_loss: 0.0564 - dist_loss: 0.1214 - loss: 0.1084 - 2s/epoch - 119ms/step
Epoch 196/300
epoch ends.
20/20 - 2s - iou_binarized: 0.6840 - iou: 0.1345 - recall: 0.5945 - precision: 0.1484 - F1_score: 0.2368 - s_loss: 0.0229 - t_loss: 0.0564 - dist_loss: 0.1221 - loss: 0.1083 - 2s/epoch - 118ms/step
Epoch 197/300
epoch ends.
20/20 - 2s - iou_binarized: 0.6848 - iou: 0.1345 - recall: 0.5950 - precision: 0.1483 - F1_score: 0.2367 - s_loss: 0.0228 - t_loss: 0.0564 - dist_loss: 0.1222 - loss: 0.1083 - 2s/epoch - 119ms/step
Epoch 198/300
epoch ends.
20/20 - 2s - iou_binarized: 0.6848 - iou: 0.1345 - recall: 0.5949 - precision: 0.1483 - F1_score: 0.2367 - s_loss: 0.0228 - t_loss: 0.0564 - dist_loss: 0.1222 - loss: 0.1083 - 2s/epoch - 120ms/step
Epoch 199/300
epoch ends.
20/20 - 2s - iou_binarized: 0.6851 - iou: 0.1345 - recall: 0.5950 - precision: 0.1484 - F1_score: 0.2367 - s_loss: 0.0228 - t_loss: 0.0564 - dist_loss: 0.1222 - loss: 0.1083 - 2s/epoch - 120ms/step
Epoch 200/300
epoch ends.
20/20 - 2s - iou_binarized: 0.6854 - iou: 0.1346 - recall: 0.5952 - precision: 0.1484 - F1_score: 0.2368 - s_loss: 0.0228 - t_loss: 0.0564 - dist_loss: 0.1221 - loss: 0.1083 - 2s/epoch - 120ms/step
Epoch 201/300
epoch ends.
20/20 - 2s - iou_binarized: 0.6857 - iou: 0.1346 - recall: 0.5954 - precision: 0.1485 - F1_score: 0.2369 - s_loss: 0.0229 - t_loss: 0.0564 - dist_loss: 0.1220 - loss: 0.1083 - 2s/epoch - 119ms/step
Epoch 202/300
epoch ends.
20/20 - 2s - iou_binarized: 0.6860 - iou: 0.1347 - recall: 0.5955 - precision: 0.1485 - F1_score: 0.2370 - s_loss: 0.0229 - t_loss: 0.0564 - dist_loss: 0.1220 - loss: 0.1083 - 2s/epoch - 119ms/step
Epoch 203/300
epoch ends.
20/20 - 2s - iou_binarized: 0.6865 - iou: 0.1347 - recall: 0.5957 - precision: 0.1486 - F1_score: 0.2370 - s_loss: 0.0230 - t_loss: 0.0564 - dist_loss: 0.1219 - loss: 0.1083 - 2s/epoch - 118ms/step
Epoch 204/300
epoch ends.
20/20 - 2s - iou_binarized: 0.6868 - iou: 0.1347 - recall: 0.5958 - precision: 0.1486 - F1_score: 0.2371 - s_loss: 0.0230 - t_loss: 0.0564 - dist_loss: 0.1218 - loss: 0.1083 - 2s/epoch - 119ms/step
Epoch 205/300
epoch ends.
20/20 - 2s - iou_binarized: 0.6870 - iou: 0.1348 - recall: 0.5959 - precision: 0.1486 - F1_score: 0.2371 - s_loss: 0.0232 - t_loss: 0.0564 - dist_loss: 0.1216 - loss: 0.1083 - 2s/epoch - 120ms/step
Epoch 206/300
epoch ends.
20/20 - 2s - iou_binarized: 0.6872 - iou: 0.1348 - recall: 0.5960 - precision: 0.1487 - F1_score: 0.2372 - s_loss: 0.0234 - t_loss: 0.0564 - dist_loss: 0.1214 - loss: 0.1083 - 2s/epoch - 119ms/step
Epoch 207/300
epoch ends.
20/20 - 2s - iou_binarized: 0.6871 - iou: 0.1348 - recall: 0.5960 - precision: 0.1487 - F1_score: 0.2372 - s_loss: 0.0237 - t_loss: 0.0564 - dist_loss: 0.1210 - loss: 0.1084 - 2s/epoch - 119ms/step
Epoch 208/300
epoch ends.
20/20 - 2s - iou_binarized: 0.6859 - iou: 0.1347 - recall: 0.5954 - precision: 0.1486 - F1_score: 0.2371 - s_loss: 0.0246 - t_loss: 0.0564 - dist_loss: 0.1203 - loss: 0.1089 - 2s/epoch - 118ms/step
Epoch 209/300
epoch ends.
20/20 - 2s - iou_binarized: 0.6843 - iou: 0.1354 - recall: 0.5943 - precision: 0.1494 - F1_score: 0.2380 - s_loss: 0.0220 - t_loss: 0.0564 - dist_loss: 0.1236 - loss: 0.1085 - 2s/epoch - 119ms/step
Epoch 210/300
epoch ends.
20/20 - 2s - iou_binarized: 0.6891 - iou: 0.1349 - recall: 0.5974 - precision: 0.1488 - F1_score: 0.2373 - s_loss: 0.0229 - t_loss: 0.0564 - dist_loss: 0.1220 - loss: 0.1083 - 2s/epoch - 119ms/step
Epoch 211/300
epoch ends.
20/20 - 2s - iou_binarized: 0.6881 - iou: 0.1348 - recall: 0.5961 - precision: 0.1487 - F1_score: 0.2372 - s_loss: 0.0228 - t_loss: 0.0564 - dist_loss: 0.1221 - loss: 0.1083 - 2s/epoch - 119ms/step
Epoch 212/300
epoch ends.
20/20 - 2s - iou_binarized: 0.6899 - iou: 0.1351 - recall: 0.5969 - precision: 0.1489 - F1_score: 0.2376 - s_loss: 0.0225 - t_loss: 0.0564 - dist_loss: 0.1225 - loss: 0.1083 - 2s/epoch - 118ms/step
Epoch 213/300
epoch ends.
20/20 - 2s - iou_binarized: 0.6904 - iou: 0.1351 - recall: 0.5974 - precision: 0.1490 - F1_score: 0.2376 - s_loss: 0.0225 - t_loss: 0.0564 - dist_loss: 0.1225 - loss: 0.1083 - 2s/epoch - 119ms/step
Epoch 214/300
epoch ends.
20/20 - 2s - iou_binarized: 0.6905 - iou: 0.1351 - recall: 0.5973 - precision: 0.1490 - F1_score: 0.2377 - s_loss: 0.0226 - t_loss: 0.0564 - dist_loss: 0.1224 - loss: 0.1083 - 2s/epoch - 118ms/step
Epoch 215/300
epoch ends.
20/20 - 2s - iou_binarized: 0.6906 - iou: 0.1352 - recall: 0.5974 - precision: 0.1490 - F1_score: 0.2377 - s_loss: 0.0227 - t_loss: 0.0564 - dist_loss: 0.1223 - loss: 0.1083 - 2s/epoch - 119ms/step
Epoch 216/300
epoch ends.
20/20 - 2s - iou_binarized: 0.6909 - iou: 0.1352 - recall: 0.5976 - precision: 0.1490 - F1_score: 0.2378 - s_loss: 0.0227 - t_loss: 0.0564 - dist_loss: 0.1222 - loss: 0.1083 - 2s/epoch - 120ms/step
Epoch 217/300
epoch ends.
20/20 - 2s - iou_binarized: 0.6912 - iou: 0.1353 - recall: 0.5977 - precision: 0.1491 - F1_score: 0.2379 - s_loss: 0.0227 - t_loss: 0.0564 - dist_loss: 0.1222 - loss: 0.1083 - 2s/epoch - 118ms/step
Epoch 218/300
epoch ends.
20/20 - 2s - iou_binarized: 0.6914 - iou: 0.1353 - recall: 0.5979 - precision: 0.1491 - F1_score: 0.2379 - s_loss: 0.0228 - t_loss: 0.0564 - dist_loss: 0.1221 - loss: 0.1083 - 2s/epoch - 119ms/step
Epoch 219/300
epoch ends.
20/20 - 2s - iou_binarized: 0.6918 - iou: 0.1353 - recall: 0.5980 - precision: 0.1492 - F1_score: 0.2380 - s_loss: 0.0228 - t_loss: 0.0564 - dist_loss: 0.1221 - loss: 0.1083 - 2s/epoch - 119ms/step
Epoch 220/300
epoch ends.
20/20 - 2s - iou_binarized: 0.6922 - iou: 0.1354 - recall: 0.5982 - precision: 0.1492 - F1_score: 0.2381 - s_loss: 0.0227 - t_loss: 0.0564 - dist_loss: 0.1221 - loss: 0.1082 - 2s/epoch - 119ms/step
Epoch 221/300
epoch ends.
20/20 - 2s - iou_binarized: 0.6925 - iou: 0.1354 - recall: 0.5983 - precision: 0.1493 - F1_score: 0.2381 - s_loss: 0.0227 - t_loss: 0.0564 - dist_loss: 0.1222 - loss: 0.1082 - 2s/epoch - 121ms/step
Epoch 222/300
epoch ends.
20/20 - 2s - iou_binarized: 0.6928 - iou: 0.1355 - recall: 0.5984 - precision: 0.1493 - F1_score: 0.2382 - s_loss: 0.0226 - t_loss: 0.0564 - dist_loss: 0.1223 - loss: 0.1082 - 2s/epoch - 118ms/step
Epoch 223/300
epoch ends.
20/20 - 2s - iou_binarized: 0.6931 - iou: 0.1355 - recall: 0.5986 - precision: 0.1493 - F1_score: 0.2383 - s_loss: 0.0225 - t_loss: 0.0564 - dist_loss: 0.1225 - loss: 0.1083 - 2s/epoch - 121ms/step
Epoch 224/300
epoch ends.
20/20 - 2s - iou_binarized: 0.6935 - iou: 0.1356 - recall: 0.5987 - precision: 0.1494 - F1_score: 0.2383 - s_loss: 0.0223 - t_loss: 0.0564 - dist_loss: 0.1228 - loss: 0.1083 - 2s/epoch - 121ms/step
Epoch 225/300
epoch ends.
20/20 - 2s - iou_binarized: 0.6938 - iou: 0.1356 - recall: 0.5987 - precision: 0.1495 - F1_score: 0.2384 - s_loss: 0.0221 - t_loss: 0.0564 - dist_loss: 0.1233 - loss: 0.1083 - 2s/epoch - 119ms/step
Epoch 226/300
epoch ends.
20/20 - 2s - iou_binarized: 0.6937 - iou: 0.1357 - recall: 0.5987 - precision: 0.1496 - F1_score: 0.2385 - s_loss: 0.0214 - t_loss: 0.0564 - dist_loss: 0.1246 - loss: 0.1086 - 2s/epoch - 120ms/step
Epoch 227/300
epoch ends.
20/20 - 2s - iou_binarized: 0.6938 - iou: 0.1357 - recall: 0.5994 - precision: 0.1497 - F1_score: 0.2385 - s_loss: 0.0217 - t_loss: 0.0564 - dist_loss: 0.1239 - loss: 0.1085 - 2s/epoch - 118ms/step
Epoch 228/300
epoch ends.
20/20 - 2s - iou_binarized: 0.6909 - iou: 0.1351 - recall: 0.5976 - precision: 0.1489 - F1_score: 0.2376 - s_loss: 0.0243 - t_loss: 0.0564 - dist_loss: 0.1206 - loss: 0.1087 - 2s/epoch - 120ms/step
Epoch 229/300
epoch ends.
20/20 - 2s - iou_binarized: 0.6927 - iou: 0.1358 - recall: 0.5975 - precision: 0.1498 - F1_score: 0.2387 - s_loss: 0.0225 - t_loss: 0.0564 - dist_loss: 0.1226 - loss: 0.1083 - 2s/epoch - 117ms/step
Epoch 230/300
epoch ends.
20/20 - 2s - iou_binarized: 0.6959 - iou: 0.1357 - recall: 0.6002 - precision: 0.1495 - F1_score: 0.2386 - s_loss: 0.0234 - t_loss: 0.0564 - dist_loss: 0.1213 - loss: 0.1083 - 2s/epoch - 119ms/step
Epoch 231/300
epoch ends.
20/20 - 2s - iou_binarized: 0.6949 - iou: 0.1357 - recall: 0.5987 - precision: 0.1496 - F1_score: 0.2386 - s_loss: 0.0230 - t_loss: 0.0564 - dist_loss: 0.1218 - loss: 0.1082 - 2s/epoch - 120ms/step
Epoch 232/300
epoch ends.
20/20 - 2s - iou_binarized: 0.6968 - iou: 0.1358 - recall: 0.5999 - precision: 0.1497 - F1_score: 0.2388 - s_loss: 0.0230 - t_loss: 0.0564 - dist_loss: 0.1218 - loss: 0.1082 - 2s/epoch - 118ms/step
Epoch 233/300
epoch ends.
20/20 - 2s - iou_binarized: 0.6962 - iou: 0.1358 - recall: 0.5998 - precision: 0.1497 - F1_score: 0.2388 - s_loss: 0.0230 - t_loss: 0.0564 - dist_loss: 0.1217 - loss: 0.1082 - 2s/epoch - 119ms/step
Epoch 234/300
epoch ends.
20/20 - 2s - iou_binarized: 0.6966 - iou: 0.1359 - recall: 0.5999 - precision: 0.1497 - F1_score: 0.2388 - s_loss: 0.0231 - t_loss: 0.0564 - dist_loss: 0.1216 - loss: 0.1082 - 2s/epoch - 119ms/step
Epoch 235/300
epoch ends.
20/20 - 2s - iou_binarized: 0.6967 - iou: 0.1359 - recall: 0.6000 - precision: 0.1497 - F1_score: 0.2389 - s_loss: 0.0231 - t_loss: 0.0564 - dist_loss: 0.1216 - loss: 0.1082 - 2s/epoch - 119ms/step
Epoch 236/300
epoch ends.
20/20 - 2s - iou_binarized: 0.6970 - iou: 0.1360 - recall: 0.6002 - precision: 0.1498 - F1_score: 0.2390 - s_loss: 0.0231 - t_loss: 0.0564 - dist_loss: 0.1216 - loss: 0.1082 - 2s/epoch - 118ms/step
Epoch 237/300
epoch ends.
20/20 - 2s - iou_binarized: 0.6973 - iou: 0.1360 - recall: 0.6002 - precision: 0.1498 - F1_score: 0.2390 - s_loss: 0.0231 - t_loss: 0.0564 - dist_loss: 0.1216 - loss: 0.1082 - 2s/epoch - 120ms/step
Epoch 238/300
epoch ends.
20/20 - 2s - iou_binarized: 0.6976 - iou: 0.1360 - recall: 0.6004 - precision: 0.1498 - F1_score: 0.2391 - s_loss: 0.0232 - t_loss: 0.0564 - dist_loss: 0.1215 - loss: 0.1082 - 2s/epoch - 119ms/step
Epoch 239/300
epoch ends.
20/20 - 2s - iou_binarized: 0.6978 - iou: 0.1361 - recall: 0.6005 - precision: 0.1499 - F1_score: 0.2391 - s_loss: 0.0232 - t_loss: 0.0564 - dist_loss: 0.1215 - loss: 0.1082 - 2s/epoch - 119ms/step
Epoch 240/300
epoch ends.
20/20 - 2s - iou_binarized: 0.6978 - iou: 0.1361 - recall: 0.6005 - precision: 0.1499 - F1_score: 0.2391 - s_loss: 0.0233 - t_loss: 0.0564 - dist_loss: 0.1214 - loss: 0.1083 - 2s/epoch - 120ms/step
Epoch 241/300
epoch ends.
20/20 - 2s - iou_binarized: 0.6980 - iou: 0.1361 - recall: 0.6006 - precision: 0.1499 - F1_score: 0.2392 - s_loss: 0.0234 - t_loss: 0.0564 - dist_loss: 0.1213 - loss: 0.1083 - 2s/epoch - 119ms/step
Epoch 242/300
epoch ends.
20/20 - 2s - iou_binarized: 0.6983 - iou: 0.1362 - recall: 0.6006 - precision: 0.1500 - F1_score: 0.2393 - s_loss: 0.0234 - t_loss: 0.0564 - dist_loss: 0.1213 - loss: 0.1083 - 2s/epoch - 118ms/step
Epoch 243/300
epoch ends.
20/20 - 2s - iou_binarized: 0.6988 - iou: 0.1362 - recall: 0.6008 - precision: 0.1500 - F1_score: 0.2393 - s_loss: 0.0233 - t_loss: 0.0564 - dist_loss: 0.1214 - loss: 0.1082 - 2s/epoch - 118ms/step
Epoch 244/300
epoch ends.
20/20 - 3s - iou_binarized: 0.6994 - iou: 0.1363 - recall: 0.6010 - precision: 0.1501 - F1_score: 0.2394 - s_loss: 0.0230 - t_loss: 0.0564 - dist_loss: 0.1217 - loss: 0.1082 - 3s/epoch - 129ms/step
Epoch 245/300
epoch ends.
20/20 - 2s - iou_binarized: 0.7001 - iou: 0.1363 - recall: 0.6014 - precision: 0.1501 - F1_score: 0.2395 - s_loss: 0.0227 - t_loss: 0.0564 - dist_loss: 0.1221 - loss: 0.1082 - 2s/epoch - 119ms/step
Epoch 246/300
epoch ends.
20/20 - 2s - iou_binarized: 0.7006 - iou: 0.1364 - recall: 0.6016 - precision: 0.1502 - F1_score: 0.2396 - s_loss: 0.0222 - t_loss: 0.0564 - dist_loss: 0.1229 - loss: 0.1082 - 2s/epoch - 117ms/step
Epoch 247/300
epoch ends.
20/20 - 2s - iou_binarized: 0.7007 - iou: 0.1364 - recall: 0.6017 - precision: 0.1503 - F1_score: 0.2397 - s_loss: 0.0215 - t_loss: 0.0564 - dist_loss: 0.1243 - loss: 0.1085 - 2s/epoch - 119ms/step
Epoch 248/300
epoch ends.
20/20 - 2s - iou_binarized: 0.7003 - iou: 0.1364 - recall: 0.6022 - precision: 0.1503 - F1_score: 0.2396 - s_loss: 0.0220 - t_loss: 0.0564 - dist_loss: 0.1234 - loss: 0.1083 - 2s/epoch - 118ms/step
Epoch 249/300
epoch ends.
20/20 - 2s - iou_binarized: 0.6986 - iou: 0.1360 - recall: 0.6006 - precision: 0.1498 - F1_score: 0.2390 - s_loss: 0.0234 - t_loss: 0.0564 - dist_loss: 0.1213 - loss: 0.1083 - 2s/epoch - 119ms/step
Epoch 250/300
epoch ends.
20/20 - 2s - iou_binarized: 0.6989 - iou: 0.1363 - recall: 0.6005 - precision: 0.1501 - F1_score: 0.2395 - s_loss: 0.0230 - t_loss: 0.0564 - dist_loss: 0.1217 - loss: 0.1082 - 2s/epoch - 120ms/step
Epoch 251/300
epoch ends.
20/20 - 2s - iou_binarized: 0.7022 - iou: 0.1365 - recall: 0.6024 - precision: 0.1503 - F1_score: 0.2398 - s_loss: 0.0227 - t_loss: 0.0564 - dist_loss: 0.1221 - loss: 0.1082 - 2s/epoch - 119ms/step
Epoch 252/300
epoch ends.
20/20 - 2s - iou_binarized: 0.7024 - iou: 0.1365 - recall: 0.6022 - precision: 0.1503 - F1_score: 0.2398 - s_loss: 0.0226 - t_loss: 0.0564 - dist_loss: 0.1222 - loss: 0.1082 - 2s/epoch - 116ms/step
Epoch 253/300
epoch ends.
20/20 - 2s - iou_binarized: 0.7023 - iou: 0.1365 - recall: 0.6023 - precision: 0.1503 - F1_score: 0.2398 - s_loss: 0.0227 - t_loss: 0.0564 - dist_loss: 0.1221 - loss: 0.1082 - 2s/epoch - 119ms/step
Epoch 254/300
epoch ends.
20/20 - 2s - iou_binarized: 0.7021 - iou: 0.1365 - recall: 0.6023 - precision: 0.1503 - F1_score: 0.2398 - s_loss: 0.0228 - t_loss: 0.0564 - dist_loss: 0.1220 - loss: 0.1082 - 2s/epoch - 119ms/step
Epoch 255/300
epoch ends.
20/20 - 2s - iou_binarized: 0.7024 - iou: 0.1365 - recall: 0.6025 - precision: 0.1503 - F1_score: 0.2398 - s_loss: 0.0229 - t_loss: 0.0564 - dist_loss: 0.1218 - loss: 0.1082 - 2s/epoch - 120ms/step
Epoch 256/300
epoch ends.
20/20 - 2s - iou_binarized: 0.7026 - iou: 0.1366 - recall: 0.6025 - precision: 0.1504 - F1_score: 0.2399 - s_loss: 0.0230 - t_loss: 0.0564 - dist_loss: 0.1217 - loss: 0.1082 - 2s/epoch - 118ms/step
Epoch 257/300
epoch ends.
20/20 - 2s - iou_binarized: 0.7025 - iou: 0.1366 - recall: 0.6025 - precision: 0.1504 - F1_score: 0.2399 - s_loss: 0.0232 - t_loss: 0.0564 - dist_loss: 0.1214 - loss: 0.1082 - 2s/epoch - 120ms/step
Epoch 258/300
epoch ends.
20/20 - 2s - iou_binarized: 0.7023 - iou: 0.1366 - recall: 0.6024 - precision: 0.1504 - F1_score: 0.2399 - s_loss: 0.0236 - t_loss: 0.0564 - dist_loss: 0.1210 - loss: 0.1083 - 2s/epoch - 118ms/step
Epoch 259/300
epoch ends.
20/20 - 2s - iou_binarized: 0.7016 - iou: 0.1366 - recall: 0.6019 - precision: 0.1504 - F1_score: 0.2399 - s_loss: 0.0238 - t_loss: 0.0564 - dist_loss: 0.1209 - loss: 0.1084 - 2s/epoch - 118ms/step
Epoch 260/300
epoch ends.
20/20 - 2s - iou_binarized: 0.7023 - iou: 0.1368 - recall: 0.6019 - precision: 0.1507 - F1_score: 0.2402 - s_loss: 0.0229 - t_loss: 0.0564 - dist_loss: 0.1219 - loss: 0.1082 - 2s/epoch - 119ms/step
Epoch 261/300
epoch ends.
20/20 - 2s - iou_binarized: 0.7051 - iou: 0.1369 - recall: 0.6037 - precision: 0.1507 - F1_score: 0.2404 - s_loss: 0.0221 - t_loss: 0.0564 - dist_loss: 0.1230 - loss: 0.1082 - 2s/epoch - 119ms/step
Epoch 262/300
epoch ends.
20/20 - 2s - iou_binarized: 0.7052 - iou: 0.1369 - recall: 0.6038 - precision: 0.1507 - F1_score: 0.2403 - s_loss: 0.0219 - t_loss: 0.0564 - dist_loss: 0.1235 - loss: 0.1083 - 2s/epoch - 118ms/step
Epoch 263/300
epoch ends.
20/20 - 2s - iou_binarized: 0.7044 - iou: 0.1367 - recall: 0.6035 - precision: 0.1505 - F1_score: 0.2401 - s_loss: 0.0225 - t_loss: 0.0564 - dist_loss: 0.1224 - loss: 0.1082 - 2s/epoch - 119ms/step
Epoch 264/300
epoch ends.
20/20 - 2s - iou_binarized: 0.7036 - iou: 0.1367 - recall: 0.6028 - precision: 0.1504 - F1_score: 0.2400 - s_loss: 0.0229 - t_loss: 0.0564 - dist_loss: 0.1218 - loss: 0.1082 - 2s/epoch - 119ms/step
Epoch 265/300
epoch ends.
20/20 - 2s - iou_binarized: 0.7042 - iou: 0.1368 - recall: 0.6032 - precision: 0.1506 - F1_score: 0.2402 - s_loss: 0.0231 - t_loss: 0.0564 - dist_loss: 0.1215 - loss: 0.1082 - 2s/epoch - 119ms/step
Epoch 266/300
epoch ends.
20/20 - 2s - iou_binarized: 0.7049 - iou: 0.1369 - recall: 0.6033 - precision: 0.1507 - F1_score: 0.2404 - s_loss: 0.0230 - t_loss: 0.0564 - dist_loss: 0.1216 - loss: 0.1082 - 2s/epoch - 118ms/step
Epoch 267/300
epoch ends.
20/20 - 2s - iou_binarized: 0.7057 - iou: 0.1369 - recall: 0.6037 - precision: 0.1507 - F1_score: 0.2405 - s_loss: 0.0228 - t_loss: 0.0564 - dist_loss: 0.1219 - loss: 0.1082 - 2s/epoch - 120ms/step
Epoch 268/300
epoch ends.
20/20 - 2s - iou_binarized: 0.7062 - iou: 0.1370 - recall: 0.6039 - precision: 0.1508 - F1_score: 0.2405 - s_loss: 0.0225 - t_loss: 0.0564 - dist_loss: 0.1223 - loss: 0.1082 - 2s/epoch - 114ms/step
Epoch 269/300
epoch ends.
20/20 - 2s - iou_binarized: 0.7067 - iou: 0.1370 - recall: 0.6041 - precision: 0.1508 - F1_score: 0.2406 - s_loss: 0.0222 - t_loss: 0.0564 - dist_loss: 0.1229 - loss: 0.1082 - 2s/epoch - 115ms/step
Epoch 270/300
epoch ends.
20/20 - 2s - iou_binarized: 0.7069 - iou: 0.1371 - recall: 0.6043 - precision: 0.1509 - F1_score: 0.2407 - s_loss: 0.0217 - t_loss: 0.0564 - dist_loss: 0.1239 - loss: 0.1083 - 2s/epoch - 117ms/step
Epoch 271/300
epoch ends.
20/20 - 2s - iou_binarized: 0.7068 - iou: 0.1371 - recall: 0.6047 - precision: 0.1509 - F1_score: 0.2407 - s_loss: 0.0218 - t_loss: 0.0564 - dist_loss: 0.1236 - loss: 0.1083 - 2s/epoch - 113ms/step
Epoch 272/300
epoch ends.
20/20 - 2s - iou_binarized: 0.7057 - iou: 0.1368 - recall: 0.6039 - precision: 0.1506 - F1_score: 0.2403 - s_loss: 0.0230 - t_loss: 0.0564 - dist_loss: 0.1217 - loss: 0.1082 - 2s/epoch - 114ms/step
Epoch 273/300
epoch ends.
20/20 - 2s - iou_binarized: 0.7040 - iou: 0.1368 - recall: 0.6028 - precision: 0.1506 - F1_score: 0.2402 - s_loss: 0.0236 - t_loss: 0.0564 - dist_loss: 0.1211 - loss: 0.1083 - 2s/epoch - 114ms/step
Epoch 274/300
epoch ends.
20/20 - 2s - iou_binarized: 0.7057 - iou: 0.1371 - recall: 0.6036 - precision: 0.1509 - F1_score: 0.2407 - s_loss: 0.0229 - t_loss: 0.0564 - dist_loss: 0.1218 - loss: 0.1082 - 2s/epoch - 114ms/step
Epoch 275/300
epoch ends.
20/20 - 2s - iou_binarized: 0.7085 - iou: 0.1372 - recall: 0.6050 - precision: 0.1510 - F1_score: 0.2409 - s_loss: 0.0226 - t_loss: 0.0564 - dist_loss: 0.1223 - loss: 0.1081 - 2s/epoch - 115ms/step
Epoch 276/300
epoch ends.
20/20 - 2s - iou_binarized: 0.7085 - iou: 0.1372 - recall: 0.6048 - precision: 0.1510 - F1_score: 0.2408 - s_loss: 0.0225 - t_loss: 0.0564 - dist_loss: 0.1223 - loss: 0.1081 - 2s/epoch - 114ms/step
Epoch 277/300
epoch ends.
20/20 - 2s - iou_binarized: 0.7085 - iou: 0.1372 - recall: 0.6048 - precision: 0.1509 - F1_score: 0.2408 - s_loss: 0.0226 - t_loss: 0.0564 - dist_loss: 0.1222 - loss: 0.1081 - 2s/epoch - 114ms/step
Epoch 278/300
epoch ends.
20/20 - 2s - iou_binarized: 0.7083 - iou: 0.1372 - recall: 0.6048 - precision: 0.1509 - F1_score: 0.2408 - s_loss: 0.0227 - t_loss: 0.0564 - dist_loss: 0.1220 - loss: 0.1081 - 2s/epoch - 119ms/step
Epoch 279/300
epoch ends.
20/20 - 2s - iou_binarized: 0.7085 - iou: 0.1372 - recall: 0.6049 - precision: 0.1510 - F1_score: 0.2409 - s_loss: 0.0229 - t_loss: 0.0564 - dist_loss: 0.1218 - loss: 0.1081 - 2s/epoch - 115ms/step
Epoch 280/300
epoch ends.
20/20 - 2s - iou_binarized: 0.7083 - iou: 0.1372 - recall: 0.6049 - precision: 0.1510 - F1_score: 0.2409 - s_loss: 0.0231 - t_loss: 0.0564 - dist_loss: 0.1215 - loss: 0.1082 - 2s/epoch - 115ms/step
Epoch 281/300
epoch ends.
20/20 - 2s - iou_binarized: 0.7081 - iou: 0.1372 - recall: 0.6047 - precision: 0.1510 - F1_score: 0.2409 - s_loss: 0.0235 - t_loss: 0.0564 - dist_loss: 0.1211 - loss: 0.1083 - 2s/epoch - 115ms/step
Epoch 282/300
epoch ends.
20/20 - 2s - iou_binarized: 0.7070 - iou: 0.1372 - recall: 0.6042 - precision: 0.1510 - F1_score: 0.2409 - s_loss: 0.0237 - t_loss: 0.0564 - dist_loss: 0.1209 - loss: 0.1083 - 2s/epoch - 119ms/step
Epoch 283/300
epoch ends.
20/20 - 2s - iou_binarized: 0.7079 - iou: 0.1374 - recall: 0.6042 - precision: 0.1512 - F1_score: 0.2412 - s_loss: 0.0229 - t_loss: 0.0564 - dist_loss: 0.1218 - loss: 0.1081 - 2s/epoch - 119ms/step
Epoch 284/300
epoch ends.
20/20 - 2s - iou_binarized: 0.7109 - iou: 0.1375 - recall: 0.6061 - precision: 0.1513 - F1_score: 0.2414 - s_loss: 0.0221 - t_loss: 0.0564 - dist_loss: 0.1229 - loss: 0.1082 - 2s/epoch - 119ms/step
Epoch 285/300
epoch ends.
20/20 - 2s - iou_binarized: 0.7111 - iou: 0.1375 - recall: 0.6062 - precision: 0.1513 - F1_score: 0.2414 - s_loss: 0.0218 - t_loss: 0.0564 - dist_loss: 0.1235 - loss: 0.1083 - 2s/epoch - 115ms/step
Epoch 286/300
epoch ends.
20/20 - 2s - iou_binarized: 0.7105 - iou: 0.1374 - recall: 0.6060 - precision: 0.1512 - F1_score: 0.2412 - s_loss: 0.0224 - t_loss: 0.0564 - dist_loss: 0.1225 - loss: 0.1081 - 2s/epoch - 114ms/step
Epoch 287/300
epoch ends.
20/20 - 2s - iou_binarized: 0.7095 - iou: 0.1373 - recall: 0.6052 - precision: 0.1511 - F1_score: 0.2410 - s_loss: 0.0229 - t_loss: 0.0564 - dist_loss: 0.1218 - loss: 0.1081 - 2s/epoch - 115ms/step
Epoch 288/300
epoch ends.
20/20 - 2s - iou_binarized: 0.7097 - iou: 0.1374 - recall: 0.6054 - precision: 0.1511 - F1_score: 0.2411 - s_loss: 0.0231 - t_loss: 0.0564 - dist_loss: 0.1215 - loss: 0.1082 - 2s/epoch - 114ms/step
Epoch 289/300
epoch ends.
20/20 - 2s - iou_binarized: 0.7103 - iou: 0.1375 - recall: 0.6055 - precision: 0.1512 - F1_score: 0.2413 - s_loss: 0.0231 - t_loss: 0.0564 - dist_loss: 0.1216 - loss: 0.1081 - 2s/epoch - 114ms/step
Epoch 290/300
epoch ends.
20/20 - 2s - iou_binarized: 0.7112 - iou: 0.1375 - recall: 0.6059 - precision: 0.1513 - F1_score: 0.2414 - s_loss: 0.0228 - t_loss: 0.0564 - dist_loss: 0.1218 - loss: 0.1081 - 2s/epoch - 113ms/step
Epoch 291/300
epoch ends.
20/20 - 2s - iou_binarized: 0.7117 - iou: 0.1376 - recall: 0.6062 - precision: 0.1514 - F1_score: 0.2415 - s_loss: 0.0225 - t_loss: 0.0564 - dist_loss: 0.1222 - loss: 0.1081 - 2s/epoch - 113ms/step
Epoch 292/300
epoch ends.
20/20 - 2s - iou_binarized: 0.7122 - iou: 0.1377 - recall: 0.6064 - precision: 0.1514 - F1_score: 0.2416 - s_loss: 0.0222 - t_loss: 0.0564 - dist_loss: 0.1228 - loss: 0.1081 - 2s/epoch - 114ms/step
Epoch 293/300
epoch ends.
20/20 - 2s - iou_binarized: 0.7125 - iou: 0.1377 - recall: 0.6066 - precision: 0.1515 - F1_score: 0.2417 - s_loss: 0.0217 - t_loss: 0.0564 - dist_loss: 0.1237 - loss: 0.1083 - 2s/epoch - 115ms/step
Epoch 294/300
epoch ends.
20/20 - 2s - iou_binarized: 0.7124 - iou: 0.1377 - recall: 0.6070 - precision: 0.1515 - F1_score: 0.2417 - s_loss: 0.0217 - t_loss: 0.0564 - dist_loss: 0.1237 - loss: 0.1083 - 2s/epoch - 115ms/step
Epoch 295/300
epoch ends.
20/20 - 2s - iou_binarized: 0.7116 - iou: 0.1375 - recall: 0.6064 - precision: 0.1513 - F1_score: 0.2413 - s_loss: 0.0229 - t_loss: 0.0564 - dist_loss: 0.1218 - loss: 0.1081 - 2s/epoch - 114ms/step
Epoch 296/300
epoch ends.
20/20 - 2s - iou_binarized: 0.7094 - iou: 0.1373 - recall: 0.6050 - precision: 0.1511 - F1_score: 0.2411 - s_loss: 0.0235 - t_loss: 0.0564 - dist_loss: 0.1211 - loss: 0.1083 - 2s/epoch - 114ms/step
Epoch 297/300
epoch ends.
20/20 - 2s - iou_binarized: 0.7103 - iou: 0.1376 - recall: 0.6054 - precision: 0.1514 - F1_score: 0.2415 - s_loss: 0.0229 - t_loss: 0.0564 - dist_loss: 0.1217 - loss: 0.1081 - 2s/epoch - 114ms/step
Epoch 298/300
epoch ends.
20/20 - 2s - iou_binarized: 0.7136 - iou: 0.1378 - recall: 0.6072 - precision: 0.1516 - F1_score: 0.2418 - s_loss: 0.0226 - t_loss: 0.0564 - dist_loss: 0.1222 - loss: 0.1081 - 2s/epoch - 114ms/step
Epoch 299/300
epoch ends.
20/20 - 2s - iou_binarized: 0.7138 - iou: 0.1378 - recall: 0.6070 - precision: 0.1515 - F1_score: 0.2418 - s_loss: 0.0224 - t_loss: 0.0564 - dist_loss: 0.1224 - loss: 0.1081 - 2s/epoch - 115ms/step
Epoch 300/300
epoch ends.
20/20 - 2s - iou_binarized: 0.7137 - iou: 0.1378 - recall: 0.6071 - precision: 0.1515 - F1_score: 0.2418 - s_loss: 0.0225 - t_loss: 0.0564 - dist_loss: 0.1223 - loss: 0.1081 - 2s/epoch - 114ms/step
