2022-07-15 03:02:17.908780: I tensorflow/core/platform/cpu_feature_guard.cc:151] This TensorFlow binary is optimized with oneAPI Deep Neural Network Library (oneDNN) to use the following CPU instructions in performance-critical operations:  AVX2 AVX512F FMA
To enable them in other operations, rebuild TensorFlow with the appropriate compiler flags.
2022-07-15 03:02:20.571586: I tensorflow/core/common_runtime/gpu/gpu_device.cc:1525] Created device /job:localhost/replica:0/task:0/device:GPU:0 with 14640 MB memory:  -> device: 0, name: Tesla V100-SXM2-16GB, pci bus id: 0000:62:00.0, compute capability: 7.0
2022-07-15 03:02:42.542107: I tensorflow/stream_executor/cuda/cuda_dnn.cc:368] Loaded cuDNN version 8400
Start.
/home/de532237/cancer/Bachelorarbeit/Data/AVM_2022/Turning/Train_aug/images/
Begin to read images from /home/de532237/cancer/Bachelorarbeit/Data/AVM_2022/Turning/Train_aug/images/
Begin to read masks from /home/de532237/cancer/Bachelorarbeit/Data/AVM_2022/Turning/Train_aug/masks/
/home/de532237/cancer/Bachelorarbeit/Data/AVM_2022/Turning/Inference_aug/images/
Begin to read images from /home/de532237/cancer/Bachelorarbeit/Data/AVM_2022/Turning/Inference_aug/images/
Begin to read masks from /home/de532237/cancer/Bachelorarbeit/Data/AVM_2022/Turning/Inference_aug/masks/
/home/de532237/cancer/Bachelorarbeit/Data/AVM_2022/Milling/Train_aug/images/
Begin to read images from /home/de532237/cancer/Bachelorarbeit/Data/AVM_2022/Milling/Train_aug/images/
Begin to read masks from /home/de532237/cancer/Bachelorarbeit/Data/AVM_2022/Milling/Train_aug/masks/
/home/de532237/cancer/Bachelorarbeit/Data/AVM_2022/Milling/Inference_aug/images/
Begin to read images from /home/de532237/cancer/Bachelorarbeit/Data/AVM_2022/Milling/Inference_aug/images/
Begin to read masks from /home/de532237/cancer/Bachelorarbeit/Data/AVM_2022/Milling/Inference_aug/masks/
X_train   (160, 512, 512, 1)
Y_train   (160, 512, 512, 2)
train begins.
Epoch 1/300
epoch ends.
20/20 - 6s - iou_binarized: 0.1822 - iou: 0.1418 - recall: 0.3291 - precision: 0.2005 - F1_score: 0.2429 - s_loss: 0.2088 - t_loss: 1.7682 - dist_loss: 0.4454 - loss: 0.4760 - 6s/epoch - 282ms/step
Epoch 2/300
epoch ends.
20/20 - 4s - iou_binarized: 0.2717 - iou: 0.1628 - recall: 0.3810 - precision: 0.2238 - F1_score: 0.2788 - s_loss: 0.2200 - t_loss: 1.7682 - dist_loss: 0.3779 - loss: 0.4467 - 4s/epoch - 178ms/step
Epoch 3/300
epoch ends.
20/20 - 4s - iou_binarized: 0.3951 - iou: 0.1990 - recall: 0.4436 - precision: 0.2681 - F1_score: 0.3301 - s_loss: 0.2120 - t_loss: 1.7682 - dist_loss: 0.3691 - loss: 0.4334 - 4s/epoch - 181ms/step
Epoch 4/300
epoch ends.
20/20 - 4s - iou_binarized: 0.3929 - iou: 0.1962 - recall: 0.4494 - precision: 0.2618 - F1_score: 0.3266 - s_loss: 0.2141 - t_loss: 1.7682 - dist_loss: 0.3505 - loss: 0.4244 - 4s/epoch - 177ms/step
Epoch 5/300
epoch ends.
20/20 - 4s - iou_binarized: 0.4178 - iou: 0.2023 - recall: 0.4627 - precision: 0.2676 - F1_score: 0.3348 - s_loss: 0.2102 - t_loss: 1.7682 - dist_loss: 0.3466 - loss: 0.4182 - 4s/epoch - 179ms/step
Epoch 6/300
epoch ends.
20/20 - 3s - iou_binarized: 0.4447 - iou: 0.2069 - recall: 0.4732 - precision: 0.2723 - F1_score: 0.3413 - s_loss: 0.2072 - t_loss: 1.7682 - dist_loss: 0.3428 - loss: 0.4129 - 3s/epoch - 174ms/step
Epoch 7/300
epoch ends.
20/20 - 4s - iou_binarized: 0.4724 - iou: 0.2122 - recall: 0.4830 - precision: 0.2779 - F1_score: 0.3485 - s_loss: 0.2044 - t_loss: 1.7682 - dist_loss: 0.3399 - loss: 0.4083 - 4s/epoch - 176ms/step
Epoch 8/300
epoch ends.
20/20 - 3s - iou_binarized: 0.4952 - iou: 0.2166 - recall: 0.4918 - precision: 0.2826 - F1_score: 0.3546 - s_loss: 0.2016 - t_loss: 1.7682 - dist_loss: 0.3377 - loss: 0.4042 - 3s/epoch - 175ms/step
Epoch 9/300
epoch ends.
20/20 - 4s - iou_binarized: 0.5135 - iou: 0.2207 - recall: 0.4997 - precision: 0.2870 - F1_score: 0.3601 - s_loss: 0.1991 - t_loss: 1.7682 - dist_loss: 0.3359 - loss: 0.4007 - 4s/epoch - 178ms/step
Epoch 10/300
epoch ends.
20/20 - 4s - iou_binarized: 0.5300 - iou: 0.2244 - recall: 0.5065 - precision: 0.2908 - F1_score: 0.3650 - s_loss: 0.1967 - t_loss: 1.7682 - dist_loss: 0.3348 - loss: 0.3976 - 4s/epoch - 176ms/step
Epoch 11/300
epoch ends.
20/20 - 3s - iou_binarized: 0.5452 - iou: 0.2276 - recall: 0.5124 - precision: 0.2942 - F1_score: 0.3692 - s_loss: 0.1945 - t_loss: 1.7682 - dist_loss: 0.3339 - loss: 0.3948 - 3s/epoch - 175ms/step
Epoch 12/300
epoch ends.
20/20 - 4s - iou_binarized: 0.5587 - iou: 0.2304 - recall: 0.5174 - precision: 0.2971 - F1_score: 0.3729 - s_loss: 0.1926 - t_loss: 1.7682 - dist_loss: 0.3332 - loss: 0.3925 - 4s/epoch - 176ms/step
Epoch 13/300
epoch ends.
20/20 - 4s - iou_binarized: 0.5701 - iou: 0.2328 - recall: 0.5217 - precision: 0.2997 - F1_score: 0.3761 - s_loss: 0.1909 - t_loss: 1.7682 - dist_loss: 0.3326 - loss: 0.3905 - 4s/epoch - 177ms/step
Epoch 14/300
epoch ends.
20/20 - 4s - iou_binarized: 0.5805 - iou: 0.2350 - recall: 0.5255 - precision: 0.3020 - F1_score: 0.3789 - s_loss: 0.1894 - t_loss: 1.7682 - dist_loss: 0.3322 - loss: 0.3887 - 4s/epoch - 179ms/step
Epoch 15/300
epoch ends.
20/20 - 4s - iou_binarized: 0.5903 - iou: 0.2370 - recall: 0.5289 - precision: 0.3041 - F1_score: 0.3815 - s_loss: 0.1880 - t_loss: 1.7682 - dist_loss: 0.3318 - loss: 0.3871 - 4s/epoch - 179ms/step
Epoch 16/300
epoch ends.
20/20 - 4s - iou_binarized: 0.5992 - iou: 0.2387 - recall: 0.5319 - precision: 0.3059 - F1_score: 0.3837 - s_loss: 0.1868 - t_loss: 1.7682 - dist_loss: 0.3315 - loss: 0.3857 - 4s/epoch - 178ms/step
Epoch 17/300
epoch ends.
20/20 - 4s - iou_binarized: 0.6080 - iou: 0.2403 - recall: 0.5347 - precision: 0.3076 - F1_score: 0.3858 - s_loss: 0.1857 - t_loss: 1.7682 - dist_loss: 0.3312 - loss: 0.3844 - 4s/epoch - 176ms/step
Epoch 18/300
epoch ends.
20/20 - 4s - iou_binarized: 0.6161 - iou: 0.2418 - recall: 0.5373 - precision: 0.3091 - F1_score: 0.3877 - s_loss: 0.1846 - t_loss: 1.7682 - dist_loss: 0.3311 - loss: 0.3833 - 4s/epoch - 177ms/step
Epoch 19/300
epoch ends.
20/20 - 4s - iou_binarized: 0.6238 - iou: 0.2432 - recall: 0.5397 - precision: 0.3106 - F1_score: 0.3895 - s_loss: 0.1836 - t_loss: 1.7682 - dist_loss: 0.3310 - loss: 0.3822 - 4s/epoch - 180ms/step
Epoch 20/300
epoch ends.
20/20 - 4s - iou_binarized: 0.6313 - iou: 0.2445 - recall: 0.5419 - precision: 0.3119 - F1_score: 0.3911 - s_loss: 0.1827 - t_loss: 1.7682 - dist_loss: 0.3310 - loss: 0.3813 - 4s/epoch - 180ms/step
Epoch 21/300
epoch ends.
20/20 - 4s - iou_binarized: 0.6385 - iou: 0.2457 - recall: 0.5440 - precision: 0.3131 - F1_score: 0.3927 - s_loss: 0.1818 - t_loss: 1.7682 - dist_loss: 0.3310 - loss: 0.3804 - 4s/epoch - 180ms/step
Epoch 22/300
epoch ends.
20/20 - 4s - iou_binarized: 0.6453 - iou: 0.2468 - recall: 0.5459 - precision: 0.3143 - F1_score: 0.3941 - s_loss: 0.1809 - t_loss: 1.7682 - dist_loss: 0.3311 - loss: 0.3795 - 4s/epoch - 180ms/step
Epoch 23/300
epoch ends.
20/20 - 4s - iou_binarized: 0.6516 - iou: 0.2479 - recall: 0.5477 - precision: 0.3154 - F1_score: 0.3954 - s_loss: 0.1801 - t_loss: 1.7682 - dist_loss: 0.3311 - loss: 0.3788 - 4s/epoch - 177ms/step
Epoch 24/300
epoch ends.
20/20 - 4s - iou_binarized: 0.6579 - iou: 0.2489 - recall: 0.5494 - precision: 0.3164 - F1_score: 0.3967 - s_loss: 0.1793 - t_loss: 1.7682 - dist_loss: 0.3312 - loss: 0.3780 - 4s/epoch - 176ms/step
Epoch 25/300
epoch ends.
20/20 - 4s - iou_binarized: 0.6638 - iou: 0.2498 - recall: 0.5510 - precision: 0.3174 - F1_score: 0.3979 - s_loss: 0.1785 - t_loss: 1.7682 - dist_loss: 0.3313 - loss: 0.3773 - 4s/epoch - 177ms/step
Epoch 26/300
epoch ends.
20/20 - 4s - iou_binarized: 0.6694 - iou: 0.2507 - recall: 0.5524 - precision: 0.3183 - F1_score: 0.3990 - s_loss: 0.1778 - t_loss: 1.7682 - dist_loss: 0.3314 - loss: 0.3766 - 4s/epoch - 177ms/step
Epoch 27/300
epoch ends.
20/20 - 4s - iou_binarized: 0.6748 - iou: 0.2515 - recall: 0.5539 - precision: 0.3192 - F1_score: 0.4001 - s_loss: 0.1771 - t_loss: 1.7682 - dist_loss: 0.3315 - loss: 0.3760 - 4s/epoch - 176ms/step
Epoch 28/300
epoch ends.
20/20 - 4s - iou_binarized: 0.6801 - iou: 0.2523 - recall: 0.5552 - precision: 0.3200 - F1_score: 0.4011 - s_loss: 0.1765 - t_loss: 1.7682 - dist_loss: 0.3316 - loss: 0.3754 - 4s/epoch - 176ms/step
Epoch 29/300
epoch ends.
20/20 - 4s - iou_binarized: 0.6852 - iou: 0.2531 - recall: 0.5565 - precision: 0.3208 - F1_score: 0.4021 - s_loss: 0.1758 - t_loss: 1.7682 - dist_loss: 0.3316 - loss: 0.3748 - 4s/epoch - 175ms/step
Epoch 30/300
epoch ends.
20/20 - 4s - iou_binarized: 0.6901 - iou: 0.2538 - recall: 0.5577 - precision: 0.3216 - F1_score: 0.4030 - s_loss: 0.1752 - t_loss: 1.7682 - dist_loss: 0.3317 - loss: 0.3743 - 4s/epoch - 177ms/step
Epoch 31/300
epoch ends.
20/20 - 4s - iou_binarized: 0.6948 - iou: 0.2545 - recall: 0.5588 - precision: 0.3223 - F1_score: 0.4039 - s_loss: 0.1747 - t_loss: 1.7682 - dist_loss: 0.3317 - loss: 0.3737 - 4s/epoch - 178ms/step
Epoch 32/300
epoch ends.
20/20 - 4s - iou_binarized: 0.6993 - iou: 0.2552 - recall: 0.5599 - precision: 0.3230 - F1_score: 0.4047 - s_loss: 0.1741 - t_loss: 1.7682 - dist_loss: 0.3318 - loss: 0.3732 - 4s/epoch - 175ms/step
Epoch 33/300
epoch ends.
20/20 - 4s - iou_binarized: 0.7036 - iou: 0.2558 - recall: 0.5609 - precision: 0.3236 - F1_score: 0.4055 - s_loss: 0.1736 - t_loss: 1.7682 - dist_loss: 0.3318 - loss: 0.3727 - 4s/epoch - 178ms/step
Epoch 34/300
epoch ends.
20/20 - 4s - iou_binarized: 0.7077 - iou: 0.2565 - recall: 0.5619 - precision: 0.3242 - F1_score: 0.4063 - s_loss: 0.1732 - t_loss: 1.7682 - dist_loss: 0.3318 - loss: 0.3723 - 4s/epoch - 176ms/step
Epoch 35/300
epoch ends.
20/20 - 4s - iou_binarized: 0.7117 - iou: 0.2570 - recall: 0.5629 - precision: 0.3248 - F1_score: 0.4070 - s_loss: 0.1727 - t_loss: 1.7682 - dist_loss: 0.3319 - loss: 0.3718 - 4s/epoch - 179ms/step
Epoch 36/300
epoch ends.
20/20 - 4s - iou_binarized: 0.7156 - iou: 0.2576 - recall: 0.5638 - precision: 0.3254 - F1_score: 0.4077 - s_loss: 0.1723 - t_loss: 1.7682 - dist_loss: 0.3319 - loss: 0.3714 - 4s/epoch - 180ms/step
Epoch 37/300
epoch ends.
20/20 - 4s - iou_binarized: 0.7194 - iou: 0.2582 - recall: 0.5647 - precision: 0.3260 - F1_score: 0.4084 - s_loss: 0.1719 - t_loss: 1.7682 - dist_loss: 0.3318 - loss: 0.3710 - 4s/epoch - 179ms/step
Epoch 38/300
epoch ends.
20/20 - 4s - iou_binarized: 0.7230 - iou: 0.2587 - recall: 0.5655 - precision: 0.3265 - F1_score: 0.4090 - s_loss: 0.1715 - t_loss: 1.7682 - dist_loss: 0.3318 - loss: 0.3706 - 4s/epoch - 176ms/step
Epoch 39/300
epoch ends.
20/20 - 4s - iou_binarized: 0.7265 - iou: 0.2592 - recall: 0.5664 - precision: 0.3270 - F1_score: 0.4097 - s_loss: 0.1711 - t_loss: 1.7682 - dist_loss: 0.3318 - loss: 0.3702 - 4s/epoch - 179ms/step
Epoch 40/300
epoch ends.
20/20 - 4s - iou_binarized: 0.7299 - iou: 0.2597 - recall: 0.5672 - precision: 0.3275 - F1_score: 0.4103 - s_loss: 0.1708 - t_loss: 1.7682 - dist_loss: 0.3318 - loss: 0.3698 - 4s/epoch - 179ms/step
Epoch 41/300
epoch ends.
20/20 - 4s - iou_binarized: 0.7331 - iou: 0.2602 - recall: 0.5679 - precision: 0.3280 - F1_score: 0.4109 - s_loss: 0.1704 - t_loss: 1.7682 - dist_loss: 0.3317 - loss: 0.3695 - 4s/epoch - 177ms/step
Epoch 42/300
epoch ends.
20/20 - 4s - iou_binarized: 0.7363 - iou: 0.2606 - recall: 0.5687 - precision: 0.3285 - F1_score: 0.4114 - s_loss: 0.1701 - t_loss: 1.7682 - dist_loss: 0.3317 - loss: 0.3691 - 4s/epoch - 177ms/step
Epoch 43/300
epoch ends.
20/20 - 4s - iou_binarized: 0.7394 - iou: 0.2611 - recall: 0.5694 - precision: 0.3289 - F1_score: 0.4120 - s_loss: 0.1698 - t_loss: 1.7682 - dist_loss: 0.3316 - loss: 0.3688 - 4s/epoch - 177ms/step
Epoch 44/300
epoch ends.
20/20 - 3s - iou_binarized: 0.7424 - iou: 0.2615 - recall: 0.5701 - precision: 0.3294 - F1_score: 0.4125 - s_loss: 0.1695 - t_loss: 1.7682 - dist_loss: 0.3315 - loss: 0.3685 - 3s/epoch - 174ms/step
Epoch 45/300
epoch ends.
20/20 - 4s - iou_binarized: 0.7454 - iou: 0.2619 - recall: 0.5708 - precision: 0.3298 - F1_score: 0.4130 - s_loss: 0.1693 - t_loss: 1.7682 - dist_loss: 0.3315 - loss: 0.3681 - 4s/epoch - 184ms/step
Epoch 46/300
epoch ends.
20/20 - 4s - iou_binarized: 0.7483 - iou: 0.2623 - recall: 0.5714 - precision: 0.3302 - F1_score: 0.4135 - s_loss: 0.1690 - t_loss: 1.7682 - dist_loss: 0.3314 - loss: 0.3678 - 4s/epoch - 176ms/step
Epoch 47/300
epoch ends.
20/20 - 4s - iou_binarized: 0.7511 - iou: 0.2627 - recall: 0.5721 - precision: 0.3306 - F1_score: 0.4140 - s_loss: 0.1688 - t_loss: 1.7682 - dist_loss: 0.3313 - loss: 0.3675 - 4s/epoch - 178ms/step
Epoch 48/300
epoch ends.
20/20 - 4s - iou_binarized: 0.7538 - iou: 0.2631 - recall: 0.5727 - precision: 0.3310 - F1_score: 0.4145 - s_loss: 0.1685 - t_loss: 1.7682 - dist_loss: 0.3312 - loss: 0.3673 - 4s/epoch - 178ms/step
Epoch 49/300
epoch ends.
20/20 - 3s - iou_binarized: 0.7565 - iou: 0.2635 - recall: 0.5733 - precision: 0.3314 - F1_score: 0.4150 - s_loss: 0.1683 - t_loss: 1.7682 - dist_loss: 0.3311 - loss: 0.3670 - 3s/epoch - 175ms/step
Epoch 50/300
epoch ends.
20/20 - 4s - iou_binarized: 0.7590 - iou: 0.2639 - recall: 0.5739 - precision: 0.3317 - F1_score: 0.4154 - s_loss: 0.1681 - t_loss: 1.7682 - dist_loss: 0.3310 - loss: 0.3667 - 4s/epoch - 176ms/step
Epoch 51/300
epoch ends.
20/20 - 4s - iou_binarized: 0.7616 - iou: 0.2642 - recall: 0.5745 - precision: 0.3321 - F1_score: 0.4159 - s_loss: 0.1679 - t_loss: 1.7682 - dist_loss: 0.3309 - loss: 0.3665 - 4s/epoch - 176ms/step
Epoch 52/300
epoch ends.
20/20 - 4s - iou_binarized: 0.7640 - iou: 0.2646 - recall: 0.5750 - precision: 0.3325 - F1_score: 0.4163 - s_loss: 0.1677 - t_loss: 1.7682 - dist_loss: 0.3308 - loss: 0.3662 - 4s/epoch - 180ms/step
Epoch 53/300
epoch ends.
20/20 - 4s - iou_binarized: 0.7664 - iou: 0.2649 - recall: 0.5756 - precision: 0.3328 - F1_score: 0.4167 - s_loss: 0.1676 - t_loss: 1.7682 - dist_loss: 0.3307 - loss: 0.3660 - 4s/epoch - 176ms/step
Epoch 54/300
epoch ends.
20/20 - 4s - iou_binarized: 0.7687 - iou: 0.2652 - recall: 0.5761 - precision: 0.3331 - F1_score: 0.4171 - s_loss: 0.1674 - t_loss: 1.7682 - dist_loss: 0.3305 - loss: 0.3657 - 4s/epoch - 179ms/step
Epoch 55/300
epoch ends.
20/20 - 4s - iou_binarized: 0.7711 - iou: 0.2656 - recall: 0.5766 - precision: 0.3334 - F1_score: 0.4175 - s_loss: 0.1672 - t_loss: 1.7682 - dist_loss: 0.3304 - loss: 0.3655 - 4s/epoch - 180ms/step
Epoch 56/300
epoch ends.
20/20 - 4s - iou_binarized: 0.7733 - iou: 0.2659 - recall: 0.5771 - precision: 0.3338 - F1_score: 0.4179 - s_loss: 0.1671 - t_loss: 1.7682 - dist_loss: 0.3303 - loss: 0.3653 - 4s/epoch - 178ms/step
Epoch 57/300
epoch ends.
20/20 - 4s - iou_binarized: 0.7755 - iou: 0.2662 - recall: 0.5776 - precision: 0.3341 - F1_score: 0.4183 - s_loss: 0.1670 - t_loss: 1.7682 - dist_loss: 0.3301 - loss: 0.3650 - 4s/epoch - 181ms/step
Epoch 58/300
epoch ends.
20/20 - 4s - iou_binarized: 0.7777 - iou: 0.2665 - recall: 0.5781 - precision: 0.3344 - F1_score: 0.4187 - s_loss: 0.1668 - t_loss: 1.7682 - dist_loss: 0.3300 - loss: 0.3648 - 4s/epoch - 177ms/step
Epoch 59/300
epoch ends.
20/20 - 4s - iou_binarized: 0.7798 - iou: 0.2668 - recall: 0.5786 - precision: 0.3347 - F1_score: 0.4190 - s_loss: 0.1667 - t_loss: 1.7682 - dist_loss: 0.3298 - loss: 0.3646 - 4s/epoch - 176ms/step
Epoch 60/300
epoch ends.
20/20 - 4s - iou_binarized: 0.7819 - iou: 0.2671 - recall: 0.5790 - precision: 0.3350 - F1_score: 0.4194 - s_loss: 0.1666 - t_loss: 1.7682 - dist_loss: 0.3297 - loss: 0.3644 - 4s/epoch - 178ms/step
Epoch 61/300
epoch ends.
20/20 - 4s - iou_binarized: 0.7839 - iou: 0.2674 - recall: 0.5795 - precision: 0.3352 - F1_score: 0.4197 - s_loss: 0.1665 - t_loss: 1.7682 - dist_loss: 0.3295 - loss: 0.3642 - 4s/epoch - 175ms/step
Epoch 62/300
epoch ends.
20/20 - 4s - iou_binarized: 0.7859 - iou: 0.2677 - recall: 0.5799 - precision: 0.3355 - F1_score: 0.4201 - s_loss: 0.1664 - t_loss: 1.7682 - dist_loss: 0.3294 - loss: 0.3640 - 4s/epoch - 178ms/step
Epoch 63/300
epoch ends.
20/20 - 3s - iou_binarized: 0.7878 - iou: 0.2679 - recall: 0.5804 - precision: 0.3358 - F1_score: 0.4204 - s_loss: 0.1663 - t_loss: 1.7682 - dist_loss: 0.3292 - loss: 0.3638 - 3s/epoch - 174ms/step
Epoch 64/300
epoch ends.
20/20 - 4s - iou_binarized: 0.7896 - iou: 0.2682 - recall: 0.5808 - precision: 0.3361 - F1_score: 0.4207 - s_loss: 0.1662 - t_loss: 1.7682 - dist_loss: 0.3290 - loss: 0.3636 - 4s/epoch - 177ms/step
Epoch 65/300
epoch ends.
20/20 - 4s - iou_binarized: 0.7915 - iou: 0.2685 - recall: 0.5812 - precision: 0.3363 - F1_score: 0.4211 - s_loss: 0.1661 - t_loss: 1.7682 - dist_loss: 0.3289 - loss: 0.3634 - 4s/epoch - 180ms/step
Epoch 66/300
epoch ends.
20/20 - 4s - iou_binarized: 0.7933 - iou: 0.2687 - recall: 0.5816 - precision: 0.3366 - F1_score: 0.4214 - s_loss: 0.1660 - t_loss: 1.7682 - dist_loss: 0.3287 - loss: 0.3632 - 4s/epoch - 178ms/step
Epoch 67/300
epoch ends.
20/20 - 4s - iou_binarized: 0.7950 - iou: 0.2690 - recall: 0.5820 - precision: 0.3368 - F1_score: 0.4217 - s_loss: 0.1659 - t_loss: 1.7682 - dist_loss: 0.3286 - loss: 0.3631 - 4s/epoch - 175ms/step
Epoch 68/300
epoch ends.
20/20 - 4s - iou_binarized: 0.7967 - iou: 0.2692 - recall: 0.5824 - precision: 0.3371 - F1_score: 0.4220 - s_loss: 0.1659 - t_loss: 1.7682 - dist_loss: 0.3284 - loss: 0.3629 - 4s/epoch - 177ms/step
Epoch 69/300
epoch ends.
20/20 - 4s - iou_binarized: 0.7984 - iou: 0.2695 - recall: 0.5828 - precision: 0.3373 - F1_score: 0.4223 - s_loss: 0.1658 - t_loss: 1.7682 - dist_loss: 0.3283 - loss: 0.3627 - 4s/epoch - 180ms/step
Epoch 70/300
epoch ends.
20/20 - 4s - iou_binarized: 0.8000 - iou: 0.2697 - recall: 0.5832 - precision: 0.3376 - F1_score: 0.4226 - s_loss: 0.1657 - t_loss: 1.7682 - dist_loss: 0.3281 - loss: 0.3626 - 4s/epoch - 177ms/step
Epoch 71/300
epoch ends.
20/20 - 4s - iou_binarized: 0.8016 - iou: 0.2700 - recall: 0.5836 - precision: 0.3378 - F1_score: 0.4229 - s_loss: 0.1656 - t_loss: 1.7682 - dist_loss: 0.3280 - loss: 0.3624 - 4s/epoch - 181ms/step
Epoch 72/300
epoch ends.
20/20 - 4s - iou_binarized: 0.8031 - iou: 0.2702 - recall: 0.5839 - precision: 0.3380 - F1_score: 0.4232 - s_loss: 0.1656 - t_loss: 1.7682 - dist_loss: 0.3278 - loss: 0.3623 - 4s/epoch - 180ms/step
Epoch 73/300
epoch ends.
20/20 - 4s - iou_binarized: 0.8047 - iou: 0.2704 - recall: 0.5843 - precision: 0.3382 - F1_score: 0.4234 - s_loss: 0.1655 - t_loss: 1.7682 - dist_loss: 0.3277 - loss: 0.3621 - 4s/epoch - 178ms/step
Epoch 74/300
epoch ends.
20/20 - 3s - iou_binarized: 0.8062 - iou: 0.2707 - recall: 0.5847 - precision: 0.3385 - F1_score: 0.4237 - s_loss: 0.1654 - t_loss: 1.7682 - dist_loss: 0.3276 - loss: 0.3620 - 3s/epoch - 175ms/step
Epoch 75/300
epoch ends.
20/20 - 4s - iou_binarized: 0.8077 - iou: 0.2709 - recall: 0.5850 - precision: 0.3387 - F1_score: 0.4240 - s_loss: 0.1653 - t_loss: 1.7682 - dist_loss: 0.3275 - loss: 0.3618 - 4s/epoch - 177ms/step
Epoch 76/300
epoch ends.
20/20 - 4s - iou_binarized: 0.8092 - iou: 0.2711 - recall: 0.5854 - precision: 0.3389 - F1_score: 0.4242 - s_loss: 0.1653 - t_loss: 1.7682 - dist_loss: 0.3274 - loss: 0.3617 - 4s/epoch - 180ms/step
Epoch 77/300
epoch ends.
20/20 - 3s - iou_binarized: 0.8107 - iou: 0.2713 - recall: 0.5857 - precision: 0.3391 - F1_score: 0.4245 - s_loss: 0.1652 - t_loss: 1.7682 - dist_loss: 0.3272 - loss: 0.3615 - 3s/epoch - 175ms/step
Epoch 78/300
epoch ends.
20/20 - 4s - iou_binarized: 0.8120 - iou: 0.2715 - recall: 0.5861 - precision: 0.3393 - F1_score: 0.4248 - s_loss: 0.1651 - t_loss: 1.7682 - dist_loss: 0.3272 - loss: 0.3614 - 4s/epoch - 182ms/step
Epoch 79/300
epoch ends.
20/20 - 4s - iou_binarized: 0.8133 - iou: 0.2717 - recall: 0.5864 - precision: 0.3395 - F1_score: 0.4250 - s_loss: 0.1650 - t_loss: 1.7682 - dist_loss: 0.3271 - loss: 0.3613 - 4s/epoch - 177ms/step
Epoch 80/300
epoch ends.
20/20 - 4s - iou_binarized: 0.8147 - iou: 0.2719 - recall: 0.5867 - precision: 0.3397 - F1_score: 0.4253 - s_loss: 0.1649 - t_loss: 1.7682 - dist_loss: 0.3270 - loss: 0.3611 - 4s/epoch - 177ms/step
Epoch 81/300
epoch ends.
20/20 - 3s - iou_binarized: 0.8159 - iou: 0.2721 - recall: 0.5870 - precision: 0.3399 - F1_score: 0.4255 - s_loss: 0.1649 - t_loss: 1.7682 - dist_loss: 0.3269 - loss: 0.3610 - 3s/epoch - 175ms/step
Epoch 82/300
epoch ends.
20/20 - 4s - iou_binarized: 0.8172 - iou: 0.2723 - recall: 0.5874 - precision: 0.3401 - F1_score: 0.4258 - s_loss: 0.1648 - t_loss: 1.7682 - dist_loss: 0.3268 - loss: 0.3609 - 4s/epoch - 175ms/step
Epoch 83/300
epoch ends.
20/20 - 4s - iou_binarized: 0.8185 - iou: 0.2725 - recall: 0.5877 - precision: 0.3403 - F1_score: 0.4260 - s_loss: 0.1647 - t_loss: 1.7682 - dist_loss: 0.3268 - loss: 0.3608 - 4s/epoch - 176ms/step
Epoch 84/300
epoch ends.
20/20 - 4s - iou_binarized: 0.8197 - iou: 0.2727 - recall: 0.5880 - precision: 0.3405 - F1_score: 0.4263 - s_loss: 0.1646 - t_loss: 1.7682 - dist_loss: 0.3267 - loss: 0.3606 - 4s/epoch - 180ms/step
Epoch 85/300
epoch ends.
20/20 - 4s - iou_binarized: 0.8209 - iou: 0.2729 - recall: 0.5883 - precision: 0.3407 - F1_score: 0.4265 - s_loss: 0.1646 - t_loss: 1.7682 - dist_loss: 0.3266 - loss: 0.3605 - 4s/epoch - 177ms/step
Epoch 86/300
epoch ends.
20/20 - 4s - iou_binarized: 0.8221 - iou: 0.2731 - recall: 0.5886 - precision: 0.3409 - F1_score: 0.4267 - s_loss: 0.1645 - t_loss: 1.7682 - dist_loss: 0.3266 - loss: 0.3604 - 4s/epoch - 178ms/step
Epoch 87/300
epoch ends.
20/20 - 4s - iou_binarized: 0.8232 - iou: 0.2733 - recall: 0.5889 - precision: 0.3410 - F1_score: 0.4270 - s_loss: 0.1644 - t_loss: 1.7682 - dist_loss: 0.3265 - loss: 0.3603 - 4s/epoch - 178ms/step
Epoch 88/300
epoch ends.
20/20 - 4s - iou_binarized: 0.8244 - iou: 0.2735 - recall: 0.5892 - precision: 0.3412 - F1_score: 0.4272 - s_loss: 0.1643 - t_loss: 1.7682 - dist_loss: 0.3265 - loss: 0.3602 - 4s/epoch - 182ms/step
Epoch 89/300
epoch ends.
20/20 - 4s - iou_binarized: 0.8255 - iou: 0.2737 - recall: 0.5895 - precision: 0.3414 - F1_score: 0.4274 - s_loss: 0.1642 - t_loss: 1.7682 - dist_loss: 0.3264 - loss: 0.3601 - 4s/epoch - 182ms/step
Epoch 90/300
epoch ends.
20/20 - 4s - iou_binarized: 0.8265 - iou: 0.2739 - recall: 0.5898 - precision: 0.3416 - F1_score: 0.4276 - s_loss: 0.1641 - t_loss: 1.7682 - dist_loss: 0.3264 - loss: 0.3600 - 4s/epoch - 179ms/step
Epoch 91/300
epoch ends.
20/20 - 4s - iou_binarized: 0.8276 - iou: 0.2741 - recall: 0.5901 - precision: 0.3418 - F1_score: 0.4278 - s_loss: 0.1641 - t_loss: 1.7682 - dist_loss: 0.3264 - loss: 0.3599 - 4s/epoch - 179ms/step
Epoch 92/300
epoch ends.
20/20 - 4s - iou_binarized: 0.8287 - iou: 0.2742 - recall: 0.5904 - precision: 0.3419 - F1_score: 0.4281 - s_loss: 0.1640 - t_loss: 1.7682 - dist_loss: 0.3263 - loss: 0.3598 - 4s/epoch - 178ms/step
Epoch 93/300
epoch ends.
20/20 - 4s - iou_binarized: 0.8297 - iou: 0.2744 - recall: 0.5907 - precision: 0.3421 - F1_score: 0.4283 - s_loss: 0.1639 - t_loss: 1.7682 - dist_loss: 0.3263 - loss: 0.3597 - 4s/epoch - 178ms/step
Epoch 94/300
epoch ends.
20/20 - 4s - iou_binarized: 0.8307 - iou: 0.2746 - recall: 0.5910 - precision: 0.3423 - F1_score: 0.4285 - s_loss: 0.1638 - t_loss: 1.7682 - dist_loss: 0.3263 - loss: 0.3596 - 4s/epoch - 179ms/step
Epoch 95/300
epoch ends.
20/20 - 4s - iou_binarized: 0.8316 - iou: 0.2748 - recall: 0.5912 - precision: 0.3424 - F1_score: 0.4287 - s_loss: 0.1637 - t_loss: 1.7682 - dist_loss: 0.3263 - loss: 0.3595 - 4s/epoch - 179ms/step
Epoch 96/300
epoch ends.
20/20 - 4s - iou_binarized: 0.8326 - iou: 0.2749 - recall: 0.5915 - precision: 0.3426 - F1_score: 0.4289 - s_loss: 0.1637 - t_loss: 1.7682 - dist_loss: 0.3262 - loss: 0.3594 - 4s/epoch - 176ms/step
Epoch 97/300
epoch ends.
20/20 - 4s - iou_binarized: 0.8336 - iou: 0.2751 - recall: 0.5918 - precision: 0.3428 - F1_score: 0.4291 - s_loss: 0.1636 - t_loss: 1.7682 - dist_loss: 0.3262 - loss: 0.3593 - 4s/epoch - 178ms/step
Epoch 98/300
epoch ends.
20/20 - 4s - iou_binarized: 0.8346 - iou: 0.2753 - recall: 0.5920 - precision: 0.3429 - F1_score: 0.4293 - s_loss: 0.1635 - t_loss: 1.7682 - dist_loss: 0.3262 - loss: 0.3592 - 4s/epoch - 176ms/step
Epoch 99/300
epoch ends.
20/20 - 4s - iou_binarized: 0.8355 - iou: 0.2754 - recall: 0.5923 - precision: 0.3431 - F1_score: 0.4295 - s_loss: 0.1634 - t_loss: 1.7682 - dist_loss: 0.3262 - loss: 0.3591 - 4s/epoch - 178ms/step
Epoch 100/300
epoch ends.
20/20 - 4s - iou_binarized: 0.8363 - iou: 0.2756 - recall: 0.5926 - precision: 0.3432 - F1_score: 0.4297 - s_loss: 0.1633 - t_loss: 1.7682 - dist_loss: 0.3262 - loss: 0.3590 - 4s/epoch - 177ms/step
Epoch 101/300
epoch ends.
20/20 - 4s - iou_binarized: 0.8372 - iou: 0.2758 - recall: 0.5928 - precision: 0.3434 - F1_score: 0.4299 - s_loss: 0.1632 - t_loss: 1.7682 - dist_loss: 0.3262 - loss: 0.3590 - 4s/epoch - 184ms/step
Epoch 102/300
epoch ends.
20/20 - 4s - iou_binarized: 0.8381 - iou: 0.2759 - recall: 0.5931 - precision: 0.3435 - F1_score: 0.4301 - s_loss: 0.1631 - t_loss: 1.7682 - dist_loss: 0.3262 - loss: 0.3589 - 4s/epoch - 180ms/step
Epoch 103/300
epoch ends.
20/20 - 3s - iou_binarized: 0.8391 - iou: 0.2761 - recall: 0.5934 - precision: 0.3437 - F1_score: 0.4303 - s_loss: 0.1631 - t_loss: 1.7682 - dist_loss: 0.3262 - loss: 0.3588 - 3s/epoch - 174ms/step
Epoch 104/300
epoch ends.
20/20 - 4s - iou_binarized: 0.8399 - iou: 0.2763 - recall: 0.5936 - precision: 0.3439 - F1_score: 0.4305 - s_loss: 0.1630 - t_loss: 1.7682 - dist_loss: 0.3262 - loss: 0.3587 - 4s/epoch - 187ms/step
Epoch 105/300
epoch ends.
20/20 - 4s - iou_binarized: 0.8408 - iou: 0.2764 - recall: 0.5939 - precision: 0.3440 - F1_score: 0.4307 - s_loss: 0.1629 - t_loss: 1.7682 - dist_loss: 0.3262 - loss: 0.3586 - 4s/epoch - 178ms/step
Epoch 106/300
epoch ends.
20/20 - 4s - iou_binarized: 0.8416 - iou: 0.2766 - recall: 0.5941 - precision: 0.3442 - F1_score: 0.4309 - s_loss: 0.1628 - t_loss: 1.7682 - dist_loss: 0.3262 - loss: 0.3585 - 4s/epoch - 185ms/step
Epoch 107/300
epoch ends.
20/20 - 4s - iou_binarized: 0.8425 - iou: 0.2767 - recall: 0.5944 - precision: 0.3443 - F1_score: 0.4311 - s_loss: 0.1627 - t_loss: 1.7682 - dist_loss: 0.3263 - loss: 0.3585 - 4s/epoch - 176ms/step
Epoch 108/300
epoch ends.
20/20 - 3s - iou_binarized: 0.8433 - iou: 0.2769 - recall: 0.5946 - precision: 0.3445 - F1_score: 0.4313 - s_loss: 0.1626 - t_loss: 1.7682 - dist_loss: 0.3263 - loss: 0.3584 - 3s/epoch - 174ms/step
Epoch 109/300
epoch ends.
20/20 - 4s - iou_binarized: 0.8441 - iou: 0.2771 - recall: 0.5949 - precision: 0.3446 - F1_score: 0.4315 - s_loss: 0.1625 - t_loss: 1.7682 - dist_loss: 0.3263 - loss: 0.3583 - 4s/epoch - 179ms/step
Epoch 110/300
epoch ends.
20/20 - 4s - iou_binarized: 0.8449 - iou: 0.2772 - recall: 0.5951 - precision: 0.3448 - F1_score: 0.4317 - s_loss: 0.1624 - t_loss: 1.7682 - dist_loss: 0.3263 - loss: 0.3582 - 4s/epoch - 179ms/step
Epoch 111/300
epoch ends.
20/20 - 4s - iou_binarized: 0.8457 - iou: 0.2774 - recall: 0.5953 - precision: 0.3449 - F1_score: 0.4318 - s_loss: 0.1623 - t_loss: 1.7682 - dist_loss: 0.3263 - loss: 0.3581 - 4s/epoch - 175ms/step
Epoch 112/300
epoch ends.
20/20 - 4s - iou_binarized: 0.8465 - iou: 0.2775 - recall: 0.5956 - precision: 0.3451 - F1_score: 0.4320 - s_loss: 0.1622 - t_loss: 1.7682 - dist_loss: 0.3264 - loss: 0.3580 - 4s/epoch - 176ms/step
Epoch 113/300
epoch ends.
20/20 - 3s - iou_binarized: 0.8473 - iou: 0.2777 - recall: 0.5958 - precision: 0.3452 - F1_score: 0.4322 - s_loss: 0.1621 - t_loss: 1.7682 - dist_loss: 0.3264 - loss: 0.3579 - 3s/epoch - 173ms/step
Epoch 114/300
epoch ends.
20/20 - 4s - iou_binarized: 0.8481 - iou: 0.2778 - recall: 0.5961 - precision: 0.3453 - F1_score: 0.4324 - s_loss: 0.1620 - t_loss: 1.7682 - dist_loss: 0.3264 - loss: 0.3579 - 4s/epoch - 178ms/step
Epoch 115/300
epoch ends.
20/20 - 4s - iou_binarized: 0.8489 - iou: 0.2779 - recall: 0.5963 - precision: 0.3455 - F1_score: 0.4325 - s_loss: 0.1619 - t_loss: 1.7682 - dist_loss: 0.3264 - loss: 0.3578 - 4s/epoch - 179ms/step
Epoch 116/300
epoch ends.
20/20 - 4s - iou_binarized: 0.8496 - iou: 0.2781 - recall: 0.5965 - precision: 0.3456 - F1_score: 0.4327 - s_loss: 0.1618 - t_loss: 1.7682 - dist_loss: 0.3265 - loss: 0.3577 - 4s/epoch - 178ms/step
Epoch 117/300
epoch ends.
20/20 - 4s - iou_binarized: 0.8504 - iou: 0.2782 - recall: 0.5967 - precision: 0.3458 - F1_score: 0.4329 - s_loss: 0.1617 - t_loss: 1.7682 - dist_loss: 0.3265 - loss: 0.3576 - 4s/epoch - 180ms/step
Epoch 118/300
epoch ends.
20/20 - 4s - iou_binarized: 0.8511 - iou: 0.2784 - recall: 0.5970 - precision: 0.3459 - F1_score: 0.4331 - s_loss: 0.1616 - t_loss: 1.7682 - dist_loss: 0.3265 - loss: 0.3576 - 4s/epoch - 177ms/step
Epoch 119/300
epoch ends.
20/20 - 3s - iou_binarized: 0.8518 - iou: 0.2785 - recall: 0.5972 - precision: 0.3460 - F1_score: 0.4332 - s_loss: 0.1615 - t_loss: 1.7682 - dist_loss: 0.3265 - loss: 0.3575 - 3s/epoch - 175ms/step
Epoch 120/300
epoch ends.
20/20 - 4s - iou_binarized: 0.8525 - iou: 0.2786 - recall: 0.5974 - precision: 0.3462 - F1_score: 0.4334 - s_loss: 0.1615 - t_loss: 1.7682 - dist_loss: 0.3266 - loss: 0.3574 - 4s/epoch - 178ms/step
Epoch 121/300
epoch ends.
20/20 - 4s - iou_binarized: 0.8533 - iou: 0.2788 - recall: 0.5976 - precision: 0.3463 - F1_score: 0.4335 - s_loss: 0.1614 - t_loss: 1.7682 - dist_loss: 0.3266 - loss: 0.3573 - 4s/epoch - 179ms/step
Epoch 122/300
epoch ends.
20/20 - 4s - iou_binarized: 0.8540 - iou: 0.2789 - recall: 0.5978 - precision: 0.3464 - F1_score: 0.4337 - s_loss: 0.1613 - t_loss: 1.7682 - dist_loss: 0.3266 - loss: 0.3573 - 4s/epoch - 179ms/step
Epoch 123/300
epoch ends.
20/20 - 3s - iou_binarized: 0.8547 - iou: 0.2790 - recall: 0.5981 - precision: 0.3466 - F1_score: 0.4339 - s_loss: 0.1612 - t_loss: 1.7682 - dist_loss: 0.3267 - loss: 0.3572 - 3s/epoch - 175ms/step
Epoch 124/300
epoch ends.
20/20 - 4s - iou_binarized: 0.8553 - iou: 0.2792 - recall: 0.5983 - precision: 0.3467 - F1_score: 0.4340 - s_loss: 0.1611 - t_loss: 1.7682 - dist_loss: 0.3267 - loss: 0.3571 - 4s/epoch - 176ms/step
Epoch 125/300
epoch ends.
20/20 - 4s - iou_binarized: 0.8560 - iou: 0.2793 - recall: 0.5985 - precision: 0.3468 - F1_score: 0.4342 - s_loss: 0.1610 - t_loss: 1.7682 - dist_loss: 0.3267 - loss: 0.3570 - 4s/epoch - 182ms/step
Epoch 126/300
epoch ends.
20/20 - 4s - iou_binarized: 0.8566 - iou: 0.2794 - recall: 0.5987 - precision: 0.3469 - F1_score: 0.4343 - s_loss: 0.1609 - t_loss: 1.7682 - dist_loss: 0.3267 - loss: 0.3570 - 4s/epoch - 180ms/step
Epoch 127/300
epoch ends.
20/20 - 4s - iou_binarized: 0.8573 - iou: 0.2795 - recall: 0.5989 - precision: 0.3471 - F1_score: 0.4345 - s_loss: 0.1609 - t_loss: 1.7682 - dist_loss: 0.3268 - loss: 0.3569 - 4s/epoch - 180ms/step
Epoch 128/300
epoch ends.
20/20 - 4s - iou_binarized: 0.8579 - iou: 0.2797 - recall: 0.5991 - precision: 0.3472 - F1_score: 0.4346 - s_loss: 0.1608 - t_loss: 1.7682 - dist_loss: 0.3268 - loss: 0.3569 - 4s/epoch - 175ms/step
Epoch 129/300
epoch ends.
20/20 - 4s - iou_binarized: 0.8585 - iou: 0.2798 - recall: 0.5993 - precision: 0.3473 - F1_score: 0.4348 - s_loss: 0.1607 - t_loss: 1.7682 - dist_loss: 0.3268 - loss: 0.3568 - 4s/epoch - 178ms/step
Epoch 130/300
epoch ends.
20/20 - 4s - iou_binarized: 0.8592 - iou: 0.2799 - recall: 0.5995 - precision: 0.3474 - F1_score: 0.4349 - s_loss: 0.1606 - t_loss: 1.7682 - dist_loss: 0.3268 - loss: 0.3567 - 4s/epoch - 176ms/step
Epoch 131/300
epoch ends.
20/20 - 3s - iou_binarized: 0.8598 - iou: 0.2800 - recall: 0.5997 - precision: 0.3475 - F1_score: 0.4351 - s_loss: 0.1606 - t_loss: 1.7682 - dist_loss: 0.3269 - loss: 0.3567 - 3s/epoch - 175ms/step
Epoch 132/300
epoch ends.
20/20 - 4s - iou_binarized: 0.8604 - iou: 0.2801 - recall: 0.5998 - precision: 0.3477 - F1_score: 0.4352 - s_loss: 0.1605 - t_loss: 1.7682 - dist_loss: 0.3269 - loss: 0.3566 - 4s/epoch - 178ms/step
Epoch 133/300
epoch ends.
20/20 - 4s - iou_binarized: 0.8610 - iou: 0.2803 - recall: 0.6000 - precision: 0.3478 - F1_score: 0.4353 - s_loss: 0.1604 - t_loss: 1.7682 - dist_loss: 0.3269 - loss: 0.3566 - 4s/epoch - 176ms/step
Epoch 134/300
epoch ends.
20/20 - 4s - iou_binarized: 0.8616 - iou: 0.2804 - recall: 0.6002 - precision: 0.3479 - F1_score: 0.4355 - s_loss: 0.1603 - t_loss: 1.7682 - dist_loss: 0.3269 - loss: 0.3565 - 4s/epoch - 176ms/step
Epoch 135/300
epoch ends.
20/20 - 3s - iou_binarized: 0.8622 - iou: 0.2805 - recall: 0.6004 - precision: 0.3480 - F1_score: 0.4356 - s_loss: 0.1603 - t_loss: 1.7682 - dist_loss: 0.3270 - loss: 0.3564 - 3s/epoch - 171ms/step
Epoch 136/300
epoch ends.
20/20 - 3s - iou_binarized: 0.8628 - iou: 0.2806 - recall: 0.6006 - precision: 0.3481 - F1_score: 0.4358 - s_loss: 0.1602 - t_loss: 1.7682 - dist_loss: 0.3270 - loss: 0.3564 - 3s/epoch - 175ms/step
Epoch 137/300
epoch ends.
20/20 - 4s - iou_binarized: 0.8633 - iou: 0.2807 - recall: 0.6007 - precision: 0.3482 - F1_score: 0.4359 - s_loss: 0.1601 - t_loss: 1.7682 - dist_loss: 0.3270 - loss: 0.3563 - 4s/epoch - 179ms/step
Epoch 138/300
epoch ends.
20/20 - 4s - iou_binarized: 0.8639 - iou: 0.2808 - recall: 0.6009 - precision: 0.3483 - F1_score: 0.4360 - s_loss: 0.1601 - t_loss: 1.7682 - dist_loss: 0.3270 - loss: 0.3563 - 4s/epoch - 180ms/step
Epoch 139/300
epoch ends.
20/20 - 4s - iou_binarized: 0.8645 - iou: 0.2809 - recall: 0.6011 - precision: 0.3484 - F1_score: 0.4362 - s_loss: 0.1600 - t_loss: 1.7682 - dist_loss: 0.3270 - loss: 0.3562 - 4s/epoch - 181ms/step
Epoch 140/300
epoch ends.
20/20 - 4s - iou_binarized: 0.8650 - iou: 0.2810 - recall: 0.6013 - precision: 0.3485 - F1_score: 0.4363 - s_loss: 0.1600 - t_loss: 1.7682 - dist_loss: 0.3270 - loss: 0.3562 - 4s/epoch - 179ms/step
Epoch 141/300
epoch ends.
20/20 - 4s - iou_binarized: 0.8656 - iou: 0.2811 - recall: 0.6014 - precision: 0.3486 - F1_score: 0.4364 - s_loss: 0.1599 - t_loss: 1.7682 - dist_loss: 0.3271 - loss: 0.3561 - 4s/epoch - 180ms/step
Epoch 142/300
epoch ends.
20/20 - 4s - iou_binarized: 0.8661 - iou: 0.2812 - recall: 0.6016 - precision: 0.3487 - F1_score: 0.4365 - s_loss: 0.1598 - t_loss: 1.7682 - dist_loss: 0.3271 - loss: 0.3561 - 4s/epoch - 176ms/step
Epoch 143/300
epoch ends.
20/20 - 4s - iou_binarized: 0.8667 - iou: 0.2813 - recall: 0.6018 - precision: 0.3488 - F1_score: 0.4367 - s_loss: 0.1598 - t_loss: 1.7682 - dist_loss: 0.3271 - loss: 0.3560 - 4s/epoch - 176ms/step
Epoch 144/300
epoch ends.
20/20 - 4s - iou_binarized: 0.8672 - iou: 0.2814 - recall: 0.6019 - precision: 0.3489 - F1_score: 0.4368 - s_loss: 0.1597 - t_loss: 1.7682 - dist_loss: 0.3271 - loss: 0.3560 - 4s/epoch - 178ms/step
Epoch 145/300
epoch ends.
20/20 - 4s - iou_binarized: 0.8677 - iou: 0.2815 - recall: 0.6021 - precision: 0.3490 - F1_score: 0.4369 - s_loss: 0.1597 - t_loss: 1.7682 - dist_loss: 0.3271 - loss: 0.3559 - 4s/epoch - 176ms/step
Epoch 146/300
epoch ends.
20/20 - 4s - iou_binarized: 0.8683 - iou: 0.2816 - recall: 0.6022 - precision: 0.3491 - F1_score: 0.4370 - s_loss: 0.1596 - t_loss: 1.7682 - dist_loss: 0.3271 - loss: 0.3559 - 4s/epoch - 180ms/step
Epoch 147/300
epoch ends.
20/20 - 4s - iou_binarized: 0.8688 - iou: 0.2817 - recall: 0.6024 - precision: 0.3492 - F1_score: 0.4371 - s_loss: 0.1596 - t_loss: 1.7682 - dist_loss: 0.3271 - loss: 0.3558 - 4s/epoch - 178ms/step
Epoch 148/300
epoch ends.
20/20 - 4s - iou_binarized: 0.8693 - iou: 0.2818 - recall: 0.6026 - precision: 0.3493 - F1_score: 0.4373 - s_loss: 0.1595 - t_loss: 1.7682 - dist_loss: 0.3271 - loss: 0.3558 - 4s/epoch - 176ms/step
Epoch 149/300
epoch ends.
20/20 - 4s - iou_binarized: 0.8698 - iou: 0.2819 - recall: 0.6027 - precision: 0.3494 - F1_score: 0.4374 - s_loss: 0.1595 - t_loss: 1.7682 - dist_loss: 0.3271 - loss: 0.3557 - 4s/epoch - 180ms/step
Epoch 150/300
epoch ends.
20/20 - 4s - iou_binarized: 0.8703 - iou: 0.2820 - recall: 0.6029 - precision: 0.3495 - F1_score: 0.4375 - s_loss: 0.1594 - t_loss: 1.7682 - dist_loss: 0.3271 - loss: 0.3557 - 4s/epoch - 176ms/step
Epoch 151/300
epoch ends.
20/20 - 4s - iou_binarized: 0.8708 - iou: 0.2821 - recall: 0.6030 - precision: 0.3496 - F1_score: 0.4376 - s_loss: 0.1594 - t_loss: 1.7682 - dist_loss: 0.3271 - loss: 0.3556 - 4s/epoch - 177ms/step
Epoch 152/300
epoch ends.
20/20 - 4s - iou_binarized: 0.8713 - iou: 0.2822 - recall: 0.6031 - precision: 0.3497 - F1_score: 0.4377 - s_loss: 0.1593 - t_loss: 1.7682 - dist_loss: 0.3271 - loss: 0.3556 - 4s/epoch - 181ms/step
Epoch 153/300
epoch ends.
20/20 - 4s - iou_binarized: 0.8718 - iou: 0.2823 - recall: 0.6033 - precision: 0.3498 - F1_score: 0.4378 - s_loss: 0.1593 - t_loss: 1.7682 - dist_loss: 0.3271 - loss: 0.3556 - 4s/epoch - 176ms/step
Epoch 154/300
epoch ends.
20/20 - 4s - iou_binarized: 0.8723 - iou: 0.2824 - recall: 0.6034 - precision: 0.3499 - F1_score: 0.4379 - s_loss: 0.1593 - t_loss: 1.7682 - dist_loss: 0.3271 - loss: 0.3555 - 4s/epoch - 181ms/step
Epoch 155/300
epoch ends.
20/20 - 4s - iou_binarized: 0.8727 - iou: 0.2825 - recall: 0.6036 - precision: 0.3499 - F1_score: 0.4380 - s_loss: 0.1592 - t_loss: 1.7682 - dist_loss: 0.3271 - loss: 0.3555 - 4s/epoch - 181ms/step
Epoch 156/300
epoch ends.
20/20 - 4s - iou_binarized: 0.8732 - iou: 0.2826 - recall: 0.6037 - precision: 0.3500 - F1_score: 0.4381 - s_loss: 0.1592 - t_loss: 1.7682 - dist_loss: 0.3271 - loss: 0.3554 - 4s/epoch - 178ms/step
Epoch 157/300
epoch ends.
20/20 - 4s - iou_binarized: 0.8737 - iou: 0.2827 - recall: 0.6039 - precision: 0.3501 - F1_score: 0.4383 - s_loss: 0.1592 - t_loss: 1.7682 - dist_loss: 0.3270 - loss: 0.3554 - 4s/epoch - 178ms/step
Epoch 158/300
epoch ends.
20/20 - 4s - iou_binarized: 0.8742 - iou: 0.2828 - recall: 0.6040 - precision: 0.3502 - F1_score: 0.4384 - s_loss: 0.1591 - t_loss: 1.7682 - dist_loss: 0.3270 - loss: 0.3553 - 4s/epoch - 179ms/step
Epoch 159/300
epoch ends.
20/20 - 4s - iou_binarized: 0.8746 - iou: 0.2828 - recall: 0.6041 - precision: 0.3503 - F1_score: 0.4385 - s_loss: 0.1591 - t_loss: 1.7682 - dist_loss: 0.3270 - loss: 0.3553 - 4s/epoch - 177ms/step
Epoch 160/300
epoch ends.
20/20 - 4s - iou_binarized: 0.8751 - iou: 0.2829 - recall: 0.6042 - precision: 0.3504 - F1_score: 0.4386 - s_loss: 0.1591 - t_loss: 1.7682 - dist_loss: 0.3270 - loss: 0.3552 - 4s/epoch - 176ms/step
Epoch 161/300
epoch ends.
20/20 - 4s - iou_binarized: 0.8756 - iou: 0.2830 - recall: 0.6044 - precision: 0.3505 - F1_score: 0.4387 - s_loss: 0.1590 - t_loss: 1.7682 - dist_loss: 0.3270 - loss: 0.3552 - 4s/epoch - 178ms/step
Epoch 162/300
epoch ends.
20/20 - 4s - iou_binarized: 0.8760 - iou: 0.2831 - recall: 0.6045 - precision: 0.3505 - F1_score: 0.4388 - s_loss: 0.1590 - t_loss: 1.7682 - dist_loss: 0.3269 - loss: 0.3551 - 4s/epoch - 183ms/step
Epoch 163/300
epoch ends.
20/20 - 4s - iou_binarized: 0.8764 - iou: 0.2832 - recall: 0.6046 - precision: 0.3506 - F1_score: 0.4389 - s_loss: 0.1590 - t_loss: 1.7682 - dist_loss: 0.3269 - loss: 0.3551 - 4s/epoch - 180ms/step
Epoch 164/300
epoch ends.
20/20 - 4s - iou_binarized: 0.8769 - iou: 0.2833 - recall: 0.6048 - precision: 0.3507 - F1_score: 0.4390 - s_loss: 0.1589 - t_loss: 1.7682 - dist_loss: 0.3269 - loss: 0.3551 - 4s/epoch - 177ms/step
Epoch 165/300
epoch ends.
20/20 - 4s - iou_binarized: 0.8773 - iou: 0.2833 - recall: 0.6049 - precision: 0.3508 - F1_score: 0.4391 - s_loss: 0.1589 - t_loss: 1.7682 - dist_loss: 0.3269 - loss: 0.3550 - 4s/epoch - 175ms/step
Epoch 166/300
epoch ends.
20/20 - 4s - iou_binarized: 0.8777 - iou: 0.2834 - recall: 0.6050 - precision: 0.3509 - F1_score: 0.4392 - s_loss: 0.1589 - t_loss: 1.7682 - dist_loss: 0.3268 - loss: 0.3550 - 4s/epoch - 186ms/step
Epoch 167/300
epoch ends.
20/20 - 4s - iou_binarized: 0.8782 - iou: 0.2835 - recall: 0.6051 - precision: 0.3509 - F1_score: 0.4392 - s_loss: 0.1588 - t_loss: 1.7682 - dist_loss: 0.3268 - loss: 0.3549 - 4s/epoch - 176ms/step
Epoch 168/300
epoch ends.
20/20 - 4s - iou_binarized: 0.8786 - iou: 0.2836 - recall: 0.6052 - precision: 0.3510 - F1_score: 0.4393 - s_loss: 0.1588 - t_loss: 1.7682 - dist_loss: 0.3268 - loss: 0.3549 - 4s/epoch - 178ms/step
Epoch 169/300
epoch ends.
20/20 - 4s - iou_binarized: 0.8790 - iou: 0.2837 - recall: 0.6054 - precision: 0.3511 - F1_score: 0.4394 - s_loss: 0.1588 - t_loss: 1.7682 - dist_loss: 0.3268 - loss: 0.3548 - 4s/epoch - 177ms/step
Epoch 170/300
epoch ends.
20/20 - 4s - iou_binarized: 0.8795 - iou: 0.2837 - recall: 0.6055 - precision: 0.3512 - F1_score: 0.4395 - s_loss: 0.1587 - t_loss: 1.7682 - dist_loss: 0.3268 - loss: 0.3548 - 4s/epoch - 178ms/step
Epoch 171/300
epoch ends.
20/20 - 4s - iou_binarized: 0.8799 - iou: 0.2838 - recall: 0.6056 - precision: 0.3512 - F1_score: 0.4396 - s_loss: 0.1587 - t_loss: 1.7682 - dist_loss: 0.3268 - loss: 0.3548 - 4s/epoch - 179ms/step
Epoch 172/300
epoch ends.
20/20 - 4s - iou_binarized: 0.8803 - iou: 0.2839 - recall: 0.6057 - precision: 0.3513 - F1_score: 0.4397 - s_loss: 0.1587 - t_loss: 1.7682 - dist_loss: 0.3267 - loss: 0.3547 - 4s/epoch - 179ms/step
Epoch 173/300
epoch ends.
20/20 - 4s - iou_binarized: 0.8808 - iou: 0.2840 - recall: 0.6058 - precision: 0.3514 - F1_score: 0.4398 - s_loss: 0.1586 - t_loss: 1.7682 - dist_loss: 0.3267 - loss: 0.3547 - 4s/epoch - 178ms/step
Epoch 174/300
epoch ends.
20/20 - 4s - iou_binarized: 0.8812 - iou: 0.2840 - recall: 0.6059 - precision: 0.3514 - F1_score: 0.4399 - s_loss: 0.1586 - t_loss: 1.7682 - dist_loss: 0.3267 - loss: 0.3546 - 4s/epoch - 181ms/step
Epoch 175/300
epoch ends.
20/20 - 4s - iou_binarized: 0.8816 - iou: 0.2841 - recall: 0.6060 - precision: 0.3515 - F1_score: 0.4400 - s_loss: 0.1586 - t_loss: 1.7682 - dist_loss: 0.3267 - loss: 0.3546 - 4s/epoch - 179ms/step
Epoch 176/300
epoch ends.
20/20 - 4s - iou_binarized: 0.8820 - iou: 0.2842 - recall: 0.6061 - precision: 0.3516 - F1_score: 0.4400 - s_loss: 0.1585 - t_loss: 1.7682 - dist_loss: 0.3267 - loss: 0.3545 - 4s/epoch - 179ms/step
Epoch 177/300
epoch ends.
20/20 - 4s - iou_binarized: 0.8824 - iou: 0.2842 - recall: 0.6062 - precision: 0.3517 - F1_score: 0.4401 - s_loss: 0.1585 - t_loss: 1.7682 - dist_loss: 0.3267 - loss: 0.3545 - 4s/epoch - 178ms/step
Epoch 178/300
epoch ends.
20/20 - 4s - iou_binarized: 0.8828 - iou: 0.2843 - recall: 0.6063 - precision: 0.3517 - F1_score: 0.4402 - s_loss: 0.1584 - t_loss: 1.7682 - dist_loss: 0.3267 - loss: 0.3545 - 4s/epoch - 177ms/step
Epoch 179/300
epoch ends.
20/20 - 4s - iou_binarized: 0.8832 - iou: 0.2844 - recall: 0.6064 - precision: 0.3518 - F1_score: 0.4403 - s_loss: 0.1584 - t_loss: 1.7682 - dist_loss: 0.3267 - loss: 0.3544 - 4s/epoch - 180ms/step
Epoch 180/300
epoch ends.
20/20 - 4s - iou_binarized: 0.8836 - iou: 0.2844 - recall: 0.6065 - precision: 0.3519 - F1_score: 0.4404 - s_loss: 0.1583 - t_loss: 1.7682 - dist_loss: 0.3267 - loss: 0.3544 - 4s/epoch - 177ms/step
Epoch 181/300
epoch ends.
20/20 - 4s - iou_binarized: 0.8840 - iou: 0.2845 - recall: 0.6066 - precision: 0.3519 - F1_score: 0.4405 - s_loss: 0.1583 - t_loss: 1.7682 - dist_loss: 0.3267 - loss: 0.3543 - 4s/epoch - 179ms/step
Epoch 182/300
epoch ends.
20/20 - 4s - iou_binarized: 0.8843 - iou: 0.2846 - recall: 0.6067 - precision: 0.3520 - F1_score: 0.4405 - s_loss: 0.1582 - t_loss: 1.7682 - dist_loss: 0.3267 - loss: 0.3543 - 4s/epoch - 178ms/step
Epoch 183/300
epoch ends.
20/20 - 4s - iou_binarized: 0.8847 - iou: 0.2846 - recall: 0.6068 - precision: 0.3520 - F1_score: 0.4406 - s_loss: 0.1582 - t_loss: 1.7682 - dist_loss: 0.3267 - loss: 0.3542 - 4s/epoch - 178ms/step
Epoch 184/300
epoch ends.
20/20 - 4s - iou_binarized: 0.8851 - iou: 0.2847 - recall: 0.6069 - precision: 0.3521 - F1_score: 0.4407 - s_loss: 0.1582 - t_loss: 1.7682 - dist_loss: 0.3268 - loss: 0.3542 - 4s/epoch - 178ms/step
Epoch 185/300
epoch ends.
20/20 - 4s - iou_binarized: 0.8855 - iou: 0.2848 - recall: 0.6070 - precision: 0.3522 - F1_score: 0.4408 - s_loss: 0.1581 - t_loss: 1.7682 - dist_loss: 0.3268 - loss: 0.3542 - 4s/epoch - 181ms/step
Epoch 186/300
epoch ends.
20/20 - 4s - iou_binarized: 0.8859 - iou: 0.2848 - recall: 0.6071 - precision: 0.3522 - F1_score: 0.4408 - s_loss: 0.1581 - t_loss: 1.7682 - dist_loss: 0.3268 - loss: 0.3541 - 4s/epoch - 176ms/step
Epoch 187/300
epoch ends.
20/20 - 4s - iou_binarized: 0.8862 - iou: 0.2849 - recall: 0.6072 - precision: 0.3523 - F1_score: 0.4409 - s_loss: 0.1580 - t_loss: 1.7682 - dist_loss: 0.3268 - loss: 0.3541 - 4s/epoch - 176ms/step
Epoch 188/300
epoch ends.
20/20 - 4s - iou_binarized: 0.8866 - iou: 0.2850 - recall: 0.6073 - precision: 0.3524 - F1_score: 0.4410 - s_loss: 0.1580 - t_loss: 1.7682 - dist_loss: 0.3268 - loss: 0.3540 - 4s/epoch - 177ms/step
Epoch 189/300
epoch ends.
20/20 - 4s - iou_binarized: 0.8870 - iou: 0.2850 - recall: 0.6074 - precision: 0.3524 - F1_score: 0.4411 - s_loss: 0.1579 - t_loss: 1.7682 - dist_loss: 0.3268 - loss: 0.3540 - 4s/epoch - 181ms/step
Epoch 190/300
epoch ends.
20/20 - 4s - iou_binarized: 0.8873 - iou: 0.2851 - recall: 0.6075 - precision: 0.3525 - F1_score: 0.4411 - s_loss: 0.1579 - t_loss: 1.7682 - dist_loss: 0.3268 - loss: 0.3540 - 4s/epoch - 183ms/step
Epoch 191/300
epoch ends.
20/20 - 4s - iou_binarized: 0.8876 - iou: 0.2851 - recall: 0.6076 - precision: 0.3525 - F1_score: 0.4412 - s_loss: 0.1578 - t_loss: 1.7682 - dist_loss: 0.3269 - loss: 0.3539 - 4s/epoch - 179ms/step
Epoch 192/300
epoch ends.
20/20 - 4s - iou_binarized: 0.8880 - iou: 0.2852 - recall: 0.6077 - precision: 0.3526 - F1_score: 0.4413 - s_loss: 0.1577 - t_loss: 1.7682 - dist_loss: 0.3269 - loss: 0.3539 - 4s/epoch - 179ms/step
Epoch 193/300
epoch ends.
20/20 - 4s - iou_binarized: 0.8884 - iou: 0.2853 - recall: 0.6078 - precision: 0.3526 - F1_score: 0.4413 - s_loss: 0.1577 - t_loss: 1.7682 - dist_loss: 0.3269 - loss: 0.3538 - 4s/epoch - 179ms/step
Epoch 194/300
epoch ends.
20/20 - 4s - iou_binarized: 0.8887 - iou: 0.2853 - recall: 0.6078 - precision: 0.3527 - F1_score: 0.4414 - s_loss: 0.1576 - t_loss: 1.7682 - dist_loss: 0.3269 - loss: 0.3538 - 4s/epoch - 176ms/step
Epoch 195/300
epoch ends.
20/20 - 4s - iou_binarized: 0.8891 - iou: 0.2854 - recall: 0.6079 - precision: 0.3527 - F1_score: 0.4415 - s_loss: 0.1576 - t_loss: 1.7682 - dist_loss: 0.3270 - loss: 0.3538 - 4s/epoch - 179ms/step
Epoch 196/300
epoch ends.
20/20 - 4s - iou_binarized: 0.8894 - iou: 0.2854 - recall: 0.6080 - precision: 0.3528 - F1_score: 0.4415 - s_loss: 0.1575 - t_loss: 1.7682 - dist_loss: 0.3270 - loss: 0.3537 - 4s/epoch - 182ms/step
Epoch 197/300
epoch ends.
20/20 - 4s - iou_binarized: 0.8897 - iou: 0.2855 - recall: 0.6081 - precision: 0.3529 - F1_score: 0.4416 - s_loss: 0.1575 - t_loss: 1.7682 - dist_loss: 0.3270 - loss: 0.3537 - 4s/epoch - 176ms/step
Epoch 198/300
epoch ends.
20/20 - 4s - iou_binarized: 0.8900 - iou: 0.2855 - recall: 0.6082 - precision: 0.3529 - F1_score: 0.4417 - s_loss: 0.1574 - t_loss: 1.7682 - dist_loss: 0.3270 - loss: 0.3536 - 4s/epoch - 178ms/step
Epoch 199/300
epoch ends.
20/20 - 4s - iou_binarized: 0.8904 - iou: 0.2856 - recall: 0.6083 - precision: 0.3530 - F1_score: 0.4417 - s_loss: 0.1574 - t_loss: 1.7682 - dist_loss: 0.3271 - loss: 0.3536 - 4s/epoch - 176ms/step
Epoch 200/300
epoch ends.
20/20 - 4s - iou_binarized: 0.8907 - iou: 0.2857 - recall: 0.6084 - precision: 0.3530 - F1_score: 0.4418 - s_loss: 0.1573 - t_loss: 1.7682 - dist_loss: 0.3271 - loss: 0.3536 - 4s/epoch - 180ms/step
Epoch 201/300
epoch ends.
20/20 - 4s - iou_binarized: 0.8910 - iou: 0.2857 - recall: 0.6085 - precision: 0.3531 - F1_score: 0.4419 - s_loss: 0.1573 - t_loss: 1.7682 - dist_loss: 0.3271 - loss: 0.3535 - 4s/epoch - 177ms/step
Epoch 202/300
epoch ends.
20/20 - 4s - iou_binarized: 0.8913 - iou: 0.2858 - recall: 0.6085 - precision: 0.3531 - F1_score: 0.4420 - s_loss: 0.1572 - t_loss: 1.7682 - dist_loss: 0.3271 - loss: 0.3535 - 4s/epoch - 176ms/step
Epoch 203/300
epoch ends.
20/20 - 4s - iou_binarized: 0.8916 - iou: 0.2858 - recall: 0.6086 - precision: 0.3532 - F1_score: 0.4420 - s_loss: 0.1571 - t_loss: 1.7682 - dist_loss: 0.3272 - loss: 0.3534 - 4s/epoch - 176ms/step
Epoch 204/300
epoch ends.
20/20 - 4s - iou_binarized: 0.8919 - iou: 0.2859 - recall: 0.6087 - precision: 0.3532 - F1_score: 0.4421 - s_loss: 0.1571 - t_loss: 1.7682 - dist_loss: 0.3272 - loss: 0.3534 - 4s/epoch - 180ms/step
Epoch 205/300
epoch ends.
20/20 - 4s - iou_binarized: 0.8922 - iou: 0.2859 - recall: 0.6088 - precision: 0.3533 - F1_score: 0.4422 - s_loss: 0.1570 - t_loss: 1.7682 - dist_loss: 0.3272 - loss: 0.3534 - 4s/epoch - 180ms/step
Epoch 206/300
epoch ends.
20/20 - 4s - iou_binarized: 0.8925 - iou: 0.2860 - recall: 0.6089 - precision: 0.3533 - F1_score: 0.4422 - s_loss: 0.1570 - t_loss: 1.7682 - dist_loss: 0.3272 - loss: 0.3533 - 4s/epoch - 177ms/step
Epoch 207/300
epoch ends.
20/20 - 4s - iou_binarized: 0.8927 - iou: 0.2860 - recall: 0.6090 - precision: 0.3534 - F1_score: 0.4423 - s_loss: 0.1569 - t_loss: 1.7682 - dist_loss: 0.3273 - loss: 0.3533 - 4s/epoch - 181ms/step
Epoch 208/300
epoch ends.
20/20 - 4s - iou_binarized: 0.8930 - iou: 0.2861 - recall: 0.6091 - precision: 0.3534 - F1_score: 0.4423 - s_loss: 0.1569 - t_loss: 1.7682 - dist_loss: 0.3273 - loss: 0.3533 - 4s/epoch - 179ms/step
Epoch 209/300
epoch ends.
20/20 - 4s - iou_binarized: 0.8933 - iou: 0.2862 - recall: 0.6091 - precision: 0.3535 - F1_score: 0.4424 - s_loss: 0.1568 - t_loss: 1.7682 - dist_loss: 0.3273 - loss: 0.3532 - 4s/epoch - 175ms/step
Epoch 210/300
epoch ends.
20/20 - 4s - iou_binarized: 0.8936 - iou: 0.2862 - recall: 0.6092 - precision: 0.3535 - F1_score: 0.4425 - s_loss: 0.1568 - t_loss: 1.7682 - dist_loss: 0.3273 - loss: 0.3532 - 4s/epoch - 177ms/step
Epoch 211/300
epoch ends.
20/20 - 4s - iou_binarized: 0.8939 - iou: 0.2863 - recall: 0.6093 - precision: 0.3536 - F1_score: 0.4425 - s_loss: 0.1567 - t_loss: 1.7682 - dist_loss: 0.3274 - loss: 0.3532 - 4s/epoch - 178ms/step
Epoch 212/300
epoch ends.
20/20 - 4s - iou_binarized: 0.8942 - iou: 0.2863 - recall: 0.6094 - precision: 0.3536 - F1_score: 0.4426 - s_loss: 0.1567 - t_loss: 1.7682 - dist_loss: 0.3274 - loss: 0.3531 - 4s/epoch - 179ms/step
Epoch 213/300
epoch ends.
20/20 - 4s - iou_binarized: 0.8944 - iou: 0.2864 - recall: 0.6095 - precision: 0.3537 - F1_score: 0.4427 - s_loss: 0.1566 - t_loss: 1.7682 - dist_loss: 0.3274 - loss: 0.3531 - 4s/epoch - 176ms/step
Epoch 214/300
epoch ends.
20/20 - 4s - iou_binarized: 0.8947 - iou: 0.2864 - recall: 0.6095 - precision: 0.3537 - F1_score: 0.4427 - s_loss: 0.1566 - t_loss: 1.7682 - dist_loss: 0.3274 - loss: 0.3530 - 4s/epoch - 178ms/step
Epoch 215/300
epoch ends.
20/20 - 4s - iou_binarized: 0.8949 - iou: 0.2865 - recall: 0.6096 - precision: 0.3538 - F1_score: 0.4428 - s_loss: 0.1565 - t_loss: 1.7682 - dist_loss: 0.3274 - loss: 0.3530 - 4s/epoch - 176ms/step
Epoch 216/300
epoch ends.
20/20 - 4s - iou_binarized: 0.8952 - iou: 0.2865 - recall: 0.6097 - precision: 0.3538 - F1_score: 0.4428 - s_loss: 0.1565 - t_loss: 1.7682 - dist_loss: 0.3275 - loss: 0.3530 - 4s/epoch - 179ms/step
Epoch 217/300
epoch ends.
20/20 - 4s - iou_binarized: 0.8955 - iou: 0.2866 - recall: 0.6098 - precision: 0.3539 - F1_score: 0.4429 - s_loss: 0.1565 - t_loss: 1.7682 - dist_loss: 0.3275 - loss: 0.3529 - 4s/epoch - 179ms/step
Epoch 218/300
epoch ends.
20/20 - 4s - iou_binarized: 0.8957 - iou: 0.2866 - recall: 0.6099 - precision: 0.3539 - F1_score: 0.4430 - s_loss: 0.1564 - t_loss: 1.7682 - dist_loss: 0.3275 - loss: 0.3529 - 4s/epoch - 177ms/step
Epoch 219/300
epoch ends.
20/20 - 4s - iou_binarized: 0.8960 - iou: 0.2867 - recall: 0.6099 - precision: 0.3540 - F1_score: 0.4430 - s_loss: 0.1564 - t_loss: 1.7682 - dist_loss: 0.3275 - loss: 0.3529 - 4s/epoch - 178ms/step
Epoch 220/300
epoch ends.
20/20 - 4s - iou_binarized: 0.8962 - iou: 0.2867 - recall: 0.6100 - precision: 0.3540 - F1_score: 0.4431 - s_loss: 0.1563 - t_loss: 1.7682 - dist_loss: 0.3275 - loss: 0.3528 - 4s/epoch - 177ms/step
Epoch 221/300
epoch ends.
20/20 - 4s - iou_binarized: 0.8965 - iou: 0.2867 - recall: 0.6101 - precision: 0.3541 - F1_score: 0.4431 - s_loss: 0.1563 - t_loss: 1.7682 - dist_loss: 0.3275 - loss: 0.3528 - 4s/epoch - 175ms/step
Epoch 222/300
epoch ends.
20/20 - 4s - iou_binarized: 0.8967 - iou: 0.2868 - recall: 0.6101 - precision: 0.3541 - F1_score: 0.4432 - s_loss: 0.1562 - t_loss: 1.7682 - dist_loss: 0.3275 - loss: 0.3528 - 4s/epoch - 183ms/step
Epoch 223/300
epoch ends.
20/20 - 4s - iou_binarized: 0.8970 - iou: 0.2868 - recall: 0.6102 - precision: 0.3541 - F1_score: 0.4432 - s_loss: 0.1562 - t_loss: 1.7682 - dist_loss: 0.3276 - loss: 0.3527 - 4s/epoch - 179ms/step
Epoch 224/300
epoch ends.
20/20 - 4s - iou_binarized: 0.8972 - iou: 0.2869 - recall: 0.6103 - precision: 0.3542 - F1_score: 0.4433 - s_loss: 0.1562 - t_loss: 1.7682 - dist_loss: 0.3276 - loss: 0.3527 - 4s/epoch - 177ms/step
Epoch 225/300
epoch ends.
20/20 - 4s - iou_binarized: 0.8974 - iou: 0.2869 - recall: 0.6103 - precision: 0.3542 - F1_score: 0.4433 - s_loss: 0.1561 - t_loss: 1.7682 - dist_loss: 0.3276 - loss: 0.3527 - 4s/epoch - 179ms/step
Epoch 226/300
epoch ends.
20/20 - 4s - iou_binarized: 0.8976 - iou: 0.2870 - recall: 0.6104 - precision: 0.3543 - F1_score: 0.4434 - s_loss: 0.1561 - t_loss: 1.7682 - dist_loss: 0.3276 - loss: 0.3527 - 4s/epoch - 187ms/step
Epoch 227/300
epoch ends.
20/20 - 4s - iou_binarized: 0.8978 - iou: 0.2870 - recall: 0.6105 - precision: 0.3543 - F1_score: 0.4434 - s_loss: 0.1561 - t_loss: 1.7682 - dist_loss: 0.3276 - loss: 0.3526 - 4s/epoch - 179ms/step
Epoch 228/300
epoch ends.
20/20 - 4s - iou_binarized: 0.8980 - iou: 0.2870 - recall: 0.6105 - precision: 0.3543 - F1_score: 0.4435 - s_loss: 0.1560 - t_loss: 1.7682 - dist_loss: 0.3276 - loss: 0.3526 - 4s/epoch - 177ms/step
Epoch 229/300
epoch ends.
20/20 - 4s - iou_binarized: 0.8982 - iou: 0.2871 - recall: 0.6106 - precision: 0.3544 - F1_score: 0.4435 - s_loss: 0.1560 - t_loss: 1.7682 - dist_loss: 0.3276 - loss: 0.3526 - 4s/epoch - 179ms/step
Epoch 230/300
epoch ends.
20/20 - 4s - iou_binarized: 0.8984 - iou: 0.2871 - recall: 0.6106 - precision: 0.3544 - F1_score: 0.4436 - s_loss: 0.1560 - t_loss: 1.7682 - dist_loss: 0.3276 - loss: 0.3525 - 4s/epoch - 182ms/step
Epoch 231/300
epoch ends.
20/20 - 4s - iou_binarized: 0.8985 - iou: 0.2871 - recall: 0.6107 - precision: 0.3544 - F1_score: 0.4436 - s_loss: 0.1560 - t_loss: 1.7682 - dist_loss: 0.3276 - loss: 0.3525 - 4s/epoch - 177ms/step
Epoch 232/300
epoch ends.
20/20 - 4s - iou_binarized: 0.8987 - iou: 0.2872 - recall: 0.6107 - precision: 0.3545 - F1_score: 0.4436 - s_loss: 0.1560 - t_loss: 1.7682 - dist_loss: 0.3276 - loss: 0.3525 - 4s/epoch - 176ms/step
Epoch 233/300
epoch ends.
20/20 - 4s - iou_binarized: 0.8988 - iou: 0.2872 - recall: 0.6107 - precision: 0.3545 - F1_score: 0.4437 - s_loss: 0.1560 - t_loss: 1.7682 - dist_loss: 0.3276 - loss: 0.3525 - 4s/epoch - 179ms/step
Epoch 234/300
epoch ends.
20/20 - 4s - iou_binarized: 0.8990 - iou: 0.2872 - recall: 0.6108 - precision: 0.3545 - F1_score: 0.4437 - s_loss: 0.1560 - t_loss: 1.7682 - dist_loss: 0.3275 - loss: 0.3525 - 4s/epoch - 178ms/step
Epoch 235/300
epoch ends.
20/20 - 4s - iou_binarized: 0.8991 - iou: 0.2872 - recall: 0.6108 - precision: 0.3545 - F1_score: 0.4437 - s_loss: 0.1560 - t_loss: 1.7682 - dist_loss: 0.3275 - loss: 0.3525 - 4s/epoch - 179ms/step
Epoch 236/300
epoch ends.
20/20 - 4s - iou_binarized: 0.8991 - iou: 0.2872 - recall: 0.6108 - precision: 0.3545 - F1_score: 0.4437 - s_loss: 0.1560 - t_loss: 1.7682 - dist_loss: 0.3275 - loss: 0.3525 - 4s/epoch - 178ms/step
Epoch 237/300
epoch ends.
20/20 - 4s - iou_binarized: 0.8992 - iou: 0.2872 - recall: 0.6107 - precision: 0.3545 - F1_score: 0.4437 - s_loss: 0.1560 - t_loss: 1.7682 - dist_loss: 0.3274 - loss: 0.3525 - 4s/epoch - 178ms/step
Epoch 238/300
epoch ends.
20/20 - 4s - iou_binarized: 0.8992 - iou: 0.2872 - recall: 0.6107 - precision: 0.3545 - F1_score: 0.4437 - s_loss: 0.1561 - t_loss: 1.7682 - dist_loss: 0.3273 - loss: 0.3525 - 4s/epoch - 177ms/step
Epoch 239/300
epoch ends.
20/20 - 4s - iou_binarized: 0.8991 - iou: 0.2872 - recall: 0.6106 - precision: 0.3545 - F1_score: 0.4436 - s_loss: 0.1562 - t_loss: 1.7682 - dist_loss: 0.3272 - loss: 0.3526 - 4s/epoch - 183ms/step
Epoch 240/300
epoch ends.
20/20 - 4s - iou_binarized: 0.8989 - iou: 0.2871 - recall: 0.6105 - precision: 0.3545 - F1_score: 0.4435 - s_loss: 0.1564 - t_loss: 1.7682 - dist_loss: 0.3271 - loss: 0.3526 - 4s/epoch - 178ms/step
Epoch 241/300
epoch ends.
20/20 - 4s - iou_binarized: 0.8985 - iou: 0.2870 - recall: 0.6103 - precision: 0.3544 - F1_score: 0.4434 - s_loss: 0.1567 - t_loss: 1.7682 - dist_loss: 0.3268 - loss: 0.3528 - 4s/epoch - 181ms/step
Epoch 242/300
epoch ends.
20/20 - 4s - iou_binarized: 0.8978 - iou: 0.2867 - recall: 0.6100 - precision: 0.3542 - F1_score: 0.4431 - s_loss: 0.1571 - t_loss: 1.7682 - dist_loss: 0.3266 - loss: 0.3531 - 4s/epoch - 176ms/step
Epoch 243/300
epoch ends.
20/20 - 4s - iou_binarized: 0.8968 - iou: 0.2864 - recall: 0.6096 - precision: 0.3540 - F1_score: 0.4428 - s_loss: 0.1578 - t_loss: 1.7682 - dist_loss: 0.3263 - loss: 0.3535 - 4s/epoch - 175ms/step
Epoch 244/300
epoch ends.
20/20 - 4s - iou_binarized: 0.8951 - iou: 0.2859 - recall: 0.6090 - precision: 0.3538 - F1_score: 0.4422 - s_loss: 0.1584 - t_loss: 1.7682 - dist_loss: 0.3262 - loss: 0.3542 - 4s/epoch - 177ms/step
Epoch 245/300
epoch ends.
20/20 - 4s - iou_binarized: 0.8931 - iou: 0.2852 - recall: 0.6083 - precision: 0.3534 - F1_score: 0.4414 - s_loss: 0.1575 - t_loss: 1.7682 - dist_loss: 0.3273 - loss: 0.3538 - 4s/epoch - 176ms/step
Epoch 246/300
epoch ends.
20/20 - 4s - iou_binarized: 0.8908 - iou: 0.2839 - recall: 0.6065 - precision: 0.3524 - F1_score: 0.4400 - s_loss: 0.1539 - t_loss: 1.7682 - dist_loss: 0.3342 - loss: 0.3544 - 4s/epoch - 176ms/step
Epoch 247/300
epoch ends.
20/20 - 4s - iou_binarized: 0.8967 - iou: 0.2862 - recall: 0.6094 - precision: 0.3535 - F1_score: 0.4425 - s_loss: 0.1534 - t_loss: 1.7682 - dist_loss: 0.3320 - loss: 0.3527 - 4s/epoch - 176ms/step
Epoch 248/300
epoch ends.
20/20 - 4s - iou_binarized: 0.9023 - iou: 0.2879 - recall: 0.6125 - precision: 0.3552 - F1_score: 0.4445 - s_loss: 0.1555 - t_loss: 1.7682 - dist_loss: 0.3282 - loss: 0.3524 - 4s/epoch - 177ms/step
Epoch 249/300
epoch ends.
20/20 - 4s - iou_binarized: 0.9025 - iou: 0.2879 - recall: 0.6122 - precision: 0.3553 - F1_score: 0.4445 - s_loss: 0.1550 - t_loss: 1.7682 - dist_loss: 0.3291 - loss: 0.3525 - 4s/epoch - 178ms/step
Epoch 250/300
epoch ends.
20/20 - 4s - iou_binarized: 0.9026 - iou: 0.2881 - recall: 0.6125 - precision: 0.3555 - F1_score: 0.4447 - s_loss: 0.1547 - t_loss: 1.7682 - dist_loss: 0.3292 - loss: 0.3522 - 4s/epoch - 175ms/step
Epoch 251/300
epoch ends.
20/20 - 4s - iou_binarized: 0.9033 - iou: 0.2882 - recall: 0.6128 - precision: 0.3556 - F1_score: 0.4449 - s_loss: 0.1550 - t_loss: 1.7682 - dist_loss: 0.3287 - loss: 0.3522 - 4s/epoch - 181ms/step
Epoch 252/300
epoch ends.
20/20 - 4s - iou_binarized: 0.9032 - iou: 0.2881 - recall: 0.6126 - precision: 0.3556 - F1_score: 0.4448 - s_loss: 0.1550 - t_loss: 1.7682 - dist_loss: 0.3286 - loss: 0.3522 - 4s/epoch - 180ms/step
Epoch 253/300
epoch ends.
20/20 - 3s - iou_binarized: 0.9035 - iou: 0.2882 - recall: 0.6127 - precision: 0.3557 - F1_score: 0.4449 - s_loss: 0.1550 - t_loss: 1.7682 - dist_loss: 0.3285 - loss: 0.3521 - 3s/epoch - 175ms/step
Epoch 254/300
epoch ends.
20/20 - 4s - iou_binarized: 0.9039 - iou: 0.2884 - recall: 0.6130 - precision: 0.3558 - F1_score: 0.4451 - s_loss: 0.1550 - t_loss: 1.7682 - dist_loss: 0.3284 - loss: 0.3520 - 4s/epoch - 178ms/step
Epoch 255/300
epoch ends.
20/20 - 4s - iou_binarized: 0.9041 - iou: 0.2884 - recall: 0.6130 - precision: 0.3558 - F1_score: 0.4451 - s_loss: 0.1549 - t_loss: 1.7682 - dist_loss: 0.3284 - loss: 0.3520 - 4s/epoch - 179ms/step
Epoch 256/300
epoch ends.
20/20 - 4s - iou_binarized: 0.9042 - iou: 0.2884 - recall: 0.6131 - precision: 0.3559 - F1_score: 0.4452 - s_loss: 0.1549 - t_loss: 1.7682 - dist_loss: 0.3284 - loss: 0.3519 - 4s/epoch - 184ms/step
Epoch 257/300
epoch ends.
20/20 - 4s - iou_binarized: 0.9045 - iou: 0.2885 - recall: 0.6131 - precision: 0.3559 - F1_score: 0.4452 - s_loss: 0.1549 - t_loss: 1.7682 - dist_loss: 0.3284 - loss: 0.3519 - 4s/epoch - 177ms/step
Epoch 258/300
epoch ends.
20/20 - 3s - iou_binarized: 0.9046 - iou: 0.2885 - recall: 0.6132 - precision: 0.3559 - F1_score: 0.4453 - s_loss: 0.1548 - t_loss: 1.7682 - dist_loss: 0.3283 - loss: 0.3518 - 3s/epoch - 174ms/step
Epoch 259/300
epoch ends.
20/20 - 4s - iou_binarized: 0.9048 - iou: 0.2886 - recall: 0.6133 - precision: 0.3560 - F1_score: 0.4454 - s_loss: 0.1548 - t_loss: 1.7682 - dist_loss: 0.3283 - loss: 0.3518 - 4s/epoch - 178ms/step
Epoch 260/300
epoch ends.
20/20 - 4s - iou_binarized: 0.9050 - iou: 0.2886 - recall: 0.6134 - precision: 0.3560 - F1_score: 0.4454 - s_loss: 0.1548 - t_loss: 1.7682 - dist_loss: 0.3283 - loss: 0.3517 - 4s/epoch - 179ms/step
Epoch 261/300
epoch ends.
20/20 - 3s - iou_binarized: 0.9052 - iou: 0.2887 - recall: 0.6134 - precision: 0.3561 - F1_score: 0.4455 - s_loss: 0.1547 - t_loss: 1.7682 - dist_loss: 0.3283 - loss: 0.3517 - 3s/epoch - 175ms/step
Epoch 262/300
epoch ends.
20/20 - 4s - iou_binarized: 0.9054 - iou: 0.2887 - recall: 0.6135 - precision: 0.3561 - F1_score: 0.4455 - s_loss: 0.1547 - t_loss: 1.7682 - dist_loss: 0.3283 - loss: 0.3517 - 4s/epoch - 178ms/step
Epoch 263/300
epoch ends.
20/20 - 3s - iou_binarized: 0.9056 - iou: 0.2887 - recall: 0.6135 - precision: 0.3562 - F1_score: 0.4456 - s_loss: 0.1547 - t_loss: 1.7682 - dist_loss: 0.3283 - loss: 0.3516 - 3s/epoch - 174ms/step
Epoch 264/300
epoch ends.
20/20 - 4s - iou_binarized: 0.9058 - iou: 0.2888 - recall: 0.6136 - precision: 0.3562 - F1_score: 0.4456 - s_loss: 0.1546 - t_loss: 1.7682 - dist_loss: 0.3283 - loss: 0.3516 - 4s/epoch - 178ms/step
Epoch 265/300
epoch ends.
20/20 - 3s - iou_binarized: 0.9059 - iou: 0.2888 - recall: 0.6137 - precision: 0.3562 - F1_score: 0.4456 - s_loss: 0.1546 - t_loss: 1.7682 - dist_loss: 0.3282 - loss: 0.3515 - 3s/epoch - 175ms/step
Epoch 266/300
epoch ends.
20/20 - 4s - iou_binarized: 0.9061 - iou: 0.2889 - recall: 0.6137 - precision: 0.3563 - F1_score: 0.4457 - s_loss: 0.1546 - t_loss: 1.7682 - dist_loss: 0.3282 - loss: 0.3515 - 4s/epoch - 177ms/step
Epoch 267/300
epoch ends.
20/20 - 4s - iou_binarized: 0.9063 - iou: 0.2889 - recall: 0.6138 - precision: 0.3563 - F1_score: 0.4457 - s_loss: 0.1545 - t_loss: 1.7682 - dist_loss: 0.3282 - loss: 0.3515 - 4s/epoch - 178ms/step
Epoch 268/300
epoch ends.
20/20 - 4s - iou_binarized: 0.9064 - iou: 0.2889 - recall: 0.6138 - precision: 0.3563 - F1_score: 0.4458 - s_loss: 0.1545 - t_loss: 1.7682 - dist_loss: 0.3282 - loss: 0.3514 - 4s/epoch - 176ms/step
Epoch 269/300
epoch ends.
20/20 - 4s - iou_binarized: 0.9066 - iou: 0.2890 - recall: 0.6139 - precision: 0.3564 - F1_score: 0.4458 - s_loss: 0.1545 - t_loss: 1.7682 - dist_loss: 0.3282 - loss: 0.3514 - 4s/epoch - 177ms/step
Epoch 270/300
epoch ends.
20/20 - 4s - iou_binarized: 0.9068 - iou: 0.2890 - recall: 0.6139 - precision: 0.3564 - F1_score: 0.4459 - s_loss: 0.1544 - t_loss: 1.7682 - dist_loss: 0.3282 - loss: 0.3514 - 4s/epoch - 178ms/step
Epoch 271/300
epoch ends.
20/20 - 4s - iou_binarized: 0.9070 - iou: 0.2890 - recall: 0.6140 - precision: 0.3564 - F1_score: 0.4459 - s_loss: 0.1544 - t_loss: 1.7682 - dist_loss: 0.3282 - loss: 0.3513 - 4s/epoch - 178ms/step
Epoch 272/300
epoch ends.
20/20 - 4s - iou_binarized: 0.9071 - iou: 0.2891 - recall: 0.6140 - precision: 0.3565 - F1_score: 0.4459 - s_loss: 0.1544 - t_loss: 1.7682 - dist_loss: 0.3282 - loss: 0.3513 - 4s/epoch - 177ms/step
Epoch 273/300
epoch ends.
20/20 - 4s - iou_binarized: 0.9073 - iou: 0.2891 - recall: 0.6141 - precision: 0.3565 - F1_score: 0.4460 - s_loss: 0.1544 - t_loss: 1.7682 - dist_loss: 0.3282 - loss: 0.3513 - 4s/epoch - 180ms/step
Epoch 274/300
epoch ends.
20/20 - 4s - iou_binarized: 0.9074 - iou: 0.2892 - recall: 0.6141 - precision: 0.3565 - F1_score: 0.4460 - s_loss: 0.1543 - t_loss: 1.7682 - dist_loss: 0.3281 - loss: 0.3512 - 4s/epoch - 178ms/step
Epoch 275/300
epoch ends.
20/20 - 4s - iou_binarized: 0.9076 - iou: 0.2892 - recall: 0.6142 - precision: 0.3566 - F1_score: 0.4461 - s_loss: 0.1543 - t_loss: 1.7682 - dist_loss: 0.3281 - loss: 0.3512 - 4s/epoch - 175ms/step
Epoch 276/300
epoch ends.
20/20 - 4s - iou_binarized: 0.9078 - iou: 0.2892 - recall: 0.6142 - precision: 0.3566 - F1_score: 0.4461 - s_loss: 0.1543 - t_loss: 1.7682 - dist_loss: 0.3281 - loss: 0.3512 - 4s/epoch - 177ms/step
Epoch 277/300
epoch ends.
20/20 - 4s - iou_binarized: 0.9079 - iou: 0.2893 - recall: 0.6143 - precision: 0.3566 - F1_score: 0.4462 - s_loss: 0.1543 - t_loss: 1.7682 - dist_loss: 0.3281 - loss: 0.3511 - 4s/epoch - 178ms/step
Epoch 278/300
epoch ends.
20/20 - 4s - iou_binarized: 0.9081 - iou: 0.2893 - recall: 0.6143 - precision: 0.3566 - F1_score: 0.4462 - s_loss: 0.1542 - t_loss: 1.7682 - dist_loss: 0.3281 - loss: 0.3511 - 4s/epoch - 179ms/step
Epoch 279/300
epoch ends.
20/20 - 4s - iou_binarized: 0.9083 - iou: 0.2893 - recall: 0.6144 - precision: 0.3567 - F1_score: 0.4462 - s_loss: 0.1542 - t_loss: 1.7682 - dist_loss: 0.3281 - loss: 0.3511 - 4s/epoch - 175ms/step
Epoch 280/300
epoch ends.
20/20 - 4s - iou_binarized: 0.9084 - iou: 0.2894 - recall: 0.6144 - precision: 0.3567 - F1_score: 0.4463 - s_loss: 0.1542 - t_loss: 1.7682 - dist_loss: 0.3281 - loss: 0.3511 - 4s/epoch - 176ms/step
Epoch 281/300
epoch ends.
20/20 - 4s - iou_binarized: 0.9086 - iou: 0.2894 - recall: 0.6145 - precision: 0.3567 - F1_score: 0.4463 - s_loss: 0.1542 - t_loss: 1.7682 - dist_loss: 0.3281 - loss: 0.3510 - 4s/epoch - 177ms/step
Epoch 282/300
epoch ends.
20/20 - 4s - iou_binarized: 0.9088 - iou: 0.2894 - recall: 0.6145 - precision: 0.3568 - F1_score: 0.4463 - s_loss: 0.1541 - t_loss: 1.7682 - dist_loss: 0.3281 - loss: 0.3510 - 4s/epoch - 178ms/step
Epoch 283/300
epoch ends.
20/20 - 4s - iou_binarized: 0.9089 - iou: 0.2895 - recall: 0.6146 - precision: 0.3568 - F1_score: 0.4464 - s_loss: 0.1541 - t_loss: 1.7682 - dist_loss: 0.3281 - loss: 0.3510 - 4s/epoch - 175ms/step
Epoch 284/300
epoch ends.
20/20 - 4s - iou_binarized: 0.9091 - iou: 0.2895 - recall: 0.6146 - precision: 0.3568 - F1_score: 0.4464 - s_loss: 0.1541 - t_loss: 1.7682 - dist_loss: 0.3281 - loss: 0.3509 - 4s/epoch - 179ms/step
Epoch 285/300
epoch ends.
20/20 - 4s - iou_binarized: 0.9092 - iou: 0.2895 - recall: 0.6147 - precision: 0.3568 - F1_score: 0.4465 - s_loss: 0.1541 - t_loss: 1.7682 - dist_loss: 0.3281 - loss: 0.3509 - 4s/epoch - 180ms/step
Epoch 286/300
epoch ends.
20/20 - 4s - iou_binarized: 0.9094 - iou: 0.2895 - recall: 0.6147 - precision: 0.3569 - F1_score: 0.4465 - s_loss: 0.1541 - t_loss: 1.7682 - dist_loss: 0.3281 - loss: 0.3509 - 4s/epoch - 187ms/step
Epoch 287/300
epoch ends.
20/20 - 4s - iou_binarized: 0.9096 - iou: 0.2896 - recall: 0.6148 - precision: 0.3569 - F1_score: 0.4465 - s_loss: 0.1540 - t_loss: 1.7682 - dist_loss: 0.3281 - loss: 0.3509 - 4s/epoch - 178ms/step
Epoch 288/300
epoch ends.
20/20 - 4s - iou_binarized: 0.9097 - iou: 0.2896 - recall: 0.6148 - precision: 0.3569 - F1_score: 0.4466 - s_loss: 0.1540 - t_loss: 1.7682 - dist_loss: 0.3281 - loss: 0.3508 - 4s/epoch - 177ms/step
Epoch 289/300
epoch ends.
20/20 - 4s - iou_binarized: 0.9099 - iou: 0.2896 - recall: 0.6149 - precision: 0.3570 - F1_score: 0.4466 - s_loss: 0.1540 - t_loss: 1.7682 - dist_loss: 0.3280 - loss: 0.3508 - 4s/epoch - 178ms/step
Epoch 290/300
epoch ends.
20/20 - 4s - iou_binarized: 0.9101 - iou: 0.2897 - recall: 0.6149 - precision: 0.3570 - F1_score: 0.4466 - s_loss: 0.1540 - t_loss: 1.7682 - dist_loss: 0.3280 - loss: 0.3508 - 4s/epoch - 179ms/step
Epoch 291/300
epoch ends.
20/20 - 4s - iou_binarized: 0.9102 - iou: 0.2897 - recall: 0.6150 - precision: 0.3570 - F1_score: 0.4467 - s_loss: 0.1540 - t_loss: 1.7682 - dist_loss: 0.3280 - loss: 0.3508 - 4s/epoch - 180ms/step
Epoch 292/300
epoch ends.
20/20 - 4s - iou_binarized: 0.9104 - iou: 0.2897 - recall: 0.6150 - precision: 0.3570 - F1_score: 0.4467 - s_loss: 0.1539 - t_loss: 1.7682 - dist_loss: 0.3280 - loss: 0.3507 - 4s/epoch - 184ms/step
Epoch 293/300
epoch ends.
20/20 - 4s - iou_binarized: 0.9105 - iou: 0.2898 - recall: 0.6151 - precision: 0.3571 - F1_score: 0.4468 - s_loss: 0.1539 - t_loss: 1.7682 - dist_loss: 0.3280 - loss: 0.3507 - 4s/epoch - 176ms/step
Epoch 294/300
epoch ends.
20/20 - 4s - iou_binarized: 0.9107 - iou: 0.2898 - recall: 0.6151 - precision: 0.3571 - F1_score: 0.4468 - s_loss: 0.1539 - t_loss: 1.7682 - dist_loss: 0.3279 - loss: 0.3507 - 4s/epoch - 177ms/step
Epoch 295/300
epoch ends.
20/20 - 4s - iou_binarized: 0.9108 - iou: 0.2898 - recall: 0.6152 - precision: 0.3571 - F1_score: 0.4468 - s_loss: 0.1539 - t_loss: 1.7682 - dist_loss: 0.3279 - loss: 0.3507 - 4s/epoch - 177ms/step
Epoch 296/300
epoch ends.
20/20 - 4s - iou_binarized: 0.9110 - iou: 0.2899 - recall: 0.6152 - precision: 0.3571 - F1_score: 0.4469 - s_loss: 0.1539 - t_loss: 1.7682 - dist_loss: 0.3279 - loss: 0.3506 - 4s/epoch - 177ms/step
Epoch 297/300
epoch ends.
20/20 - 4s - iou_binarized: 0.9111 - iou: 0.2899 - recall: 0.6153 - precision: 0.3572 - F1_score: 0.4469 - s_loss: 0.1539 - t_loss: 1.7682 - dist_loss: 0.3279 - loss: 0.3506 - 4s/epoch - 179ms/step
Epoch 298/300
epoch ends.
20/20 - 4s - iou_binarized: 0.9112 - iou: 0.2899 - recall: 0.6153 - precision: 0.3572 - F1_score: 0.4469 - s_loss: 0.1539 - t_loss: 1.7682 - dist_loss: 0.3278 - loss: 0.3506 - 4s/epoch - 176ms/step
Epoch 299/300
epoch ends.
20/20 - 4s - iou_binarized: 0.9114 - iou: 0.2900 - recall: 0.6154 - precision: 0.3572 - F1_score: 0.4470 - s_loss: 0.1539 - t_loss: 1.7682 - dist_loss: 0.3278 - loss: 0.3506 - 4s/epoch - 178ms/step
Epoch 300/300
epoch ends.
20/20 - 4s - iou_binarized: 0.9116 - iou: 0.2900 - recall: 0.6154 - precision: 0.3573 - F1_score: 0.4470 - s_loss: 0.1539 - t_loss: 1.7682 - dist_loss: 0.3278 - loss: 0.3505 - 4s/epoch - 178ms/step
